---------------------------------------------
ZomBerry v0.6.4 log started at 07.03.2025 22:38:51

07.03.2025 22:38:51 [ZomBerryCmdAPI]: INFO: Added category OnTarget
07.03.2025 22:38:51 [ZomBerryCmdAPI]: INFO: Added function TPCur to category OnTarget
07.03.2025 22:38:51 [ZomBerryCmdAPI]: INFO: Added function TPForward to category OnTarget
07.03.2025 22:38:51 [ZomBerryCmdAPI]: INFO: Added function TPToTarget to category OnTarget
07.03.2025 22:38:51 [ZomBerryCmdAPI]: INFO: Added function TPToAdmin to category OnTarget
07.03.2025 22:38:51 [ZomBerryCmdAPI]: INFO: Added function HealTarget to category OnTarget
07.03.2025 22:38:51 [ZomBerryCmdAPI]: INFO: Added function HealTargetPart to category OnTarget
07.03.2025 22:38:51 [ZomBerryCmdAPI]: INFO: Added function GodTarget to category OnTarget
07.03.2025 22:38:51 [ZomBerryCmdAPI]: INFO: Added function RepairTargetHands to category OnTarget
07.03.2025 22:38:51 [ZomBerryCmdAPI]: INFO: Added function RefuelAndRepair to category OnTarget
07.03.2025 22:38:51 [ZomBerryCmdAPI]: INFO: Added category ==
07.03.2025 22:38:51 [ZomBerryCmdAPI]: INFO: Added function KillTarget to category ==
07.03.2025 22:38:51 [ZomBerryCmdAPI]: INFO: Added function BiteTarget to category ==
07.03.2025 22:38:51 [ZomBerryCmdAPI]: INFO: Added function StripTarget to category ==
07.03.2025 22:38:51 [ZomBerryCmdAPI]: INFO: Added function RejectBellyTarget to category ==
07.03.2025 22:38:51 [ZomBerryCmdAPI]: INFO: Added function PsycoTarget to category ==
07.03.2025 22:38:51 [ZomBerryCmdAPI]: INFO: Added function SneezeTarget to category ==
07.03.2025 22:38:51 [ZomBerryCmdAPI]: INFO: Added function SetHealthTarget to category ==
07.03.2025 22:38:51 [ZomBerryCmdAPI]: INFO: Added function SetBloodTarget to category ==
07.03.2025 22:38:51 [ZomBerryCmdAPI]: INFO: Added category OnServer
07.03.2025 22:38:51 [ZomBerryCmdAPI]: INFO: Added function FreeCamAdm to category OnServer
07.03.2025 22:38:51 [ZomBerryCmdAPI]: INFO: Added function TimeDay to category OnServer
07.03.2025 22:38:51 [ZomBerryCmdAPI]: INFO: Added function TimeNight to category OnServer
07.03.2025 22:38:51 [ZomBerryCmdAPI]: INFO: Added function SetTime to category OnServer
07.03.2025 22:38:51 [ZomBerryCmdAPI]: INFO: Added function SetDate to category OnServer
07.03.2025 22:38:51 [ZomBerryCmdAPI]: INFO: Added function SetWeather to category OnServer
07.03.2025 22:38:51 [ZomBerryCmdAPI]: INFO: Added function DeleteObj to category OnServer
07.03.2025 22:38:51 [ZomBerryConfig]: INFO: Using admins.cfg from Profile directory
07.03.2025 22:38:51 [ZomBerryDbg]: Server ready, loading admin list from: $profile:ZomBerry\admins.cfg
07.03.2025 22:38:51 [ZomBerryConfig]: admins.cfg loaded
07.03.2025 22:38:51 [ZomBerryConfig]: Added admin: 76561199205606578
07.03.2025 22:41:31 [ZomBerryDbg]: Auth respond to admin Boogahadeen (bJ4c7QoLlNcMFFuJioBGdjLTBsBdyGqIZNFZF3YMlt0=)
07.03.2025 22:43:38 [ZomBerryDbg]: Boogahadeen (bJ4c7QoLlNcMFFuJioBGdjLTBsBdyGqIZNFZF3YMlt0=) - player list sync
07.03.2025 22:43:38 [ZomBerryDbg]: Boogahadeen (bJ4c7QoLlNcMFFuJioBGdjLTBsBdyGqIZNFZF3YMlt0=) - function list sync
07.03.2025 22:43:40 [ZomBerryAdmin]: Boogahadeen (bJ4c7QoLlNcMFFuJioBGdjLTBsBdyGqIZNFZF3YMlt0=) executed GodTarget
07.03.2025 22:43:53 [ZomBerryAdmin]: Boogahadeen (bJ4c7QoLlNcMFFuJioBGdjLTBsBdyGqIZNFZF3YMlt0=) teleported to position <6537.677734, 6.000000, 2408.649902>
07.03.2025 22:45:47 [ZomBerryDbg]: Boogahadeen (bJ4c7QoLlNcMFFuJioBGdjLTBsBdyGqIZNFZF3YMlt0=) - player list sync
07.03.2025 22:45:47 [ZomBerryDbg]: Boogahadeen (bJ4c7QoLlNcMFFuJioBGdjLTBsBdyGqIZNFZF3YMlt0=) - function list sync
07.03.2025 22:45:54 [ZomBerryAdmin]: Boogahadeen (bJ4c7QoLlNcMFFuJioBGdjLTBsBdyGqIZNFZF3YMlt0=) teleported to position <5117.852539, 9.500000, 2341.197510>
07.03.2025 22:48:59 [ZomBerryDbg]: Boogahadeen (bJ4c7QoLlNcMFFuJioBGdjLTBsBdyGqIZNFZF3YMlt0=) - player list sync
07.03.2025 22:48:59 [ZomBerryDbg]: Boogahadeen (bJ4c7QoLlNcMFFuJioBGdjLTBsBdyGqIZNFZF3YMlt0=) - function list sync
07.03.2025 22:49:23 [ZomBerryAdmin]: Boogahadeen (bJ4c7QoLlNcMFFuJioBGdjLTBsBdyGqIZNFZF3YMlt0=) teleported to position <12147.206055, 140.000000, 12592.579102>
07.03.2025 22:52:21 [ZomBerryDbg]: Boogahadeen (bJ4c7QoLlNcMFFuJioBGdjLTBsBdyGqIZNFZF3YMlt0=) - player list sync
07.03.2025 22:52:21 [ZomBerryDbg]: Boogahadeen (bJ4c7QoLlNcMFFuJioBGdjLTBsBdyGqIZNFZF3YMlt0=) - function list sync
07.03.2025 22:52:31 [ZomBerryAdmin]: Boogahadeen (bJ4c7QoLlNcMFFuJioBGdjLTBsBdyGqIZNFZF3YMlt0=) teleported to position <6452.409180, 6.000000, 2477.920410>
