---------------------------------------------
ZomBerry v0.6.4 log started at 16.03.2025 02:56:22

16.03.2025 02:56:22 [ZomBerryCmdAPI]: INFO: Added category OnTarget
16.03.2025 02:56:22 [ZomBerryCmdAPI]: INFO: Added function TPCur to category OnTarget
16.03.2025 02:56:22 [ZomBerryCmdAPI]: INFO: Added function TPForward to category OnTarget
16.03.2025 02:56:22 [ZomBerryCmdAPI]: INFO: Added function TPToTarget to category OnTarget
16.03.2025 02:56:22 [ZomBerryCmdAPI]: INFO: Added function TPToAdmin to category OnTarget
16.03.2025 02:56:22 [ZomBerryCmdAPI]: INFO: Added function HealTarget to category OnTarget
16.03.2025 02:56:22 [ZomBerryCmdAPI]: INFO: Added function HealTargetPart to category OnTarget
16.03.2025 02:56:22 [ZomBerryCmdAPI]: INFO: Added function GodTarget to category OnTarget
16.03.2025 02:56:22 [ZomBerryCmdAPI]: INFO: Added function RepairTargetHands to category OnTarget
16.03.2025 02:56:22 [ZomBerryCmdAPI]: INFO: Added function RefuelAndRepair to category OnTarget
16.03.2025 02:56:22 [ZomBerryCmdAPI]: INFO: Added category ==
16.03.2025 02:56:22 [ZomBerryCmdAPI]: INFO: Added function KillTarget to category ==
16.03.2025 02:56:22 [ZomBerryCmdAPI]: INFO: Added function BiteTarget to category ==
16.03.2025 02:56:22 [ZomBerryCmdAPI]: INFO: Added function StripTarget to category ==
16.03.2025 02:56:22 [ZomBerryCmdAPI]: INFO: Added function RejectBellyTarget to category ==
16.03.2025 02:56:22 [ZomBerryCmdAPI]: INFO: Added function PsycoTarget to category ==
16.03.2025 02:56:22 [ZomBerryCmdAPI]: INFO: Added function SneezeTarget to category ==
16.03.2025 02:56:22 [ZomBerryCmdAPI]: INFO: Added function SetHealthTarget to category ==
16.03.2025 02:56:22 [ZomBerryCmdAPI]: INFO: Added function SetBloodTarget to category ==
16.03.2025 02:56:22 [ZomBerryCmdAPI]: INFO: Added category OnServer
16.03.2025 02:56:22 [ZomBerryCmdAPI]: INFO: Added function FreeCamAdm to category OnServer
16.03.2025 02:56:22 [ZomBerryCmdAPI]: INFO: Added function TimeDay to category OnServer
16.03.2025 02:56:22 [ZomBerryCmdAPI]: INFO: Added function TimeNight to category OnServer
16.03.2025 02:56:22 [ZomBerryCmdAPI]: INFO: Added function SetTime to category OnServer
16.03.2025 02:56:22 [ZomBerryCmdAPI]: INFO: Added function SetDate to category OnServer
16.03.2025 02:56:22 [ZomBerryCmdAPI]: INFO: Added function SetWeather to category OnServer
16.03.2025 02:56:22 [ZomBerryCmdAPI]: INFO: Added function DeleteObj to category OnServer
16.03.2025 02:56:22 [ZomBerryConfig]: INFO: Using admins.cfg from Profile directory
16.03.2025 02:56:22 [ZomBerryDbg]: Server ready, loading admin list from: $profile:ZomBerry\admins.cfg
16.03.2025 02:56:22 [ZomBerryConfig]: admins.cfg loaded
16.03.2025 02:56:22 [ZomBerryConfig]: Added admin: 76561199205606578
16.03.2025 02:59:20 [ZomBerryDbg]: Auth respond to admin Boogahadeen (bJ4c7QoLlNcMFFuJioBGdjLTBsBdyGqIZNFZF3YMlt0=)
16.03.2025 03:00:05 [ZomBerryDbg]: Boogahadeen (bJ4c7QoLlNcMFFuJioBGdjLTBsBdyGqIZNFZF3YMlt0=) - player list sync
16.03.2025 03:00:05 [ZomBerryDbg]: Boogahadeen (bJ4c7QoLlNcMFFuJioBGdjLTBsBdyGqIZNFZF3YMlt0=) - function list sync
16.03.2025 03:00:46 [ZomBerryAdmin]: Boogahadeen (bJ4c7QoLlNcMFFuJioBGdjLTBsBdyGqIZNFZF3YMlt0=) teleported to position <3703.424561, 402.000000, 5994.395020>
16.03.2025 03:09:55 [ZomBerryDbg]: Boogahadeen (bJ4c7QoLlNcMFFuJioBGdjLTBsBdyGqIZNFZF3YMlt0=) - player list sync
16.03.2025 03:09:55 [ZomBerryDbg]: Boogahadeen (bJ4c7QoLlNcMFFuJioBGdjLTBsBdyGqIZNFZF3YMlt0=) - function list sync
16.03.2025 03:10:13 [ZomBerryAdmin]: Boogahadeen (bJ4c7QoLlNcMFFuJioBGdjLTBsBdyGqIZNFZF3YMlt0=) tried to teleport, but was in vehicle
16.03.2025 03:10:17 [ZomBerryAdmin]: Boogahadeen (bJ4c7QoLlNcMFFuJioBGdjLTBsBdyGqIZNFZF3YMlt0=) tried to teleport, but was in vehicle
16.03.2025 03:10:18 [ZomBerryAdmin]: Boogahadeen (bJ4c7QoLlNcMFFuJioBGdjLTBsBdyGqIZNFZF3YMlt0=) tried to teleport, but was in vehicle
16.03.2025 03:10:18 [ZomBerryAdmin]: Boogahadeen (bJ4c7QoLlNcMFFuJioBGdjLTBsBdyGqIZNFZF3YMlt0=) tried to teleport, but was in vehicle
16.03.2025 03:10:27 [ZomBerryAdmin]: Boogahadeen (bJ4c7QoLlNcMFFuJioBGdjLTBsBdyGqIZNFZF3YMlt0=) tried to teleport, but was in vehicle
16.03.2025 03:10:30 [ZomBerryAdmin]: Boogahadeen (bJ4c7QoLlNcMFFuJioBGdjLTBsBdyGqIZNFZF3YMlt0=) tried to teleport, but was in vehicle
16.03.2025 03:10:30 [ZomBerryAdmin]: Boogahadeen (bJ4c7QoLlNcMFFuJioBGdjLTBsBdyGqIZNFZF3YMlt0=) tried to teleport, but was in vehicle
16.03.2025 03:10:41 [ZomBerryDbg]: Boogahadeen (bJ4c7QoLlNcMFFuJioBGdjLTBsBdyGqIZNFZF3YMlt0=) - player list sync
16.03.2025 03:10:41 [ZomBerryDbg]: Boogahadeen (bJ4c7QoLlNcMFFuJioBGdjLTBsBdyGqIZNFZF3YMlt0=) - function list sync
16.03.2025 03:10:48 [ZomBerryAdmin]: Boogahadeen (bJ4c7QoLlNcMFFuJioBGdjLTBsBdyGqIZNFZF3YMlt0=) teleported to position <551.696228, 411.904297, 10527.164063>
