---------------------------------------------
ZomBerry v0.6.4 log started at 06.03.2025 18:57:01

06.03.2025 18:57:01 [ZomBerryCmdAPI]: INFO: Added category OnTarget
06.03.2025 18:57:01 [ZomBerryCmdAPI]: INFO: Added function TPCur to category OnTarget
06.03.2025 18:57:01 [ZomBerryCmdAPI]: INFO: Added function TPForward to category OnTarget
06.03.2025 18:57:01 [ZomBerryCmdAPI]: INFO: Added function TPToTarget to category OnTarget
06.03.2025 18:57:01 [ZomBerryCmdAPI]: INFO: Added function TPToAdmin to category OnTarget
06.03.2025 18:57:01 [ZomBerryCmdAPI]: INFO: Added function HealTarget to category OnTarget
06.03.2025 18:57:01 [ZomBerryCmdAPI]: INFO: Added function HealTargetPart to category OnTarget
06.03.2025 18:57:01 [ZomBerryCmdAPI]: INFO: Added function GodTarget to category OnTarget
06.03.2025 18:57:01 [ZomBerryCmdAPI]: INFO: Added function RepairTargetHands to category OnTarget
06.03.2025 18:57:01 [ZomBerryCmdAPI]: INFO: Added function RefuelAndRepair to category OnTarget
06.03.2025 18:57:01 [ZomBerryCmdAPI]: INFO: Added category ==
06.03.2025 18:57:01 [ZomBerryCmdAPI]: INFO: Added function KillTarget to category ==
06.03.2025 18:57:01 [ZomBerryCmdAPI]: INFO: Added function BiteTarget to category ==
06.03.2025 18:57:01 [ZomBerryCmdAPI]: INFO: Added function StripTarget to category ==
06.03.2025 18:57:01 [ZomBerryCmdAPI]: INFO: Added function RejectBellyTarget to category ==
06.03.2025 18:57:01 [ZomBerryCmdAPI]: INFO: Added function PsycoTarget to category ==
06.03.2025 18:57:01 [ZomBerryCmdAPI]: INFO: Added function SneezeTarget to category ==
06.03.2025 18:57:01 [ZomBerryCmdAPI]: INFO: Added function SetHealthTarget to category ==
06.03.2025 18:57:01 [ZomBerryCmdAPI]: INFO: Added function SetBloodTarget to category ==
06.03.2025 18:57:01 [ZomBerryCmdAPI]: INFO: Added category OnServer
06.03.2025 18:57:01 [ZomBerryCmdAPI]: INFO: Added function FreeCamAdm to category OnServer
06.03.2025 18:57:01 [ZomBerryCmdAPI]: INFO: Added function TimeDay to category OnServer
06.03.2025 18:57:01 [ZomBerryCmdAPI]: INFO: Added function TimeNight to category OnServer
06.03.2025 18:57:01 [ZomBerryCmdAPI]: INFO: Added function SetTime to category OnServer
06.03.2025 18:57:01 [ZomBerryCmdAPI]: INFO: Added function SetDate to category OnServer
06.03.2025 18:57:01 [ZomBerryCmdAPI]: INFO: Added function SetWeather to category OnServer
06.03.2025 18:57:01 [ZomBerryCmdAPI]: INFO: Added function DeleteObj to category OnServer
06.03.2025 18:57:01 [ZomBerryConfig]: INFO: Using admins.cfg from Profile directory
06.03.2025 18:57:01 [ZomBerryDbg]: Server ready, loading admin list from: $profile:ZomBerry\admins.cfg
06.03.2025 18:57:01 [ZomBerryConfig]: admins.cfg loaded
06.03.2025 18:57:01 [ZomBerryConfig]: Added admin: 76561199205606578
06.03.2025 18:58:20 [ZomBerryDbg]: Auth respond to admin Boogahadeen (bJ4c7QoLlNcMFFuJioBGdjLTBsBdyGqIZNFZF3YMlt0=)
06.03.2025 18:59:15 [ZomBerryDbg]: Boogahadeen (bJ4c7QoLlNcMFFuJioBGdjLTBsBdyGqIZNFZF3YMlt0=) - player list sync
06.03.2025 18:59:15 [ZomBerryDbg]: Boogahadeen (bJ4c7QoLlNcMFFuJioBGdjLTBsBdyGqIZNFZF3YMlt0=) - function list sync
06.03.2025 18:59:37 [ZomBerryAdmin]: Boogahadeen (bJ4c7QoLlNcMFFuJioBGdjLTBsBdyGqIZNFZF3YMlt0=) executed GodTarget
