---------------------------------------------
ZomBerry v0.6.4 log started at 09.03.2025 00:03:48

09.03.2025 00:03:48 [ZomBerryCmdAPI]: INFO: Added category OnTarget
09.03.2025 00:03:48 [ZomBerryCmdAPI]: INFO: Added function TPCur to category OnTarget
09.03.2025 00:03:48 [ZomBerryCmdAPI]: INFO: Added function TPForward to category OnTarget
09.03.2025 00:03:48 [ZomBerryCmdAPI]: INFO: Added function TPToTarget to category OnTarget
09.03.2025 00:03:48 [ZomBerryCmdAPI]: INFO: Added function TPToAdmin to category OnTarget
09.03.2025 00:03:48 [ZomBerryCmdAPI]: INFO: Added function HealTarget to category OnTarget
09.03.2025 00:03:48 [ZomBerryCmdAPI]: INFO: Added function HealTargetPart to category OnTarget
09.03.2025 00:03:48 [ZomBerryCmdAPI]: INFO: Added function GodTarget to category OnTarget
09.03.2025 00:03:48 [ZomBerryCmdAPI]: INFO: Added function RepairTargetHands to category OnTarget
09.03.2025 00:03:48 [ZomBerryCmdAPI]: INFO: Added function RefuelAndRepair to category OnTarget
09.03.2025 00:03:48 [ZomBerryCmdAPI]: INFO: Added category ==
09.03.2025 00:03:48 [ZomBerryCmdAPI]: INFO: Added function KillTarget to category ==
09.03.2025 00:03:48 [ZomBerryCmdAPI]: INFO: Added function BiteTarget to category ==
09.03.2025 00:03:48 [ZomBerryCmdAPI]: INFO: Added function StripTarget to category ==
09.03.2025 00:03:48 [ZomBerryCmdAPI]: INFO: Added function RejectBellyTarget to category ==
09.03.2025 00:03:48 [ZomBerryCmdAPI]: INFO: Added function PsycoTarget to category ==
09.03.2025 00:03:48 [ZomBerryCmdAPI]: INFO: Added function SneezeTarget to category ==
09.03.2025 00:03:48 [ZomBerryCmdAPI]: INFO: Added function SetHealthTarget to category ==
09.03.2025 00:03:48 [ZomBerryCmdAPI]: INFO: Added function SetBloodTarget to category ==
09.03.2025 00:03:48 [ZomBerryCmdAPI]: INFO: Added category OnServer
09.03.2025 00:03:48 [ZomBerryCmdAPI]: INFO: Added function FreeCamAdm to category OnServer
09.03.2025 00:03:48 [ZomBerryCmdAPI]: INFO: Added function TimeDay to category OnServer
09.03.2025 00:03:48 [ZomBerryCmdAPI]: INFO: Added function TimeNight to category OnServer
09.03.2025 00:03:48 [ZomBerryCmdAPI]: INFO: Added function SetTime to category OnServer
09.03.2025 00:03:48 [ZomBerryCmdAPI]: INFO: Added function SetDate to category OnServer
09.03.2025 00:03:48 [ZomBerryCmdAPI]: INFO: Added function SetWeather to category OnServer
09.03.2025 00:03:48 [ZomBerryCmdAPI]: INFO: Added function DeleteObj to category OnServer
09.03.2025 00:03:48 [ZomBerryConfig]: INFO: Using admins.cfg from Profile directory
09.03.2025 00:03:48 [ZomBerryDbg]: Server ready, loading admin list from: $profile:ZomBerry\admins.cfg
09.03.2025 00:03:48 [ZomBerryConfig]: admins.cfg loaded
09.03.2025 00:03:48 [ZomBerryConfig]: Added admin: 76561199205606578
09.03.2025 00:08:30 [ZomBerryDbg]: Auth respond to admin Boogahadeen (bJ4c7QoLlNcMFFuJioBGdjLTBsBdyGqIZNFZF3YMlt0=)
09.03.2025 00:10:35 [ZomBerryDbg]: Boogahadeen (bJ4c7QoLlNcMFFuJioBGdjLTBsBdyGqIZNFZF3YMlt0=) - player list sync
09.03.2025 00:10:35 [ZomBerryDbg]: Boogahadeen (bJ4c7QoLlNcMFFuJioBGdjLTBsBdyGqIZNFZF3YMlt0=) - function list sync
09.03.2025 00:10:36 [ZomBerryAdmin]: Boogahadeen (bJ4c7QoLlNcMFFuJioBGdjLTBsBdyGqIZNFZF3YMlt0=) executed GodTarget
