---------------------------------------------
ZomBerry v0.6.4 log started at 08.03.2025 09:49:09

08.03.2025 09:49:09 [ZomBerryCmdAPI]: INFO: Added category OnTarget
08.03.2025 09:49:09 [ZomBerryCmdAPI]: INFO: Added function TPCur to category OnTarget
08.03.2025 09:49:09 [ZomBerryCmdAPI]: INFO: Added function TPForward to category OnTarget
08.03.2025 09:49:09 [ZomBerryCmdAPI]: INFO: Added function TPToTarget to category OnTarget
08.03.2025 09:49:09 [ZomBerryCmdAPI]: INFO: Added function TPToAdmin to category OnTarget
08.03.2025 09:49:09 [ZomBerryCmdAPI]: INFO: Added function HealTarget to category OnTarget
08.03.2025 09:49:09 [ZomBerryCmdAPI]: INFO: Added function HealTargetPart to category OnTarget
08.03.2025 09:49:09 [ZomBerryCmdAPI]: INFO: Added function GodTarget to category OnTarget
08.03.2025 09:49:09 [ZomBerryCmdAPI]: INFO: Added function RepairTargetHands to category OnTarget
08.03.2025 09:49:09 [ZomBerryCmdAPI]: INFO: Added function RefuelAndRepair to category OnTarget
08.03.2025 09:49:09 [ZomBerryCmdAPI]: INFO: Added category ==
08.03.2025 09:49:09 [ZomBerryCmdAPI]: INFO: Added function KillTarget to category ==
08.03.2025 09:49:09 [ZomBerryCmdAPI]: INFO: Added function BiteTarget to category ==
08.03.2025 09:49:09 [ZomBerryCmdAPI]: INFO: Added function StripTarget to category ==
08.03.2025 09:49:09 [ZomBerryCmdAPI]: INFO: Added function RejectBellyTarget to category ==
08.03.2025 09:49:09 [ZomBerryCmdAPI]: INFO: Added function PsycoTarget to category ==
08.03.2025 09:49:09 [ZomBerryCmdAPI]: INFO: Added function SneezeTarget to category ==
08.03.2025 09:49:09 [ZomBerryCmdAPI]: INFO: Added function SetHealthTarget to category ==
08.03.2025 09:49:09 [ZomBerryCmdAPI]: INFO: Added function SetBloodTarget to category ==
08.03.2025 09:49:09 [ZomBerryCmdAPI]: INFO: Added category OnServer
08.03.2025 09:49:09 [ZomBerryCmdAPI]: INFO: Added function FreeCamAdm to category OnServer
08.03.2025 09:49:09 [ZomBerryCmdAPI]: INFO: Added function TimeDay to category OnServer
08.03.2025 09:49:09 [ZomBerryCmdAPI]: INFO: Added function TimeNight to category OnServer
08.03.2025 09:49:09 [ZomBerryCmdAPI]: INFO: Added function SetTime to category OnServer
08.03.2025 09:49:09 [ZomBerryCmdAPI]: INFO: Added function SetDate to category OnServer
08.03.2025 09:49:09 [ZomBerryCmdAPI]: INFO: Added function SetWeather to category OnServer
08.03.2025 09:49:09 [ZomBerryCmdAPI]: INFO: Added function DeleteObj to category OnServer
08.03.2025 09:49:09 [ZomBerryConfig]: INFO: Using admins.cfg from Profile directory
08.03.2025 09:49:09 [ZomBerryDbg]: Server ready, loading admin list from: $profile:ZomBerry\admins.cfg
08.03.2025 09:49:09 [ZomBerryConfig]: admins.cfg loaded
08.03.2025 09:49:09 [ZomBerryConfig]: Added admin: 76561199205606578
08.03.2025 09:52:39 [ZomBerryDbg]: Auth respond to admin Boogahadeen (bJ4c7QoLlNcMFFuJioBGdjLTBsBdyGqIZNFZF3YMlt0=)
08.03.2025 09:54:22 [ZomBerryDbg]: Boogahadeen (bJ4c7QoLlNcMFFuJioBGdjLTBsBdyGqIZNFZF3YMlt0=) - player list sync
08.03.2025 09:54:22 [ZomBerryDbg]: Boogahadeen (bJ4c7QoLlNcMFFuJioBGdjLTBsBdyGqIZNFZF3YMlt0=) - function list sync
08.03.2025 09:55:14 [ZomBerryDbg]: Boogahadeen (bJ4c7QoLlNcMFFuJioBGdjLTBsBdyGqIZNFZF3YMlt0=) - player list sync
08.03.2025 09:55:14 [ZomBerryDbg]: Boogahadeen (bJ4c7QoLlNcMFFuJioBGdjLTBsBdyGqIZNFZF3YMlt0=) - function list sync
08.03.2025 09:55:17 [ZomBerryAdmin]: Boogahadeen (bJ4c7QoLlNcMFFuJioBGdjLTBsBdyGqIZNFZF3YMlt0=) executed GodTarget
08.03.2025 10:07:14 [ZomBerryDbg]: Boogahadeen (bJ4c7QoLlNcMFFuJioBGdjLTBsBdyGqIZNFZF3YMlt0=) - player list sync
08.03.2025 10:07:14 [ZomBerryDbg]: Boogahadeen (bJ4c7QoLlNcMFFuJioBGdjLTBsBdyGqIZNFZF3YMlt0=) - function list sync
08.03.2025 10:07:48 [ZomBerryAdmin]: Boogahadeen (bJ4c7QoLlNcMFFuJioBGdjLTBsBdyGqIZNFZF3YMlt0=) teleported to position <6090.791992, 477.253082, 14869.689453>
08.03.2025 10:08:47 [ZomBerryDbg]: Boogahadeen (bJ4c7QoLlNcMFFuJioBGdjLTBsBdyGqIZNFZF3YMlt0=) - player list sync
08.03.2025 10:08:47 [ZomBerryDbg]: Boogahadeen (bJ4c7QoLlNcMFFuJioBGdjLTBsBdyGqIZNFZF3YMlt0=) - function list sync
08.03.2025 10:09:13 [ZomBerryAdmin]: Boogahadeen (bJ4c7QoLlNcMFFuJioBGdjLTBsBdyGqIZNFZF3YMlt0=) teleported to position <5694.839844, 474.456329, 15236.169922>
08.03.2025 10:09:15 [ZomBerryAdmin]: Boogahadeen (bJ4c7QoLlNcMFFuJioBGdjLTBsBdyGqIZNFZF3YMlt0=) teleported to position <5700.149414, 474.128662, 15222.896484>
08.03.2025 10:09:15 [ZomBerryAdmin]: Boogahadeen (bJ4c7QoLlNcMFFuJioBGdjLTBsBdyGqIZNFZF3YMlt0=) teleported to position <5700.150391, 482.427399, 14842.135742>
08.03.2025 10:10:44 [ZomBerryDbg]: Boogahadeen (bJ4c7QoLlNcMFFuJioBGdjLTBsBdyGqIZNFZF3YMlt0=) - player list sync
08.03.2025 10:10:44 [ZomBerryDbg]: Boogahadeen (bJ4c7QoLlNcMFFuJioBGdjLTBsBdyGqIZNFZF3YMlt0=) - function list sync
08.03.2025 10:10:56 [ZomBerryAdmin]: Boogahadeen (bJ4c7QoLlNcMFFuJioBGdjLTBsBdyGqIZNFZF3YMlt0=) teleported to position <2734.626953, 274.000000, 9955.430664>
08.03.2025 10:35:05 [ZomBerryDbg]: Boogahadeen (bJ4c7QoLlNcMFFuJioBGdjLTBsBdyGqIZNFZF3YMlt0=) - player list sync
08.03.2025 10:35:05 [ZomBerryDbg]: Boogahadeen (bJ4c7QoLlNcMFFuJioBGdjLTBsBdyGqIZNFZF3YMlt0=) - function list sync
