---------------------------------------------
ZomBerry v0.6.4 log started at 07.03.2025 21:44:54

07.03.2025 21:44:54 [ZomBerryCmdAPI]: INFO: Added category OnTarget
07.03.2025 21:44:54 [ZomBerryCmdAPI]: INFO: Added function TPCur to category OnTarget
07.03.2025 21:44:54 [ZomBerryCmdAPI]: INFO: Added function TPForward to category OnTarget
07.03.2025 21:44:54 [ZomBerryCmdAPI]: INFO: Added function TPToTarget to category OnTarget
07.03.2025 21:44:54 [ZomBerryCmdAPI]: INFO: Added function TPToAdmin to category OnTarget
07.03.2025 21:44:54 [ZomBerryCmdAPI]: INFO: Added function HealTarget to category OnTarget
07.03.2025 21:44:54 [ZomBerryCmdAPI]: INFO: Added function HealTargetPart to category OnTarget
07.03.2025 21:44:54 [ZomBerryCmdAPI]: INFO: Added function GodTarget to category OnTarget
07.03.2025 21:44:54 [ZomBerryCmdAPI]: INFO: Added function RepairTargetHands to category OnTarget
07.03.2025 21:44:54 [ZomBerryCmdAPI]: INFO: Added function RefuelAndRepair to category OnTarget
07.03.2025 21:44:54 [ZomBerryCmdAPI]: INFO: Added category ==
07.03.2025 21:44:54 [ZomBerryCmdAPI]: INFO: Added function KillTarget to category ==
07.03.2025 21:44:54 [ZomBerryCmdAPI]: INFO: Added function BiteTarget to category ==
07.03.2025 21:44:54 [ZomBerryCmdAPI]: INFO: Added function StripTarget to category ==
07.03.2025 21:44:54 [ZomBerryCmdAPI]: INFO: Added function RejectBellyTarget to category ==
07.03.2025 21:44:54 [ZomBerryCmdAPI]: INFO: Added function PsycoTarget to category ==
07.03.2025 21:44:54 [ZomBerryCmdAPI]: INFO: Added function SneezeTarget to category ==
07.03.2025 21:44:54 [ZomBerryCmdAPI]: INFO: Added function SetHealthTarget to category ==
07.03.2025 21:44:54 [ZomBerryCmdAPI]: INFO: Added function SetBloodTarget to category ==
07.03.2025 21:44:54 [ZomBerryCmdAPI]: INFO: Added category OnServer
07.03.2025 21:44:54 [ZomBerryCmdAPI]: INFO: Added function FreeCamAdm to category OnServer
07.03.2025 21:44:54 [ZomBerryCmdAPI]: INFO: Added function TimeDay to category OnServer
07.03.2025 21:44:54 [ZomBerryCmdAPI]: INFO: Added function TimeNight to category OnServer
07.03.2025 21:44:54 [ZomBerryCmdAPI]: INFO: Added function SetTime to category OnServer
07.03.2025 21:44:54 [ZomBerryCmdAPI]: INFO: Added function SetDate to category OnServer
07.03.2025 21:44:54 [ZomBerryCmdAPI]: INFO: Added function SetWeather to category OnServer
07.03.2025 21:44:54 [ZomBerryCmdAPI]: INFO: Added function DeleteObj to category OnServer
07.03.2025 21:44:54 [ZomBerryConfig]: INFO: Using admins.cfg from Profile directory
07.03.2025 21:44:54 [ZomBerryDbg]: Server ready, loading admin list from: $profile:ZomBerry\admins.cfg
07.03.2025 21:44:54 [ZomBerryConfig]: admins.cfg loaded
07.03.2025 21:44:54 [ZomBerryConfig]: Added admin: 76561199205606578
07.03.2025 21:47:32 [ZomBerryDbg]: Auth respond to admin Boogahadeen (bJ4c7QoLlNcMFFuJioBGdjLTBsBdyGqIZNFZF3YMlt0=)
07.03.2025 21:48:28 [ZomBerryDbg]: Boogahadeen (bJ4c7QoLlNcMFFuJioBGdjLTBsBdyGqIZNFZF3YMlt0=) - player list sync
07.03.2025 21:48:28 [ZomBerryDbg]: Boogahadeen (bJ4c7QoLlNcMFFuJioBGdjLTBsBdyGqIZNFZF3YMlt0=) - function list sync
07.03.2025 21:48:30 [ZomBerryAdmin]: Boogahadeen (bJ4c7QoLlNcMFFuJioBGdjLTBsBdyGqIZNFZF3YMlt0=) executed GodTarget
07.03.2025 21:48:48 [ZomBerryAdmin]: Boogahadeen (bJ4c7QoLlNcMFFuJioBGdjLTBsBdyGqIZNFZF3YMlt0=) teleported to position <11591.151367, 57.910000, 14722.299805>
07.03.2025 21:49:53 [ZomBerryDbg]: Boogahadeen (bJ4c7QoLlNcMFFuJioBGdjLTBsBdyGqIZNFZF3YMlt0=) - player list sync
07.03.2025 21:49:53 [ZomBerryDbg]: Boogahadeen (bJ4c7QoLlNcMFFuJioBGdjLTBsBdyGqIZNFZF3YMlt0=) - function list sync
07.03.2025 21:50:09 [ZomBerryAdmin]: Boogahadeen (bJ4c7QoLlNcMFFuJioBGdjLTBsBdyGqIZNFZF3YMlt0=) teleported to position <6692.215820, 57.178841, 3533.574707>
07.03.2025 21:51:56 [ZomBerryDbg]: Boogahadeen (bJ4c7QoLlNcMFFuJioBGdjLTBsBdyGqIZNFZF3YMlt0=) - player list sync
07.03.2025 21:51:56 [ZomBerryDbg]: Boogahadeen (bJ4c7QoLlNcMFFuJioBGdjLTBsBdyGqIZNFZF3YMlt0=) - function list sync
07.03.2025 21:52:05 [ZomBerryAdmin]: Boogahadeen (bJ4c7QoLlNcMFFuJioBGdjLTBsBdyGqIZNFZF3YMlt0=) teleported to position <4757.543457, 339.000000, 10355.158203>
07.03.2025 21:52:23 [ZomBerryDbg]: Boogahadeen (bJ4c7QoLlNcMFFuJioBGdjLTBsBdyGqIZNFZF3YMlt0=) - player list sync
07.03.2025 21:52:23 [ZomBerryDbg]: Boogahadeen (bJ4c7QoLlNcMFFuJioBGdjLTBsBdyGqIZNFZF3YMlt0=) - function list sync
07.03.2025 21:52:32 [ZomBerryAdmin]: Boogahadeen (bJ4c7QoLlNcMFFuJioBGdjLTBsBdyGqIZNFZF3YMlt0=) spawned ExpansionBigGyrocopter at <4724.792969, 338.992004, 10348.491211>
07.03.2025 21:55:07 [ZomBerryDbg]: Boogahadeen (bJ4c7QoLlNcMFFuJioBGdjLTBsBdyGqIZNFZF3YMlt0=) - player list sync
07.03.2025 21:55:07 [ZomBerryDbg]: Boogahadeen (bJ4c7QoLlNcMFFuJioBGdjLTBsBdyGqIZNFZF3YMlt0=) - function list sync
07.03.2025 21:55:18 [ZomBerryAdmin]: Boogahadeen (bJ4c7QoLlNcMFFuJioBGdjLTBsBdyGqIZNFZF3YMlt0=) teleported to position <4936.638672, 339.000000, 9983.345703>
07.03.2025 21:55:43 [ZomBerryDbg]: Boogahadeen (bJ4c7QoLlNcMFFuJioBGdjLTBsBdyGqIZNFZF3YMlt0=) - player list sync
07.03.2025 21:55:43 [ZomBerryDbg]: Boogahadeen (bJ4c7QoLlNcMFFuJioBGdjLTBsBdyGqIZNFZF3YMlt0=) - function list sync
07.03.2025 21:56:52 [ZomBerryDbg]: Boogahadeen (bJ4c7QoLlNcMFFuJioBGdjLTBsBdyGqIZNFZF3YMlt0=) - player list sync
07.03.2025 21:56:52 [ZomBerryDbg]: Boogahadeen (bJ4c7QoLlNcMFFuJioBGdjLTBsBdyGqIZNFZF3YMlt0=) - function list sync
07.03.2025 21:57:05 [ZomBerryAdmin]: Boogahadeen (bJ4c7QoLlNcMFFuJioBGdjLTBsBdyGqIZNFZF3YMlt0=) teleported to position <4551.794434, 339.000000, 9600.500000>
07.03.2025 21:58:01 [ZomBerryDbg]: Boogahadeen (bJ4c7QoLlNcMFFuJioBGdjLTBsBdyGqIZNFZF3YMlt0=) - player list sync
07.03.2025 21:58:01 [ZomBerryDbg]: Boogahadeen (bJ4c7QoLlNcMFFuJioBGdjLTBsBdyGqIZNFZF3YMlt0=) - function list sync
07.03.2025 21:58:12 [ZomBerryAdmin]: Boogahadeen (bJ4c7QoLlNcMFFuJioBGdjLTBsBdyGqIZNFZF3YMlt0=) teleported to position <12181.579102, 140.000000, 12582.584961>
07.03.2025 21:59:35 [ZomBerryDbg]: Boogahadeen (bJ4c7QoLlNcMFFuJioBGdjLTBsBdyGqIZNFZF3YMlt0=) - player list sync
07.03.2025 21:59:35 [ZomBerryDbg]: Boogahadeen (bJ4c7QoLlNcMFFuJioBGdjLTBsBdyGqIZNFZF3YMlt0=) - function list sync
07.03.2025 21:59:40 [ZomBerryAdmin]: Boogahadeen (bJ4c7QoLlNcMFFuJioBGdjLTBsBdyGqIZNFZF3YMlt0=) teleported to position <12093.510742, 140.000000, 12723.026367>
