---------------------------------------------
ZomBerry v0.6.4 log started at 08.03.2025 22:37:20

08.03.2025 22:37:20 [ZomBerryCmdAPI]: INFO: Added category OnTarget
08.03.2025 22:37:20 [ZomBerryCmdAPI]: INFO: Added function TPCur to category OnTarget
08.03.2025 22:37:20 [ZomBerryCmdAPI]: INFO: Added function TPForward to category OnTarget
08.03.2025 22:37:20 [ZomBerryCmdAPI]: INFO: Added function TPToTarget to category OnTarget
08.03.2025 22:37:20 [ZomBerryCmdAPI]: INFO: Added function TPToAdmin to category OnTarget
08.03.2025 22:37:20 [ZomBerryCmdAPI]: INFO: Added function HealTarget to category OnTarget
08.03.2025 22:37:20 [ZomBerryCmdAPI]: INFO: Added function HealTargetPart to category OnTarget
08.03.2025 22:37:20 [ZomBerryCmdAPI]: INFO: Added function GodTarget to category OnTarget
08.03.2025 22:37:20 [ZomBerryCmdAPI]: INFO: Added function RepairTargetHands to category OnTarget
08.03.2025 22:37:20 [ZomBerryCmdAPI]: INFO: Added function RefuelAndRepair to category OnTarget
08.03.2025 22:37:20 [ZomBerryCmdAPI]: INFO: Added category ==
08.03.2025 22:37:20 [ZomBerryCmdAPI]: INFO: Added function KillTarget to category ==
08.03.2025 22:37:20 [ZomBerryCmdAPI]: INFO: Added function BiteTarget to category ==
08.03.2025 22:37:20 [ZomBerryCmdAPI]: INFO: Added function StripTarget to category ==
08.03.2025 22:37:20 [ZomBerryCmdAPI]: INFO: Added function RejectBellyTarget to category ==
08.03.2025 22:37:20 [ZomBerryCmdAPI]: INFO: Added function PsycoTarget to category ==
08.03.2025 22:37:20 [ZomBerryCmdAPI]: INFO: Added function SneezeTarget to category ==
08.03.2025 22:37:20 [ZomBerryCmdAPI]: INFO: Added function SetHealthTarget to category ==
08.03.2025 22:37:20 [ZomBerryCmdAPI]: INFO: Added function SetBloodTarget to category ==
08.03.2025 22:37:20 [ZomBerryCmdAPI]: INFO: Added category OnServer
08.03.2025 22:37:20 [ZomBerryCmdAPI]: INFO: Added function FreeCamAdm to category OnServer
08.03.2025 22:37:20 [ZomBerryCmdAPI]: INFO: Added function TimeDay to category OnServer
08.03.2025 22:37:20 [ZomBerryCmdAPI]: INFO: Added function TimeNight to category OnServer
08.03.2025 22:37:20 [ZomBerryCmdAPI]: INFO: Added function SetTime to category OnServer
08.03.2025 22:37:20 [ZomBerryCmdAPI]: INFO: Added function SetDate to category OnServer
08.03.2025 22:37:20 [ZomBerryCmdAPI]: INFO: Added function SetWeather to category OnServer
08.03.2025 22:37:20 [ZomBerryCmdAPI]: INFO: Added function DeleteObj to category OnServer
08.03.2025 22:37:20 [ZomBerryConfig]: INFO: Using admins.cfg from Profile directory
08.03.2025 22:37:20 [ZomBerryDbg]: Server ready, loading admin list from: $profile:ZomBerry\admins.cfg
08.03.2025 22:37:20 [ZomBerryConfig]: admins.cfg loaded
08.03.2025 22:37:20 [ZomBerryConfig]: Added admin: 76561199205606578
08.03.2025 22:39:37 [ZomBerryDbg]: Auth respond to admin Boogahadeen (bJ4c7QoLlNcMFFuJioBGdjLTBsBdyGqIZNFZF3YMlt0=)
08.03.2025 22:40:38 [ZomBerryDbg]: Boogahadeen (bJ4c7QoLlNcMFFuJioBGdjLTBsBdyGqIZNFZF3YMlt0=) - player list sync
08.03.2025 22:40:38 [ZomBerryDbg]: Boogahadeen (bJ4c7QoLlNcMFFuJioBGdjLTBsBdyGqIZNFZF3YMlt0=) - function list sync
08.03.2025 22:40:47 [ZomBerryAdmin]: Boogahadeen (bJ4c7QoLlNcMFFuJioBGdjLTBsBdyGqIZNFZF3YMlt0=) teleported to position <1659.518799, 451.730011, 14148.770508>
