---------------------------------------------
ZomBerry v0.6.4 log started at 08.03.2025 23:42:55

08.03.2025 23:42:55 [ZomBerryCmdAPI]: INFO: Added category OnTarget
08.03.2025 23:42:55 [ZomBerryCmdAPI]: INFO: Added function TPCur to category OnTarget
08.03.2025 23:42:55 [ZomBerryCmdAPI]: INFO: Added function TPForward to category OnTarget
08.03.2025 23:42:55 [ZomBerryCmdAPI]: INFO: Added function TPToTarget to category OnTarget
08.03.2025 23:42:55 [ZomBerryCmdAPI]: INFO: Added function TPToAdmin to category OnTarget
08.03.2025 23:42:55 [ZomBerryCmdAPI]: INFO: Added function HealTarget to category OnTarget
08.03.2025 23:42:55 [ZomBerryCmdAPI]: INFO: Added function HealTargetPart to category OnTarget
08.03.2025 23:42:55 [ZomBerryCmdAPI]: INFO: Added function GodTarget to category OnTarget
08.03.2025 23:42:55 [ZomBerryCmdAPI]: INFO: Added function RepairTargetHands to category OnTarget
08.03.2025 23:42:55 [ZomBerryCmdAPI]: INFO: Added function RefuelAndRepair to category OnTarget
08.03.2025 23:42:55 [ZomBerryCmdAPI]: INFO: Added category ==
08.03.2025 23:42:55 [ZomBerryCmdAPI]: INFO: Added function KillTarget to category ==
08.03.2025 23:42:55 [ZomBerryCmdAPI]: INFO: Added function BiteTarget to category ==
08.03.2025 23:42:55 [ZomBerryCmdAPI]: INFO: Added function StripTarget to category ==
08.03.2025 23:42:55 [ZomBerryCmdAPI]: INFO: Added function RejectBellyTarget to category ==
08.03.2025 23:42:55 [ZomBerryCmdAPI]: INFO: Added function PsycoTarget to category ==
08.03.2025 23:42:55 [ZomBerryCmdAPI]: INFO: Added function SneezeTarget to category ==
08.03.2025 23:42:55 [ZomBerryCmdAPI]: INFO: Added function SetHealthTarget to category ==
08.03.2025 23:42:55 [ZomBerryCmdAPI]: INFO: Added function SetBloodTarget to category ==
08.03.2025 23:42:55 [ZomBerryCmdAPI]: INFO: Added category OnServer
08.03.2025 23:42:55 [ZomBerryCmdAPI]: INFO: Added function FreeCamAdm to category OnServer
08.03.2025 23:42:55 [ZomBerryCmdAPI]: INFO: Added function TimeDay to category OnServer
08.03.2025 23:42:55 [ZomBerryCmdAPI]: INFO: Added function TimeNight to category OnServer
08.03.2025 23:42:55 [ZomBerryCmdAPI]: INFO: Added function SetTime to category OnServer
08.03.2025 23:42:55 [ZomBerryCmdAPI]: INFO: Added function SetDate to category OnServer
08.03.2025 23:42:55 [ZomBerryCmdAPI]: INFO: Added function SetWeather to category OnServer
08.03.2025 23:42:55 [ZomBerryCmdAPI]: INFO: Added function DeleteObj to category OnServer
08.03.2025 23:42:55 [ZomBerryConfig]: INFO: Using admins.cfg from Profile directory
08.03.2025 23:42:55 [ZomBerryDbg]: Server ready, loading admin list from: $profile:ZomBerry\admins.cfg
08.03.2025 23:42:55 [ZomBerryConfig]: admins.cfg loaded
08.03.2025 23:42:55 [ZomBerryConfig]: Added admin: 76561199205606578
08.03.2025 23:46:11 [ZomBerryDbg]: Auth respond to admin Boogahadeen (bJ4c7QoLlNcMFFuJioBGdjLTBsBdyGqIZNFZF3YMlt0=)
08.03.2025 23:57:24 [ZomBerryDbg]: Boogahadeen (bJ4c7QoLlNcMFFuJioBGdjLTBsBdyGqIZNFZF3YMlt0=) - player list sync
08.03.2025 23:57:24 [ZomBerryDbg]: Boogahadeen (bJ4c7QoLlNcMFFuJioBGdjLTBsBdyGqIZNFZF3YMlt0=) - function list sync
08.03.2025 23:59:22 [ZomBerryDbg]: Boogahadeen (bJ4c7QoLlNcMFFuJioBGdjLTBsBdyGqIZNFZF3YMlt0=) - player list sync
08.03.2025 23:59:22 [ZomBerryDbg]: Boogahadeen (bJ4c7QoLlNcMFFuJioBGdjLTBsBdyGqIZNFZF3YMlt0=) - function list sync
08.03.2025 23:59:35 [ZomBerryAdmin]: Boogahadeen (bJ4c7QoLlNcMFFuJioBGdjLTBsBdyGqIZNFZF3YMlt0=) teleported to position <12091.058594, 140.000000, 12537.672852>
