---------------------------------------------
ZomBerry v0.6.4 log started at 08.03.2025 23:28:15

08.03.2025 23:28:15 [ZomBerryCmdAPI]: INFO: Added category OnTarget
08.03.2025 23:28:15 [ZomBerryCmdAPI]: INFO: Added function TPCur to category OnTarget
08.03.2025 23:28:15 [ZomBerryCmdAPI]: INFO: Added function TPForward to category OnTarget
08.03.2025 23:28:15 [ZomBerryCmdAPI]: INFO: Added function TPToTarget to category OnTarget
08.03.2025 23:28:15 [ZomBerryCmdAPI]: INFO: Added function TPToAdmin to category OnTarget
08.03.2025 23:28:15 [ZomBerryCmdAPI]: INFO: Added function HealTarget to category OnTarget
08.03.2025 23:28:15 [ZomBerryCmdAPI]: INFO: Added function HealTargetPart to category OnTarget
08.03.2025 23:28:15 [ZomBerryCmdAPI]: INFO: Added function GodTarget to category OnTarget
08.03.2025 23:28:15 [ZomBerryCmdAPI]: INFO: Added function RepairTargetHands to category OnTarget
08.03.2025 23:28:15 [ZomBerryCmdAPI]: INFO: Added function RefuelAndRepair to category OnTarget
08.03.2025 23:28:15 [ZomBerryCmdAPI]: INFO: Added category ==
08.03.2025 23:28:15 [ZomBerryCmdAPI]: INFO: Added function KillTarget to category ==
08.03.2025 23:28:15 [ZomBerryCmdAPI]: INFO: Added function BiteTarget to category ==
08.03.2025 23:28:15 [ZomBerryCmdAPI]: INFO: Added function StripTarget to category ==
08.03.2025 23:28:15 [ZomBerryCmdAPI]: INFO: Added function RejectBellyTarget to category ==
08.03.2025 23:28:15 [ZomBerryCmdAPI]: INFO: Added function PsycoTarget to category ==
08.03.2025 23:28:15 [ZomBerryCmdAPI]: INFO: Added function SneezeTarget to category ==
08.03.2025 23:28:15 [ZomBerryCmdAPI]: INFO: Added function SetHealthTarget to category ==
08.03.2025 23:28:15 [ZomBerryCmdAPI]: INFO: Added function SetBloodTarget to category ==
08.03.2025 23:28:15 [ZomBerryCmdAPI]: INFO: Added category OnServer
08.03.2025 23:28:15 [ZomBerryCmdAPI]: INFO: Added function FreeCamAdm to category OnServer
08.03.2025 23:28:15 [ZomBerryCmdAPI]: INFO: Added function TimeDay to category OnServer
08.03.2025 23:28:15 [ZomBerryCmdAPI]: INFO: Added function TimeNight to category OnServer
08.03.2025 23:28:15 [ZomBerryCmdAPI]: INFO: Added function SetTime to category OnServer
08.03.2025 23:28:15 [ZomBerryCmdAPI]: INFO: Added function SetDate to category OnServer
08.03.2025 23:28:15 [ZomBerryCmdAPI]: INFO: Added function SetWeather to category OnServer
08.03.2025 23:28:15 [ZomBerryCmdAPI]: INFO: Added function DeleteObj to category OnServer
08.03.2025 23:28:15 [ZomBerryConfig]: INFO: Using admins.cfg from Profile directory
08.03.2025 23:28:15 [ZomBerryDbg]: Server ready, loading admin list from: $profile:ZomBerry\admins.cfg
08.03.2025 23:28:15 [ZomBerryConfig]: admins.cfg loaded
08.03.2025 23:28:15 [ZomBerryConfig]: Added admin: 76561199205606578
08.03.2025 23:31:52 [ZomBerryDbg]: Auth respond to admin Boogahadeen (bJ4c7QoLlNcMFFuJioBGdjLTBsBdyGqIZNFZF3YMlt0=)
08.03.2025 23:32:18 [ZomBerryDbg]: Boogahadeen (bJ4c7QoLlNcMFFuJioBGdjLTBsBdyGqIZNFZF3YMlt0=) - player list sync
08.03.2025 23:32:18 [ZomBerryDbg]: Boogahadeen (bJ4c7QoLlNcMFFuJioBGdjLTBsBdyGqIZNFZF3YMlt0=) - function list sync
08.03.2025 23:32:25 [ZomBerryAdmin]: Boogahadeen (bJ4c7QoLlNcMFFuJioBGdjLTBsBdyGqIZNFZF3YMlt0=) teleported to position <1691.491211, 451.730011, 14177.239258>
08.03.2025 23:32:52 [ZomBerryDbg]: Boogahadeen (bJ4c7QoLlNcMFFuJioBGdjLTBsBdyGqIZNFZF3YMlt0=) - player list sync
08.03.2025 23:32:52 [ZomBerryDbg]: Boogahadeen (bJ4c7QoLlNcMFFuJioBGdjLTBsBdyGqIZNFZF3YMlt0=) - function list sync
08.03.2025 23:32:54 [ZomBerryAdmin]: Boogahadeen (bJ4c7QoLlNcMFFuJioBGdjLTBsBdyGqIZNFZF3YMlt0=) executed GodTarget
08.03.2025 23:33:17 [ZomBerryDbg]: Boogahadeen (bJ4c7QoLlNcMFFuJioBGdjLTBsBdyGqIZNFZF3YMlt0=) - player list sync
08.03.2025 23:33:17 [ZomBerryDbg]: Boogahadeen (bJ4c7QoLlNcMFFuJioBGdjLTBsBdyGqIZNFZF3YMlt0=) - function list sync
08.03.2025 23:33:36 [ZomBerryAdmin]: Boogahadeen (bJ4c7QoLlNcMFFuJioBGdjLTBsBdyGqIZNFZF3YMlt0=) teleported to position <5918.907227, 269.186371, 10260.270508>
