---------------------------------------------
ZomBerry v0.6.4 log started at 15.03.2025 18:01:21

15.03.2025 18:01:21 [ZomBerryCmdAPI]: INFO: Added category OnTarget
15.03.2025 18:01:21 [ZomBerryCmdAPI]: INFO: Added function TPCur to category OnTarget
15.03.2025 18:01:21 [ZomBerryCmdAPI]: INFO: Added function TPForward to category OnTarget
15.03.2025 18:01:21 [ZomBerryCmdAPI]: INFO: Added function TPToTarget to category OnTarget
15.03.2025 18:01:21 [ZomBerryCmdAPI]: INFO: Added function TPToAdmin to category OnTarget
15.03.2025 18:01:21 [ZomBerryCmdAPI]: INFO: Added function HealTarget to category OnTarget
15.03.2025 18:01:21 [ZomBerryCmdAPI]: INFO: Added function HealTargetPart to category OnTarget
15.03.2025 18:01:21 [ZomBerryCmdAPI]: INFO: Added function GodTarget to category OnTarget
15.03.2025 18:01:21 [ZomBerryCmdAPI]: INFO: Added function RepairTargetHands to category OnTarget
15.03.2025 18:01:21 [ZomBerryCmdAPI]: INFO: Added function RefuelAndRepair to category OnTarget
15.03.2025 18:01:21 [ZomBerryCmdAPI]: INFO: Added category ==
15.03.2025 18:01:21 [ZomBerryCmdAPI]: INFO: Added function KillTarget to category ==
15.03.2025 18:01:21 [ZomBerryCmdAPI]: INFO: Added function BiteTarget to category ==
15.03.2025 18:01:21 [ZomBerryCmdAPI]: INFO: Added function StripTarget to category ==
15.03.2025 18:01:21 [ZomBerryCmdAPI]: INFO: Added function RejectBellyTarget to category ==
15.03.2025 18:01:21 [ZomBerryCmdAPI]: INFO: Added function PsycoTarget to category ==
15.03.2025 18:01:21 [ZomBerryCmdAPI]: INFO: Added function SneezeTarget to category ==
15.03.2025 18:01:21 [ZomBerryCmdAPI]: INFO: Added function SetHealthTarget to category ==
15.03.2025 18:01:21 [ZomBerryCmdAPI]: INFO: Added function SetBloodTarget to category ==
15.03.2025 18:01:21 [ZomBerryCmdAPI]: INFO: Added category OnServer
15.03.2025 18:01:21 [ZomBerryCmdAPI]: INFO: Added function FreeCamAdm to category OnServer
15.03.2025 18:01:21 [ZomBerryCmdAPI]: INFO: Added function TimeDay to category OnServer
15.03.2025 18:01:21 [ZomBerryCmdAPI]: INFO: Added function TimeNight to category OnServer
15.03.2025 18:01:21 [ZomBerryCmdAPI]: INFO: Added function SetTime to category OnServer
15.03.2025 18:01:21 [ZomBerryCmdAPI]: INFO: Added function SetDate to category OnServer
15.03.2025 18:01:21 [ZomBerryCmdAPI]: INFO: Added function SetWeather to category OnServer
15.03.2025 18:01:21 [ZomBerryCmdAPI]: INFO: Added function DeleteObj to category OnServer
15.03.2025 18:01:21 [ZomBerryConfig]: INFO: Using admins.cfg from Profile directory
15.03.2025 18:01:21 [ZomBerryDbg]: Server ready, loading admin list from: $profile:ZomBerry\admins.cfg
15.03.2025 18:01:21 [ZomBerryConfig]: admins.cfg loaded
15.03.2025 18:01:21 [ZomBerryConfig]: Added admin: 76561199205606578
15.03.2025 18:04:11 [ZomBerryDbg]: Auth respond to admin Boogahadeen (bJ4c7QoLlNcMFFuJioBGdjLTBsBdyGqIZNFZF3YMlt0=)
15.03.2025 18:04:48 [ZomBerryDbg]: Boogahadeen (bJ4c7QoLlNcMFFuJioBGdjLTBsBdyGqIZNFZF3YMlt0=) - player list sync
15.03.2025 18:04:48 [ZomBerryDbg]: Boogahadeen (bJ4c7QoLlNcMFFuJioBGdjLTBsBdyGqIZNFZF3YMlt0=) - function list sync
15.03.2025 18:04:58 [ZomBerryAdmin]: Boogahadeen (bJ4c7QoLlNcMFFuJioBGdjLTBsBdyGqIZNFZF3YMlt0=) teleported to position <1339.733521, 454.842499, 14502.275391>
15.03.2025 18:05:09 [ZomBerryAdmin]: Boogahadeen (bJ4c7QoLlNcMFFuJioBGdjLTBsBdyGqIZNFZF3YMlt0=) teleported to position <3860.267090, 344.018341, 11322.776367>
15.03.2025 18:05:18 [ZomBerryAdmin]: Boogahadeen (bJ4c7QoLlNcMFFuJioBGdjLTBsBdyGqIZNFZF3YMlt0=) teleported to position <1368.145752, 455.936005, 14493.401367>
15.03.2025 18:05:21 [ZomBerryAdmin]: Boogahadeen (bJ4c7QoLlNcMFFuJioBGdjLTBsBdyGqIZNFZF3YMlt0=) teleported to position <1458.209229, 458.860626, 14489.798828>
15.03.2025 18:08:53 [ZomBerryDbg]: Boogahadeen (bJ4c7QoLlNcMFFuJioBGdjLTBsBdyGqIZNFZF3YMlt0=) - player list sync
15.03.2025 18:08:53 [ZomBerryDbg]: Boogahadeen (bJ4c7QoLlNcMFFuJioBGdjLTBsBdyGqIZNFZF3YMlt0=) - function list sync
15.03.2025 18:08:57 [ZomBerryAdmin]: Boogahadeen (bJ4c7QoLlNcMFFuJioBGdjLTBsBdyGqIZNFZF3YMlt0=) executed GodTarget
