---------------------------------------------
ZomBerry v0.6.4 log started at 15.03.2025 23:20:40

15.03.2025 23:20:40 [ZomBerryCmdAPI]: INFO: Added category OnTarget
15.03.2025 23:20:40 [ZomBerryCmdAPI]: INFO: Added function TPCur to category OnTarget
15.03.2025 23:20:40 [ZomBerryCmdAPI]: INFO: Added function TPForward to category OnTarget
15.03.2025 23:20:40 [ZomBerryCmdAPI]: INFO: Added function TPToTarget to category OnTarget
15.03.2025 23:20:40 [ZomBerryCmdAPI]: INFO: Added function TPToAdmin to category OnTarget
15.03.2025 23:20:40 [ZomBerryCmdAPI]: INFO: Added function HealTarget to category OnTarget
15.03.2025 23:20:40 [ZomBerryCmdAPI]: INFO: Added function HealTargetPart to category OnTarget
15.03.2025 23:20:40 [ZomBerryCmdAPI]: INFO: Added function GodTarget to category OnTarget
15.03.2025 23:20:40 [ZomBerryCmdAPI]: INFO: Added function RepairTargetHands to category OnTarget
15.03.2025 23:20:40 [ZomBerryCmdAPI]: INFO: Added function RefuelAndRepair to category OnTarget
15.03.2025 23:20:40 [ZomBerryCmdAPI]: INFO: Added category ==
15.03.2025 23:20:40 [ZomBerryCmdAPI]: INFO: Added function KillTarget to category ==
15.03.2025 23:20:40 [ZomBerryCmdAPI]: INFO: Added function BiteTarget to category ==
15.03.2025 23:20:40 [ZomBerryCmdAPI]: INFO: Added function StripTarget to category ==
15.03.2025 23:20:40 [ZomBerryCmdAPI]: INFO: Added function RejectBellyTarget to category ==
15.03.2025 23:20:40 [ZomBerryCmdAPI]: INFO: Added function PsycoTarget to category ==
15.03.2025 23:20:40 [ZomBerryCmdAPI]: INFO: Added function SneezeTarget to category ==
15.03.2025 23:20:40 [ZomBerryCmdAPI]: INFO: Added function SetHealthTarget to category ==
15.03.2025 23:20:40 [ZomBerryCmdAPI]: INFO: Added function SetBloodTarget to category ==
15.03.2025 23:20:40 [ZomBerryCmdAPI]: INFO: Added category OnServer
15.03.2025 23:20:40 [ZomBerryCmdAPI]: INFO: Added function FreeCamAdm to category OnServer
15.03.2025 23:20:40 [ZomBerryCmdAPI]: INFO: Added function TimeDay to category OnServer
15.03.2025 23:20:40 [ZomBerryCmdAPI]: INFO: Added function TimeNight to category OnServer
15.03.2025 23:20:40 [ZomBerryCmdAPI]: INFO: Added function SetTime to category OnServer
15.03.2025 23:20:40 [ZomBerryCmdAPI]: INFO: Added function SetDate to category OnServer
15.03.2025 23:20:40 [ZomBerryCmdAPI]: INFO: Added function SetWeather to category OnServer
15.03.2025 23:20:40 [ZomBerryCmdAPI]: INFO: Added function DeleteObj to category OnServer
15.03.2025 23:20:40 [ZomBerryConfig]: INFO: Using admins.cfg from Profile directory
15.03.2025 23:20:40 [ZomBerryDbg]: Server ready, loading admin list from: $profile:ZomBerry\admins.cfg
15.03.2025 23:20:40 [ZomBerryConfig]: admins.cfg loaded
15.03.2025 23:20:40 [ZomBerryConfig]: Added admin: 76561199205606578
15.03.2025 23:23:00 [ZomBerryDbg]: Auth respond to admin Boogahadeen (bJ4c7QoLlNcMFFuJioBGdjLTBsBdyGqIZNFZF3YMlt0=)
15.03.2025 23:37:08 [ZomBerryDbg]: Boogahadeen (bJ4c7QoLlNcMFFuJioBGdjLTBsBdyGqIZNFZF3YMlt0=) - player list sync
15.03.2025 23:37:08 [ZomBerryDbg]: Boogahadeen (bJ4c7QoLlNcMFFuJioBGdjLTBsBdyGqIZNFZF3YMlt0=) - function list sync
15.03.2025 23:37:32 [ZomBerryAdmin]: Boogahadeen (bJ4c7QoLlNcMFFuJioBGdjLTBsBdyGqIZNFZF3YMlt0=) spawned BBP_Bwall at <2171.636230, 3.538437, 2058.882568>
15.03.2025 23:37:35 [ZomBerryAdmin]: Boogahadeen (bJ4c7QoLlNcMFFuJioBGdjLTBsBdyGqIZNFZF3YMlt0=) spawned BBP_Bwall at <2171.638916, 3.538430, 2058.880615>
15.03.2025 23:37:46 [ZomBerryDbg]: Boogahadeen (bJ4c7QoLlNcMFFuJioBGdjLTBsBdyGqIZNFZF3YMlt0=) - player list sync
15.03.2025 23:37:46 [ZomBerryDbg]: Boogahadeen (bJ4c7QoLlNcMFFuJioBGdjLTBsBdyGqIZNFZF3YMlt0=) - function list sync
15.03.2025 23:38:03 [ZomBerryAdmin]: Boogahadeen (bJ4c7QoLlNcMFFuJioBGdjLTBsBdyGqIZNFZF3YMlt0=) spawned BBP_Swall at <2190.572754, 5.857634, 2078.995605>
15.03.2025 23:38:28 [ZomBerryDbg]: Boogahadeen (bJ4c7QoLlNcMFFuJioBGdjLTBsBdyGqIZNFZF3YMlt0=) - player list sync
15.03.2025 23:38:28 [ZomBerryDbg]: Boogahadeen (bJ4c7QoLlNcMFFuJioBGdjLTBsBdyGqIZNFZF3YMlt0=) - function list sync
15.03.2025 23:39:15 [ZomBerryDbg]: Boogahadeen (bJ4c7QoLlNcMFFuJioBGdjLTBsBdyGqIZNFZF3YMlt0=) - player list sync
15.03.2025 23:39:15 [ZomBerryDbg]: Boogahadeen (bJ4c7QoLlNcMFFuJioBGdjLTBsBdyGqIZNFZF3YMlt0=) - function list sync
15.03.2025 23:40:27 [ZomBerryDbg]: Boogahadeen (bJ4c7QoLlNcMFFuJioBGdjLTBsBdyGqIZNFZF3YMlt0=) - player list sync
15.03.2025 23:40:27 [ZomBerryDbg]: Boogahadeen (bJ4c7QoLlNcMFFuJioBGdjLTBsBdyGqIZNFZF3YMlt0=) - function list sync
15.03.2025 23:40:36 [ZomBerryDbg]: Boogahadeen (bJ4c7QoLlNcMFFuJioBGdjLTBsBdyGqIZNFZF3YMlt0=) - player list sync
15.03.2025 23:40:36 [ZomBerryDbg]: Boogahadeen (bJ4c7QoLlNcMFFuJioBGdjLTBsBdyGqIZNFZF3YMlt0=) - function list sync
15.03.2025 23:40:43 [ZomBerryAdmin]: Boogahadeen (bJ4c7QoLlNcMFFuJioBGdjLTBsBdyGqIZNFZF3YMlt0=) spawned HDSN_BreachingChargeHeavy at <2259.676025, 4.904395, 2108.976074>
15.03.2025 23:40:49 [ZomBerryDbg]: Boogahadeen (bJ4c7QoLlNcMFFuJioBGdjLTBsBdyGqIZNFZF3YMlt0=) - player list sync
15.03.2025 23:40:49 [ZomBerryDbg]: Boogahadeen (bJ4c7QoLlNcMFFuJioBGdjLTBsBdyGqIZNFZF3YMlt0=) - function list sync
15.03.2025 23:40:55 [ZomBerryAdmin]: Boogahadeen (bJ4c7QoLlNcMFFuJioBGdjLTBsBdyGqIZNFZF3YMlt0=) spawned HDSN_BreachingChargeHeavy at <2258.037109, 5.005568, 2108.382324>
15.03.2025 23:45:32 [ZomBerryDbg]: Boogahadeen (bJ4c7QoLlNcMFFuJioBGdjLTBsBdyGqIZNFZF3YMlt0=) - player list sync
15.03.2025 23:45:32 [ZomBerryDbg]: Boogahadeen (bJ4c7QoLlNcMFFuJioBGdjLTBsBdyGqIZNFZF3YMlt0=) - function list sync
15.03.2025 23:45:47 [ZomBerryAdmin]: Boogahadeen (bJ4c7QoLlNcMFFuJioBGdjLTBsBdyGqIZNFZF3YMlt0=) spawned ImprovisedExplosive at <2388.322021, 5.538858, 2077.926514>
15.03.2025 23:50:28 [ZomBerryDbg]: Boogahadeen (bJ4c7QoLlNcMFFuJioBGdjLTBsBdyGqIZNFZF3YMlt0=) - player list sync
15.03.2025 23:50:28 [ZomBerryDbg]: Boogahadeen (bJ4c7QoLlNcMFFuJioBGdjLTBsBdyGqIZNFZF3YMlt0=) - function list sync
16.03.2025 00:03:08 [ZomBerryDbg]: Boogahadeen (bJ4c7QoLlNcMFFuJioBGdjLTBsBdyGqIZNFZF3YMlt0=) - player list sync
16.03.2025 00:03:08 [ZomBerryDbg]: Boogahadeen (bJ4c7QoLlNcMFFuJioBGdjLTBsBdyGqIZNFZF3YMlt0=) - function list sync
16.03.2025 00:03:13 [ZomBerryAdmin]: Boogahadeen (bJ4c7QoLlNcMFFuJioBGdjLTBsBdyGqIZNFZF3YMlt0=) executed HealTargetPart
16.03.2025 00:03:18 [ZomBerryAdmin]: Boogahadeen (bJ4c7QoLlNcMFFuJioBGdjLTBsBdyGqIZNFZF3YMlt0=) executed GodTarget
16.03.2025 00:03:27 [ZomBerryDbg]: Boogahadeen (bJ4c7QoLlNcMFFuJioBGdjLTBsBdyGqIZNFZF3YMlt0=) - player list sync
16.03.2025 00:03:27 [ZomBerryDbg]: Boogahadeen (bJ4c7QoLlNcMFFuJioBGdjLTBsBdyGqIZNFZF3YMlt0=) - function list sync
16.03.2025 00:03:46 [ZomBerryAdmin]: Boogahadeen (bJ4c7QoLlNcMFFuJioBGdjLTBsBdyGqIZNFZF3YMlt0=) spawned Volkswagen_Golf_RUS_black at <2432.900635, 5.370574, 2065.827881>
16.03.2025 00:03:46 [ZomBerryAdmin]: Boogahadeen (bJ4c7QoLlNcMFFuJioBGdjLTBsBdyGqIZNFZF3YMlt0=) spawned Volkswagen_Golf_RUS_black at <2432.856201, 5.370646, 2065.837891>
16.03.2025 00:03:54 [ZomBerryDbg]: Boogahadeen (bJ4c7QoLlNcMFFuJioBGdjLTBsBdyGqIZNFZF3YMlt0=) - player list sync
16.03.2025 00:03:54 [ZomBerryDbg]: Boogahadeen (bJ4c7QoLlNcMFFuJioBGdjLTBsBdyGqIZNFZF3YMlt0=) - function list sync
16.03.2025 00:04:01 [ZomBerryAdmin]: Boogahadeen (bJ4c7QoLlNcMFFuJioBGdjLTBsBdyGqIZNFZF3YMlt0=) executed DeleteObj
16.03.2025 00:04:01 [ZomBerryAdmin]: Boogahadeen (bJ4c7QoLlNcMFFuJioBGdjLTBsBdyGqIZNFZF3YMlt0=) executed DeleteObj
16.03.2025 00:04:02 [ZomBerryAdmin]: Boogahadeen (bJ4c7QoLlNcMFFuJioBGdjLTBsBdyGqIZNFZF3YMlt0=) executed DeleteObj
16.03.2025 00:04:02 [ZomBerryAdmin]: Boogahadeen (bJ4c7QoLlNcMFFuJioBGdjLTBsBdyGqIZNFZF3YMlt0=) executed DeleteObj
16.03.2025 00:04:02 [ZomBerryAdmin]: Boogahadeen (bJ4c7QoLlNcMFFuJioBGdjLTBsBdyGqIZNFZF3YMlt0=) executed DeleteObj
16.03.2025 00:05:32 [ZomBerryDbg]: Boogahadeen (bJ4c7QoLlNcMFFuJioBGdjLTBsBdyGqIZNFZF3YMlt0=) - player list sync
16.03.2025 00:05:32 [ZomBerryDbg]: Boogahadeen (bJ4c7QoLlNcMFFuJioBGdjLTBsBdyGqIZNFZF3YMlt0=) - function list sync
16.03.2025 00:05:48 [ZomBerryDbg]: Boogahadeen (bJ4c7QoLlNcMFFuJioBGdjLTBsBdyGqIZNFZF3YMlt0=) - player list sync
16.03.2025 00:05:48 [ZomBerryDbg]: Boogahadeen (bJ4c7QoLlNcMFFuJioBGdjLTBsBdyGqIZNFZF3YMlt0=) - function list sync
16.03.2025 00:06:15 [ZomBerryAdmin]: Boogahadeen (bJ4c7QoLlNcMFFuJioBGdjLTBsBdyGqIZNFZF3YMlt0=) spawned DP_CocaBrick at <2424.446289, 5.430231, 2068.787598>
16.03.2025 00:06:15 [ZomBerryAdmin]: Boogahadeen (bJ4c7QoLlNcMFFuJioBGdjLTBsBdyGqIZNFZF3YMlt0=) spawned DP_CocaBrick at <2424.482422, 5.445827, 2068.754639>
16.03.2025 00:06:15 [ZomBerryAdmin]: Boogahadeen (bJ4c7QoLlNcMFFuJioBGdjLTBsBdyGqIZNFZF3YMlt0=) spawned DP_CocaBrick at <2424.529785, 5.466467, 2068.710205>
16.03.2025 00:06:16 [ZomBerryAdmin]: Boogahadeen (bJ4c7QoLlNcMFFuJioBGdjLTBsBdyGqIZNFZF3YMlt0=) spawned DP_CocaBrick at <2424.612793, 5.503394, 2068.628418>
16.03.2025 00:06:16 [ZomBerryAdmin]: Boogahadeen (bJ4c7QoLlNcMFFuJioBGdjLTBsBdyGqIZNFZF3YMlt0=) spawned DP_CocaBrick at <2424.665039, 5.526838, 2068.577393>
16.03.2025 00:06:35 [ZomBerryDbg]: Boogahadeen (bJ4c7QoLlNcMFFuJioBGdjLTBsBdyGqIZNFZF3YMlt0=) - player list sync
16.03.2025 00:06:35 [ZomBerryDbg]: Boogahadeen (bJ4c7QoLlNcMFFuJioBGdjLTBsBdyGqIZNFZF3YMlt0=) - function list sync
16.03.2025 00:06:47 [ZomBerryAdmin]: Boogahadeen (bJ4c7QoLlNcMFFuJioBGdjLTBsBdyGqIZNFZF3YMlt0=) spawned MMG_carrier_backpack_dark_woodland at <2423.288818, 5.438756, 2068.505859>
16.03.2025 00:07:27 [ZomBerryDbg]: Boogahadeen (bJ4c7QoLlNcMFFuJioBGdjLTBsBdyGqIZNFZF3YMlt0=) - player list sync
16.03.2025 00:07:27 [ZomBerryDbg]: Boogahadeen (bJ4c7QoLlNcMFFuJioBGdjLTBsBdyGqIZNFZF3YMlt0=) - function list sync
16.03.2025 00:07:37 [ZomBerryAdmin]: Boogahadeen (bJ4c7QoLlNcMFFuJioBGdjLTBsBdyGqIZNFZF3YMlt0=) spawned MMG_combatpants_admin at <2423.917725, 5.551595, 2068.280518>
16.03.2025 00:07:38 [ZomBerryAdmin]: Boogahadeen (bJ4c7QoLlNcMFFuJioBGdjLTBsBdyGqIZNFZF3YMlt0=) spawned MMG_balaclava_admin at <2424.016357, 5.697535, 2068.232910>
16.03.2025 00:07:41 [ZomBerryAdmin]: Boogahadeen (bJ4c7QoLlNcMFFuJioBGdjLTBsBdyGqIZNFZF3YMlt0=) spawned MMG_tt_vest_admin at <2423.987793, 5.697535, 2068.317139>
16.03.2025 00:07:41 [ZomBerryAdmin]: Boogahadeen (bJ4c7QoLlNcMFFuJioBGdjLTBsBdyGqIZNFZF3YMlt0=) spawned MMG_combatpants_admin at <2424.226074, 6.129488, 2068.235107>
16.03.2025 00:07:52 [ZomBerryDbg]: Boogahadeen (bJ4c7QoLlNcMFFuJioBGdjLTBsBdyGqIZNFZF3YMlt0=) - player list sync
16.03.2025 00:07:52 [ZomBerryDbg]: Boogahadeen (bJ4c7QoLlNcMFFuJioBGdjLTBsBdyGqIZNFZF3YMlt0=) - function list sync
16.03.2025 00:08:01 [ZomBerryAdmin]: Boogahadeen (bJ4c7QoLlNcMFFuJioBGdjLTBsBdyGqIZNFZF3YMlt0=) spawned MMG_combatshirt_admin at <2423.865723, 5.657980, 2068.367676>
16.03.2025 00:08:19 [ZomBerryDbg]: Boogahadeen (bJ4c7QoLlNcMFFuJioBGdjLTBsBdyGqIZNFZF3YMlt0=) - player list sync
16.03.2025 00:08:19 [ZomBerryDbg]: Boogahadeen (bJ4c7QoLlNcMFFuJioBGdjLTBsBdyGqIZNFZF3YMlt0=) - function list sync
16.03.2025 00:08:28 [ZomBerryAdmin]: Boogahadeen (bJ4c7QoLlNcMFFuJioBGdjLTBsBdyGqIZNFZF3YMlt0=) teleported to position <517.345520, 425.171722, 10660.679688>
16.03.2025 00:08:29 [ZomBerryAdmin]: Boogahadeen (bJ4c7QoLlNcMFFuJioBGdjLTBsBdyGqIZNFZF3YMlt0=) teleported to position <517.345520, 425.191833, 10660.940430>
16.03.2025 00:08:29 [ZomBerryAdmin]: Boogahadeen (bJ4c7QoLlNcMFFuJioBGdjLTBsBdyGqIZNFZF3YMlt0=) teleported to position <1112.959839, 289.622498, 10370.242188>
16.03.2025 00:08:41 [ZomBerryDbg]: Boogahadeen (bJ4c7QoLlNcMFFuJioBGdjLTBsBdyGqIZNFZF3YMlt0=) - player list sync
16.03.2025 00:08:41 [ZomBerryDbg]: Boogahadeen (bJ4c7QoLlNcMFFuJioBGdjLTBsBdyGqIZNFZF3YMlt0=) - function list sync
16.03.2025 00:08:45 [ZomBerryAdmin]: Boogahadeen (bJ4c7QoLlNcMFFuJioBGdjLTBsBdyGqIZNFZF3YMlt0=) teleported to position <499.815216, 426.190552, 10661.572266>
16.03.2025 00:09:22 [ZomBerryDbg]: Boogahadeen (bJ4c7QoLlNcMFFuJioBGdjLTBsBdyGqIZNFZF3YMlt0=) - player list sync
16.03.2025 00:09:22 [ZomBerryDbg]: Boogahadeen (bJ4c7QoLlNcMFFuJioBGdjLTBsBdyGqIZNFZF3YMlt0=) - function list sync
16.03.2025 00:09:30 [ZomBerryDbg]: Boogahadeen (bJ4c7QoLlNcMFFuJioBGdjLTBsBdyGqIZNFZF3YMlt0=) - player list sync
16.03.2025 00:09:30 [ZomBerryDbg]: Boogahadeen (bJ4c7QoLlNcMFFuJioBGdjLTBsBdyGqIZNFZF3YMlt0=) - function list sync
16.03.2025 00:09:41 [ZomBerryAdmin]: Boogahadeen (bJ4c7QoLlNcMFFuJioBGdjLTBsBdyGqIZNFZF3YMlt0=) teleported to position <3696.094727, 402.000000, 6007.986328>
16.03.2025 00:09:55 [ZomBerryDbg]: Boogahadeen (bJ4c7QoLlNcMFFuJioBGdjLTBsBdyGqIZNFZF3YMlt0=) - player list sync
16.03.2025 00:09:55 [ZomBerryDbg]: Boogahadeen (bJ4c7QoLlNcMFFuJioBGdjLTBsBdyGqIZNFZF3YMlt0=) - function list sync
16.03.2025 00:10:08 [ZomBerryAdmin]: Boogahadeen (bJ4c7QoLlNcMFFuJioBGdjLTBsBdyGqIZNFZF3YMlt0=) teleported to position <502.568604, 428.033905, 10679.083984>
16.03.2025 00:12:25 [ZomBerryDbg]: Boogahadeen (bJ4c7QoLlNcMFFuJioBGdjLTBsBdyGqIZNFZF3YMlt0=) - player list sync
16.03.2025 00:12:25 [ZomBerryDbg]: Boogahadeen (bJ4c7QoLlNcMFFuJioBGdjLTBsBdyGqIZNFZF3YMlt0=) - function list sync
16.03.2025 00:12:27 [ZomBerryAdmin]: Boogahadeen (bJ4c7QoLlNcMFFuJioBGdjLTBsBdyGqIZNFZF3YMlt0=) executed TimeDay
16.03.2025 00:12:33 [ZomBerryAdmin]: Boogahadeen (bJ4c7QoLlNcMFFuJioBGdjLTBsBdyGqIZNFZF3YMlt0=) executed TimeDay
