---------------------------------------------
Log C:\Program Files (x86)\Steam\steamapps\common\DayZServer\config\crash_2025-09-12_15-09-07.log started at 12.09. 15:10:04



------------------------------------
BOOGAHADEEN, 12.09 2025 15:10:04
[::GetParticleID] :: [WARNING] :: No particle registered with path: graphics/particles/
Function: 'GetParticleID'
Stack trace:
scripts/3_Game/particles\particlelist.c:499 Function GetParticleID
scripts/4_World/classes\contaminatedarea\contaminatedarealoader.c:80 Function CreateZones
scripts/5_Mission/mission\missionserver.c:92 Function OnMissionStart
DabsFramework/scripts/5_Mission/dabsframework\mission\missionserver.c:7 Function OnMissionStart
EditorLoader/scripts/5_Mission/editorloader\mission\missionserver.c:64 Function OnMissionStart
JM/CF/Scripts/5_Mission/communityframework\mission\missionserver.c:34 Function OnMissionStart
VPPAdminTools/5_Mission/vppadmintools\missionserver.c:12 Function OnMissionStart
DNA_Keycards_Scripts/Scripts/5_Mission/dna_keycards\missionserver.c:23 Function OnMissionStart
DayZExpansion/Core/Scripts/5_Mission/dayzexpansion_core\mission\missionserver.c:53 Function OnMissionStart
DayZExpansion/AI/Scripts/5_Mission/dayzexpansion_ai\mission\missionserver.c:79 Function OnMissionStart

Runtime mode
CLI params: config serverDZ.cfg port 2302 profiles config mod @DayZ-Expansion-Licensed;@DayZ-Expansion-Bundle;@Dabs Framework;@DayZ Editor Loader;@VPPAdminTools;@CF;@SNAFU Weapons;@BaseBuildingPlus;@Dread jordan shoes;@WindstridesClothingPack;@MMG - Mightys Military Gear;@MMG Base Storage NoCodeLock;@BuilderItems;@DayZ-Expansion-Animations;@CJ187-PokemonCards;@MegaFoodPack;@DNA Keycards;@Yuretskiy Creatures;@[LEGACY] AJs Creatures;@BaseBuildingItemStackandRepair;@BulletStacksPlusPlusEnhanced;@AdditionalMedicSupplies;@Cl0ud's Military Gear;@AmmunitionExpansion;@EDO_WEAPONS;@Alevaric's Clothing Overhaul;@DrugsPLUS;@CannabisPlus;@RUSForma_vehicles;@Flag_Pack;@Breachingcharge;@BBP_Vanilla_Dmg;@CodeLock to ExpansionCodeLock Bridge;@Dogtags;@DayZ-Dog;@CJ187-ImmersiveNVG cpuCount 2 dologs  adminlog  netlog  freezecheck  


------------------------------------
BOOGAHADEEN, 12.09 2025 15:10:04
[::GetParticleID] :: [WARNING] :: No particle registered with path: graphics/particles/
Function: 'GetParticleID'
Stack trace:
scripts/3_Game/particles\particlelist.c:499 Function GetParticleID
scripts/4_World/classes\contaminatedarea\contaminatedarealoader.c:80 Function CreateZones
scripts/5_Mission/mission\missionserver.c:92 Function OnMissionStart
DabsFramework/scripts/5_Mission/dabsframework\mission\missionserver.c:7 Function OnMissionStart
EditorLoader/scripts/5_Mission/editorloader\mission\missionserver.c:64 Function OnMissionStart
JM/CF/Scripts/5_Mission/communityframework\mission\missionserver.c:34 Function OnMissionStart
VPPAdminTools/5_Mission/vppadmintools\missionserver.c:12 Function OnMissionStart
DNA_Keycards_Scripts/Scripts/5_Mission/dna_keycards\missionserver.c:23 Function OnMissionStart
DayZExpansion/Core/Scripts/5_Mission/dayzexpansion_core\mission\missionserver.c:53 Function OnMissionStart
DayZExpansion/AI/Scripts/5_Mission/dayzexpansion_ai\mission\missionserver.c:79 Function OnMissionStart

Runtime mode
CLI params: config serverDZ.cfg port 2302 profiles config mod @DayZ-Expansion-Licensed;@DayZ-Expansion-Bundle;@Dabs Framework;@DayZ Editor Loader;@VPPAdminTools;@CF;@SNAFU Weapons;@BaseBuildingPlus;@Dread jordan shoes;@WindstridesClothingPack;@MMG - Mightys Military Gear;@MMG Base Storage NoCodeLock;@BuilderItems;@DayZ-Expansion-Animations;@CJ187-PokemonCards;@MegaFoodPack;@DNA Keycards;@Yuretskiy Creatures;@[LEGACY] AJs Creatures;@BaseBuildingItemStackandRepair;@BulletStacksPlusPlusEnhanced;@AdditionalMedicSupplies;@Cl0ud's Military Gear;@AmmunitionExpansion;@EDO_WEAPONS;@Alevaric's Clothing Overhaul;@DrugsPLUS;@CannabisPlus;@RUSForma_vehicles;@Flag_Pack;@Breachingcharge;@BBP_Vanilla_Dmg;@CodeLock to ExpansionCodeLock Bridge;@Dogtags;@DayZ-Dog;@CJ187-ImmersiveNVG cpuCount 2 dologs  adminlog  netlog  freezecheck  


------------------------------------
BOOGAHADEEN, 12.09 2025 15:10:04
[::GetParticleID] :: [WARNING] :: No particle registered with path: graphics/particles/
Function: 'GetParticleID'
Stack trace:
scripts/3_Game/particles\particlelist.c:499 Function GetParticleID
scripts/4_World/classes\contaminatedarea\contaminatedarealoader.c:80 Function CreateZones
scripts/5_Mission/mission\missionserver.c:92 Function OnMissionStart
DabsFramework/scripts/5_Mission/dabsframework\mission\missionserver.c:7 Function OnMissionStart
EditorLoader/scripts/5_Mission/editorloader\mission\missionserver.c:64 Function OnMissionStart
JM/CF/Scripts/5_Mission/communityframework\mission\missionserver.c:34 Function OnMissionStart
VPPAdminTools/5_Mission/vppadmintools\missionserver.c:12 Function OnMissionStart
DNA_Keycards_Scripts/Scripts/5_Mission/dna_keycards\missionserver.c:23 Function OnMissionStart
DayZExpansion/Core/Scripts/5_Mission/dayzexpansion_core\mission\missionserver.c:53 Function OnMissionStart
DayZExpansion/AI/Scripts/5_Mission/dayzexpansion_ai\mission\missionserver.c:79 Function OnMissionStart

Runtime mode
CLI params: config serverDZ.cfg port 2302 profiles config mod @DayZ-Expansion-Licensed;@DayZ-Expansion-Bundle;@Dabs Framework;@DayZ Editor Loader;@VPPAdminTools;@CF;@SNAFU Weapons;@BaseBuildingPlus;@Dread jordan shoes;@WindstridesClothingPack;@MMG - Mightys Military Gear;@MMG Base Storage NoCodeLock;@BuilderItems;@DayZ-Expansion-Animations;@CJ187-PokemonCards;@MegaFoodPack;@DNA Keycards;@Yuretskiy Creatures;@[LEGACY] AJs Creatures;@BaseBuildingItemStackandRepair;@BulletStacksPlusPlusEnhanced;@AdditionalMedicSupplies;@Cl0ud's Military Gear;@AmmunitionExpansion;@EDO_WEAPONS;@Alevaric's Clothing Overhaul;@DrugsPLUS;@CannabisPlus;@RUSForma_vehicles;@Flag_Pack;@Breachingcharge;@BBP_Vanilla_Dmg;@CodeLock to ExpansionCodeLock Bridge;@Dogtags;@DayZ-Dog;@CJ187-ImmersiveNVG cpuCount 2 dologs  adminlog  netlog  freezecheck  


------------------------------------
BOOGAHADEEN, 12.09 2025 15:10:04
[::GetParticleID] :: [WARNING] :: No particle registered with path: graphics/particles/
Function: 'GetParticleID'
Stack trace:
scripts/3_Game/particles\particlelist.c:499 Function GetParticleID
scripts/4_World/classes\contaminatedarea\contaminatedarealoader.c:80 Function CreateZones
scripts/5_Mission/mission\missionserver.c:92 Function OnMissionStart
DabsFramework/scripts/5_Mission/dabsframework\mission\missionserver.c:7 Function OnMissionStart
EditorLoader/scripts/5_Mission/editorloader\mission\missionserver.c:64 Function OnMissionStart
JM/CF/Scripts/5_Mission/communityframework\mission\missionserver.c:34 Function OnMissionStart
VPPAdminTools/5_Mission/vppadmintools\missionserver.c:12 Function OnMissionStart
DNA_Keycards_Scripts/Scripts/5_Mission/dna_keycards\missionserver.c:23 Function OnMissionStart
DayZExpansion/Core/Scripts/5_Mission/dayzexpansion_core\mission\missionserver.c:53 Function OnMissionStart
DayZExpansion/AI/Scripts/5_Mission/dayzexpansion_ai\mission\missionserver.c:79 Function OnMissionStart

Runtime mode
CLI params: config serverDZ.cfg port 2302 profiles config mod @DayZ-Expansion-Licensed;@DayZ-Expansion-Bundle;@Dabs Framework;@DayZ Editor Loader;@VPPAdminTools;@CF;@SNAFU Weapons;@BaseBuildingPlus;@Dread jordan shoes;@WindstridesClothingPack;@MMG - Mightys Military Gear;@MMG Base Storage NoCodeLock;@BuilderItems;@DayZ-Expansion-Animations;@CJ187-PokemonCards;@MegaFoodPack;@DNA Keycards;@Yuretskiy Creatures;@[LEGACY] AJs Creatures;@BaseBuildingItemStackandRepair;@BulletStacksPlusPlusEnhanced;@AdditionalMedicSupplies;@Cl0ud's Military Gear;@AmmunitionExpansion;@EDO_WEAPONS;@Alevaric's Clothing Overhaul;@DrugsPLUS;@CannabisPlus;@RUSForma_vehicles;@Flag_Pack;@Breachingcharge;@BBP_Vanilla_Dmg;@CodeLock to ExpansionCodeLock Bridge;@Dogtags;@DayZ-Dog;@CJ187-ImmersiveNVG cpuCount 2 dologs  adminlog  netlog  freezecheck  


------------------------------------
BOOGAHADEEN, 12.09 2025 15:10:04
[::GetParticleID] :: [WARNING] :: No particle registered with path: graphics/particles/
Function: 'GetParticleID'
Stack trace:
scripts/3_Game/particles\particlelist.c:499 Function GetParticleID
scripts/4_World/classes\contaminatedarea\contaminatedarealoader.c:80 Function CreateZones
scripts/5_Mission/mission\missionserver.c:92 Function OnMissionStart
DabsFramework/scripts/5_Mission/dabsframework\mission\missionserver.c:7 Function OnMissionStart
EditorLoader/scripts/5_Mission/editorloader\mission\missionserver.c:64 Function OnMissionStart
JM/CF/Scripts/5_Mission/communityframework\mission\missionserver.c:34 Function OnMissionStart
VPPAdminTools/5_Mission/vppadmintools\missionserver.c:12 Function OnMissionStart
DNA_Keycards_Scripts/Scripts/5_Mission/dna_keycards\missionserver.c:23 Function OnMissionStart
DayZExpansion/Core/Scripts/5_Mission/dayzexpansion_core\mission\missionserver.c:53 Function OnMissionStart
DayZExpansion/AI/Scripts/5_Mission/dayzexpansion_ai\mission\missionserver.c:79 Function OnMissionStart

Runtime mode
CLI params: config serverDZ.cfg port 2302 profiles config mod @DayZ-Expansion-Licensed;@DayZ-Expansion-Bundle;@Dabs Framework;@DayZ Editor Loader;@VPPAdminTools;@CF;@SNAFU Weapons;@BaseBuildingPlus;@Dread jordan shoes;@WindstridesClothingPack;@MMG - Mightys Military Gear;@MMG Base Storage NoCodeLock;@BuilderItems;@DayZ-Expansion-Animations;@CJ187-PokemonCards;@MegaFoodPack;@DNA Keycards;@Yuretskiy Creatures;@[LEGACY] AJs Creatures;@BaseBuildingItemStackandRepair;@BulletStacksPlusPlusEnhanced;@AdditionalMedicSupplies;@Cl0ud's Military Gear;@AmmunitionExpansion;@EDO_WEAPONS;@Alevaric's Clothing Overhaul;@DrugsPLUS;@CannabisPlus;@RUSForma_vehicles;@Flag_Pack;@Breachingcharge;@BBP_Vanilla_Dmg;@CodeLock to ExpansionCodeLock Bridge;@Dogtags;@DayZ-Dog;@CJ187-ImmersiveNVG cpuCount 2 dologs  adminlog  netlog  freezecheck  


------------------------------------
BOOGAHADEEN, 12.09 2025 15:10:04
[::GetParticleID] :: [WARNING] :: No particle registered with path: graphics/particles/
Function: 'GetParticleID'
Stack trace:
scripts/3_Game/particles\particlelist.c:499 Function GetParticleID
scripts/4_World/classes\contaminatedarea\contaminatedarealoader.c:80 Function CreateZones
scripts/5_Mission/mission\missionserver.c:92 Function OnMissionStart
DabsFramework/scripts/5_Mission/dabsframework\mission\missionserver.c:7 Function OnMissionStart
EditorLoader/scripts/5_Mission/editorloader\mission\missionserver.c:64 Function OnMissionStart
JM/CF/Scripts/5_Mission/communityframework\mission\missionserver.c:34 Function OnMissionStart
VPPAdminTools/5_Mission/vppadmintools\missionserver.c:12 Function OnMissionStart
DNA_Keycards_Scripts/Scripts/5_Mission/dna_keycards\missionserver.c:23 Function OnMissionStart
DayZExpansion/Core/Scripts/5_Mission/dayzexpansion_core\mission\missionserver.c:53 Function OnMissionStart
DayZExpansion/AI/Scripts/5_Mission/dayzexpansion_ai\mission\missionserver.c:79 Function OnMissionStart

Runtime mode
CLI params: config serverDZ.cfg port 2302 profiles config mod @DayZ-Expansion-Licensed;@DayZ-Expansion-Bundle;@Dabs Framework;@DayZ Editor Loader;@VPPAdminTools;@CF;@SNAFU Weapons;@BaseBuildingPlus;@Dread jordan shoes;@WindstridesClothingPack;@MMG - Mightys Military Gear;@MMG Base Storage NoCodeLock;@BuilderItems;@DayZ-Expansion-Animations;@CJ187-PokemonCards;@MegaFoodPack;@DNA Keycards;@Yuretskiy Creatures;@[LEGACY] AJs Creatures;@BaseBuildingItemStackandRepair;@BulletStacksPlusPlusEnhanced;@AdditionalMedicSupplies;@Cl0ud's Military Gear;@AmmunitionExpansion;@EDO_WEAPONS;@Alevaric's Clothing Overhaul;@DrugsPLUS;@CannabisPlus;@RUSForma_vehicles;@Flag_Pack;@Breachingcharge;@BBP_Vanilla_Dmg;@CodeLock to ExpansionCodeLock Bridge;@Dogtags;@DayZ-Dog;@CJ187-ImmersiveNVG cpuCount 2 dologs  adminlog  netlog  freezecheck  


------------------------------------
BOOGAHADEEN, 12.09 2025 15:10:04
[::GetParticleID] :: [WARNING] :: No particle registered with path: graphics/particles/
Function: 'GetParticleID'
Stack trace:
scripts/3_Game/particles\particlelist.c:499 Function GetParticleID
scripts/4_World/classes\contaminatedarea\contaminatedarealoader.c:80 Function CreateZones
scripts/5_Mission/mission\missionserver.c:92 Function OnMissionStart
DabsFramework/scripts/5_Mission/dabsframework\mission\missionserver.c:7 Function OnMissionStart
EditorLoader/scripts/5_Mission/editorloader\mission\missionserver.c:64 Function OnMissionStart
JM/CF/Scripts/5_Mission/communityframework\mission\missionserver.c:34 Function OnMissionStart
VPPAdminTools/5_Mission/vppadmintools\missionserver.c:12 Function OnMissionStart
DNA_Keycards_Scripts/Scripts/5_Mission/dna_keycards\missionserver.c:23 Function OnMissionStart
DayZExpansion/Core/Scripts/5_Mission/dayzexpansion_core\mission\missionserver.c:53 Function OnMissionStart
DayZExpansion/AI/Scripts/5_Mission/dayzexpansion_ai\mission\missionserver.c:79 Function OnMissionStart

Runtime mode
CLI params: config serverDZ.cfg port 2302 profiles config mod @DayZ-Expansion-Licensed;@DayZ-Expansion-Bundle;@Dabs Framework;@DayZ Editor Loader;@VPPAdminTools;@CF;@SNAFU Weapons;@BaseBuildingPlus;@Dread jordan shoes;@WindstridesClothingPack;@MMG - Mightys Military Gear;@MMG Base Storage NoCodeLock;@BuilderItems;@DayZ-Expansion-Animations;@CJ187-PokemonCards;@MegaFoodPack;@DNA Keycards;@Yuretskiy Creatures;@[LEGACY] AJs Creatures;@BaseBuildingItemStackandRepair;@BulletStacksPlusPlusEnhanced;@AdditionalMedicSupplies;@Cl0ud's Military Gear;@AmmunitionExpansion;@EDO_WEAPONS;@Alevaric's Clothing Overhaul;@DrugsPLUS;@CannabisPlus;@RUSForma_vehicles;@Flag_Pack;@Breachingcharge;@BBP_Vanilla_Dmg;@CodeLock to ExpansionCodeLock Bridge;@Dogtags;@DayZ-Dog;@CJ187-ImmersiveNVG cpuCount 2 dologs  adminlog  netlog  freezecheck  


------------------------------------
BOOGAHADEEN, 12.09 2025 17:21:10
Unhandled exception

Program: C:\Program Files (x86)\Steam\steamapps\common\DayZServer\DayZServer_x64.exe
Reason: Access violation. Illegal read by 0x7ff7e0d9017e at 0x26ed7e5de78

SymGetSymFromAddr:487, addr:0x7ff7e0d9017e
SymGetSymFromAddr:487, addr:0x7ff7e0d90324
SymGetSymFromAddr:487, addr:0x7ff7e0d8671b
SymGetSymFromAddr:487, addr:0x7ff7e0d2d864
SymGetSymFromAddr:487, addr:0x7ff7e0c6f128
SymGetSymFromAddr:487, addr:0x7ff7e0c05d7d
SymGetSymFromAddr:487, addr:0x7ff7e0c07959
[CDPCreateServer]: ??? addr:0x7ff7e1436890
[CDPCreateServer]: ??? addr:0x7ff7e1437b87
SymGetSymFromAddr:487, addr:0x7ff7e0e8b77b
[CDPCreateServer]: ??? addr:0x7ff7e1439ea8
SymGetSymFromAddr:487, addr:0x7ff7e0e8b6cf
[CDPCreateServer]: ??? addr:0x7ff7e143a7cd
SymGetSymFromAddr:487, addr:0x7ff7e0fb6d4e
[CDPCreateServer]: ??? addr:0x7ff7e15990ce
[BaseThreadInitThunk]: ??? addr:0x7ffc56e7e8d7
[RtlUserThreadStart]: ??? addr:0x7ffc57b48d9c
[RtlUserThreadStart]: ??? addr:0x7ffc57b48d9c



Runtime mode
CLI params: config serverDZ.cfg port 2302 profiles config mod @DayZ-Expansion-Licensed;@DayZ-Expansion-Bundle;@Dabs Framework;@DayZ Editor Loader;@VPPAdminTools;@CF;@SNAFU Weapons;@BaseBuildingPlus;@Dread jordan shoes;@WindstridesClothingPack;@MMG - Mightys Military Gear;@MMG Base Storage NoCodeLock;@BuilderItems;@DayZ-Expansion-Animations;@CJ187-PokemonCards;@MegaFoodPack;@DNA Keycards;@Yuretskiy Creatures;@[LEGACY] AJs Creatures;@BaseBuildingItemStackandRepair;@BulletStacksPlusPlusEnhanced;@AdditionalMedicSupplies;@Cl0ud's Military Gear;@AmmunitionExpansion;@EDO_WEAPONS;@Alevaric's Clothing Overhaul;@DrugsPLUS;@CannabisPlus;@RUSForma_vehicles;@Flag_Pack;@Breachingcharge;@BBP_Vanilla_Dmg;@CodeLock to ExpansionCodeLock Bridge;@Dogtags;@DayZ-Dog;@CJ187-ImmersiveNVG cpuCount 2 dologs  adminlog  netlog  freezecheck  
