---------------------------------------------
Log C:\Program Files (x86)\Steam\steamapps\common\DayZServer\config\crash_2025-09-13_15-28-11.log started at 13.09. 15:29:07



------------------------------------
BOOGAHADEEN, 13.09 2025 15:29:07
[::GetParticleID] :: [WARNING] :: No particle registered with path: graphics/particles/
Function: 'GetParticleID'
Stack trace:
scripts/3_Game/particles\particlelist.c:499 Function GetParticleID
scripts/4_World/classes\contaminatedarea\contaminatedarealoader.c:80 Function CreateZones
scripts/5_Mission/mission\missionserver.c:92 Function OnMissionStart
DabsFramework/scripts/5_Mission/dabsframework\mission\missionserver.c:7 Function OnMissionStart
EditorLoader/scripts/5_Mission/editorloader\mission\missionserver.c:64 Function OnMissionStart
JM/CF/Scripts/5_Mission/communityframework\mission\missionserver.c:34 Function OnMissionStart
VPPAdminTools/5_Mission/vppadmintools\missionserver.c:12 Function OnMissionStart
DNA_Keycards_Scripts/Scripts/5_Mission/dna_keycards\missionserver.c:23 Function OnMissionStart
DayZExpansion/Core/Scripts/5_Mission/dayzexpansion_core\mission\missionserver.c:53 Function OnMissionStart
DayZExpansion/AI/Scripts/5_Mission/dayzexpansion_ai\mission\missionserver.c:79 Function OnMissionStart

Runtime mode
CLI params: config serverDZ.cfg port 2302 profiles config mod @DayZ-Expansion-Licensed;@DayZ-Expansion-Bundle;@Dabs Framework;@DayZ Editor Loader;@VPPAdminTools;@CF;@SNAFU Weapons;@BaseBuildingPlus;@Dread jordan shoes;@WindstridesClothingPack;@MMG - Mightys Military Gear;@MMG Base Storage NoCodeLock;@BuilderItems;@DayZ-Expansion-Animations;@CJ187-PokemonCards;@MegaFoodPack;@DNA Keycards;@Yuretskiy Creatures;@[LEGACY] AJs Creatures;@BaseBuildingItemStackandRepair;@BulletStacksPlusPlusEnhanced;@AdditionalMedicSupplies;@Cl0ud's Military Gear;@AmmunitionExpansion;@EDO_WEAPONS;@Alevaric's Clothing Overhaul;@DrugsPLUS;@CannabisPlus;@RUSForma_vehicles;@Flag_Pack;@Breachingcharge;@BBP_Vanilla_Dmg;@CodeLock to ExpansionCodeLock Bridge;@Dogtags;@DayZ-Dog;@CJ187-ImmersiveNVG cpuCount 2 dologs  adminlog  netlog  freezecheck  


------------------------------------
BOOGAHADEEN, 13.09 2025 15:29:07
[::GetParticleID] :: [WARNING] :: No particle registered with path: graphics/particles/
Function: 'GetParticleID'
Stack trace:
scripts/3_Game/particles\particlelist.c:499 Function GetParticleID
scripts/4_World/classes\contaminatedarea\contaminatedarealoader.c:80 Function CreateZones
scripts/5_Mission/mission\missionserver.c:92 Function OnMissionStart
DabsFramework/scripts/5_Mission/dabsframework\mission\missionserver.c:7 Function OnMissionStart
EditorLoader/scripts/5_Mission/editorloader\mission\missionserver.c:64 Function OnMissionStart
JM/CF/Scripts/5_Mission/communityframework\mission\missionserver.c:34 Function OnMissionStart
VPPAdminTools/5_Mission/vppadmintools\missionserver.c:12 Function OnMissionStart
DNA_Keycards_Scripts/Scripts/5_Mission/dna_keycards\missionserver.c:23 Function OnMissionStart
DayZExpansion/Core/Scripts/5_Mission/dayzexpansion_core\mission\missionserver.c:53 Function OnMissionStart
DayZExpansion/AI/Scripts/5_Mission/dayzexpansion_ai\mission\missionserver.c:79 Function OnMissionStart

Runtime mode
CLI params: config serverDZ.cfg port 2302 profiles config mod @DayZ-Expansion-Licensed;@DayZ-Expansion-Bundle;@Dabs Framework;@DayZ Editor Loader;@VPPAdminTools;@CF;@SNAFU Weapons;@BaseBuildingPlus;@Dread jordan shoes;@WindstridesClothingPack;@MMG - Mightys Military Gear;@MMG Base Storage NoCodeLock;@BuilderItems;@DayZ-Expansion-Animations;@CJ187-PokemonCards;@MegaFoodPack;@DNA Keycards;@Yuretskiy Creatures;@[LEGACY] AJs Creatures;@BaseBuildingItemStackandRepair;@BulletStacksPlusPlusEnhanced;@AdditionalMedicSupplies;@Cl0ud's Military Gear;@AmmunitionExpansion;@EDO_WEAPONS;@Alevaric's Clothing Overhaul;@DrugsPLUS;@CannabisPlus;@RUSForma_vehicles;@Flag_Pack;@Breachingcharge;@BBP_Vanilla_Dmg;@CodeLock to ExpansionCodeLock Bridge;@Dogtags;@DayZ-Dog;@CJ187-ImmersiveNVG cpuCount 2 dologs  adminlog  netlog  freezecheck  


------------------------------------
BOOGAHADEEN, 13.09 2025 15:29:07
[::GetParticleID] :: [WARNING] :: No particle registered with path: graphics/particles/
Function: 'GetParticleID'
Stack trace:
scripts/3_Game/particles\particlelist.c:499 Function GetParticleID
scripts/4_World/classes\contaminatedarea\contaminatedarealoader.c:80 Function CreateZones
scripts/5_Mission/mission\missionserver.c:92 Function OnMissionStart
DabsFramework/scripts/5_Mission/dabsframework\mission\missionserver.c:7 Function OnMissionStart
EditorLoader/scripts/5_Mission/editorloader\mission\missionserver.c:64 Function OnMissionStart
JM/CF/Scripts/5_Mission/communityframework\mission\missionserver.c:34 Function OnMissionStart
VPPAdminTools/5_Mission/vppadmintools\missionserver.c:12 Function OnMissionStart
DNA_Keycards_Scripts/Scripts/5_Mission/dna_keycards\missionserver.c:23 Function OnMissionStart
DayZExpansion/Core/Scripts/5_Mission/dayzexpansion_core\mission\missionserver.c:53 Function OnMissionStart
DayZExpansion/AI/Scripts/5_Mission/dayzexpansion_ai\mission\missionserver.c:79 Function OnMissionStart

Runtime mode
CLI params: config serverDZ.cfg port 2302 profiles config mod @DayZ-Expansion-Licensed;@DayZ-Expansion-Bundle;@Dabs Framework;@DayZ Editor Loader;@VPPAdminTools;@CF;@SNAFU Weapons;@BaseBuildingPlus;@Dread jordan shoes;@WindstridesClothingPack;@MMG - Mightys Military Gear;@MMG Base Storage NoCodeLock;@BuilderItems;@DayZ-Expansion-Animations;@CJ187-PokemonCards;@MegaFoodPack;@DNA Keycards;@Yuretskiy Creatures;@[LEGACY] AJs Creatures;@BaseBuildingItemStackandRepair;@BulletStacksPlusPlusEnhanced;@AdditionalMedicSupplies;@Cl0ud's Military Gear;@AmmunitionExpansion;@EDO_WEAPONS;@Alevaric's Clothing Overhaul;@DrugsPLUS;@CannabisPlus;@RUSForma_vehicles;@Flag_Pack;@Breachingcharge;@BBP_Vanilla_Dmg;@CodeLock to ExpansionCodeLock Bridge;@Dogtags;@DayZ-Dog;@CJ187-ImmersiveNVG cpuCount 2 dologs  adminlog  netlog  freezecheck  


------------------------------------
BOOGAHADEEN, 13.09 2025 15:29:07
[::GetParticleID] :: [WARNING] :: No particle registered with path: graphics/particles/
Function: 'GetParticleID'
Stack trace:
scripts/3_Game/particles\particlelist.c:499 Function GetParticleID
scripts/4_World/classes\contaminatedarea\contaminatedarealoader.c:80 Function CreateZones
scripts/5_Mission/mission\missionserver.c:92 Function OnMissionStart
DabsFramework/scripts/5_Mission/dabsframework\mission\missionserver.c:7 Function OnMissionStart
EditorLoader/scripts/5_Mission/editorloader\mission\missionserver.c:64 Function OnMissionStart
JM/CF/Scripts/5_Mission/communityframework\mission\missionserver.c:34 Function OnMissionStart
VPPAdminTools/5_Mission/vppadmintools\missionserver.c:12 Function OnMissionStart
DNA_Keycards_Scripts/Scripts/5_Mission/dna_keycards\missionserver.c:23 Function OnMissionStart
DayZExpansion/Core/Scripts/5_Mission/dayzexpansion_core\mission\missionserver.c:53 Function OnMissionStart
DayZExpansion/AI/Scripts/5_Mission/dayzexpansion_ai\mission\missionserver.c:79 Function OnMissionStart

Runtime mode
CLI params: config serverDZ.cfg port 2302 profiles config mod @DayZ-Expansion-Licensed;@DayZ-Expansion-Bundle;@Dabs Framework;@DayZ Editor Loader;@VPPAdminTools;@CF;@SNAFU Weapons;@BaseBuildingPlus;@Dread jordan shoes;@WindstridesClothingPack;@MMG - Mightys Military Gear;@MMG Base Storage NoCodeLock;@BuilderItems;@DayZ-Expansion-Animations;@CJ187-PokemonCards;@MegaFoodPack;@DNA Keycards;@Yuretskiy Creatures;@[LEGACY] AJs Creatures;@BaseBuildingItemStackandRepair;@BulletStacksPlusPlusEnhanced;@AdditionalMedicSupplies;@Cl0ud's Military Gear;@AmmunitionExpansion;@EDO_WEAPONS;@Alevaric's Clothing Overhaul;@DrugsPLUS;@CannabisPlus;@RUSForma_vehicles;@Flag_Pack;@Breachingcharge;@BBP_Vanilla_Dmg;@CodeLock to ExpansionCodeLock Bridge;@Dogtags;@DayZ-Dog;@CJ187-ImmersiveNVG cpuCount 2 dologs  adminlog  netlog  freezecheck  


------------------------------------
BOOGAHADEEN, 13.09 2025 15:29:07
[::GetParticleID] :: [WARNING] :: No particle registered with path: graphics/particles/
Function: 'GetParticleID'
Stack trace:
scripts/3_Game/particles\particlelist.c:499 Function GetParticleID
scripts/4_World/classes\contaminatedarea\contaminatedarealoader.c:80 Function CreateZones
scripts/5_Mission/mission\missionserver.c:92 Function OnMissionStart
DabsFramework/scripts/5_Mission/dabsframework\mission\missionserver.c:7 Function OnMissionStart
EditorLoader/scripts/5_Mission/editorloader\mission\missionserver.c:64 Function OnMissionStart
JM/CF/Scripts/5_Mission/communityframework\mission\missionserver.c:34 Function OnMissionStart
VPPAdminTools/5_Mission/vppadmintools\missionserver.c:12 Function OnMissionStart
DNA_Keycards_Scripts/Scripts/5_Mission/dna_keycards\missionserver.c:23 Function OnMissionStart
DayZExpansion/Core/Scripts/5_Mission/dayzexpansion_core\mission\missionserver.c:53 Function OnMissionStart
DayZExpansion/AI/Scripts/5_Mission/dayzexpansion_ai\mission\missionserver.c:79 Function OnMissionStart

Runtime mode
CLI params: config serverDZ.cfg port 2302 profiles config mod @DayZ-Expansion-Licensed;@DayZ-Expansion-Bundle;@Dabs Framework;@DayZ Editor Loader;@VPPAdminTools;@CF;@SNAFU Weapons;@BaseBuildingPlus;@Dread jordan shoes;@WindstridesClothingPack;@MMG - Mightys Military Gear;@MMG Base Storage NoCodeLock;@BuilderItems;@DayZ-Expansion-Animations;@CJ187-PokemonCards;@MegaFoodPack;@DNA Keycards;@Yuretskiy Creatures;@[LEGACY] AJs Creatures;@BaseBuildingItemStackandRepair;@BulletStacksPlusPlusEnhanced;@AdditionalMedicSupplies;@Cl0ud's Military Gear;@AmmunitionExpansion;@EDO_WEAPONS;@Alevaric's Clothing Overhaul;@DrugsPLUS;@CannabisPlus;@RUSForma_vehicles;@Flag_Pack;@Breachingcharge;@BBP_Vanilla_Dmg;@CodeLock to ExpansionCodeLock Bridge;@Dogtags;@DayZ-Dog;@CJ187-ImmersiveNVG cpuCount 2 dologs  adminlog  netlog  freezecheck  


------------------------------------
BOOGAHADEEN, 13.09 2025 15:29:07
[::GetParticleID] :: [WARNING] :: No particle registered with path: graphics/particles/
Function: 'GetParticleID'
Stack trace:
scripts/3_Game/particles\particlelist.c:499 Function GetParticleID
scripts/4_World/classes\contaminatedarea\contaminatedarealoader.c:80 Function CreateZones
scripts/5_Mission/mission\missionserver.c:92 Function OnMissionStart
DabsFramework/scripts/5_Mission/dabsframework\mission\missionserver.c:7 Function OnMissionStart
EditorLoader/scripts/5_Mission/editorloader\mission\missionserver.c:64 Function OnMissionStart
JM/CF/Scripts/5_Mission/communityframework\mission\missionserver.c:34 Function OnMissionStart
VPPAdminTools/5_Mission/vppadmintools\missionserver.c:12 Function OnMissionStart
DNA_Keycards_Scripts/Scripts/5_Mission/dna_keycards\missionserver.c:23 Function OnMissionStart
DayZExpansion/Core/Scripts/5_Mission/dayzexpansion_core\mission\missionserver.c:53 Function OnMissionStart
DayZExpansion/AI/Scripts/5_Mission/dayzexpansion_ai\mission\missionserver.c:79 Function OnMissionStart

Runtime mode
CLI params: config serverDZ.cfg port 2302 profiles config mod @DayZ-Expansion-Licensed;@DayZ-Expansion-Bundle;@Dabs Framework;@DayZ Editor Loader;@VPPAdminTools;@CF;@SNAFU Weapons;@BaseBuildingPlus;@Dread jordan shoes;@WindstridesClothingPack;@MMG - Mightys Military Gear;@MMG Base Storage NoCodeLock;@BuilderItems;@DayZ-Expansion-Animations;@CJ187-PokemonCards;@MegaFoodPack;@DNA Keycards;@Yuretskiy Creatures;@[LEGACY] AJs Creatures;@BaseBuildingItemStackandRepair;@BulletStacksPlusPlusEnhanced;@AdditionalMedicSupplies;@Cl0ud's Military Gear;@AmmunitionExpansion;@EDO_WEAPONS;@Alevaric's Clothing Overhaul;@DrugsPLUS;@CannabisPlus;@RUSForma_vehicles;@Flag_Pack;@Breachingcharge;@BBP_Vanilla_Dmg;@CodeLock to ExpansionCodeLock Bridge;@Dogtags;@DayZ-Dog;@CJ187-ImmersiveNVG cpuCount 2 dologs  adminlog  netlog  freezecheck  


------------------------------------
BOOGAHADEEN, 13.09 2025 15:29:07
[::GetParticleID] :: [WARNING] :: No particle registered with path: graphics/particles/
Function: 'GetParticleID'
Stack trace:
scripts/3_Game/particles\particlelist.c:499 Function GetParticleID
scripts/4_World/classes\contaminatedarea\contaminatedarealoader.c:80 Function CreateZones
scripts/5_Mission/mission\missionserver.c:92 Function OnMissionStart
DabsFramework/scripts/5_Mission/dabsframework\mission\missionserver.c:7 Function OnMissionStart
EditorLoader/scripts/5_Mission/editorloader\mission\missionserver.c:64 Function OnMissionStart
JM/CF/Scripts/5_Mission/communityframework\mission\missionserver.c:34 Function OnMissionStart
VPPAdminTools/5_Mission/vppadmintools\missionserver.c:12 Function OnMissionStart
DNA_Keycards_Scripts/Scripts/5_Mission/dna_keycards\missionserver.c:23 Function OnMissionStart
DayZExpansion/Core/Scripts/5_Mission/dayzexpansion_core\mission\missionserver.c:53 Function OnMissionStart
DayZExpansion/AI/Scripts/5_Mission/dayzexpansion_ai\mission\missionserver.c:79 Function OnMissionStart

Runtime mode
CLI params: config serverDZ.cfg port 2302 profiles config mod @DayZ-Expansion-Licensed;@DayZ-Expansion-Bundle;@Dabs Framework;@DayZ Editor Loader;@VPPAdminTools;@CF;@SNAFU Weapons;@BaseBuildingPlus;@Dread jordan shoes;@WindstridesClothingPack;@MMG - Mightys Military Gear;@MMG Base Storage NoCodeLock;@BuilderItems;@DayZ-Expansion-Animations;@CJ187-PokemonCards;@MegaFoodPack;@DNA Keycards;@Yuretskiy Creatures;@[LEGACY] AJs Creatures;@BaseBuildingItemStackandRepair;@BulletStacksPlusPlusEnhanced;@AdditionalMedicSupplies;@Cl0ud's Military Gear;@AmmunitionExpansion;@EDO_WEAPONS;@Alevaric's Clothing Overhaul;@DrugsPLUS;@CannabisPlus;@RUSForma_vehicles;@Flag_Pack;@Breachingcharge;@BBP_Vanilla_Dmg;@CodeLock to ExpansionCodeLock Bridge;@Dogtags;@DayZ-Dog;@CJ187-ImmersiveNVG cpuCount 2 dologs  adminlog  netlog  freezecheck  
