---------------------------------------------
Log C:\Program Files (x86)\Steam\steamapps\common\DayZServer\config\script_2025-09-12_11-43-38.log started at 12.09. 11:43:38

SCRIPT       : Registered 432 temporary action enum(s), UAN==432
SCRIPT    (W): @"CPTOKENS/scripts/3_game/ђ?джуѐ.ogg,20": FIX-ME: Unexpected statement 'ref'
SCRIPT    (W): @"CPTOKENS/scripts/3_game/ђ?джуѐ.ogg,33": FIX-ME: Unexpected statement 'ref'
SCRIPT    (W): @"CPTOKENS/scripts/3_game/ђ?джуѐ.ogg,46": FIX-ME: Unexpected statement 'ref'
SCRIPT    (W): @"Dayz_Dog/Scripts/3_Game/doggowaypoints.c,19": FIX-ME: Unexpected statement 'ref'
SCRIPT    (W): @"BaseBuildingPlus/scripts/3_Game/bbpconfig.c,143": FIX-ME: Unexpected statement 'ref'
SCRIPT    (W): @"CPTOKENS/scripts/3_game/ђ?джуѐ.ogg,17": FIX-ME: Method argument can't be strong reference
SCRIPT       : Registering faction type eAIFactionShamans ID -1484989417
SCRIPT       : Registering faction type eAIFactionObservers ID -563736721
SCRIPT       : Registering faction type eAIFactionInvincibleObservers ID -1227299746
SCRIPT       : Registering faction type eAIFactionRaiders ID 1535276022
SCRIPT       : Registering faction type eAIFactionYeetBrigade ID 1408543989
SCRIPT       : Registering faction type eAIFactionWest ID 113880155
SCRIPT       : Registering faction type eAIFactionInvincibleYeetBrigade ID -1118767876
SCRIPT       : Registering faction type eAIFactionEast ID 90522109
SCRIPT       : Registering faction type eAIFactionGuards ID 963933710
SCRIPT       : Registering faction type eAIFactionMercenaries ID 1629891834
SCRIPT       : Registering faction type eAIFactionBrawlers ID 1955753718
SCRIPT       : Registering faction type eAIFactionCivilian ID 1096178351
SCRIPT       : Registering faction type eAIFactionPassive ID -1159399789
SCRIPT       : Registering faction type eAIFactionInvincibleGuards ID 782746017
SCRIPT       : ... Backlit Effects Enabled
SCRIPT       : VPPNotificationManager()
SCRIPT       : [VPPAT] Internal VPPNotifications module loaded!
SCRIPT       : [DayZ Game]:: DayZGame(): Initializing V++ Admin Tools.
SCRIPT       : 11:43:45.001 [EXPANSION LOG]: DayZGame<86887670> Start time (local time) 2025-09-12 11:43:16
SCRIPT       : 11:43:45.001 [EXPANSION LOG]: DayZGame<86887670> Start time (UTC) 2025-09-12 15:43:16
SCRIPT       : 11:43:45.001 [EXPANSION LOG]: DayZGame<86887670> Runtime since start (seconds) 29.832
SCRIPT    (W): @"BaseBuildingItemStackandRepair/scripts/4_World/classes\recipes\repair_basebuildingtoolstape.c,44": Missing ';' at the end of line
SCRIPT    (W): @"BlackoutScripts/4_World/shotguns\niphoriaisamazing.c,253": FIX-ME: Syntax error
SCRIPT    (W): @"DrugsPLUS/scripts/4_world/entities\manbase\m_playerbase.c,150": FIX-ME: Unexpected statement 'ref'
SCRIPT    (W): @"DrugsPLUS/scripts/4_world/entities\manbase\m_playerbase.c,249": FIX-ME: Unexpected statement 'ref'
SCRIPT    (W): @"CJ187_Immersive_NVG\scripts\4_World/entities\itembase\itembase.c,4": FIX-ME: Overriding function 'Expansion_GetBatteryEnergy' but not marked as 'override'
SCRIPT    (W): @"ACO_Core\Scripts\4_World/clothing\scarf.c,10": FIX-ME: Overriding function 'ShowSingleHiddenSelection' but not marked as 'override'
SCRIPT    (W): @"kamaz_4310RUS\scripts\4_World/carscript_kamaz_4310rus_cabinmanipulte.c,8": FIX-ME: Overriding function 'IsCabinCanManipulate' but not marked as 'override'
SCRIPT    (W): @"kamaz_4310RUS\scripts\4_World/carscript_kamaz_4310rus_cabinmanipulte.c,13": FIX-ME: Overriding function 'GetCabinAnimationSource' but not marked as 'override'
SCRIPT    (W): @"kamaz_4310RUS\scripts\4_World/carscript_kamaz_4310rus_cabinmanipulte.c,18": FIX-ME: Overriding function 'IsCabinRised' but not marked as 'override'
SCRIPT    (W): @"kamaz_4310RUS\scripts\4_World/carscript_kamaz_4310rus_cabinmanipulte.c,23": FIX-ME: Overriding function 'IsPassengersInCabin' but not marked as 'override'
SCRIPT    (W): @"tractor_UMZ_RUS\scripts\4_World/carscript.c,4": FIX-ME: Overriding function 'HandleDoorsSound' but not marked as 'override'
SCRIPT    (W): @"ACO_Core\Scripts\4_World/clothing\belts.c,10": FIX-ME: Overriding function 'ShowSingleHiddenSelection' but not marked as 'override'
SCRIPT    (W): @"Dayz_Dog/Scripts/4_World/dog_types\doggos.c,1246": FIX-ME: Overriding function 'GetPlayerByEntityID' but not marked as 'override'
SCRIPT    (W): @"ACO_Core\Scripts\4_World/clothing\tops.c,10": FIX-ME: Overriding function 'ShowSingleHiddenSelection' but not marked as 'override'
SCRIPT    (W): @"ACO_Core\Scripts\4_World/clothing\balaclava.c,37": FIX-ME: Overriding function 'ShowSingleHiddenSelection' but not marked as 'override'
SCRIPT    (W): @"kamaz_4310RUS\scripts\4_World/static\miscgameplayfunctions.c,6": FIX-ME: Overriding function 'IsInsideCar' but not marked as 'override'
SCRIPT    (W): @"mmg_storage/scripts/4_World/classes\base_class\mmg_storage_openable_nolock.c,225": FIX-ME: Overloaded method 'CanReleaseCargo', argument name 'attachment' differs from prototype 'cargo'
SCRIPT    (W): @"ACO_Core\Scripts\4_World/clothing\coats.c,10": FIX-ME: Overriding function 'ShowSingleHiddenSelection' but not marked as 'override'
SCRIPT    (W): @"DNA_Keycards_Scripts/Scripts/4_World/dna_keycards\entities\itembase\container_base\crates\base\legacy\dna_crate_colourbase.c,302": FIX-ME: Overloaded method 'CanReleaseCargo', argument name 'attachment' differs from prototype 'cargo'
SCRIPT    (W): @"ACO_Core\Scripts\4_World/clothing\vests.c,30": FIX-ME: Overriding function 'ShowSingleHiddenSelection' but not marked as 'override'
SCRIPT    (W): @"mmg_storage/scripts/4_World/classes\base_class\mmg_storage_openable.c,253": FIX-ME: Overloaded method 'CanReleaseCargo', argument name 'attachment' differs from prototype 'cargo'
SCRIPT    (W): @"ACO_Core\Scripts\4_World/clothing\helmets.c,11": FIX-ME: Overriding function 'ShowSingleHiddenSelection' but not marked as 'override'
SCRIPT    (W): @"ACO_Core\Scripts\4_World/clothing\shemagh.c,10": FIX-ME: Overriding function 'ShowSingleHiddenSelection' but not marked as 'override'
SCRIPT    (W): @"ACO_Core\Scripts\4_World/clothing\balaclava.c,63": FIX-ME: Overriding function 'ShowSingleHiddenSelection' but not marked as 'override'
SCRIPT    (W): @"ACO_Core\Scripts\4_World/clothing\shawl.c,10": FIX-ME: Overriding function 'ShowSingleHiddenSelection' but not marked as 'override'
SCRIPT    (W): @"AdditionalMedicSupplies/AdditionalMedicSupplies/scripts/4_world/entities\itembase\container_base\medchest.c,161": FIX-ME: Overloaded method 'CanReleaseCargo', argument name 'attachment' differs from prototype 'cargo'
SCRIPT    (W): @"ACO_Core\Scripts\4_World/clothing\slings.c,10": FIX-ME: Overriding function 'ShowSingleHiddenSelection' but not marked as 'override'
SCRIPT    (W): @"ACO_Core\Scripts\4_World/clothing\balaclava.c,10": FIX-ME: Overriding function 'ShowSingleHiddenSelection' but not marked as 'override'
SCRIPT    (W): @"ACO_Core\Scripts\4_World/clothing\armband.c,10": FIX-ME: Overriding function 'ShowSingleHiddenSelection' but not marked as 'override'
SCRIPT    (W): @"ACO_Core\Scripts\4_World/clothing\vests.c,10": FIX-ME: Overriding function 'ShowSingleHiddenSelection' but not marked as 'override'
SCRIPT    (W): @"ACO_Core\Scripts\4_World/clothing\hats.c,11": FIX-ME: Overriding function 'ShowSingleHiddenSelection' but not marked as 'override'
SCRIPT    (W): @"ACO_Core\Scripts\4_World/clothing\belts.c,76": FIX-ME: Overriding function 'ShowSingleHiddenSelection' but not marked as 'override'
SCRIPT    (W): @"Pokemon/scripts/4_World/actions\actionsealpokemonbox_base.c,488": FIX-ME: Overriding function 'OnFinishProgressServer' but not marked as 'override'
SCRIPT    (W): @"Pokemon/scripts/4_World/actions\actionsealpokemonbox_base.c,518": FIX-ME: Overriding function 'OnFinishProgressServer' but not marked as 'override'
SCRIPT    (W): @"Pokemon/scripts/4_World/actions\actionsealpokemonbox_base.c,548": FIX-ME: Overriding function 'OnFinishProgressServer' but not marked as 'override'
SCRIPT    (W): @"Pokemon/scripts/4_World/actions\actionsealpokemonbox_base.c,578": FIX-ME: Overriding function 'OnFinishProgressServer' but not marked as 'override'
SCRIPT    (W): @"Pokemon/scripts/4_World/actions\actionsealpokemonbox_base.c,607": FIX-ME: Overriding function 'OnFinishProgressServer' but not marked as 'override'
SCRIPT    (W): @"ACO_Core\Scripts\4_World/clothing\masks.c,10": FIX-ME: Overriding function 'ShowSingleHiddenSelection' but not marked as 'override'
SCRIPT    (W): @"ACO_Core\Scripts\4_World/clothing\shemagh.c,49": FIX-ME: Overriding function 'ShowSingleHiddenSelection' but not marked as 'override'
SCRIPT    (W): @"MilitaryGear_Scripts\Scripts\4_World/newrecipes.c,3": FIX-ME: Overriding function 'RegisterRecipies' but not marked as 'override'
SCRIPT    (W): @"HDSN_BreachingCharge\scripts\4_World/config.c,250": FIX-ME: Method argument can't be strong reference
SCRIPT    (W): @"HDSN_BreachingCharge\scripts\4_World/config.c,250": FIX-ME: Method argument can't be strong reference
SCRIPT    (W): @"HDSN_BreachingCharge\scripts\4_World/config.c,250": FIX-ME: Method argument can't be strong reference
SCRIPT    (W): @"HDSN_BreachingCharge\scripts\4_World/config.c,258": FIX-ME: Method argument can't be strong reference
SCRIPT    (W): @"HDSN_BreachingCharge\scripts\4_World/config.c,258": FIX-ME: Method argument can't be strong reference
SCRIPT    (W): @"HDSN_BreachingCharge\scripts\4_World/config.c,258": FIX-ME: Method argument can't be strong reference
SCRIPT    (W): @"mmg_storage/scripts/4_World/garden\mmg_gardening_base.c,136": FIX-ME: Overloaded method 'CanReleaseCargo', argument name 'attachment' differs from prototype 'cargo'
SCRIPT    (W): @"DrugsPLUS/scripts/4_world/classes\useractionscomponent\actions\singleuse\actionconsumedrugs.c,27": Possible variable name conflict 'player'
SCRIPT    (W): @"ACO_Core\Scripts\4_World/clothing\pants.c,10": FIX-ME: Overriding function 'ShowSingleHiddenSelection' but not marked as 'override'
SCRIPT    (W): @"DNA_Keycards_Scripts/Scripts/4_World/dna_keycards\entities\itembase\container_base\workbench\dna_workbench.c,235": FIX-ME: Overloaded method 'CanReleaseCargo', argument name 'attachment' differs from prototype 'cargo'
SCRIPT    (W): @"ACO_Core\Scripts\4_World/clothing\goggles.c,11": FIX-ME: Overriding function 'ShowSingleHiddenSelection' but not marked as 'override'
SCRIPT    (W): @"mmg_storage/scripts/4_World/actions\lock\actioninteractlock_mmg.c,75": FIX-ME: Unsafe down-casting, use 'EntityAI.Cast' for safe down-casting
SCRIPT    (W): @"mmg_storage/scripts/4_World/actions\lock\actioninteractlock_mmg.c,89": FIX-ME: Unsafe down-casting, use 'ItemBase.Cast' for safe down-casting
SCRIPT    (W): @"mmg_storage/scripts/4_World/actions\lock\actioninteractlock_mmg.c,94": FIX-ME: Unsafe down-casting, use 'ItemBase.Cast' for safe down-casting
SCRIPT    (W): @"mmg_storage/scripts/4_World/actions\lock\actiondestroycodelock_mmg.c,72": Possible variable name conflict '_maxHealth'
SCRIPT    (W): @"mmg_storage/scripts/4_World/actions\lock\actiondestroycodelock_mmg.c,78": Possible variable name conflict '_Health'
SCRIPT    (W): @"DrugsPLUS/scripts/4_world/classes\useractionscomponent\actions\singleuse\actionconsumedrugs.c,50": Possible variable name conflict 'player'
SCRIPT    (W): @"DrugsPLUS/scripts/4_world/classes\useractionscomponent\actions\singleuse\actionconsumedrugs.c,92": Possible variable name conflict 'player'
SCRIPT       : Registering faction type eAIFactionLunatics ID 1167351711
SCRIPT       : Registering faction type eAIFactionInfected ID 1371958374
SCRIPT       : [DayZ Expansion] ~DayZGame
SCRIPT       : ~DayZGame()
