---------------------------------------------
Log warning_2025-09-12_14-38-38.log started at 2025-09-12 14:39:30



------------------------------------
BOOGAHADEEN, 2025-09-12 14:39:30

Market configuration warning: Magazine bo_mag_supersniper_5rnd has no specified ammo attachment, and the magazine's default ammo (Ammo_BO_65C) does not exist in market. The magazine will be empty when bought.


------------------------------------
BOOGAHADEEN, 2025-09-12 14:39:30

Market configuration warning: Magazine bo_mag_l115a3_5rnd has no specified ammo attachment, and the magazine's default ammo (Ammo_BO_300WinMag) does not exist in market. The magazine will be empty when bought.


------------------------------------
BOOGAHADEEN, 2025-09-12 14:39:30

Market configuration warning: Magazine bo_mag_alligatorsniper_5rnd has no specified ammo attachment, and the magazine's default ammo (Ammo_BO_145x114) does not exist in market. The magazine will be empty when bought.


------------------------------------
BOOGAHADEEN, 2025-09-12 14:39:30

Market configuration warning: Magazine bo_mag_beowulf_20rnd has no specified ammo attachment, and the magazine's default ammo (Ammo_BO_50BW) does not exist in market. The magazine will be empty when bought.


------------------------------------
BOOGAHADEEN, 2025-09-12 14:39:30

Market configuration warning: Magazine bo_mag_wa2000_6rnd has no specified ammo attachment, and the magazine's default ammo (Ammo_BO_300WinMag) does not exist in market. The magazine will be empty when bought.


------------------------------------
BOOGAHADEEN, 2025-09-12 14:39:30

Market configuration warning: Magazine bo_mag_vssk_5rnd has no specified ammo attachment, and the magazine's default ammo (Ammo_BO_127x55STs) does not exist in market. The magazine will be empty when bought.


------------------------------------
BOOGAHADEEN, 2025-09-12 14:39:30

Market configuration warning: Magazine bo_mag_osv_5rnd has no specified ammo attachment, and the magazine's default ammo (Ammo_BO_127x55STs) does not exist in market. The magazine will be empty when bought.


------------------------------------
BOOGAHADEEN, 2025-09-12 14:39:30

Market configuration warning: Magazine bo_mag_delta5_10rnd has no specified ammo attachment, and the magazine's default ammo (Ammo_BO_65C) does not exist in market. The magazine will be empty when bought.
