11:09:12.476 [Expansion Quests] Initialize quest system on the connected client with UID=bJ4c7QoLlNcMFFuJioBGdjLTBsBdyGqIZNFZF3YMlt0=
11:09:12.503 [Expansion Quests] Loaded existing player quest data for player with UID=bJ4c7QoLlNcMFFuJioBGdjLTBsBdyGqIZNFZF3YMlt0=
11:09:12.503 [Expansion Quests] Check quest initialization for quest with ID=8 | State=STARTED | Player UID=bJ4c7QoLlNcMFFuJioBGdjLTBsBdyGqIZNFZF3YMlt0=
11:09:12.503 [Expansion Quests] Create new quest instance for quest with ID=8 | Player UID=bJ4c7QoLlNcMFFuJioBGdjLTBsBdyGqIZNFZF3YMlt0=
11:09:12.507 [Expansion Quests] Check quest initialization for quest with ID=9 | State=STARTED | Player UID=bJ4c7QoLlNcMFFuJioBGdjLTBsBdyGqIZNFZF3YMlt0=
11:09:12.507 [Expansion Quests] Create new quest instance for quest with ID=9 | Player UID=bJ4c7QoLlNcMFFuJioBGdjLTBsBdyGqIZNFZF3YMlt0=
11:09:12.511 [Expansion Quests] Check quest initialization for quest with ID=11 | State=STARTED | Player UID=bJ4c7QoLlNcMFFuJioBGdjLTBsBdyGqIZNFZF3YMlt0=
11:09:12.511 [Expansion Quests] Create new quest instance for quest with ID=11 | Player UID=bJ4c7QoLlNcMFFuJioBGdjLTBsBdyGqIZNFZF3YMlt0=
11:09:12.511 [Expansion Quests] Check quest initialization for quest with ID=14 | State=COMPLETED | Player UID=bJ4c7QoLlNcMFFuJioBGdjLTBsBdyGqIZNFZF3YMlt0=
11:09:12.511 [Expansion Quests] Quest with ID=1 is not a a valid achievement or auto start quest. Skip quest for player with UID=bJ4c7QoLlNcMFFuJioBGdjLTBsBdyGqIZNFZF3YMlt0=
11:09:12.511 [Expansion Quests] Quest with ID=2 is not a a valid achievement or auto start quest. Skip quest for player with UID=bJ4c7QoLlNcMFFuJioBGdjLTBsBdyGqIZNFZF3YMlt0=
11:09:12.511 [Expansion Quests] Quest with ID=3 is not a a valid achievement or auto start quest. Skip quest for player with UID=bJ4c7QoLlNcMFFuJioBGdjLTBsBdyGqIZNFZF3YMlt0=
11:09:12.511 [Expansion Quests] Quest with ID=4 is not a a valid achievement or auto start quest. Skip quest for player with UID=bJ4c7QoLlNcMFFuJioBGdjLTBsBdyGqIZNFZF3YMlt0=
11:09:12.511 [Expansion Quests] Quest with ID=5 is not a a valid achievement or auto start quest. Skip quest for player with UID=bJ4c7QoLlNcMFFuJioBGdjLTBsBdyGqIZNFZF3YMlt0=
11:09:12.515 [Expansion Quests] Quest with ID=6 is not a a valid achievement or auto start quest. Skip quest for player with UID=bJ4c7QoLlNcMFFuJioBGdjLTBsBdyGqIZNFZF3YMlt0=
11:09:12.515 [Expansion Quests] Quest with ID=7 is not a a valid achievement or auto start quest. Skip quest for player with UID=bJ4c7QoLlNcMFFuJioBGdjLTBsBdyGqIZNFZF3YMlt0=
11:09:12.515 [Expansion Quests] Quest with ID=10 is not a a valid achievement or auto start quest. Skip quest for player with UID=bJ4c7QoLlNcMFFuJioBGdjLTBsBdyGqIZNFZF3YMlt0=
11:09:12.515 [Expansion Quests] Quest with ID=12 is not a a valid achievement or auto start quest. Skip quest for player with UID=bJ4c7QoLlNcMFFuJioBGdjLTBsBdyGqIZNFZF3YMlt0=
11:09:12.515 [Expansion Quests] Quest with ID=13 is not a a valid achievement or auto start quest. Skip quest for player with UID=bJ4c7QoLlNcMFFuJioBGdjLTBsBdyGqIZNFZF3YMlt0=
11:09:12.515 [Expansion Quests] Quest with ID=15 is not a a valid achievement or auto start quest. Skip quest for player with UID=bJ4c7QoLlNcMFFuJioBGdjLTBsBdyGqIZNFZF3YMlt0=
11:09:12.515 [Expansion Quests] Quest with ID=16 is not a a valid achievement or auto start quest. Skip quest for player with UID=bJ4c7QoLlNcMFFuJioBGdjLTBsBdyGqIZNFZF3YMlt0=
11:09:12.515 [Expansion Quests] Quest with ID=17 is not a a valid achievement or auto start quest. Skip quest for player with UID=bJ4c7QoLlNcMFFuJioBGdjLTBsBdyGqIZNFZF3YMlt0=
11:09:12.515 [Expansion Quests] Quest with ID=18 is not a a valid achievement or auto start quest. Skip quest for player with UID=bJ4c7QoLlNcMFFuJioBGdjLTBsBdyGqIZNFZF3YMlt0=
11:09:12.519 [Expansion Quests] Quest with ID=19 is not a a valid achievement or auto start quest. Skip quest for player with UID=bJ4c7QoLlNcMFFuJioBGdjLTBsBdyGqIZNFZF3YMlt0=
11:09:12.519 [Expansion Quests] Quest with ID=20 is not a a valid achievement or auto start quest. Skip quest for player with UID=bJ4c7QoLlNcMFFuJioBGdjLTBsBdyGqIZNFZF3YMlt0=
11:09:12.519 [Expansion Quests] Quest with ID=21 is not a a valid achievement or auto start quest. Skip quest for player with UID=bJ4c7QoLlNcMFFuJioBGdjLTBsBdyGqIZNFZF3YMlt0=
11:09:12.519 [Expansion Quests] Quest with ID=22 is not a a valid achievement or auto start quest. Skip quest for player with UID=bJ4c7QoLlNcMFFuJioBGdjLTBsBdyGqIZNFZF3YMlt0=
11:09:12.519 [Expansion Quests] Quest with ID=23 is not a a valid achievement or auto start quest. Skip quest for player with UID=bJ4c7QoLlNcMFFuJioBGdjLTBsBdyGqIZNFZF3YMlt0=
11:09:12.519 [Expansion Quests] Quest with ID=24 is not a a valid achievement or auto start quest. Skip quest for player with UID=bJ4c7QoLlNcMFFuJioBGdjLTBsBdyGqIZNFZF3YMlt0=
11:09:12.523 [Expansion Quests] Sending bJ4c7QoLlNcMFFuJioBGdjLTBsBdyGqIZNFZF3YMlt0= quest configs to client for player with UID=bJ4c7QoLlNcMFFuJioBGdjLTBsBdyGqIZNFZF3YMlt0=
11:09:12.523 [Expansion Quests] Sending player quest data for 4 quests to player with UID=bJ4c7QoLlNcMFFuJioBGdjLTBsBdyGqIZNFZF3YMlt0=
11:11:52.406 [SpawnSelection] Player "Boogahadeen" (id=bJ4c7QoLlNcMFFuJioBGdjLTBsBdyGqIZNFZF3YMlt0=) spawned at <6044.103027, 6.429995, 1871.500610>
11:11:54.734 [MissionAirdrop] An airdrop is heading towards "Novy Sobor" (pos=<7436.000000, 0.000000, 7720.000000> type=Random_Novy Sobor) with a ExpansionAirdropContainer_Military
11:13:01.515 [VehicleEnter] Player "Boogahadeen" (id=bJ4c7QoLlNcMFFuJioBGdjLTBsBdyGqIZNFZF3YMlt0=) entered vehicle Gyrocopter (id=D767625C2742B4CCDF4E659478651D5E pos=<6051.59, 6.91, 1951.37>) as pilot
11:13:04.140 [VehicleEngine] Player "Boogahadeen" [uid=bJ4c7QoLlNcMFFuJioBGdjLTBsBdyGqIZNFZF3YMlt0=] started vehicle Gyrocopter (id=D767625C2742B4CCDF4E659478651D5E pos=<6051.580566, 6.908733, 1951.358887>)
11:13:15.632 [AI Object Patrol 00013] Spawning 2 Raiders bots at <6661.581055, 10.398151, 2874.722656>
11:13:15.726 [AI Object Patrol 00013] Global patrol count: 1
11:13:17.378 [AI Object Patrol 00012] Spawning 2 Raiders bots at <6730.122070, 13.614933, 2885.746582>
11:13:17.445 [AI Object Patrol 00012] Global patrol count: 2
11:13:23.714 [AI Object Patrol 00014] Spawning 3 Raiders bots at <6908.475098, 6.676147, 2977.772217>
11:13:23.761 [AI Object Patrol 00014] Global patrol count: 3
11:14:13.023 [Killfeed] AI Baty (Raiders) got killed by AI Irena (Raiders) with LAR from a distance of 17 m.
11:14:31.894 [VehicleLeave] Player "Boogahadeen" (id=bJ4c7QoLlNcMFFuJioBGdjLTBsBdyGqIZNFZF3YMlt0=) left vehicle Gyrocopter (id=D767625C2742B4CCDF4E659478651D5E pos=<6561.6, 51.01, 2332.76>)
11:14:57.855 [Killfeed] AI Seth (Raiders) got killed by AI Irena (Raiders) with LAR from a distance of 32 m.
11:15:28.597 [VehicleEnter] Player "Boogahadeen" (id=bJ4c7QoLlNcMFFuJioBGdjLTBsBdyGqIZNFZF3YMlt0=) entered vehicle Gyrocopter (id=D767625C2742B4CCDF4E659478651D5E pos=<6561.61, 51.01, 2332.75>) as pilot
11:15:30.863 [VehicleEngine] Player "Boogahadeen" [uid=bJ4c7QoLlNcMFFuJioBGdjLTBsBdyGqIZNFZF3YMlt0=] started vehicle Gyrocopter (id=D767625C2742B4CCDF4E659478651D5E pos=<6561.605469, 51.005653, 2332.749023>)
11:16:23.113 [AI Object Patrol 00056] Spawning 2 Raiders bots at <4828.113281, 101.264854, 3325.037598>
11:16:23.195 [AI Object Patrol 00056] Global patrol count: 4
11:16:40.945 [Killfeed] AI Irena (Raiders) bled out.
11:16:44.718 [VehicleLeave] Player "Boogahadeen" (id=bJ4c7QoLlNcMFFuJioBGdjLTBsBdyGqIZNFZF3YMlt0=) left vehicle Gyrocopter (id=D767625C2742B4CCDF4E659478651D5E pos=<5188.87, 27.28, 2892.73>)
11:16:59.121 [VehicleDeleted] ExpansionGyrocopter (id=D767625C2742B4CCDF4E659478651D5E pos=<5189.15, 27.27, 2892.86>)
11:17:42.976 [Killfeed] AI Eva (Raiders) got beaten to a pulp by AI Boris (Raiders) with bare hands.
11:17:45.625 [AI Object Patrol 00013] Raiders bots were wiped out (spawn position <6661.581055, 10.398151, 2874.722656>, 2/2 deceased)
11:17:45.625 [AI Object Patrol 00013] Global patrol count: 3
11:17:56.769 [Killfeed] AI Boris (Raiders) got killed by AI Naomi (Raiders) with KA-M from a distance of 115 m.
11:18:00.921 [AI Object Patrol 00012] Raiders bots were wiped out (spawn position <6730.122070, 13.614933, 2885.746582>, 2/2 deceased)
11:18:00.925 [AI Object Patrol 00012] Global patrol count: 2
11:26:01.203 [AI Object Patrol 00014] Despawning 2 Raiders bots (spawn position <6908.475098, 6.676147, 2977.772217>, 1/3 deceased)
11:26:01.203 [AI Object Patrol 00014] Global patrol count: 1
11:27:06.367 [AI Object Patrol 00056] Despawning 2 Raiders bots (spawn position <4828.113281, 101.264854, 3325.037598>, 0/2 deceased)
11:27:06.367 [AI Object Patrol 00056] Global patrol count: 0
11:35:56.695 [AI Object Patrol 00053] Spawning 2 Raiders bots at <1713.076538, 263.159668, 10094.910156>
11:35:56.777 [AI Object Patrol 00053] Global patrol count: 1
11:36:35.500 [AI Object Patrol 00060] Spawning 2 Raiders bots at <1577.139771, 242.290375, 10650.077148>
11:36:35.582 [AI Object Patrol 00060] Global patrol count: 2
11:52:48.027 [Expansion Quests] Added new objective data for type=TARGET | Key=bJ4c7QoLlNcMFFuJioBGdjLTBsBdyGqIZNFZF3YMlt0= | ID=3
11:52:48.031 [Expansion Quests] Updated and saved persistent player quest data for player with UID=bJ4c7QoLlNcMFFuJioBGdjLTBsBdyGqIZNFZF3YMlt0= | Quest ID=8
11:52:48.035 [Expansion Quests] Added new objective data for type=TARGET | Key=bJ4c7QoLlNcMFFuJioBGdjLTBsBdyGqIZNFZF3YMlt0= | ID=2
11:52:48.039 [Expansion Quests] Updated and saved persistent player quest data for player with UID=bJ4c7QoLlNcMFFuJioBGdjLTBsBdyGqIZNFZF3YMlt0= | Quest ID=9
11:52:48.039 [Expansion Quests] Added new objective data for type=ACTION | Key=bJ4c7QoLlNcMFFuJioBGdjLTBsBdyGqIZNFZF3YMlt0= | ID=1
11:52:48.039 [Expansion Quests] Updated and saved persistent player quest data for player with UID=bJ4c7QoLlNcMFFuJioBGdjLTBsBdyGqIZNFZF3YMlt0= | Quest ID=11
