21:08:46.218 [Party] Player "Boogahadeen" (id=bJ4c7QoLlNcMFFuJioBGdjLTBsBdyGqIZNFZF3YMlt0=) joinded the party "ATG" (id=0 ownerUID=0ROjOu34qUpKfk3o_KbpKS2xSbFfZ9nDCrc2879VWQY= ownerName=Phill_Swift)
21:08:46.218 [Expansion Quests] Initialize quest system on the connected client with UID=bJ4c7QoLlNcMFFuJioBGdjLTBsBdyGqIZNFZF3YMlt0=
21:08:46.218 [Expansion Quests] Loaded existing player quest data for player with UID=bJ4c7QoLlNcMFFuJioBGdjLTBsBdyGqIZNFZF3YMlt0=
21:08:46.218 [Expansion Quests] Loaded existing group quest data for group with ID=0
21:08:46.218 [Expansion Quests] Check quest initialization for quest with ID=8 | State=STARTED | Player UID=bJ4c7QoLlNcMFFuJioBGdjLTBsBdyGqIZNFZF3YMlt0=
21:08:46.218 [Expansion Quests] Create new quest instance for quest with ID=8 | Player UID=bJ4c7QoLlNcMFFuJioBGdjLTBsBdyGqIZNFZF3YMlt0=
21:08:46.226 [Expansion Quests] Check quest initialization for quest with ID=9 | State=STARTED | Player UID=bJ4c7QoLlNcMFFuJioBGdjLTBsBdyGqIZNFZF3YMlt0=
21:08:46.226 [Expansion Quests] Create new quest instance for quest with ID=9 | Player UID=bJ4c7QoLlNcMFFuJioBGdjLTBsBdyGqIZNFZF3YMlt0=
21:08:46.226 [Expansion Quests] Check quest initialization for quest with ID=11 | State=STARTED | Player UID=bJ4c7QoLlNcMFFuJioBGdjLTBsBdyGqIZNFZF3YMlt0=
21:08:46.226 [Expansion Quests] Create new quest instance for quest with ID=11 | Player UID=bJ4c7QoLlNcMFFuJioBGdjLTBsBdyGqIZNFZF3YMlt0=
21:08:46.226 [Expansion Quests] Check quest initialization for quest with ID=14 | State=COMPLETED | Player UID=bJ4c7QoLlNcMFFuJioBGdjLTBsBdyGqIZNFZF3YMlt0=
21:08:46.226 [Expansion Quests] Quest with ID=1 is not a a valid achievement or auto start quest. Skip quest for player with UID=bJ4c7QoLlNcMFFuJioBGdjLTBsBdyGqIZNFZF3YMlt0=
21:08:46.226 [Expansion Quests] Quest with ID=2 is not a a valid achievement or auto start quest. Skip quest for player with UID=bJ4c7QoLlNcMFFuJioBGdjLTBsBdyGqIZNFZF3YMlt0=
21:08:46.226 [Expansion Quests] Quest with ID=3 is not a a valid achievement or auto start quest. Skip quest for player with UID=bJ4c7QoLlNcMFFuJioBGdjLTBsBdyGqIZNFZF3YMlt0=
21:08:46.226 [Expansion Quests] Quest with ID=4 is not a a valid achievement or auto start quest. Skip quest for player with UID=bJ4c7QoLlNcMFFuJioBGdjLTBsBdyGqIZNFZF3YMlt0=
21:08:46.226 [Expansion Quests] Quest with ID=5 is not a a valid achievement or auto start quest. Skip quest for player with UID=bJ4c7QoLlNcMFFuJioBGdjLTBsBdyGqIZNFZF3YMlt0=
21:08:46.226 [Expansion Quests] Quest with ID=6 is not a a valid achievement or auto start quest. Skip quest for player with UID=bJ4c7QoLlNcMFFuJioBGdjLTBsBdyGqIZNFZF3YMlt0=
21:08:46.226 [Expansion Quests] Quest with ID=7 is not a a valid achievement or auto start quest. Skip quest for player with UID=bJ4c7QoLlNcMFFuJioBGdjLTBsBdyGqIZNFZF3YMlt0=
21:08:46.226 [Expansion Quests] Quest with ID=10 is not a a valid achievement or auto start quest. Skip quest for player with UID=bJ4c7QoLlNcMFFuJioBGdjLTBsBdyGqIZNFZF3YMlt0=
21:08:46.226 [Expansion Quests] Quest with ID=12 is not a a valid achievement or auto start quest. Skip quest for player with UID=bJ4c7QoLlNcMFFuJioBGdjLTBsBdyGqIZNFZF3YMlt0=
21:08:46.226 [Expansion Quests] Quest with ID=13 is not a a valid achievement or auto start quest. Skip quest for player with UID=bJ4c7QoLlNcMFFuJioBGdjLTBsBdyGqIZNFZF3YMlt0=
21:08:46.226 [Expansion Quests] Quest with ID=15 is not a a valid achievement or auto start quest. Skip quest for player with UID=bJ4c7QoLlNcMFFuJioBGdjLTBsBdyGqIZNFZF3YMlt0=
21:08:46.226 [Expansion Quests] Quest with ID=16 is not a a valid achievement or auto start quest. Skip quest for player with UID=bJ4c7QoLlNcMFFuJioBGdjLTBsBdyGqIZNFZF3YMlt0=
21:08:46.226 [Expansion Quests] Quest with ID=17 is not a a valid achievement or auto start quest. Skip quest for player with UID=bJ4c7QoLlNcMFFuJioBGdjLTBsBdyGqIZNFZF3YMlt0=
21:08:46.226 [Expansion Quests] Quest with ID=18 is not a a valid achievement or auto start quest. Skip quest for player with UID=bJ4c7QoLlNcMFFuJioBGdjLTBsBdyGqIZNFZF3YMlt0=
21:08:46.226 [Expansion Quests] Quest with ID=19 is not a a valid achievement or auto start quest. Skip quest for player with UID=bJ4c7QoLlNcMFFuJioBGdjLTBsBdyGqIZNFZF3YMlt0=
21:08:46.226 [Expansion Quests] Quest with ID=20 is not a a valid achievement or auto start quest. Skip quest for player with UID=bJ4c7QoLlNcMFFuJioBGdjLTBsBdyGqIZNFZF3YMlt0=
21:08:46.226 [Expansion Quests] Quest with ID=21 is not a a valid achievement or auto start quest. Skip quest for player with UID=bJ4c7QoLlNcMFFuJioBGdjLTBsBdyGqIZNFZF3YMlt0=
21:08:46.226 [Expansion Quests] Quest with ID=22 is not a a valid achievement or auto start quest. Skip quest for player with UID=bJ4c7QoLlNcMFFuJioBGdjLTBsBdyGqIZNFZF3YMlt0=
21:08:46.226 [Expansion Quests] Quest with ID=23 is not a a valid achievement or auto start quest. Skip quest for player with UID=bJ4c7QoLlNcMFFuJioBGdjLTBsBdyGqIZNFZF3YMlt0=
21:08:46.226 [Expansion Quests] Quest with ID=24 is not a a valid achievement or auto start quest. Skip quest for player with UID=bJ4c7QoLlNcMFFuJioBGdjLTBsBdyGqIZNFZF3YMlt0=
21:08:46.226 [Expansion Quests] Sending bJ4c7QoLlNcMFFuJioBGdjLTBsBdyGqIZNFZF3YMlt0= quest configs to client for player with UID=bJ4c7QoLlNcMFFuJioBGdjLTBsBdyGqIZNFZF3YMlt0=
21:08:46.226 [Expansion Quests] Sending player quest data for 4 quests to player with UID=bJ4c7QoLlNcMFFuJioBGdjLTBsBdyGqIZNFZF3YMlt0=
21:08:46.234 [AI Object Patrol 00040] Spawning 3 Raiders bots at <4120.587891, 338.381439, 11032.338867>
21:08:46.273 [AI Object Patrol 00040] Global patrol count: 1
21:08:46.273 [AI Object Patrol 00041] Spawning 2 Raiders bots at <4374.382813, 335.684723, 9706.721680>
21:08:46.296 [AI Object Patrol 00041] Global patrol count: 2
21:08:46.296 [AI Object Patrol 00027] Spawning 3 Raiders bots at <3800.464111, 326.538300, 10934.026367>
21:08:46.328 [AI Object Patrol 00027] Global patrol count: 3
21:08:46.328 [AI Object Patrol 00024] Spawning 3 Raiders bots at <4847.594727, 339.200623, 9648.509766>
21:08:46.343 [AI Object Patrol 00024] Global patrol count: 4
21:08:46.343 [AI Object Patrol 00029] Spawning 3 Raiders bots at <3800.147705, 328.187531, 10941.162109>
21:08:46.367 [AI Object Patrol 00029] Global patrol count: 5
21:08:46.367 [AI Object Patrol 00028] Spawning 1 Raiders bots at <4827.168457, 339.187988, 9628.682617>
21:08:46.398 [AI Object Patrol 00028] Global patrol count: 6
21:08:46.398 [AI Object Patrol 00031] Spawning 3 Raiders bots at <3783.123047, 325.397614, 10937.101563>
21:08:46.414 [AI Object Patrol 00031] Global patrol count: 7
21:08:46.421 [AI Object Patrol 00026] Spawning 2 Raiders bots at <3836.967773, 328.202728, 10950.625977>
21:08:46.437 [AI Object Patrol 00026] Global patrol count: 8
21:08:46.437 [AI Object Patrol 00025] Spawning 1 Raiders bots at <3824.940430, 327.412170, 10938.155273>
21:08:46.460 [AI Object Patrol 00025] Global patrol count: 9
21:08:46.460 [AI Object Patrol 00030] Spawning 3 Raiders bots at <3844.651367, 328.327454, 10932.957031>
21:08:46.476 [AI Object Patrol 00030] Global patrol count: 10
21:08:46.476 [AI Object Patrol 00039] Spawning 1 Raiders bots at <4243.516602, 339.648590, 10153.055664>
21:08:46.492 [AI Object Patrol 00039] Global patrol count: 11
21:08:47.460 [Expansion Quests] - LoadGroupQuestData - Got cached group quest data for group with ID=0
21:08:49.460 [Killfeed] AI Baty (Raiders) got killed by AI Gabi (Raiders) with M4-A1 from a distance of 26 m.
21:08:52.242 [Killfeed] AI Quinn (Raiders) got killed by AI Seth (Raiders) with M4-A1 from a distance of 12 m.
21:08:53.406 [AI Object Patrol 00028] Raiders bots were wiped out (spawn position <4827.168457, 339.187988, 9628.682617>, 1/1 deceased)
21:08:53.406 [AI Object Patrol 00028] Global patrol count: 10
21:08:56.671 [Killfeed] AI Gabi (Raiders) got killed by AI Boris (Raiders) with AUR A1 from a distance of 12 m.
21:09:01.039 [Killfeed] AI Oliver (Raiders) got killed by AI Frida (Raiders) with LE-MAS from a distance of 22 m.
21:09:16.820 [Killfeed] AI Elias (Raiders) got killed by AI Jose (Raiders) with LE-MAS from a distance of 4 m.
21:09:32.789 [Killfeed] AI Keiko (Raiders) got killed by AI Jose (Raiders) with LE-MAS from a distance of 29 m.
21:09:53.757 [Killfeed] AI Indar (Raiders) got killed by AI Jose (Raiders) with LE-MAS from a distance of 5 m.
21:10:04.593 [Killfeed] AI Kaito (Raiders) got killed by AI Seth (Raiders) with M4-A1 from a distance of 2 m.
21:10:16.210 [Killfeed] AI Boris (Raiders) got beaten to a pulp by AI Helga (Raiders) with bare hands.
21:10:18.351 [AI Object Patrol 00026] Raiders bots were wiped out (spawn position <3836.967773, 328.202728, 10950.625977>, 2/2 deceased)
21:10:18.351 [AI Object Patrol 00026] Global patrol count: 9
21:10:33.203 [Killfeed] AI Linda (Raiders) got killed by AI Jose (Raiders) with LE-MAS from a distance of 2 m.
21:11:15.578 [Killfeed] AI Seth (Raiders) got killed by AI Peter (Raiders) with AUR A1 from a distance of 94 m.
21:11:18.101 [AI Object Patrol 00027] Raiders bots were wiped out (spawn position <3800.464111, 326.538300, 10934.026367>, 3/3 deceased)
21:11:18.101 [AI Object Patrol 00027] Global patrol count: 8
21:11:40.500 [Killfeed] AI Eva (Raiders) got killed by AI Peter (Raiders) with AUR A1 from a distance of 83 m.
21:11:46.289 [Killfeed] AI Guo (Raiders) got killed by AI Gabi (Raiders) with M4-A1 from a distance of 93 m.
21:12:00.843 [Killfeed] AI Jose (Raiders) got beaten to a pulp by AI Helga (Raiders) with bare hands.
21:12:03.351 [AI Object Patrol 00029] Raiders bots were wiped out (spawn position <3800.147705, 328.187531, 10941.162109>, 3/3 deceased)
21:12:03.351 [AI Object Patrol 00029] Global patrol count: 7
21:12:10.218 [Killfeed] AI Frida (Raiders) bled out.
21:12:13.351 [AI Object Patrol 00025] Raiders bots were wiped out (spawn position <3824.940430, 327.412170, 10938.155273>, 1/1 deceased)
21:12:13.351 [AI Object Patrol 00025] Global patrol count: 6
21:12:27.515 [MissionAirdrop] An airdrop is heading towards "Myshkinko" (pos=<2036.000000, 0.000000, 7491.000000> type=Random_Myshkinko) with a ExpansionAirdropContainer_Military
21:12:37.593 [Killfeed] AI Peter (Raiders) bled out.
21:12:41.539 [Killfeed] AI Naomi (Raiders) got killed by AI Denis (Raiders) with M4-A1 from a distance of 51 m.
21:12:43.101 [AI Object Patrol 00041] Raiders bots were wiped out (spawn position <4374.382813, 335.684723, 9706.721680>, 2/2 deceased)
21:12:43.101 [AI Object Patrol 00041] Global patrol count: 5
21:13:35.140 [Killfeed] AI Manua (Raiders) bled out.
21:13:35.460 [Killfeed] AI Helga (Raiders) got killed by AI Lewis (Raiders) with KA-101 from a distance of 5 m.
21:13:38.421 [AI Object Patrol 00030] Raiders bots were wiped out (spawn position <3844.651367, 328.327454, 10932.957031>, 3/3 deceased)
21:13:38.421 [AI Object Patrol 00030] Global patrol count: 4
21:13:38.421 [AI Object Patrol 00031] Raiders bots were wiped out (spawn position <3783.123047, 325.397614, 10937.101563>, 3/3 deceased)
21:13:38.421 [AI Object Patrol 00031] Global patrol count: 3
21:15:48.718 [Killfeed] AI Lewis (Raiders) bled out.
21:42:48.312 [AI Object Patrol 00039] Despawning 1 Raiders bots (spawn position <4243.516602, 339.648590, 10153.055664>, 0/1 deceased)
21:42:48.312 [AI Object Patrol 00039] Global patrol count: 2
21:42:48.312 [AI Object Patrol 00041] Despawning Raiders patrol (spawn position <4414.730469, 338.761597, 9679.113281>)
21:42:48.312 [AI Object Patrol 00040] Despawning 1 Raiders bots (spawn position <4120.587891, 338.381439, 11032.338867>, 2/3 deceased)
21:42:48.312 [AI Object Patrol 00040] Global patrol count: 1
22:05:47.867 [Party] Player "Boogahadeen" (id=bJ4c7QoLlNcMFFuJioBGdjLTBsBdyGqIZNFZF3YMlt0=) left the party "ATG" (id=0 ownerUID=0ROjOu34qUpKfk3o_KbpKS2xSbFfZ9nDCrc2879VWQY= ownerName=Phill_Swift)
22:05:47.867 [Expansion Quests] Deleted quest with ID=8 is a of player with UID=bJ4c7QoLlNcMFFuJioBGdjLTBsBdyGqIZNFZF3YMlt0=.
22:05:47.875 [Expansion Quests] Deleted quest with ID=9 is a of player with UID=bJ4c7QoLlNcMFFuJioBGdjLTBsBdyGqIZNFZF3YMlt0=.
22:05:47.875 [Expansion Quests] Deleted quest with ID=11 is a of player with UID=bJ4c7QoLlNcMFFuJioBGdjLTBsBdyGqIZNFZF3YMlt0=.
