14:48:18.581 [MissionAirdrop] An airdrop is heading towards "Novy Sobor" (pos=<7436.000000, 0.000000, 7720.000000> type=Random_Novy Sobor) with a ExpansionAirdropContainer_Military
14:52:01.237 [Expansion Quests] Initialize quest system on the connected client with UID=bJ4c7QoLlNcMFFuJioBGdjLTBsBdyGqIZNFZF3YMlt0=
14:52:01.244 [Party] Player "Boogahadeen" (id=bJ4c7QoLlNcMFFuJioBGdjLTBsBdyGqIZNFZF3YMlt0=) joined the party "ATG" (id=0 ownerUID=0ROjOu34qUpKfk3o_KbpKS2xSbFfZ9nDCrc2879VWQY= ownerName=Phill_Swift)
14:52:01.280 [Expansion Quests] Loaded existing player quest data for player with UID=bJ4c7QoLlNcMFFuJioBGdjLTBsBdyGqIZNFZF3YMlt0=
14:52:01.285 [Expansion Quests] Loaded existing group quest data for group with ID=0
14:52:01.286 [Expansion Quests] Check quest initialization for quest with ID=8 | State=STARTED | Player UID=bJ4c7QoLlNcMFFuJioBGdjLTBsBdyGqIZNFZF3YMlt0=
14:52:01.287 [Expansion Quests] Create new quest instance for quest with ID=8 | Player UID=bJ4c7QoLlNcMFFuJioBGdjLTBsBdyGqIZNFZF3YMlt0=
14:52:01.290 [Expansion Quests] Check quest initialization for quest with ID=9 | State=STARTED | Player UID=bJ4c7QoLlNcMFFuJioBGdjLTBsBdyGqIZNFZF3YMlt0=
14:52:01.290 [Expansion Quests] Create new quest instance for quest with ID=9 | Player UID=bJ4c7QoLlNcMFFuJioBGdjLTBsBdyGqIZNFZF3YMlt0=
14:52:01.290 [Expansion Quests] Check quest initialization for quest with ID=11 | State=STARTED | Player UID=bJ4c7QoLlNcMFFuJioBGdjLTBsBdyGqIZNFZF3YMlt0=
14:52:01.291 [Expansion Quests] Create new quest instance for quest with ID=11 | Player UID=bJ4c7QoLlNcMFFuJioBGdjLTBsBdyGqIZNFZF3YMlt0=
14:52:01.292 [Expansion Quests] Check quest initialization for quest with ID=14 | State=COMPLETED | Player UID=bJ4c7QoLlNcMFFuJioBGdjLTBsBdyGqIZNFZF3YMlt0=
14:52:01.294 [Expansion Quests] Quest with ID=1 is not a a valid achievement or auto start quest. Skip quest for player with UID=bJ4c7QoLlNcMFFuJioBGdjLTBsBdyGqIZNFZF3YMlt0=
14:52:01.295 [Expansion Quests] Quest with ID=2 is not a a valid achievement or auto start quest. Skip quest for player with UID=bJ4c7QoLlNcMFFuJioBGdjLTBsBdyGqIZNFZF3YMlt0=
14:52:01.296 [Expansion Quests] Quest with ID=3 is not a a valid achievement or auto start quest. Skip quest for player with UID=bJ4c7QoLlNcMFFuJioBGdjLTBsBdyGqIZNFZF3YMlt0=
14:52:01.296 [Expansion Quests] Quest with ID=4 is not a a valid achievement or auto start quest. Skip quest for player with UID=bJ4c7QoLlNcMFFuJioBGdjLTBsBdyGqIZNFZF3YMlt0=
14:52:01.297 [Expansion Quests] Quest with ID=5 is not a a valid achievement or auto start quest. Skip quest for player with UID=bJ4c7QoLlNcMFFuJioBGdjLTBsBdyGqIZNFZF3YMlt0=
14:52:01.297 [Expansion Quests] Quest with ID=6 is not a a valid achievement or auto start quest. Skip quest for player with UID=bJ4c7QoLlNcMFFuJioBGdjLTBsBdyGqIZNFZF3YMlt0=
14:52:01.297 [Expansion Quests] Quest with ID=7 is not a a valid achievement or auto start quest. Skip quest for player with UID=bJ4c7QoLlNcMFFuJioBGdjLTBsBdyGqIZNFZF3YMlt0=
14:52:01.300 [Expansion Quests] Quest with ID=10 is not a a valid achievement or auto start quest. Skip quest for player with UID=bJ4c7QoLlNcMFFuJioBGdjLTBsBdyGqIZNFZF3YMlt0=
14:52:01.301 [Expansion Quests] Quest with ID=12 is not a a valid achievement or auto start quest. Skip quest for player with UID=bJ4c7QoLlNcMFFuJioBGdjLTBsBdyGqIZNFZF3YMlt0=
14:52:01.301 [Expansion Quests] Quest with ID=13 is not a a valid achievement or auto start quest. Skip quest for player with UID=bJ4c7QoLlNcMFFuJioBGdjLTBsBdyGqIZNFZF3YMlt0=
14:52:01.302 [Expansion Quests] Quest with ID=15 is not a a valid achievement or auto start quest. Skip quest for player with UID=bJ4c7QoLlNcMFFuJioBGdjLTBsBdyGqIZNFZF3YMlt0=
14:52:01.304 [Expansion Quests] Quest with ID=16 is not a a valid achievement or auto start quest. Skip quest for player with UID=bJ4c7QoLlNcMFFuJioBGdjLTBsBdyGqIZNFZF3YMlt0=
14:52:01.305 [Expansion Quests] Quest with ID=17 is not a a valid achievement or auto start quest. Skip quest for player with UID=bJ4c7QoLlNcMFFuJioBGdjLTBsBdyGqIZNFZF3YMlt0=
14:52:01.305 [Expansion Quests] Quest with ID=18 is not a a valid achievement or auto start quest. Skip quest for player with UID=bJ4c7QoLlNcMFFuJioBGdjLTBsBdyGqIZNFZF3YMlt0=
14:52:01.305 [Expansion Quests] Quest with ID=19 is not a a valid achievement or auto start quest. Skip quest for player with UID=bJ4c7QoLlNcMFFuJioBGdjLTBsBdyGqIZNFZF3YMlt0=
14:52:01.305 [Expansion Quests] Quest with ID=20 is not a a valid achievement or auto start quest. Skip quest for player with UID=bJ4c7QoLlNcMFFuJioBGdjLTBsBdyGqIZNFZF3YMlt0=
14:52:01.305 [Expansion Quests] Quest with ID=21 is not a a valid achievement or auto start quest. Skip quest for player with UID=bJ4c7QoLlNcMFFuJioBGdjLTBsBdyGqIZNFZF3YMlt0=
14:52:01.306 [Expansion Quests] Quest with ID=22 is not a a valid achievement or auto start quest. Skip quest for player with UID=bJ4c7QoLlNcMFFuJioBGdjLTBsBdyGqIZNFZF3YMlt0=
14:52:01.306 [Expansion Quests] Quest with ID=23 is not a a valid achievement or auto start quest. Skip quest for player with UID=bJ4c7QoLlNcMFFuJioBGdjLTBsBdyGqIZNFZF3YMlt0=
14:52:01.306 [Expansion Quests] Quest with ID=24 is not a a valid achievement or auto start quest. Skip quest for player with UID=bJ4c7QoLlNcMFFuJioBGdjLTBsBdyGqIZNFZF3YMlt0=
14:52:01.308 [Expansion Quests] Sending bJ4c7QoLlNcMFFuJioBGdjLTBsBdyGqIZNFZF3YMlt0= quest configs to client for player with UID=bJ4c7QoLlNcMFFuJioBGdjLTBsBdyGqIZNFZF3YMlt0=
14:52:01.317 [Expansion Quests] Sending player quest data for 4 quests to player with UID=bJ4c7QoLlNcMFFuJioBGdjLTBsBdyGqIZNFZF3YMlt0=
14:52:02.027 [Expansion Quests] - LoadGroupQuestData - Got cached group quest data for group with ID=0
15:28:32.077 [VehicleEnter] Player "Boogahadeen" (id=bJ4c7QoLlNcMFFuJioBGdjLTBsBdyGqIZNFZF3YMlt0=) entered vehicle Gyrocopter (id=08D4FA550A4376BCC857DAA02381AD94 pos=<7416.77, 314.65, 7712.9>) as pilot
15:28:34.204 [VehicleEngine] Player "Boogahadeen" (id=bJ4c7QoLlNcMFFuJioBGdjLTBsBdyGqIZNFZF3YMlt0=) started vehicle Gyrocopter (id=08D4FA550A4376BCC857DAA02381AD94 pos=<7416.74, 314.64, 7712.9>)
15:28:53.926 [AI Object Patrol 00061] Spawning 1 Raiders bots at <6426.930664, 353.019073, 8465.009766>
15:28:54.114 [AI Object Patrol 00061] Global patrol count: 1
15:28:54.114 [AI Object Patrol 00061] ObjectPatrol category patrol count: 1
15:29:17.782 [AI Object Patrol 00062] Spawning 1 Raiders bots at <6874.798340, 301.861603, 8000.001465>
15:29:17.895 [AI Object Patrol 00062] Global patrol count: 2
15:29:17.895 [AI Object Patrol 00062] ObjectPatrol category patrol count: 2
15:31:15.811 [AI Object Patrol 00056] Spawning 3 Raiders bots at <5403.313477, 332.123199, 9785.225586>
15:31:15.937 [AI Object Patrol 00056] Global patrol count: 3
15:31:15.938 [AI Object Patrol 00056] ContaminatedArea category patrol count: 1
15:33:48.185 [AI Object Patrol 00056] Despawning 3 Raiders bots (spawn position <5403.313477, 332.123199, 9785.225586>, 0/3 deceased)
15:33:48.186 [AI Object Patrol 00056] Global patrol count: 2
15:33:48.186 [AI Object Patrol 00056] ContaminatedArea category patrol count: 0
15:34:50.498 [AI Object Patrol 00021] Spawning 1 Raiders bots at <3804.257568, 325.325623, 10961.131836>
15:34:50.602 [AI Object Patrol 00021] Global patrol count: 3
15:34:50.602 [AI Object Patrol 00021] ObjectPatrol category patrol count: 3
15:34:50.928 [AI Object Patrol 00020] Spawning 2 Raiders bots at <3835.372559, 328.010803, 10937.209961>
15:34:50.997 [AI Object Patrol 00020] Global patrol count: 4
15:34:50.998 [AI Object Patrol 00020] ObjectPatrol category patrol count: 4
15:34:51.099 [AI Object Patrol 00019] Spawning 2 Raiders bots at <3794.550537, 326.190613, 10951.610352>
15:34:51.167 [AI Object Patrol 00019] Global patrol count: 5
15:34:51.167 [AI Object Patrol 00019] ObjectPatrol category patrol count: 5
15:35:15.696 [Killfeed] AI Maria (Raiders) got killed by AI Eva (Raiders) with AUR A1 from a distance of 30 m.
15:35:39.471 [Killfeed] AI Francis (Raiders) got killed by AI Eva (Raiders) with AUR A1 from a distance of 80 m.
15:35:40.549 [AI Object Patrol 00020] Raiders bots were wiped out (spawn position <3835.372559, 328.010803, 10937.209961>, 2/2 deceased)
15:35:40.549 [AI Object Patrol 00020] Global patrol count: 4
15:35:40.549 [AI Object Patrol 00020] ObjectPatrol category patrol count: 4
15:35:40.630 [AI Object Patrol 00024] Spawning 3 Raiders bots at <3836.323730, 328.234589, 10925.282227>
15:35:40.709 [AI Object Patrol 00024] Global patrol count: 5
15:35:40.709 [AI Object Patrol 00024] ObjectPatrol category patrol count: 5
15:36:08.336 [VehicleEngine] Player "NULL" (id=NULL) stopped vehicle Gyrocopter (id=08D4FA550A4376BCC857DAA02381AD94 pos=<3911.12, 335.39, 11089.7>)
15:36:08.360 [VehicleLeave] Player "Boogahadeen" (id=bJ4c7QoLlNcMFFuJioBGdjLTBsBdyGqIZNFZF3YMlt0=) left vehicle Gyrocopter (id=08D4FA550A4376BCC857DAA02381AD94 pos=<3911.12, 335.39, 11089.7>)
15:36:18.435 [Killfeed] AI Gabi (Raiders) got killed by AI Eva (Raiders) with M4-A1 from a distance of 2 m.
15:36:20.261 [AI Object Patrol 00021] Raiders bots were wiped out (spawn position <3804.257568, 325.325623, 10961.131836>, 1/1 deceased)
15:36:20.261 [AI Object Patrol 00021] Global patrol count: 4
15:36:20.261 [AI Object Patrol 00021] ObjectPatrol category patrol count: 4
15:36:27.477 [Killfeed] AI Denis (Raiders) got killed by AI Eva (Raiders) with M4-A1 from a distance of 54 m.
15:38:32.155 [Killfeed] AI Eva (Raiders) got killed by [ATF] Boogahadeen with AN-94 from a distance of 53 m.
15:39:33.950 [AI Object Patrol 00061] Despawning 1 Raiders bots (spawn position <6426.930664, 353.019073, 8465.009766>, 0/1 deceased)
15:39:33.951 [AI Object Patrol 00061] Global patrol count: 3
15:39:33.951 [AI Object Patrol 00061] ObjectPatrol category patrol count: 3
15:39:36.772 [AI Object Patrol 00062] Despawning 1 Raiders bots (spawn position <6874.798340, 301.861603, 8000.001465>, 0/1 deceased)
15:39:36.772 [AI Object Patrol 00062] Global patrol count: 2
15:39:36.773 [AI Object Patrol 00062] ObjectPatrol category patrol count: 2
15:40:24.150 [Killfeed] AI Judy (Raiders) got killed by AI Keiko (Raiders) with AUR A1 from a distance of 61 m.
15:40:24.664 [AI Object Patrol 00019] Raiders bots were wiped out (spawn position <3794.550537, 326.190613, 10951.610352>, 2/2 deceased)
15:40:24.664 [AI Object Patrol 00019] Global patrol count: 1
15:40:24.666 [AI Object Patrol 00019] ObjectPatrol category patrol count: 1
15:42:04.090 [AI Object Patrol 00065] Spawning 2 Raiders bots at <3375.293945, 330.146210, 11012.563477>
15:42:04.173 [AI Object Patrol 00065] Global patrol count: 2
15:42:04.173 [AI Object Patrol 00065] ObjectPatrol category patrol count: 2
15:42:21.756 [Killfeed] AI Keiko (Raiders) got killed by [ATF] Boogahadeen with M4-A1 from a distance of 11 m.
15:44:52.752 [Killfeed] AI Manua (Raiders) bled out.
15:44:54.670 [AI Object Patrol 00024] Raiders bots were wiped out (spawn position <3836.323730, 328.234589, 10925.282227>, 3/3 deceased)
15:44:54.671 [AI Object Patrol 00024] Global patrol count: 1
15:44:54.673 [AI Object Patrol 00024] ObjectPatrol category patrol count: 1
16:10:10.951 [Expansion Quests] Added new objective data for type=TARGET | Key=bJ4c7QoLlNcMFFuJioBGdjLTBsBdyGqIZNFZF3YMlt0= | ID=3
16:10:10.964 [Expansion Quests] Updated and saved persistent player quest data for player with UID=bJ4c7QoLlNcMFFuJioBGdjLTBsBdyGqIZNFZF3YMlt0= | Quest ID=8
16:10:10.966 [Expansion Quests] Added new objective data for type=TARGET | Key=bJ4c7QoLlNcMFFuJioBGdjLTBsBdyGqIZNFZF3YMlt0= | ID=2
16:10:10.969 [Expansion Quests] Updated and saved persistent player quest data for player with UID=bJ4c7QoLlNcMFFuJioBGdjLTBsBdyGqIZNFZF3YMlt0= | Quest ID=9
16:10:10.970 [Expansion Quests] Added new objective data for type=ACTION | Key=bJ4c7QoLlNcMFFuJioBGdjLTBsBdyGqIZNFZF3YMlt0= | ID=1
16:10:10.973 [Expansion Quests] Updated and saved persistent player quest data for player with UID=bJ4c7QoLlNcMFFuJioBGdjLTBsBdyGqIZNFZF3YMlt0= | Quest ID=11
