13:27:19.399 [Expansion Quests] Objective with ID=1 (Type=TARGET) is set to inactive. Skip adding objective..
13:27:19.401 [Expansion Quests] Objective with ID=2 (Type=TARGET) is set to inactive. Skip adding objective..
13:27:19.408 [Expansion Quests] Objective with ID=3 (Type=TARGET) is set to inactive. Skip adding objective..
13:27:19.410 [Expansion Quests] Objective with ID=4 (Type=TARGET) is set to inactive. Skip adding objective..
13:27:19.530 [Expansion Quests] Objective with ID=1 (Type=AIESCORT) is set to inactive. Skip adding objective..
13:27:19.531 [Expansion Quests] Objective with ID=2 (Type=AIESCORT) is set to inactive. Skip adding objective..
13:33:12.611 [MissionAirdrop] An airdrop is heading towards "Novodmitrovsk" (pos=<11125.000000, 0.000000, 14040.000000> type=Random_Novodmitrovsk) with a ExpansionAirdropContainer_Military
14:13:51.913 [Safezone] Player "Boogahadeen" (id=bJ4c7QoLlNcMFFuJioBGdjLTBsBdyGqIZNFZF3YMlt0= pos=<3697.16, 402.02, 5994.92>) entered the safezone
14:13:51.918 [Party] Player "Boogahadeen" (id=bJ4c7QoLlNcMFFuJioBGdjLTBsBdyGqIZNFZF3YMlt0=) joined the party "ATG" (id=0 ownerUID=0ROjOu34qUpKfk3o_KbpKS2xSbFfZ9nDCrc2879VWQY= ownerName=Phill_Swift)
14:13:51.920 [Expansion Quests] Initialize quest system on the connected client with UID=bJ4c7QoLlNcMFFuJioBGdjLTBsBdyGqIZNFZF3YMlt0=
14:13:51.948 [Expansion Quests] Loaded existing player quest data for player with UID=bJ4c7QoLlNcMFFuJioBGdjLTBsBdyGqIZNFZF3YMlt0=
14:13:51.950 [Expansion Quests] Loaded existing group quest data for group with ID=0
14:13:51.951 [Expansion Quests] Check quest initialization for quest with ID=5 | State=NONE | Player UID=bJ4c7QoLlNcMFFuJioBGdjLTBsBdyGqIZNFZF3YMlt0=
14:13:51.951 [Expansion Quests] Check quest initialization for quest with ID=8 | State=STARTED | Player UID=bJ4c7QoLlNcMFFuJioBGdjLTBsBdyGqIZNFZF3YMlt0=
14:13:51.952 [Expansion Quests] Create new quest instance for quest with ID=8 | Player UID=bJ4c7QoLlNcMFFuJioBGdjLTBsBdyGqIZNFZF3YMlt0=
14:13:51.953 [Expansion Quests] Check quest initialization for quest with ID=9 | State=COMPLETED | Player UID=bJ4c7QoLlNcMFFuJioBGdjLTBsBdyGqIZNFZF3YMlt0=
14:13:51.953 [Expansion Quests] Check quest initialization for quest with ID=11 | State=STARTED | Player UID=bJ4c7QoLlNcMFFuJioBGdjLTBsBdyGqIZNFZF3YMlt0=
14:13:51.954 [Expansion Quests] Create new quest instance for quest with ID=11 | Player UID=bJ4c7QoLlNcMFFuJioBGdjLTBsBdyGqIZNFZF3YMlt0=
14:13:51.954 [Expansion Quests] Check quest initialization for quest with ID=14 | State=COMPLETED | Player UID=bJ4c7QoLlNcMFFuJioBGdjLTBsBdyGqIZNFZF3YMlt0=
14:13:51.954 [Expansion Quests] Quest with ID=1 is not a a valid achievement or auto start quest. Skip quest for player with UID=bJ4c7QoLlNcMFFuJioBGdjLTBsBdyGqIZNFZF3YMlt0=
14:13:51.955 [Expansion Quests] Quest with ID=2 is not a a valid achievement or auto start quest. Skip quest for player with UID=bJ4c7QoLlNcMFFuJioBGdjLTBsBdyGqIZNFZF3YMlt0=
14:13:51.955 [Expansion Quests] Quest with ID=3 is not a a valid achievement or auto start quest. Skip quest for player with UID=bJ4c7QoLlNcMFFuJioBGdjLTBsBdyGqIZNFZF3YMlt0=
14:13:51.955 [Expansion Quests] Quest with ID=4 is not a a valid achievement or auto start quest. Skip quest for player with UID=bJ4c7QoLlNcMFFuJioBGdjLTBsBdyGqIZNFZF3YMlt0=
14:13:51.955 [Expansion Quests] Quest with ID=5 is not a a valid achievement or auto start quest. Skip quest for player with UID=bJ4c7QoLlNcMFFuJioBGdjLTBsBdyGqIZNFZF3YMlt0=
14:13:51.955 [Expansion Quests] Quest with ID=6 is not a a valid achievement or auto start quest. Skip quest for player with UID=bJ4c7QoLlNcMFFuJioBGdjLTBsBdyGqIZNFZF3YMlt0=
14:13:51.955 [Expansion Quests] Quest with ID=7 is not a a valid achievement or auto start quest. Skip quest for player with UID=bJ4c7QoLlNcMFFuJioBGdjLTBsBdyGqIZNFZF3YMlt0=
14:13:51.955 [Expansion Quests] Quest with ID=10 is not a a valid achievement or auto start quest. Skip quest for player with UID=bJ4c7QoLlNcMFFuJioBGdjLTBsBdyGqIZNFZF3YMlt0=
14:13:51.955 [Expansion Quests] Quest with ID=12 is not a a valid achievement or auto start quest. Skip quest for player with UID=bJ4c7QoLlNcMFFuJioBGdjLTBsBdyGqIZNFZF3YMlt0=
14:13:51.956 [Expansion Quests] Quest with ID=13 is not a a valid achievement or auto start quest. Skip quest for player with UID=bJ4c7QoLlNcMFFuJioBGdjLTBsBdyGqIZNFZF3YMlt0=
14:13:51.956 [Expansion Quests] Quest with ID=15 is not a a valid achievement or auto start quest. Skip quest for player with UID=bJ4c7QoLlNcMFFuJioBGdjLTBsBdyGqIZNFZF3YMlt0=
14:13:51.956 [Expansion Quests] Quest with ID=400 is not a a valid achievement or auto start quest. Skip quest for player with UID=bJ4c7QoLlNcMFFuJioBGdjLTBsBdyGqIZNFZF3YMlt0=
14:13:51.957 [Expansion Quests] Quest with ID=17 is not a a valid achievement or auto start quest. Skip quest for player with UID=bJ4c7QoLlNcMFFuJioBGdjLTBsBdyGqIZNFZF3YMlt0=
14:13:51.957 [Expansion Quests] Quest with ID=18 is not a a valid achievement or auto start quest. Skip quest for player with UID=bJ4c7QoLlNcMFFuJioBGdjLTBsBdyGqIZNFZF3YMlt0=
14:13:51.957 [Expansion Quests] Quest with ID=19 is not a a valid achievement or auto start quest. Skip quest for player with UID=bJ4c7QoLlNcMFFuJioBGdjLTBsBdyGqIZNFZF3YMlt0=
14:13:51.957 [Expansion Quests] Quest with ID=20 is not a a valid achievement or auto start quest. Skip quest for player with UID=bJ4c7QoLlNcMFFuJioBGdjLTBsBdyGqIZNFZF3YMlt0=
14:13:51.957 [Expansion Quests] Quest with ID=21 is not a a valid achievement or auto start quest. Skip quest for player with UID=bJ4c7QoLlNcMFFuJioBGdjLTBsBdyGqIZNFZF3YMlt0=
14:13:51.957 [Expansion Quests] Quest with ID=22 is not a a valid achievement or auto start quest. Skip quest for player with UID=bJ4c7QoLlNcMFFuJioBGdjLTBsBdyGqIZNFZF3YMlt0=
14:13:51.957 [Expansion Quests] Quest with ID=23 is not a a valid achievement or auto start quest. Skip quest for player with UID=bJ4c7QoLlNcMFFuJioBGdjLTBsBdyGqIZNFZF3YMlt0=
14:13:51.957 [Expansion Quests] Quest with ID=24 is not a a valid achievement or auto start quest. Skip quest for player with UID=bJ4c7QoLlNcMFFuJioBGdjLTBsBdyGqIZNFZF3YMlt0=
14:13:51.958 [Expansion Quests] Quest with ID=800 is not a a valid achievement or auto start quest. Skip quest for player with UID=bJ4c7QoLlNcMFFuJioBGdjLTBsBdyGqIZNFZF3YMlt0=
14:13:51.958 [Expansion Quests] Quest with ID=801 is not a a valid achievement or auto start quest. Skip quest for player with UID=bJ4c7QoLlNcMFFuJioBGdjLTBsBdyGqIZNFZF3YMlt0=
14:13:51.958 [Expansion Quests] Quest with ID=802 is not a a valid achievement or auto start quest. Skip quest for player with UID=bJ4c7QoLlNcMFFuJioBGdjLTBsBdyGqIZNFZF3YMlt0=
14:13:51.958 [Expansion Quests] Quest with ID=803 is not a a valid achievement or auto start quest. Skip quest for player with UID=bJ4c7QoLlNcMFFuJioBGdjLTBsBdyGqIZNFZF3YMlt0=
14:13:51.958 [Expansion Quests] Quest with ID=300 is not a a valid achievement or auto start quest. Skip quest for player with UID=bJ4c7QoLlNcMFFuJioBGdjLTBsBdyGqIZNFZF3YMlt0=
14:13:51.958 [Expansion Quests] Quest with ID=16 is not a a valid achievement or auto start quest. Skip quest for player with UID=bJ4c7QoLlNcMFFuJioBGdjLTBsBdyGqIZNFZF3YMlt0=
14:13:51.958 [Expansion Quests] Quest with ID=500 is not a a valid achievement or auto start quest. Skip quest for player with UID=bJ4c7QoLlNcMFFuJioBGdjLTBsBdyGqIZNFZF3YMlt0=
14:13:51.959 [Expansion Quests] Quest with ID=501 is not a a valid achievement or auto start quest. Skip quest for player with UID=bJ4c7QoLlNcMFFuJioBGdjLTBsBdyGqIZNFZF3YMlt0=
14:13:51.959 [Expansion Quests] Quest with ID=502 is not a a valid achievement or auto start quest. Skip quest for player with UID=bJ4c7QoLlNcMFFuJioBGdjLTBsBdyGqIZNFZF3YMlt0=
14:13:51.959 [Expansion Quests] Quest with ID=503 is not a a valid achievement or auto start quest. Skip quest for player with UID=bJ4c7QoLlNcMFFuJioBGdjLTBsBdyGqIZNFZF3YMlt0=
14:13:51.959 [Expansion Quests] Quest with ID=504 is not a a valid achievement or auto start quest. Skip quest for player with UID=bJ4c7QoLlNcMFFuJioBGdjLTBsBdyGqIZNFZF3YMlt0=
14:13:51.959 [Expansion Quests] Quest with ID=505 is not a a valid achievement or auto start quest. Skip quest for player with UID=bJ4c7QoLlNcMFFuJioBGdjLTBsBdyGqIZNFZF3YMlt0=
14:13:51.960 [Expansion Quests] Sending bJ4c7QoLlNcMFFuJioBGdjLTBsBdyGqIZNFZF3YMlt0= quest configs to client for player with UID=bJ4c7QoLlNcMFFuJioBGdjLTBsBdyGqIZNFZF3YMlt0=
14:13:51.961 [Expansion Quests] Sending player quest data for 5 quests to player with UID=bJ4c7QoLlNcMFFuJioBGdjLTBsBdyGqIZNFZF3YMlt0=
14:13:51.963 [AI Patrol 00035] Spawning 1 Raiders bots at <4154.414063, 324.793945, 5465.822754>
14:13:52.026 [AI Patrol 00035] Global patrol count: 1
14:13:52.027 [AI Patrol 00035] Patrol category patrol count: 1
14:13:52.027 [AI Patrol 00036] Spawning 2 Raiders bots at <4503.308594, 314.990967, 5724.351074>
14:13:52.122 [AI Patrol 00036] Global patrol count: 2
14:13:52.122 [AI Patrol 00036] Patrol category patrol count: 2
14:13:52.786 [Expansion Quests] - LoadGroupQuestData - Got cached group quest data for group with ID=0
14:15:22.516 [VehicleEnter] Player "Boogahadeen" (id=bJ4c7QoLlNcMFFuJioBGdjLTBsBdyGqIZNFZF3YMlt0=) entered vehicle Sarka 120 (id=1DEE3566C2440EF084F17B88CFAB5C45 pos=<3715.27, 401.98, 6000.87>) as driver
14:15:28.988 [VehicleLeave] Player "Boogahadeen" (id=bJ4c7QoLlNcMFFuJioBGdjLTBsBdyGqIZNFZF3YMlt0=) left vehicle Sarka 120 (id=1DEE3566C2440EF084F17B88CFAB5C45 pos=<3715.27, 401.98, 6000.86>)
14:15:32.646 [VehicleEnter] Player "Boogahadeen" (id=bJ4c7QoLlNcMFFuJioBGdjLTBsBdyGqIZNFZF3YMlt0=) entered vehicle Sarka 120 (id=1DEE3566C2440EF084F17B88CFAB5C45 pos=<3715.27, 401.98, 6000.86>) as driver
14:15:34.530 [VehicleEngine] Player "Boogahadeen" (id=bJ4c7QoLlNcMFFuJioBGdjLTBsBdyGqIZNFZF3YMlt0=) started vehicle Sarka 120 (id=1DEE3566C2440EF084F17B88CFAB5C45 pos=<3715.27, 401.98, 6000.86>)
14:15:57.548 [VehicleLeave] Player "Boogahadeen" (id=bJ4c7QoLlNcMFFuJioBGdjLTBsBdyGqIZNFZF3YMlt0=) left vehicle Sarka 120 (id=1DEE3566C2440EF084F17B88CFAB5C45 pos=<3715.27, 401.98, 6000.84>)
14:34:25.673 [VehicleDeleted] UAZ_27722_mchs (id=07AC9CF4C7495C952138619CC628492E pos=<0.02, 0.56, 0.06>)
14:34:25.757 [Market] Player "Boogahadeen" (id=bJ4c7QoLlNcMFFuJioBGdjLTBsBdyGqIZNFZF3YMlt0=) has bought uaz_27722_mchs x1 (b6618880, UAZ_27722_mchs_wheel<e6ff52a0>, UAZ_27722_mchs_migalka<eb60c380>, UAZ_27722_mchs_doors_trunk<eb60b7f0>, UAZ_27722_mchs_doors_hood<eb60ac60>, UAZ_27722_mchs_doors_cargo2<e3b9aef0>, UAZ_27722_mchs_doors_cargo1<cf06eef0>, UAZ_27722_mchs_doors_codriver<a897d070>, UAZ_27722_mchs_doors_driver<a897a230>, UAZ_27722_mchs_wheel<e6ff52a0>, UAZ_27722_mchs_wheel<e6ff52a0>, UAZ_27722_mchs_wheel<e6ff52a0>, UAZ_27722_mchs_wheel<e6ff52a0>, SparkPlug<e7e059c0>, CarBattery<ec8ca9c0>, CarRadiator<ec8c2a90>, HeadlightH7<cfd30990>, HeadlightH7<cfd30990>) from the trader "Vehicles (Rolf [#STR_EXPANSION_MARKET_TRADER_VEHICLES])" in market zone "Green Mountain Trading Zone" (pos=<3728.270020, 403.000000, 6003.600098>) for a price of 38507.
14:34:47.466 [ATM] Player "Boogahadeen" (id=bJ4c7QoLlNcMFFuJioBGdjLTBsBdyGqIZNFZF3YMlt0=) has deposited 7444000 on his ATM account.
14:35:04.096 [ATM] Player "Boogahadeen" (id=bJ4c7QoLlNcMFFuJioBGdjLTBsBdyGqIZNFZF3YMlt0=) has withdrawn 500000 from his ATM account.
14:37:58.883 [Expansion Quests] Added new objective data for type=TARGET | Key=bJ4c7QoLlNcMFFuJioBGdjLTBsBdyGqIZNFZF3YMlt0= | ID=3
14:37:58.892 [Expansion Quests] Updated and saved persistent player quest data for player with UID=bJ4c7QoLlNcMFFuJioBGdjLTBsBdyGqIZNFZF3YMlt0= | Quest ID=8
14:37:58.894 [Expansion Quests] Added new objective data for type=ACTION | Key=bJ4c7QoLlNcMFFuJioBGdjLTBsBdyGqIZNFZF3YMlt0= | ID=1
14:37:58.897 [Expansion Quests] Updated and saved persistent player quest data for player with UID=bJ4c7QoLlNcMFFuJioBGdjLTBsBdyGqIZNFZF3YMlt0= | Quest ID=11
