01:56:24.017 [Expansion Quests] Initialize quest system on the connected client with UID=bJ4c7QoLlNcMFFuJioBGdjLTBsBdyGqIZNFZF3YMlt0=
01:56:24.025 [Expansion Quests] Loaded existing player quest data for player with UID=bJ4c7QoLlNcMFFuJioBGdjLTBsBdyGqIZNFZF3YMlt0=
01:56:24.026 [Expansion Quests] Check quest initialization for quest with ID=8 | State=STARTED | Player UID=bJ4c7QoLlNcMFFuJioBGdjLTBsBdyGqIZNFZF3YMlt0=
01:56:24.027 [Expansion Quests] Create new quest instance for quest with ID=8 | Player UID=bJ4c7QoLlNcMFFuJioBGdjLTBsBdyGqIZNFZF3YMlt0=
01:56:24.028 [Expansion Quests] Check quest initialization for quest with ID=9 | State=STARTED | Player UID=bJ4c7QoLlNcMFFuJioBGdjLTBsBdyGqIZNFZF3YMlt0=
01:56:24.029 [Expansion Quests] Create new quest instance for quest with ID=9 | Player UID=bJ4c7QoLlNcMFFuJioBGdjLTBsBdyGqIZNFZF3YMlt0=
01:56:24.030 [Expansion Quests] Check quest initialization for quest with ID=11 | State=STARTED | Player UID=bJ4c7QoLlNcMFFuJioBGdjLTBsBdyGqIZNFZF3YMlt0=
01:56:24.030 [Expansion Quests] Create new quest instance for quest with ID=11 | Player UID=bJ4c7QoLlNcMFFuJioBGdjLTBsBdyGqIZNFZF3YMlt0=
01:56:24.032 [Expansion Quests] Check quest initialization for quest with ID=14 | State=COMPLETED | Player UID=bJ4c7QoLlNcMFFuJioBGdjLTBsBdyGqIZNFZF3YMlt0=
01:56:24.033 [Expansion Quests] Quest with ID=1 is not a a valid achievement or auto start quest. Skip quest for player with UID=bJ4c7QoLlNcMFFuJioBGdjLTBsBdyGqIZNFZF3YMlt0=
01:56:24.033 [Expansion Quests] Quest with ID=2 is not a a valid achievement or auto start quest. Skip quest for player with UID=bJ4c7QoLlNcMFFuJioBGdjLTBsBdyGqIZNFZF3YMlt0=
01:56:24.033 [Expansion Quests] Quest with ID=3 is not a a valid achievement or auto start quest. Skip quest for player with UID=bJ4c7QoLlNcMFFuJioBGdjLTBsBdyGqIZNFZF3YMlt0=
01:56:24.034 [Expansion Quests] Quest with ID=4 is not a a valid achievement or auto start quest. Skip quest for player with UID=bJ4c7QoLlNcMFFuJioBGdjLTBsBdyGqIZNFZF3YMlt0=
01:56:24.034 [Expansion Quests] Quest with ID=5 is not a a valid achievement or auto start quest. Skip quest for player with UID=bJ4c7QoLlNcMFFuJioBGdjLTBsBdyGqIZNFZF3YMlt0=
01:56:24.034 [Expansion Quests] Quest with ID=6 is not a a valid achievement or auto start quest. Skip quest for player with UID=bJ4c7QoLlNcMFFuJioBGdjLTBsBdyGqIZNFZF3YMlt0=
01:56:24.035 [Expansion Quests] Quest with ID=7 is not a a valid achievement or auto start quest. Skip quest for player with UID=bJ4c7QoLlNcMFFuJioBGdjLTBsBdyGqIZNFZF3YMlt0=
01:56:24.035 [Expansion Quests] Quest with ID=10 is not a a valid achievement or auto start quest. Skip quest for player with UID=bJ4c7QoLlNcMFFuJioBGdjLTBsBdyGqIZNFZF3YMlt0=
01:56:24.035 [Expansion Quests] Quest with ID=12 is not a a valid achievement or auto start quest. Skip quest for player with UID=bJ4c7QoLlNcMFFuJioBGdjLTBsBdyGqIZNFZF3YMlt0=
01:56:24.036 [Expansion Quests] Quest with ID=13 is not a a valid achievement or auto start quest. Skip quest for player with UID=bJ4c7QoLlNcMFFuJioBGdjLTBsBdyGqIZNFZF3YMlt0=
01:56:24.036 [Expansion Quests] Quest with ID=15 is not a a valid achievement or auto start quest. Skip quest for player with UID=bJ4c7QoLlNcMFFuJioBGdjLTBsBdyGqIZNFZF3YMlt0=
01:56:24.036 [Expansion Quests] Quest with ID=16 is not a a valid achievement or auto start quest. Skip quest for player with UID=bJ4c7QoLlNcMFFuJioBGdjLTBsBdyGqIZNFZF3YMlt0=
01:56:24.037 [Expansion Quests] Quest with ID=17 is not a a valid achievement or auto start quest. Skip quest for player with UID=bJ4c7QoLlNcMFFuJioBGdjLTBsBdyGqIZNFZF3YMlt0=
01:56:24.037 [Expansion Quests] Quest with ID=18 is not a a valid achievement or auto start quest. Skip quest for player with UID=bJ4c7QoLlNcMFFuJioBGdjLTBsBdyGqIZNFZF3YMlt0=
01:56:24.038 [Expansion Quests] Quest with ID=19 is not a a valid achievement or auto start quest. Skip quest for player with UID=bJ4c7QoLlNcMFFuJioBGdjLTBsBdyGqIZNFZF3YMlt0=
01:56:24.038 [Expansion Quests] Quest with ID=20 is not a a valid achievement or auto start quest. Skip quest for player with UID=bJ4c7QoLlNcMFFuJioBGdjLTBsBdyGqIZNFZF3YMlt0=
01:56:24.038 [Expansion Quests] Quest with ID=21 is not a a valid achievement or auto start quest. Skip quest for player with UID=bJ4c7QoLlNcMFFuJioBGdjLTBsBdyGqIZNFZF3YMlt0=
01:56:24.039 [Expansion Quests] Quest with ID=22 is not a a valid achievement or auto start quest. Skip quest for player with UID=bJ4c7QoLlNcMFFuJioBGdjLTBsBdyGqIZNFZF3YMlt0=
01:56:24.039 [Expansion Quests] Quest with ID=23 is not a a valid achievement or auto start quest. Skip quest for player with UID=bJ4c7QoLlNcMFFuJioBGdjLTBsBdyGqIZNFZF3YMlt0=
01:56:24.040 [Expansion Quests] Quest with ID=24 is not a a valid achievement or auto start quest. Skip quest for player with UID=bJ4c7QoLlNcMFFuJioBGdjLTBsBdyGqIZNFZF3YMlt0=
01:56:24.041 [Expansion Quests] Sending bJ4c7QoLlNcMFFuJioBGdjLTBsBdyGqIZNFZF3YMlt0= quest configs to client for player with UID=bJ4c7QoLlNcMFFuJioBGdjLTBsBdyGqIZNFZF3YMlt0=
01:56:24.042 [Expansion Quests] Sending player quest data for 4 quests to player with UID=bJ4c7QoLlNcMFFuJioBGdjLTBsBdyGqIZNFZF3YMlt0=
02:00:57.925 [MissionAirdrop] An airdrop is heading towards "Novodmitrovsk" (pos=<11125.000000, 0.000000, 14040.000000> type=Random_Novodmitrovsk) with a ExpansionAirdropContainer_Military
02:02:57.926 [SpawnSelection] Player "Boogahadeen" (id=bJ4c7QoLlNcMFFuJioBGdjLTBsBdyGqIZNFZF3YMlt0=) spawned at <7118.122070, 1.824183, 2533.971924>
02:02:57.958 [AI Object Patrol 00014] Spawning 2 Raiders bots at <6775.502441, 7.365909, 2966.089844>
02:02:58.037 [AI Object Patrol 00014] Global patrol count: 1
02:02:58.037 [AI Object Patrol 00012] Spawning 1 Raiders bots at <6671.543945, 7.688773, 2963.734619>
02:02:58.091 [AI Object Patrol 00012] Global patrol count: 2
02:02:58.092 [AI Object Patrol 00013] Spawning 3 Raiders bots at <6829.661133, 11.254861, 2965.185059>
02:02:58.153 [AI Object Patrol 00013] Global patrol count: 3
02:03:24.394 [Killfeed] AI Eva (Raiders) got killed by AI Naomi (Raiders) with M16-A2 from a distance of 30 m.
02:03:37.941 [VehicleEnter] Player "Boogahadeen" (id=bJ4c7QoLlNcMFFuJioBGdjLTBsBdyGqIZNFZF3YMlt0=) entered vehicle Gyrocopter (id=DD75FC6D9543510DBA44FC8B20719686 pos=<7118.14, 1.89, 2533.98>) as pilot
02:03:40.330 [VehicleEngine] Player "Boogahadeen" [uid=bJ4c7QoLlNcMFFuJioBGdjLTBsBdyGqIZNFZF3YMlt0=] started vehicle Gyrocopter (id=DD75FC6D9543510DBA44FC8B20719686 pos=<7118.136719, 1.890252, 2533.976807>)
02:03:47.445 [Killfeed] AI Linda (Raiders) got killed by AI Lewis (Raiders) with KA-M from a distance of 54 m.
02:03:48.262 [AI Object Patrol 00014] Raiders bots were wiped out (spawn position <6775.502441, 7.365909, 2966.089844>, 2/2 deceased)
02:03:48.263 [AI Object Patrol 00014] Global patrol count: 2
02:05:15.906 [VehicleLeave] Player "Boogahadeen" (id=bJ4c7QoLlNcMFFuJioBGdjLTBsBdyGqIZNFZF3YMlt0=) left vehicle Gyrocopter (id=DD75FC6D9543510DBA44FC8B20719686 pos=<6547.14, 45.25, 2327.81>)
02:06:12.912 [Killfeed] AI Naomi (Raiders) got beaten to a pulp by AI Taiki (Raiders) with bare hands.
02:07:02.780 [Killfeed] AI Taiki (Raiders) got beaten to a pulp by AI Lewis (Raiders) with bare hands.
02:07:04.334 [AI Object Patrol 00012] Raiders bots were wiped out (spawn position <6671.543945, 7.688773, 2963.734619>, 1/1 deceased)
02:07:04.335 [AI Object Patrol 00012] Global patrol count: 1
02:13:27.768 [VehicleEnter] Player "Boogahadeen" (id=bJ4c7QoLlNcMFFuJioBGdjLTBsBdyGqIZNFZF3YMlt0=) entered vehicle Gyrocopter (id=DD75FC6D9543510DBA44FC8B20719686 pos=<6539.17, 7.9, 2320.21>) as pilot
02:13:30.036 [VehicleEngine] Player "Boogahadeen" [uid=bJ4c7QoLlNcMFFuJioBGdjLTBsBdyGqIZNFZF3YMlt0=] started vehicle Gyrocopter (id=DD75FC6D9543510DBA44FC8B20719686 pos=<6539.165527, 7.901301, 2320.215820>)
02:14:22.081 [VehicleLeave] Player "Boogahadeen" (id=bJ4c7QoLlNcMFFuJioBGdjLTBsBdyGqIZNFZF3YMlt0=) left vehicle Gyrocopter (id=DD75FC6D9543510DBA44FC8B20719686 pos=<6902.64, 10.55, 3012.39>)
02:15:08.947 [VehicleDestroyed] ExpansionGyrocopter (id=DD75FC6D9543510DBA44FC8B20719686 pos=<6902.65, 10.55, 3012.39>)
02:16:20.090 [VehicleDeleted] ExpansionGyrocopter (id=DD75FC6D9543510DBA44FC8B20719686 pos=<6902.65, 10.55, 3012.42>)
02:18:50.695 [Airdrop] A player called airdrop is heading toward <11243.720703, 0.000000, 13961.463867> with a ExpansionAirdropContainer_Military
02:25:59.400 [AI Object Patrol 00013] Despawning 2 Raiders bots (spawn position <6829.661133, 11.254861, 2965.185059>, 1/3 deceased)
02:25:59.401 [AI Object Patrol 00013] Global patrol count: 0
02:30:04.071 [Expansion Quests] Added new objective data for type=TARGET | Key=bJ4c7QoLlNcMFFuJioBGdjLTBsBdyGqIZNFZF3YMlt0= | ID=3
02:30:04.077 [Expansion Quests] Updated and saved persistent player quest data for player with UID=bJ4c7QoLlNcMFFuJioBGdjLTBsBdyGqIZNFZF3YMlt0= | Quest ID=8
02:30:04.078 [Expansion Quests] Added new objective data for type=TARGET | Key=bJ4c7QoLlNcMFFuJioBGdjLTBsBdyGqIZNFZF3YMlt0= | ID=2
02:30:04.079 [Expansion Quests] Updated and saved persistent player quest data for player with UID=bJ4c7QoLlNcMFFuJioBGdjLTBsBdyGqIZNFZF3YMlt0= | Quest ID=9
02:30:04.080 [Expansion Quests] Added new objective data for type=ACTION | Key=bJ4c7QoLlNcMFFuJioBGdjLTBsBdyGqIZNFZF3YMlt0= | ID=1
02:30:04.081 [Expansion Quests] Updated and saved persistent player quest data for player with UID=bJ4c7QoLlNcMFFuJioBGdjLTBsBdyGqIZNFZF3YMlt0= | Quest ID=11
