01:54:21.962 [Party] Player "Boogahadeen" (id=bJ4c7QoLlNcMFFuJioBGdjLTBsBdyGqIZNFZF3YMlt0=) joinded the party "ATG" (id=0 ownerUID=0ROjOu34qUpKfk3o_KbpKS2xSbFfZ9nDCrc2879VWQY= ownerName=Phill_Swift)
01:54:21.966 [Expansion Quests] Initialize quest system on the connected client with UID=bJ4c7QoLlNcMFFuJioBGdjLTBsBdyGqIZNFZF3YMlt0=
01:54:21.995 [Expansion Quests] Loaded existing player quest data for player with UID=bJ4c7QoLlNcMFFuJioBGdjLTBsBdyGqIZNFZF3YMlt0=
01:54:22.000 [Expansion Quests] Loaded existing group quest data for group with ID=0
01:54:22.001 [Expansion Quests] Check quest initialization for quest with ID=8 | State=STARTED | Player UID=bJ4c7QoLlNcMFFuJioBGdjLTBsBdyGqIZNFZF3YMlt0=
01:54:22.002 [Expansion Quests] Create new quest instance for quest with ID=8 | Player UID=bJ4c7QoLlNcMFFuJioBGdjLTBsBdyGqIZNFZF3YMlt0=
01:54:22.006 [Expansion Quests] Check quest initialization for quest with ID=9 | State=STARTED | Player UID=bJ4c7QoLlNcMFFuJioBGdjLTBsBdyGqIZNFZF3YMlt0=
01:54:22.007 [Expansion Quests] Create new quest instance for quest with ID=9 | Player UID=bJ4c7QoLlNcMFFuJioBGdjLTBsBdyGqIZNFZF3YMlt0=
01:54:22.007 [Expansion Quests] Check quest initialization for quest with ID=11 | State=STARTED | Player UID=bJ4c7QoLlNcMFFuJioBGdjLTBsBdyGqIZNFZF3YMlt0=
01:54:22.008 [Expansion Quests] Create new quest instance for quest with ID=11 | Player UID=bJ4c7QoLlNcMFFuJioBGdjLTBsBdyGqIZNFZF3YMlt0=
01:54:22.009 [Expansion Quests] Check quest initialization for quest with ID=14 | State=COMPLETED | Player UID=bJ4c7QoLlNcMFFuJioBGdjLTBsBdyGqIZNFZF3YMlt0=
01:54:22.010 [Expansion Quests] Quest with ID=1 is not a a valid achievement or auto start quest. Skip quest for player with UID=bJ4c7QoLlNcMFFuJioBGdjLTBsBdyGqIZNFZF3YMlt0=
01:54:22.011 [Expansion Quests] Quest with ID=2 is not a a valid achievement or auto start quest. Skip quest for player with UID=bJ4c7QoLlNcMFFuJioBGdjLTBsBdyGqIZNFZF3YMlt0=
01:54:22.011 [Expansion Quests] Quest with ID=3 is not a a valid achievement or auto start quest. Skip quest for player with UID=bJ4c7QoLlNcMFFuJioBGdjLTBsBdyGqIZNFZF3YMlt0=
01:54:22.011 [Expansion Quests] Quest with ID=4 is not a a valid achievement or auto start quest. Skip quest for player with UID=bJ4c7QoLlNcMFFuJioBGdjLTBsBdyGqIZNFZF3YMlt0=
01:54:22.012 [Expansion Quests] Quest with ID=5 is not a a valid achievement or auto start quest. Skip quest for player with UID=bJ4c7QoLlNcMFFuJioBGdjLTBsBdyGqIZNFZF3YMlt0=
01:54:22.012 [Expansion Quests] Quest with ID=6 is not a a valid achievement or auto start quest. Skip quest for player with UID=bJ4c7QoLlNcMFFuJioBGdjLTBsBdyGqIZNFZF3YMlt0=
01:54:22.013 [Expansion Quests] Quest with ID=7 is not a a valid achievement or auto start quest. Skip quest for player with UID=bJ4c7QoLlNcMFFuJioBGdjLTBsBdyGqIZNFZF3YMlt0=
01:54:22.013 [Expansion Quests] Quest with ID=10 is not a a valid achievement or auto start quest. Skip quest for player with UID=bJ4c7QoLlNcMFFuJioBGdjLTBsBdyGqIZNFZF3YMlt0=
01:54:22.014 [Expansion Quests] Quest with ID=12 is not a a valid achievement or auto start quest. Skip quest for player with UID=bJ4c7QoLlNcMFFuJioBGdjLTBsBdyGqIZNFZF3YMlt0=
01:54:22.014 [Expansion Quests] Quest with ID=13 is not a a valid achievement or auto start quest. Skip quest for player with UID=bJ4c7QoLlNcMFFuJioBGdjLTBsBdyGqIZNFZF3YMlt0=
01:54:22.014 [Expansion Quests] Quest with ID=15 is not a a valid achievement or auto start quest. Skip quest for player with UID=bJ4c7QoLlNcMFFuJioBGdjLTBsBdyGqIZNFZF3YMlt0=
01:54:22.015 [Expansion Quests] Quest with ID=16 is not a a valid achievement or auto start quest. Skip quest for player with UID=bJ4c7QoLlNcMFFuJioBGdjLTBsBdyGqIZNFZF3YMlt0=
01:54:22.015 [Expansion Quests] Quest with ID=17 is not a a valid achievement or auto start quest. Skip quest for player with UID=bJ4c7QoLlNcMFFuJioBGdjLTBsBdyGqIZNFZF3YMlt0=
01:54:22.015 [Expansion Quests] Quest with ID=18 is not a a valid achievement or auto start quest. Skip quest for player with UID=bJ4c7QoLlNcMFFuJioBGdjLTBsBdyGqIZNFZF3YMlt0=
01:54:22.015 [Expansion Quests] Quest with ID=19 is not a a valid achievement or auto start quest. Skip quest for player with UID=bJ4c7QoLlNcMFFuJioBGdjLTBsBdyGqIZNFZF3YMlt0=
01:54:22.016 [Expansion Quests] Quest with ID=20 is not a a valid achievement or auto start quest. Skip quest for player with UID=bJ4c7QoLlNcMFFuJioBGdjLTBsBdyGqIZNFZF3YMlt0=
01:54:22.016 [Expansion Quests] Quest with ID=21 is not a a valid achievement or auto start quest. Skip quest for player with UID=bJ4c7QoLlNcMFFuJioBGdjLTBsBdyGqIZNFZF3YMlt0=
01:54:22.017 [Expansion Quests] Quest with ID=22 is not a a valid achievement or auto start quest. Skip quest for player with UID=bJ4c7QoLlNcMFFuJioBGdjLTBsBdyGqIZNFZF3YMlt0=
01:54:22.017 [Expansion Quests] Quest with ID=23 is not a a valid achievement or auto start quest. Skip quest for player with UID=bJ4c7QoLlNcMFFuJioBGdjLTBsBdyGqIZNFZF3YMlt0=
01:54:22.017 [Expansion Quests] Quest with ID=24 is not a a valid achievement or auto start quest. Skip quest for player with UID=bJ4c7QoLlNcMFFuJioBGdjLTBsBdyGqIZNFZF3YMlt0=
01:54:22.020 [Expansion Quests] Sending bJ4c7QoLlNcMFFuJioBGdjLTBsBdyGqIZNFZF3YMlt0= quest configs to client for player with UID=bJ4c7QoLlNcMFFuJioBGdjLTBsBdyGqIZNFZF3YMlt0=
01:54:22.024 [Expansion Quests] Sending player quest data for 4 quests to player with UID=bJ4c7QoLlNcMFFuJioBGdjLTBsBdyGqIZNFZF3YMlt0=
01:54:22.036 [AI Object Patrol 00035] Spawning 1 Raiders bots at <13269.254883, 122.313957, 12795.419922>
01:54:22.171 [AI Object Patrol 00035] Global patrol count: 1
01:54:22.172 [AI Object Patrol 00022] Spawning 2 Raiders bots at <12138.079102, 140.000000, 12860.817383>
01:54:22.242 [AI Object Patrol 00022] Global patrol count: 2
01:54:22.243 [AI Object Patrol 00023] Spawning 2 Raiders bots at <12101.496094, 140.000000, 12520.624023>
01:54:22.306 [AI Object Patrol 00023] Global patrol count: 3
01:54:22.308 [AI Object Patrol 00033] Spawning 2 Raiders bots at <11832.261719, 140.007309, 12531.916992>
01:54:22.483 [AI Object Patrol 00033] Global patrol count: 4
01:54:22.484 [AI Object Patrol 00020] Spawning 2 Raiders bots at <11897.592773, 140.000000, 12594.173828>
01:54:22.553 [AI Object Patrol 00020] Global patrol count: 5
01:54:22.553 [AI Object Patrol 00021] Spawning 2 Raiders bots at <11789.458984, 140.059280, 12702.046875>
01:54:22.619 [AI Object Patrol 00021] Global patrol count: 6
01:54:23.402 [Expansion Quests] - LoadGroupQuestData - Got cached group quest data for group with ID=0
01:55:54.400 [Killfeed] AI Lewis (Raiders) got killed by AI Manua (Raiders) with M4-A1 from a distance of 141 m.
01:56:02.480 [Party] Player "Boogahadeen" (id=bJ4c7QoLlNcMFFuJioBGdjLTBsBdyGqIZNFZF3YMlt0=) left the party "ATG" (id=0 ownerUID=0ROjOu34qUpKfk3o_KbpKS2xSbFfZ9nDCrc2879VWQY= ownerName=Phill_Swift)
01:56:02.482 [Expansion Quests] Deleted quest with ID=8 is a of player with UID=bJ4c7QoLlNcMFFuJioBGdjLTBsBdyGqIZNFZF3YMlt0=.
01:56:02.483 [Expansion Quests] Deleted quest with ID=9 is a of player with UID=bJ4c7QoLlNcMFFuJioBGdjLTBsBdyGqIZNFZF3YMlt0=.
01:56:02.483 [Expansion Quests] Deleted quest with ID=11 is a of player with UID=bJ4c7QoLlNcMFFuJioBGdjLTBsBdyGqIZNFZF3YMlt0=.
01:56:25.466 [Killfeed] AI Irena (Raiders) got killed by AI Oliver (Raiders) with AUR AX from a distance of 5 m.
01:56:28.967 [AI Object Patrol 00020] Raiders bots were wiped out (spawn position <11897.592773, 140.000000, 12594.173828>, 2/2 deceased)
01:56:28.967 [AI Object Patrol 00020] Global patrol count: 5
01:56:37.483 [Party] Player "Phill_Swift" (id=0ROjOu34qUpKfk3o_KbpKS2xSbFfZ9nDCrc2879VWQY=) joinded the party "ATG" (id=0 ownerUID=0ROjOu34qUpKfk3o_KbpKS2xSbFfZ9nDCrc2879VWQY= ownerName=Phill_Swift)
01:56:37.483 [Expansion Quests] Initialize quest system on the connected client with UID=0ROjOu34qUpKfk3o_KbpKS2xSbFfZ9nDCrc2879VWQY=
01:56:37.489 [Expansion Quests] Loaded existing player quest data for player with UID=0ROjOu34qUpKfk3o_KbpKS2xSbFfZ9nDCrc2879VWQY=
01:56:37.490 [Expansion Quests] - LoadGroupQuestData - Got cached group quest data for group with ID=0
01:56:37.490 [Expansion Quests] Check quest initialization for quest with ID=8 | State=STARTED | Player UID=0ROjOu34qUpKfk3o_KbpKS2xSbFfZ9nDCrc2879VWQY=
01:56:37.491 [Expansion Quests] Create new quest instance for quest with ID=8 | Player UID=0ROjOu34qUpKfk3o_KbpKS2xSbFfZ9nDCrc2879VWQY=
01:56:37.492 [Expansion Quests] Check quest initialization for quest with ID=9 | State=STARTED | Player UID=0ROjOu34qUpKfk3o_KbpKS2xSbFfZ9nDCrc2879VWQY=
01:56:37.492 [Expansion Quests] Create new quest instance for quest with ID=9 | Player UID=0ROjOu34qUpKfk3o_KbpKS2xSbFfZ9nDCrc2879VWQY=
01:56:37.493 [Expansion Quests] Check quest initialization for quest with ID=11 | State=STARTED | Player UID=0ROjOu34qUpKfk3o_KbpKS2xSbFfZ9nDCrc2879VWQY=
01:56:37.493 [Expansion Quests] Create new quest instance for quest with ID=11 | Player UID=0ROjOu34qUpKfk3o_KbpKS2xSbFfZ9nDCrc2879VWQY=
01:56:37.494 [Expansion Quests] Check quest initialization for quest with ID=14 | State=COMPLETED | Player UID=0ROjOu34qUpKfk3o_KbpKS2xSbFfZ9nDCrc2879VWQY=
01:56:37.495 [Expansion Quests] Quest with ID=1 is not a a valid achievement or auto start quest. Skip quest for player with UID=0ROjOu34qUpKfk3o_KbpKS2xSbFfZ9nDCrc2879VWQY=
01:56:37.495 [Expansion Quests] Quest with ID=2 is not a a valid achievement or auto start quest. Skip quest for player with UID=0ROjOu34qUpKfk3o_KbpKS2xSbFfZ9nDCrc2879VWQY=
01:56:37.496 [Expansion Quests] Quest with ID=3 is not a a valid achievement or auto start quest. Skip quest for player with UID=0ROjOu34qUpKfk3o_KbpKS2xSbFfZ9nDCrc2879VWQY=
01:56:37.496 [Expansion Quests] Quest with ID=4 is not a a valid achievement or auto start quest. Skip quest for player with UID=0ROjOu34qUpKfk3o_KbpKS2xSbFfZ9nDCrc2879VWQY=
01:56:37.496 [Expansion Quests] Quest with ID=5 is not a a valid achievement or auto start quest. Skip quest for player with UID=0ROjOu34qUpKfk3o_KbpKS2xSbFfZ9nDCrc2879VWQY=
01:56:37.498 [Expansion Quests] Quest with ID=6 is not a a valid achievement or auto start quest. Skip quest for player with UID=0ROjOu34qUpKfk3o_KbpKS2xSbFfZ9nDCrc2879VWQY=
01:56:37.498 [Expansion Quests] Quest with ID=7 is not a a valid achievement or auto start quest. Skip quest for player with UID=0ROjOu34qUpKfk3o_KbpKS2xSbFfZ9nDCrc2879VWQY=
01:56:37.499 [Expansion Quests] Quest with ID=10 is not a a valid achievement or auto start quest. Skip quest for player with UID=0ROjOu34qUpKfk3o_KbpKS2xSbFfZ9nDCrc2879VWQY=
01:56:37.499 [Expansion Quests] Quest with ID=12 is not a a valid achievement or auto start quest. Skip quest for player with UID=0ROjOu34qUpKfk3o_KbpKS2xSbFfZ9nDCrc2879VWQY=
01:56:37.500 [Expansion Quests] Quest with ID=13 is not a a valid achievement or auto start quest. Skip quest for player with UID=0ROjOu34qUpKfk3o_KbpKS2xSbFfZ9nDCrc2879VWQY=
01:56:37.500 [Expansion Quests] Quest with ID=15 is not a a valid achievement or auto start quest. Skip quest for player with UID=0ROjOu34qUpKfk3o_KbpKS2xSbFfZ9nDCrc2879VWQY=
01:56:37.500 [Expansion Quests] Quest with ID=16 is not a a valid achievement or auto start quest. Skip quest for player with UID=0ROjOu34qUpKfk3o_KbpKS2xSbFfZ9nDCrc2879VWQY=
01:56:37.500 [Expansion Quests] Quest with ID=17 is not a a valid achievement or auto start quest. Skip quest for player with UID=0ROjOu34qUpKfk3o_KbpKS2xSbFfZ9nDCrc2879VWQY=
01:56:37.500 [Expansion Quests] Quest with ID=18 is not a a valid achievement or auto start quest. Skip quest for player with UID=0ROjOu34qUpKfk3o_KbpKS2xSbFfZ9nDCrc2879VWQY=
01:56:37.500 [Expansion Quests] Quest with ID=19 is not a a valid achievement or auto start quest. Skip quest for player with UID=0ROjOu34qUpKfk3o_KbpKS2xSbFfZ9nDCrc2879VWQY=
01:56:37.501 [Expansion Quests] Quest with ID=20 is not a a valid achievement or auto start quest. Skip quest for player with UID=0ROjOu34qUpKfk3o_KbpKS2xSbFfZ9nDCrc2879VWQY=
01:56:37.501 [Expansion Quests] Quest with ID=21 is not a a valid achievement or auto start quest. Skip quest for player with UID=0ROjOu34qUpKfk3o_KbpKS2xSbFfZ9nDCrc2879VWQY=
01:56:37.502 [Expansion Quests] Quest with ID=22 is not a a valid achievement or auto start quest. Skip quest for player with UID=0ROjOu34qUpKfk3o_KbpKS2xSbFfZ9nDCrc2879VWQY=
01:56:37.502 [Expansion Quests] Quest with ID=23 is not a a valid achievement or auto start quest. Skip quest for player with UID=0ROjOu34qUpKfk3o_KbpKS2xSbFfZ9nDCrc2879VWQY=
01:56:37.502 [Expansion Quests] Quest with ID=24 is not a a valid achievement or auto start quest. Skip quest for player with UID=0ROjOu34qUpKfk3o_KbpKS2xSbFfZ9nDCrc2879VWQY=
01:56:37.504 [Expansion Quests] Sending 0ROjOu34qUpKfk3o_KbpKS2xSbFfZ9nDCrc2879VWQY= quest configs to client for player with UID=0ROjOu34qUpKfk3o_KbpKS2xSbFfZ9nDCrc2879VWQY=
01:56:37.505 [Expansion Quests] Sending player quest data for 4 quests to player with UID=0ROjOu34qUpKfk3o_KbpKS2xSbFfZ9nDCrc2879VWQY=
01:56:38.289 [Expansion Quests] - LoadGroupQuestData - Got cached group quest data for group with ID=0
01:57:58.388 [MissionAirdrop] An airdrop is heading towards "Balota" (pos=<5043.000000, 0.000000, 2505.000000> type=Random_Balota) with a ExpansionAirdropContainer_Basebuilding
01:58:00.392 [Killfeed] AI Cyril (Raiders) got killed by AI Taiki (Raiders) with M16-A2 from a distance of 22 m.
01:59:33.156 [Killfeed] AI Gabi (Raiders) got beaten to a pulp by AI Taiki (Raiders) with bare hands.
02:00:14.423 [Killfeed] AI Taiki (Raiders) bled out.
02:00:38.179 [Party] Player "Phill_Swift" (id=0ROjOu34qUpKfk3o_KbpKS2xSbFfZ9nDCrc2879VWQY=) left the party "ATG" (id=0 ownerUID=0ROjOu34qUpKfk3o_KbpKS2xSbFfZ9nDCrc2879VWQY= ownerName=Phill_Swift)
02:00:38.180 [Expansion Quests] Deleted quest with ID=8 is a of player with UID=0ROjOu34qUpKfk3o_KbpKS2xSbFfZ9nDCrc2879VWQY=.
02:00:38.180 [Expansion Quests] Deleted quest with ID=9 is a of player with UID=0ROjOu34qUpKfk3o_KbpKS2xSbFfZ9nDCrc2879VWQY=.
02:00:38.181 [Expansion Quests] Deleted quest with ID=11 is a of player with UID=0ROjOu34qUpKfk3o_KbpKS2xSbFfZ9nDCrc2879VWQY=.
