23:50:30.796 [Expansion Quests] Initialize quest system on the connected client with UID=bJ4c7QoLlNcMFFuJioBGdjLTBsBdyGqIZNFZF3YMlt0=
23:50:30.800 [Party] Player "Boogahadeen" (id=bJ4c7QoLlNcMFFuJioBGdjLTBsBdyGqIZNFZF3YMlt0=) joined the party "ATG" (id=0 ownerUID=0ROjOu34qUpKfk3o_KbpKS2xSbFfZ9nDCrc2879VWQY= ownerName=Phill_Swift)
23:50:30.821 [Expansion Quests] Loaded existing player quest data for player with UID=bJ4c7QoLlNcMFFuJioBGdjLTBsBdyGqIZNFZF3YMlt0=
23:50:30.824 [Expansion Quests] Loaded existing group quest data for group with ID=0
23:50:30.825 [Expansion Quests] Check quest initialization for quest with ID=8 | State=STARTED | Player UID=bJ4c7QoLlNcMFFuJioBGdjLTBsBdyGqIZNFZF3YMlt0=
23:50:30.826 [Expansion Quests] Create new quest instance for quest with ID=8 | Player UID=bJ4c7QoLlNcMFFuJioBGdjLTBsBdyGqIZNFZF3YMlt0=
23:50:30.829 [Expansion Quests] Check quest initialization for quest with ID=9 | State=STARTED | Player UID=bJ4c7QoLlNcMFFuJioBGdjLTBsBdyGqIZNFZF3YMlt0=
23:50:30.830 [Expansion Quests] Create new quest instance for quest with ID=9 | Player UID=bJ4c7QoLlNcMFFuJioBGdjLTBsBdyGqIZNFZF3YMlt0=
23:50:30.830 [Expansion Quests] Check quest initialization for quest with ID=11 | State=STARTED | Player UID=bJ4c7QoLlNcMFFuJioBGdjLTBsBdyGqIZNFZF3YMlt0=
23:50:30.830 [Expansion Quests] Create new quest instance for quest with ID=11 | Player UID=bJ4c7QoLlNcMFFuJioBGdjLTBsBdyGqIZNFZF3YMlt0=
23:50:30.831 [Expansion Quests] Check quest initialization for quest with ID=14 | State=COMPLETED | Player UID=bJ4c7QoLlNcMFFuJioBGdjLTBsBdyGqIZNFZF3YMlt0=
23:50:30.832 [Expansion Quests] Quest with ID=1 is not a a valid achievement or auto start quest. Skip quest for player with UID=bJ4c7QoLlNcMFFuJioBGdjLTBsBdyGqIZNFZF3YMlt0=
23:50:30.832 [Expansion Quests] Quest with ID=2 is not a a valid achievement or auto start quest. Skip quest for player with UID=bJ4c7QoLlNcMFFuJioBGdjLTBsBdyGqIZNFZF3YMlt0=
23:50:30.832 [Expansion Quests] Quest with ID=3 is not a a valid achievement or auto start quest. Skip quest for player with UID=bJ4c7QoLlNcMFFuJioBGdjLTBsBdyGqIZNFZF3YMlt0=
23:50:30.833 [Expansion Quests] Quest with ID=4 is not a a valid achievement or auto start quest. Skip quest for player with UID=bJ4c7QoLlNcMFFuJioBGdjLTBsBdyGqIZNFZF3YMlt0=
23:50:30.833 [Expansion Quests] Quest with ID=5 is not a a valid achievement or auto start quest. Skip quest for player with UID=bJ4c7QoLlNcMFFuJioBGdjLTBsBdyGqIZNFZF3YMlt0=
23:50:30.834 [Expansion Quests] Quest with ID=6 is not a a valid achievement or auto start quest. Skip quest for player with UID=bJ4c7QoLlNcMFFuJioBGdjLTBsBdyGqIZNFZF3YMlt0=
23:50:30.834 [Expansion Quests] Quest with ID=7 is not a a valid achievement or auto start quest. Skip quest for player with UID=bJ4c7QoLlNcMFFuJioBGdjLTBsBdyGqIZNFZF3YMlt0=
23:50:30.834 [Expansion Quests] Quest with ID=10 is not a a valid achievement or auto start quest. Skip quest for player with UID=bJ4c7QoLlNcMFFuJioBGdjLTBsBdyGqIZNFZF3YMlt0=
23:50:30.835 [Expansion Quests] Quest with ID=12 is not a a valid achievement or auto start quest. Skip quest for player with UID=bJ4c7QoLlNcMFFuJioBGdjLTBsBdyGqIZNFZF3YMlt0=
23:50:30.836 [Expansion Quests] Quest with ID=13 is not a a valid achievement or auto start quest. Skip quest for player with UID=bJ4c7QoLlNcMFFuJioBGdjLTBsBdyGqIZNFZF3YMlt0=
23:50:30.836 [Expansion Quests] Quest with ID=15 is not a a valid achievement or auto start quest. Skip quest for player with UID=bJ4c7QoLlNcMFFuJioBGdjLTBsBdyGqIZNFZF3YMlt0=
23:50:30.836 [Expansion Quests] Quest with ID=16 is not a a valid achievement or auto start quest. Skip quest for player with UID=bJ4c7QoLlNcMFFuJioBGdjLTBsBdyGqIZNFZF3YMlt0=
23:50:30.837 [Expansion Quests] Quest with ID=17 is not a a valid achievement or auto start quest. Skip quest for player with UID=bJ4c7QoLlNcMFFuJioBGdjLTBsBdyGqIZNFZF3YMlt0=
23:50:30.837 [Expansion Quests] Quest with ID=18 is not a a valid achievement or auto start quest. Skip quest for player with UID=bJ4c7QoLlNcMFFuJioBGdjLTBsBdyGqIZNFZF3YMlt0=
23:50:30.837 [Expansion Quests] Quest with ID=19 is not a a valid achievement or auto start quest. Skip quest for player with UID=bJ4c7QoLlNcMFFuJioBGdjLTBsBdyGqIZNFZF3YMlt0=
23:50:30.837 [Expansion Quests] Quest with ID=20 is not a a valid achievement or auto start quest. Skip quest for player with UID=bJ4c7QoLlNcMFFuJioBGdjLTBsBdyGqIZNFZF3YMlt0=
23:50:30.838 [Expansion Quests] Quest with ID=21 is not a a valid achievement or auto start quest. Skip quest for player with UID=bJ4c7QoLlNcMFFuJioBGdjLTBsBdyGqIZNFZF3YMlt0=
23:50:30.839 [Expansion Quests] Quest with ID=22 is not a a valid achievement or auto start quest. Skip quest for player with UID=bJ4c7QoLlNcMFFuJioBGdjLTBsBdyGqIZNFZF3YMlt0=
23:50:30.839 [Expansion Quests] Quest with ID=23 is not a a valid achievement or auto start quest. Skip quest for player with UID=bJ4c7QoLlNcMFFuJioBGdjLTBsBdyGqIZNFZF3YMlt0=
23:50:30.839 [Expansion Quests] Quest with ID=24 is not a a valid achievement or auto start quest. Skip quest for player with UID=bJ4c7QoLlNcMFFuJioBGdjLTBsBdyGqIZNFZF3YMlt0=
23:50:30.841 [Expansion Quests] Sending bJ4c7QoLlNcMFFuJioBGdjLTBsBdyGqIZNFZF3YMlt0= quest configs to client for player with UID=bJ4c7QoLlNcMFFuJioBGdjLTBsBdyGqIZNFZF3YMlt0=
23:50:30.842 [Expansion Quests] Sending player quest data for 4 quests to player with UID=bJ4c7QoLlNcMFFuJioBGdjLTBsBdyGqIZNFZF3YMlt0=
23:50:31.729 [Expansion Quests] - LoadGroupQuestData - Got cached group quest data for group with ID=0
23:53:33.744 [MissionAirdrop] An airdrop is heading towards "Stary Sobor" (pos=<5823.000000, 0.000000, 7764.000000> type=Random_Stary Sobor) with a ExpansionAirdropContainer_Military
23:55:42.233 [VehicleEnter] Player "Boogahadeen" (id=bJ4c7QoLlNcMFFuJioBGdjLTBsBdyGqIZNFZF3YMlt0=) entered vehicle Gyrocopter (id=2795BD1DEF47B3CA545618816A4A2A47 pos=<5097.63, 9.58, 2396.16>) as pilot
23:55:45.335 [VehicleEngine] Player "Boogahadeen" (id=bJ4c7QoLlNcMFFuJioBGdjLTBsBdyGqIZNFZF3YMlt0=) started vehicle Gyrocopter (id=2795BD1DEF47B3CA545618816A4A2A47 pos=<5097.63, 9.58, 2396.13>)
23:57:07.410 [AI Patrol 00033] Spawning 3 Mercenaries bots at <3853.186768, 234.435349, 4788.848633>
23:57:07.532 [AI Patrol 00033] Global patrol count: 1
23:57:07.532 [AI Patrol 00033] Patrol category patrol count: 1
23:57:28.683 [AI Object Patrol 00055] Spawning 2 Raiders bots at <4085.511963, 246.356308, 3848.122559>
23:57:28.750 [AI Object Patrol 00055] Global patrol count: 2
23:57:28.751 [AI Object Patrol 00055] ObjectPatrol category patrol count: 1
23:57:34.181 [AI Patrol 00033] Despawning 3 Mercenaries bots (spawn position <3853.186768, 234.435349, 4788.848633>, 0/3 deceased)
23:57:34.182 [AI Patrol 00033] Global patrol count: 1
23:57:34.182 [AI Patrol 00033] Patrol category patrol count: 0
23:58:39.203 [AI Object Patrol 00045] Spawning 2 Raiders bots at <6283.459473, 314.944702, 6206.924805>
23:58:39.257 [AI Object Patrol 00045] Global patrol count: 2
23:58:39.257 [AI Object Patrol 00045] HelicopterWreck category patrol count: 1
23:58:59.031 [AI Patrol 00036] Spawning 3 Mercenaries bots at <7094.037109, 255.943024, 6476.877930>
23:58:59.076 [AI Patrol 00036] Global patrol count: 3
23:58:59.077 [AI Patrol 00036] Patrol category patrol count: 1
23:59:27.645 [VehicleEngine] Player "NULL" (id=NULL) stopped vehicle Gyrocopter (id=2795BD1DEF47B3CA545618816A4A2A47 pos=<6176.14, 308.77, 6252.86>)
23:59:27.668 [VehicleLeave] Player "Boogahadeen" (id=bJ4c7QoLlNcMFFuJioBGdjLTBsBdyGqIZNFZF3YMlt0=) left vehicle Gyrocopter (id=2795BD1DEF47B3CA545618816A4A2A47 pos=<6176.14, 308.77, 6252.86>)
00:00:53.275 [Killfeed] AI Gabi (Raiders) got killed by [ATF] Boogahadeen with KA-101 from a distance of 3 m.
00:01:03.508 [Killfeed] AI Keiko (Raiders) got killed by [ATF] Boogahadeen with KA-101 from a distance of 3 m.
00:01:03.548 [AI Object Patrol 00045] Raiders bots were wiped out (spawn position <6283.459473, 314.944702, 6206.924805>, 2/2 deceased)
00:01:03.549 [AI Object Patrol 00045] Global patrol count: 2
00:01:03.550 [AI Object Patrol 00045] HelicopterWreck category patrol count: 0
00:02:10.389 [AI Patrol 00036] Despawning 3 Mercenaries bots (spawn position <7094.037109, 255.943024, 6476.877930>, 0/3 deceased)
00:02:10.390 [AI Patrol 00036] Global patrol count: 1
00:02:10.390 [AI Patrol 00036] Patrol category patrol count: 0
00:03:13.093 [VehicleEnter] Player "Boogahadeen" (id=bJ4c7QoLlNcMFFuJioBGdjLTBsBdyGqIZNFZF3YMlt0=) entered vehicle Gyrocopter (id=EA1E197F2D4EF5A3C73E4D8DBD7A1529 pos=<6100.05, 301.07, 7744.58>) as pilot
00:03:14.671 [VehicleEngine] Player "Boogahadeen" (id=bJ4c7QoLlNcMFFuJioBGdjLTBsBdyGqIZNFZF3YMlt0=) started vehicle Gyrocopter (id=EA1E197F2D4EF5A3C73E4D8DBD7A1529 pos=<6100.05, 301.07, 7744.56>)
00:03:51.337 [VehicleEngine] Player "NULL" (id=NULL) stopped vehicle Gyrocopter (id=EA1E197F2D4EF5A3C73E4D8DBD7A1529 pos=<5876.13, 320.76, 7864.32>)
00:03:51.357 [VehicleLeave] Player "Boogahadeen" (id=bJ4c7QoLlNcMFFuJioBGdjLTBsBdyGqIZNFZF3YMlt0=) left vehicle Gyrocopter (id=EA1E197F2D4EF5A3C73E4D8DBD7A1529 pos=<5876.13, 320.76, 7864.32>)
00:05:07.009 [Expansion Quests] Deleted quest with ID=8 is a of player with UID=bJ4c7QoLlNcMFFuJioBGdjLTBsBdyGqIZNFZF3YMlt0=.
00:05:07.012 [Expansion Quests] Deleted quest with ID=9 is a of player with UID=bJ4c7QoLlNcMFFuJioBGdjLTBsBdyGqIZNFZF3YMlt0=.
00:05:07.013 [Expansion Quests] Deleted quest with ID=11 is a of player with UID=bJ4c7QoLlNcMFFuJioBGdjLTBsBdyGqIZNFZF3YMlt0=.
00:05:07.014 [Party] Player "Boogahadeen" (id=bJ4c7QoLlNcMFFuJioBGdjLTBsBdyGqIZNFZF3YMlt0=) left the party "ATG" (id=0 ownerUID=0ROjOu34qUpKfk3o_KbpKS2xSbFfZ9nDCrc2879VWQY= ownerName=Phill_Swift)
00:07:55.956 [AI Object Patrol 00055] Despawning 2 Raiders bots (spawn position <4085.511963, 246.356308, 3848.122559>, 0/2 deceased)
00:07:55.957 [AI Object Patrol 00055] Global patrol count: 0
00:07:55.957 [AI Object Patrol 00055] ObjectPatrol category patrol count: 0
