22:40:58.234 [Expansion Quests] Initialize quest system on the connected client with UID=bJ4c7QoLlNcMFFuJioBGdjLTBsBdyGqIZNFZF3YMlt0=
22:40:58.250 [Expansion Quests] Loaded existing player quest data for player with UID=bJ4c7QoLlNcMFFuJioBGdjLTBsBdyGqIZNFZF3YMlt0=
22:40:58.250 [Expansion Quests] Check quest initialization for quest with ID=8 | State=STARTED | Player UID=bJ4c7QoLlNcMFFuJioBGdjLTBsBdyGqIZNFZF3YMlt0=
22:40:58.250 [Expansion Quests] Create new quest instance for quest with ID=8 | Player UID=bJ4c7QoLlNcMFFuJioBGdjLTBsBdyGqIZNFZF3YMlt0=
22:40:58.250 [Expansion Quests] Check quest initialization for quest with ID=9 | State=STARTED | Player UID=bJ4c7QoLlNcMFFuJioBGdjLTBsBdyGqIZNFZF3YMlt0=
22:40:58.250 [Expansion Quests] Create new quest instance for quest with ID=9 | Player UID=bJ4c7QoLlNcMFFuJioBGdjLTBsBdyGqIZNFZF3YMlt0=
22:40:58.250 [Expansion Quests] Check quest initialization for quest with ID=11 | State=STARTED | Player UID=bJ4c7QoLlNcMFFuJioBGdjLTBsBdyGqIZNFZF3YMlt0=
22:40:58.250 [Expansion Quests] Create new quest instance for quest with ID=11 | Player UID=bJ4c7QoLlNcMFFuJioBGdjLTBsBdyGqIZNFZF3YMlt0=
22:40:58.257 [Expansion Quests] Check quest initialization for quest with ID=14 | State=COMPLETED | Player UID=bJ4c7QoLlNcMFFuJioBGdjLTBsBdyGqIZNFZF3YMlt0=
22:40:58.257 [Expansion Quests] Quest with ID=1 is not a a valid achievement or auto start quest. Skip quest for player with UID=bJ4c7QoLlNcMFFuJioBGdjLTBsBdyGqIZNFZF3YMlt0=
22:40:58.257 [Expansion Quests] Quest with ID=2 is not a a valid achievement or auto start quest. Skip quest for player with UID=bJ4c7QoLlNcMFFuJioBGdjLTBsBdyGqIZNFZF3YMlt0=
22:40:58.257 [Expansion Quests] Quest with ID=3 is not a a valid achievement or auto start quest. Skip quest for player with UID=bJ4c7QoLlNcMFFuJioBGdjLTBsBdyGqIZNFZF3YMlt0=
22:40:58.257 [Expansion Quests] Quest with ID=4 is not a a valid achievement or auto start quest. Skip quest for player with UID=bJ4c7QoLlNcMFFuJioBGdjLTBsBdyGqIZNFZF3YMlt0=
22:40:58.257 [Expansion Quests] Quest with ID=5 is not a a valid achievement or auto start quest. Skip quest for player with UID=bJ4c7QoLlNcMFFuJioBGdjLTBsBdyGqIZNFZF3YMlt0=
22:40:58.257 [Expansion Quests] Quest with ID=6 is not a a valid achievement or auto start quest. Skip quest for player with UID=bJ4c7QoLlNcMFFuJioBGdjLTBsBdyGqIZNFZF3YMlt0=
22:40:58.257 [Expansion Quests] Quest with ID=7 is not a a valid achievement or auto start quest. Skip quest for player with UID=bJ4c7QoLlNcMFFuJioBGdjLTBsBdyGqIZNFZF3YMlt0=
22:40:58.257 [Expansion Quests] Quest with ID=10 is not a a valid achievement or auto start quest. Skip quest for player with UID=bJ4c7QoLlNcMFFuJioBGdjLTBsBdyGqIZNFZF3YMlt0=
22:40:58.257 [Expansion Quests] Quest with ID=12 is not a a valid achievement or auto start quest. Skip quest for player with UID=bJ4c7QoLlNcMFFuJioBGdjLTBsBdyGqIZNFZF3YMlt0=
22:40:58.257 [Expansion Quests] Quest with ID=13 is not a a valid achievement or auto start quest. Skip quest for player with UID=bJ4c7QoLlNcMFFuJioBGdjLTBsBdyGqIZNFZF3YMlt0=
22:40:58.257 [Expansion Quests] Quest with ID=15 is not a a valid achievement or auto start quest. Skip quest for player with UID=bJ4c7QoLlNcMFFuJioBGdjLTBsBdyGqIZNFZF3YMlt0=
22:40:58.257 [Expansion Quests] Quest with ID=16 is not a a valid achievement or auto start quest. Skip quest for player with UID=bJ4c7QoLlNcMFFuJioBGdjLTBsBdyGqIZNFZF3YMlt0=
22:40:58.257 [Expansion Quests] Quest with ID=17 is not a a valid achievement or auto start quest. Skip quest for player with UID=bJ4c7QoLlNcMFFuJioBGdjLTBsBdyGqIZNFZF3YMlt0=
22:40:58.257 [Expansion Quests] Quest with ID=18 is not a a valid achievement or auto start quest. Skip quest for player with UID=bJ4c7QoLlNcMFFuJioBGdjLTBsBdyGqIZNFZF3YMlt0=
22:40:58.257 [Expansion Quests] Quest with ID=19 is not a a valid achievement or auto start quest. Skip quest for player with UID=bJ4c7QoLlNcMFFuJioBGdjLTBsBdyGqIZNFZF3YMlt0=
22:40:58.265 [Expansion Quests] Quest with ID=20 is not a a valid achievement or auto start quest. Skip quest for player with UID=bJ4c7QoLlNcMFFuJioBGdjLTBsBdyGqIZNFZF3YMlt0=
22:40:58.265 [Expansion Quests] Quest with ID=21 is not a a valid achievement or auto start quest. Skip quest for player with UID=bJ4c7QoLlNcMFFuJioBGdjLTBsBdyGqIZNFZF3YMlt0=
22:40:58.265 [Expansion Quests] Quest with ID=22 is not a a valid achievement or auto start quest. Skip quest for player with UID=bJ4c7QoLlNcMFFuJioBGdjLTBsBdyGqIZNFZF3YMlt0=
22:40:58.265 [Expansion Quests] Quest with ID=23 is not a a valid achievement or auto start quest. Skip quest for player with UID=bJ4c7QoLlNcMFFuJioBGdjLTBsBdyGqIZNFZF3YMlt0=
22:40:58.265 [Expansion Quests] Quest with ID=24 is not a a valid achievement or auto start quest. Skip quest for player with UID=bJ4c7QoLlNcMFFuJioBGdjLTBsBdyGqIZNFZF3YMlt0=
22:40:58.265 [Expansion Quests] Sending bJ4c7QoLlNcMFFuJioBGdjLTBsBdyGqIZNFZF3YMlt0= quest configs to client for player with UID=bJ4c7QoLlNcMFFuJioBGdjLTBsBdyGqIZNFZF3YMlt0=
22:40:58.265 [Expansion Quests] Sending player quest data for 4 quests to player with UID=bJ4c7QoLlNcMFFuJioBGdjLTBsBdyGqIZNFZF3YMlt0=
22:41:08.664 [SpawnSelection] Player "Boogahadeen" (id=bJ4c7QoLlNcMFFuJioBGdjLTBsBdyGqIZNFZF3YMlt0=) spawned at <1708.523071, 1.958309, 2031.263672>
22:41:09.468 [Safezone] Player "Boogahadeen" (id=bJ4c7QoLlNcMFFuJioBGdjLTBsBdyGqIZNFZF3YMlt0= pos=<1708.52, 1.96, 2031.26>) entered the safezone
22:43:54.429 [MissionAirdrop] An airdrop is heading towards "Myshkinko" (pos=<2036.000000, 0.000000, 7491.000000> type=Random_Myshkinko) with a ExpansionAirdropContainer_Medical
22:56:50.242 [AI Object Patrol 00038] Spawning 3 Raiders bots at <2481.457275, 356.083435, 6894.845215>
22:56:50.359 [AI Object Patrol 00038] Global patrol count: 1
22:57:01.500 [Safezone] Player "{1:name}" (id={1:id} pos={1:position}) left the safezone
22:57:11.250 [AI Object Patrol 00011] Spawning 2 Raiders bots at <2795.659180, 310.050415, 8076.980469>
22:57:11.351 [AI Object Patrol 00011] Global patrol count: 2
22:57:43.679 [AI Object Patrol 00010] Spawning 2 Raiders bots at <2888.381348, 306.570160, 8005.661133>
22:57:43.765 [AI Object Patrol 00010] Global patrol count: 3
22:57:51.320 [Killfeed] AI Cyril (Raiders) got killed by AI Baty (Raiders) with LAR from a distance of 116 m.
22:58:33.710 [Killfeed] AI Rolf (Raiders) got killed by AI Baty (Raiders) with LAR from a distance of 102 m.
22:58:35.570 [AI Object Patrol 00010] Raiders bots were wiped out (spawn position <2888.381348, 306.570160, 8005.661133>, 2/2 deceased)
22:58:35.570 [AI Object Patrol 00010] Global patrol count: 2
23:02:25.203 [VehicleEnter] Player "Boogahadeen" (id=bJ4c7QoLlNcMFFuJioBGdjLTBsBdyGqIZNFZF3YMlt0=) entered vehicle Gyrocopter (id=144C73233C48479D5E6E04B05938AB2E pos=<1944.99, 261.4, 7431.7>) as pilot
23:02:26.984 [VehicleEngine] Player "Boogahadeen" [uid=bJ4c7QoLlNcMFFuJioBGdjLTBsBdyGqIZNFZF3YMlt0=] started vehicle Gyrocopter (id=144C73233C48479D5E6E04B05938AB2E pos=<1944.992310, 261.393921, 7431.700195>)
23:03:40.625 [AI Object Patrol 00000] Spawning 2 Raiders bots at <1225.506470, 150.789001, 6554.018066>
23:03:40.679 [AI Object Patrol 00000] Global patrol count: 3
23:05:53.664 [AI Object Patrol 00061] Spawning 1 Raiders bots at <779.737976, 224.608047, 8665.777344>
23:05:53.710 [AI Object Patrol 00061] Global patrol count: 4
23:06:33.218 [AI Object Patrol 00002] Spawning 1 Raiders bots at <2334.110840, 266.691132, 10274.365234>
23:06:33.273 [AI Object Patrol 00002] Global patrol count: 5
23:06:46.609 [AI Object Patrol 00062] Spawning 3 Raiders bots at <1356.215332, 333.491821, 9873.923828>
23:06:46.687 [AI Object Patrol 00062] Global patrol count: 6
23:07:18.171 [VehicleLeave] Player "Boogahadeen" (id=bJ4c7QoLlNcMFFuJioBGdjLTBsBdyGqIZNFZF3YMlt0=) left vehicle Gyrocopter (id=144C73233C48479D5E6E04B05938AB2E pos=<1421.18, 302.52, 10899.8>)
23:07:26.343 [VehicleDestroyed] ExpansionGyrocopter (id=144C73233C48479D5E6E04B05938AB2E pos=<1421.18, 302.52, 10899.8>)
23:07:51.757 [VehicleEnter] Player "Boogahadeen" (id=bJ4c7QoLlNcMFFuJioBGdjLTBsBdyGqIZNFZF3YMlt0=) entered vehicle Gyrocopter (id=C36B4F201F4CA014B69E7DA43DC4CC55 pos=<1389.72, 301.34, 10869.6>) as pilot
23:07:53.125 [VehicleEngine] Player "Boogahadeen" [uid=bJ4c7QoLlNcMFFuJioBGdjLTBsBdyGqIZNFZF3YMlt0=] started vehicle Gyrocopter (id=C36B4F201F4CA014B69E7DA43DC4CC55 pos=<1389.718262, 301.342804, 10869.574219>)
23:08:08.703 [AI Object Patrol 00063] Spawning 3 Raiders bots at <1573.561035, 243.947662, 10663.780273>
23:08:08.742 [AI Object Patrol 00063] Global patrol count: 7
23:08:18.335 [VehicleDeleted] ExpansionGyrocopter (id=144C73233C48479D5E6E04B05938AB2E pos=<1421.3, 302.49, 10899.8>)
23:08:26.031 [AI Object Patrol 00036] Spawning 3 Raiders bots at <1045.009033, 424.237091, 12415.662109>
23:08:26.070 [AI Object Patrol 00036] Global patrol count: 8
23:08:36.921 [AI Object Patrol 00064] Spawning 2 Raiders bots at <1815.062988, 261.523834, 11435.633789>
23:08:36.945 [AI Object Patrol 00064] Global patrol count: 9
23:10:40.531 [AI Patrol 00046] Spawning 3 Mercenaries bots at <2349.408691, 369.900818, 14125.522461>
23:10:40.609 [AI Patrol 00046] Global patrol count: 10
23:11:03.312 [VehicleLeave] Player "Boogahadeen" (id=bJ4c7QoLlNcMFFuJioBGdjLTBsBdyGqIZNFZF3YMlt0=) left vehicle Gyrocopter (id=C36B4F201F4CA014B69E7DA43DC4CC55 pos=<1666.14, 454.02, 14344.7>)
23:12:06.484 [AI Object Patrol 00011] Despawning 2 Raiders bots (spawn position <2795.659180, 310.050415, 8076.980469>, 0/2 deceased)
23:12:06.484 [AI Object Patrol 00011] Global patrol count: 9
23:12:17.101 [VehicleDestroyed] ExpansionGyrocopter (id=C36B4F201F4CA014B69E7DA43DC4CC55 pos=<1665.95, 453.24, 14357.7>)
23:12:52.312 [AI Object Patrol 00038] Despawning 3 Raiders bots (spawn position <2481.457275, 356.083435, 6894.845215>, 0/3 deceased)
23:12:52.312 [AI Object Patrol 00038] Global patrol count: 8
23:13:45.296 [AI Object Patrol 00000] Despawning 2 Raiders bots (spawn position <1225.506470, 150.789001, 6554.018066>, 0/2 deceased)
23:13:45.296 [AI Object Patrol 00000] Global patrol count: 7
23:14:33.187 [AI Object Patrol 00002] Despawning 1 Raiders bots (spawn position <2334.110840, 266.691132, 10274.365234>, 0/1 deceased)
23:14:33.187 [AI Object Patrol 00002] Global patrol count: 6
23:16:21.593 [AI Object Patrol 00061] Despawning 1 Raiders bots (spawn position <779.737976, 224.608047, 8665.777344>, 0/1 deceased)
23:16:21.593 [AI Object Patrol 00061] Global patrol count: 5
23:17:15.898 [VehicleDeleted] ExpansionGyrocopter (id=C36B4F201F4CA014B69E7DA43DC4CC55 pos=<1665.94, 453.24, 14357.7>)
23:18:00.515 [AI Object Patrol 00062] Despawning 3 Raiders bots (spawn position <1356.215332, 333.491821, 9873.923828>, 0/3 deceased)
23:18:00.515 [AI Object Patrol 00062] Global patrol count: 4
23:18:35.632 [AI Object Patrol 00063] Despawning 3 Raiders bots (spawn position <1573.561035, 243.947662, 10663.780273>, 0/3 deceased)
23:18:35.632 [AI Object Patrol 00063] Global patrol count: 3
23:18:52.812 [AI Object Patrol 00064] Despawning 2 Raiders bots (spawn position <1815.062988, 261.523834, 11435.633789>, 0/2 deceased)
23:18:52.812 [AI Object Patrol 00064] Global patrol count: 2
23:20:01.898 [AI Object Patrol 00036] Despawning 3 Raiders bots (spawn position <1045.009033, 424.237091, 12415.662109>, 0/3 deceased)
23:20:01.906 [AI Object Patrol 00036] Global patrol count: 1
23:22:21.937 [ExplosionDamageSystem] About to explode RGD5Grenade_Ammo from RGD5Grenade<4f3a7880> at <1820.84, 448.14, 14232.9> EXPLOSION range 12 dropoff 3
23:45:37.945 [Expansion Quests] Added new objective data for type=TARGET | Key=bJ4c7QoLlNcMFFuJioBGdjLTBsBdyGqIZNFZF3YMlt0= | ID=3
23:45:37.953 [Expansion Quests] Updated and saved persistent player quest data for player with UID=bJ4c7QoLlNcMFFuJioBGdjLTBsBdyGqIZNFZF3YMlt0= | Quest ID=8
23:45:37.953 [Expansion Quests] Added new objective data for type=TARGET | Key=bJ4c7QoLlNcMFFuJioBGdjLTBsBdyGqIZNFZF3YMlt0= | ID=2
23:45:37.953 [Expansion Quests] Updated and saved persistent player quest data for player with UID=bJ4c7QoLlNcMFFuJioBGdjLTBsBdyGqIZNFZF3YMlt0= | Quest ID=9
23:45:37.953 [Expansion Quests] Added new objective data for type=ACTION | Key=bJ4c7QoLlNcMFFuJioBGdjLTBsBdyGqIZNFZF3YMlt0= | ID=1
23:45:37.953 [Expansion Quests] Updated and saved persistent player quest data for player with UID=bJ4c7QoLlNcMFFuJioBGdjLTBsBdyGqIZNFZF3YMlt0= | Quest ID=11
