13:05:39.368 [MissionAirdrop] An airdrop is heading towards "Myshkinko" (pos=<2036.000000, 0.000000, 7491.000000> type=Random_Myshkinko) with a ExpansionAirdropContainer_Military
13:07:27.901 [Party] Player "Boogahadeen" (id=bJ4c7QoLlNcMFFuJioBGdjLTBsBdyGqIZNFZF3YMlt0=) joined the party "ATG" (id=0 ownerUID=0ROjOu34qUpKfk3o_KbpKS2xSbFfZ9nDCrc2879VWQY= ownerName=Phill_Swift)
13:07:27.903 [Expansion Quests] Initialize quest system on the connected client with UID=bJ4c7QoLlNcMFFuJioBGdjLTBsBdyGqIZNFZF3YMlt0=
13:07:27.928 [Expansion Quests] Loaded existing player quest data for player with UID=bJ4c7QoLlNcMFFuJioBGdjLTBsBdyGqIZNFZF3YMlt0=
13:07:27.930 [Expansion Quests] Loaded existing group quest data for group with ID=0
13:07:27.930 [Expansion Quests] Check quest initialization for quest with ID=8 | State=STARTED | Player UID=bJ4c7QoLlNcMFFuJioBGdjLTBsBdyGqIZNFZF3YMlt0=
13:07:27.931 [Expansion Quests] Create new quest instance for quest with ID=8 | Player UID=bJ4c7QoLlNcMFFuJioBGdjLTBsBdyGqIZNFZF3YMlt0=
13:07:27.934 [Expansion Quests] Check quest initialization for quest with ID=9 | State=STARTED | Player UID=bJ4c7QoLlNcMFFuJioBGdjLTBsBdyGqIZNFZF3YMlt0=
13:07:27.934 [Expansion Quests] Create new quest instance for quest with ID=9 | Player UID=bJ4c7QoLlNcMFFuJioBGdjLTBsBdyGqIZNFZF3YMlt0=
13:07:27.934 [Expansion Quests] Check quest initialization for quest with ID=11 | State=STARTED | Player UID=bJ4c7QoLlNcMFFuJioBGdjLTBsBdyGqIZNFZF3YMlt0=
13:07:27.934 [Expansion Quests] Create new quest instance for quest with ID=11 | Player UID=bJ4c7QoLlNcMFFuJioBGdjLTBsBdyGqIZNFZF3YMlt0=
13:07:27.935 [Expansion Quests] Check quest initialization for quest with ID=14 | State=COMPLETED | Player UID=bJ4c7QoLlNcMFFuJioBGdjLTBsBdyGqIZNFZF3YMlt0=
13:07:27.936 [Expansion Quests] Quest with ID=1 is not a a valid achievement or auto start quest. Skip quest for player with UID=bJ4c7QoLlNcMFFuJioBGdjLTBsBdyGqIZNFZF3YMlt0=
13:07:27.936 [Expansion Quests] Quest with ID=2 is not a a valid achievement or auto start quest. Skip quest for player with UID=bJ4c7QoLlNcMFFuJioBGdjLTBsBdyGqIZNFZF3YMlt0=
13:07:27.936 [Expansion Quests] Quest with ID=3 is not a a valid achievement or auto start quest. Skip quest for player with UID=bJ4c7QoLlNcMFFuJioBGdjLTBsBdyGqIZNFZF3YMlt0=
13:07:27.937 [Expansion Quests] Quest with ID=4 is not a a valid achievement or auto start quest. Skip quest for player with UID=bJ4c7QoLlNcMFFuJioBGdjLTBsBdyGqIZNFZF3YMlt0=
13:07:27.937 [Expansion Quests] Quest with ID=5 is not a a valid achievement or auto start quest. Skip quest for player with UID=bJ4c7QoLlNcMFFuJioBGdjLTBsBdyGqIZNFZF3YMlt0=
13:07:27.937 [Expansion Quests] Quest with ID=6 is not a a valid achievement or auto start quest. Skip quest for player with UID=bJ4c7QoLlNcMFFuJioBGdjLTBsBdyGqIZNFZF3YMlt0=
13:07:27.938 [Expansion Quests] Quest with ID=7 is not a a valid achievement or auto start quest. Skip quest for player with UID=bJ4c7QoLlNcMFFuJioBGdjLTBsBdyGqIZNFZF3YMlt0=
13:07:27.938 [Expansion Quests] Quest with ID=10 is not a a valid achievement or auto start quest. Skip quest for player with UID=bJ4c7QoLlNcMFFuJioBGdjLTBsBdyGqIZNFZF3YMlt0=
13:07:27.938 [Expansion Quests] Quest with ID=12 is not a a valid achievement or auto start quest. Skip quest for player with UID=bJ4c7QoLlNcMFFuJioBGdjLTBsBdyGqIZNFZF3YMlt0=
13:07:27.941 [Expansion Quests] Quest with ID=13 is not a a valid achievement or auto start quest. Skip quest for player with UID=bJ4c7QoLlNcMFFuJioBGdjLTBsBdyGqIZNFZF3YMlt0=
13:07:27.942 [Expansion Quests] Quest with ID=15 is not a a valid achievement or auto start quest. Skip quest for player with UID=bJ4c7QoLlNcMFFuJioBGdjLTBsBdyGqIZNFZF3YMlt0=
13:07:27.942 [Expansion Quests] Quest with ID=16 is not a a valid achievement or auto start quest. Skip quest for player with UID=bJ4c7QoLlNcMFFuJioBGdjLTBsBdyGqIZNFZF3YMlt0=
13:07:27.942 [Expansion Quests] Quest with ID=17 is not a a valid achievement or auto start quest. Skip quest for player with UID=bJ4c7QoLlNcMFFuJioBGdjLTBsBdyGqIZNFZF3YMlt0=
13:07:27.942 [Expansion Quests] Quest with ID=18 is not a a valid achievement or auto start quest. Skip quest for player with UID=bJ4c7QoLlNcMFFuJioBGdjLTBsBdyGqIZNFZF3YMlt0=
13:07:27.942 [Expansion Quests] Quest with ID=19 is not a a valid achievement or auto start quest. Skip quest for player with UID=bJ4c7QoLlNcMFFuJioBGdjLTBsBdyGqIZNFZF3YMlt0=
13:07:27.942 [Expansion Quests] Quest with ID=20 is not a a valid achievement or auto start quest. Skip quest for player with UID=bJ4c7QoLlNcMFFuJioBGdjLTBsBdyGqIZNFZF3YMlt0=
13:07:27.942 [Expansion Quests] Quest with ID=21 is not a a valid achievement or auto start quest. Skip quest for player with UID=bJ4c7QoLlNcMFFuJioBGdjLTBsBdyGqIZNFZF3YMlt0=
13:07:27.942 [Expansion Quests] Quest with ID=22 is not a a valid achievement or auto start quest. Skip quest for player with UID=bJ4c7QoLlNcMFFuJioBGdjLTBsBdyGqIZNFZF3YMlt0=
13:07:27.943 [Expansion Quests] Quest with ID=23 is not a a valid achievement or auto start quest. Skip quest for player with UID=bJ4c7QoLlNcMFFuJioBGdjLTBsBdyGqIZNFZF3YMlt0=
13:07:27.943 [Expansion Quests] Quest with ID=24 is not a a valid achievement or auto start quest. Skip quest for player with UID=bJ4c7QoLlNcMFFuJioBGdjLTBsBdyGqIZNFZF3YMlt0=
13:07:27.945 [Expansion Quests] Sending bJ4c7QoLlNcMFFuJioBGdjLTBsBdyGqIZNFZF3YMlt0= quest configs to client for player with UID=bJ4c7QoLlNcMFFuJioBGdjLTBsBdyGqIZNFZF3YMlt0=
13:07:27.946 [Expansion Quests] Sending player quest data for 4 quests to player with UID=bJ4c7QoLlNcMFFuJioBGdjLTBsBdyGqIZNFZF3YMlt0=
13:07:28.790 [Expansion Quests] - LoadGroupQuestData - Got cached group quest data for group with ID=0
13:07:36.834 [Party] Player "Boogahadeen" (id=bJ4c7QoLlNcMFFuJioBGdjLTBsBdyGqIZNFZF3YMlt0=) left the party "ATG" (id=0 ownerUID=0ROjOu34qUpKfk3o_KbpKS2xSbFfZ9nDCrc2879VWQY= ownerName=Phill_Swift)
13:07:36.836 [Expansion Quests] Deleted quest with ID=8 is a of player with UID=bJ4c7QoLlNcMFFuJioBGdjLTBsBdyGqIZNFZF3YMlt0=.
13:07:36.837 [Expansion Quests] Deleted quest with ID=9 is a of player with UID=bJ4c7QoLlNcMFFuJioBGdjLTBsBdyGqIZNFZF3YMlt0=.
13:07:36.838 [Expansion Quests] Deleted quest with ID=11 is a of player with UID=bJ4c7QoLlNcMFFuJioBGdjLTBsBdyGqIZNFZF3YMlt0=.
13:09:45.056 [Party] Player "Boogahadeen" (id=bJ4c7QoLlNcMFFuJioBGdjLTBsBdyGqIZNFZF3YMlt0=) joined the party "ATG" (id=0 ownerUID=0ROjOu34qUpKfk3o_KbpKS2xSbFfZ9nDCrc2879VWQY= ownerName=Phill_Swift)
13:09:45.056 [Expansion Quests] Initialize quest system on the connected client with UID=bJ4c7QoLlNcMFFuJioBGdjLTBsBdyGqIZNFZF3YMlt0=
13:09:45.070 [Expansion Quests] Loaded existing player quest data for player with UID=bJ4c7QoLlNcMFFuJioBGdjLTBsBdyGqIZNFZF3YMlt0=
13:09:45.070 [Expansion Quests] - LoadGroupQuestData - Got cached group quest data for group with ID=0
13:09:45.070 [Expansion Quests] Check quest initialization for quest with ID=8 | State=STARTED | Player UID=bJ4c7QoLlNcMFFuJioBGdjLTBsBdyGqIZNFZF3YMlt0=
13:09:45.071 [Expansion Quests] Create new quest instance for quest with ID=8 | Player UID=bJ4c7QoLlNcMFFuJioBGdjLTBsBdyGqIZNFZF3YMlt0=
13:09:45.071 [Expansion Quests] Check quest initialization for quest with ID=9 | State=STARTED | Player UID=bJ4c7QoLlNcMFFuJioBGdjLTBsBdyGqIZNFZF3YMlt0=
13:09:45.071 [Expansion Quests] Create new quest instance for quest with ID=9 | Player UID=bJ4c7QoLlNcMFFuJioBGdjLTBsBdyGqIZNFZF3YMlt0=
13:09:45.072 [Expansion Quests] Check quest initialization for quest with ID=11 | State=STARTED | Player UID=bJ4c7QoLlNcMFFuJioBGdjLTBsBdyGqIZNFZF3YMlt0=
13:09:45.072 [Expansion Quests] Create new quest instance for quest with ID=11 | Player UID=bJ4c7QoLlNcMFFuJioBGdjLTBsBdyGqIZNFZF3YMlt0=
13:09:45.072 [Expansion Quests] Check quest initialization for quest with ID=14 | State=COMPLETED | Player UID=bJ4c7QoLlNcMFFuJioBGdjLTBsBdyGqIZNFZF3YMlt0=
13:09:45.073 [Expansion Quests] Quest with ID=1 is not a a valid achievement or auto start quest. Skip quest for player with UID=bJ4c7QoLlNcMFFuJioBGdjLTBsBdyGqIZNFZF3YMlt0=
13:09:45.074 [Expansion Quests] Quest with ID=2 is not a a valid achievement or auto start quest. Skip quest for player with UID=bJ4c7QoLlNcMFFuJioBGdjLTBsBdyGqIZNFZF3YMlt0=
13:09:45.074 [Expansion Quests] Quest with ID=3 is not a a valid achievement or auto start quest. Skip quest for player with UID=bJ4c7QoLlNcMFFuJioBGdjLTBsBdyGqIZNFZF3YMlt0=
13:09:45.074 [Expansion Quests] Quest with ID=4 is not a a valid achievement or auto start quest. Skip quest for player with UID=bJ4c7QoLlNcMFFuJioBGdjLTBsBdyGqIZNFZF3YMlt0=
13:09:45.074 [Expansion Quests] Quest with ID=5 is not a a valid achievement or auto start quest. Skip quest for player with UID=bJ4c7QoLlNcMFFuJioBGdjLTBsBdyGqIZNFZF3YMlt0=
13:09:45.075 [Expansion Quests] Quest with ID=6 is not a a valid achievement or auto start quest. Skip quest for player with UID=bJ4c7QoLlNcMFFuJioBGdjLTBsBdyGqIZNFZF3YMlt0=
13:09:45.075 [Expansion Quests] Quest with ID=7 is not a a valid achievement or auto start quest. Skip quest for player with UID=bJ4c7QoLlNcMFFuJioBGdjLTBsBdyGqIZNFZF3YMlt0=
13:09:45.075 [Expansion Quests] Quest with ID=10 is not a a valid achievement or auto start quest. Skip quest for player with UID=bJ4c7QoLlNcMFFuJioBGdjLTBsBdyGqIZNFZF3YMlt0=
13:09:45.076 [Expansion Quests] Quest with ID=12 is not a a valid achievement or auto start quest. Skip quest for player with UID=bJ4c7QoLlNcMFFuJioBGdjLTBsBdyGqIZNFZF3YMlt0=
13:09:45.077 [Expansion Quests] Quest with ID=13 is not a a valid achievement or auto start quest. Skip quest for player with UID=bJ4c7QoLlNcMFFuJioBGdjLTBsBdyGqIZNFZF3YMlt0=
13:09:45.078 [Expansion Quests] Quest with ID=15 is not a a valid achievement or auto start quest. Skip quest for player with UID=bJ4c7QoLlNcMFFuJioBGdjLTBsBdyGqIZNFZF3YMlt0=
13:09:45.078 [Expansion Quests] Quest with ID=16 is not a a valid achievement or auto start quest. Skip quest for player with UID=bJ4c7QoLlNcMFFuJioBGdjLTBsBdyGqIZNFZF3YMlt0=
13:09:45.079 [Expansion Quests] Quest with ID=17 is not a a valid achievement or auto start quest. Skip quest for player with UID=bJ4c7QoLlNcMFFuJioBGdjLTBsBdyGqIZNFZF3YMlt0=
13:09:45.079 [Expansion Quests] Quest with ID=18 is not a a valid achievement or auto start quest. Skip quest for player with UID=bJ4c7QoLlNcMFFuJioBGdjLTBsBdyGqIZNFZF3YMlt0=
13:09:45.080 [Expansion Quests] Quest with ID=19 is not a a valid achievement or auto start quest. Skip quest for player with UID=bJ4c7QoLlNcMFFuJioBGdjLTBsBdyGqIZNFZF3YMlt0=
13:09:45.081 [Expansion Quests] Quest with ID=20 is not a a valid achievement or auto start quest. Skip quest for player with UID=bJ4c7QoLlNcMFFuJioBGdjLTBsBdyGqIZNFZF3YMlt0=
13:09:45.081 [Expansion Quests] Quest with ID=21 is not a a valid achievement or auto start quest. Skip quest for player with UID=bJ4c7QoLlNcMFFuJioBGdjLTBsBdyGqIZNFZF3YMlt0=
13:09:45.081 [Expansion Quests] Quest with ID=22 is not a a valid achievement or auto start quest. Skip quest for player with UID=bJ4c7QoLlNcMFFuJioBGdjLTBsBdyGqIZNFZF3YMlt0=
13:09:45.081 [Expansion Quests] Quest with ID=23 is not a a valid achievement or auto start quest. Skip quest for player with UID=bJ4c7QoLlNcMFFuJioBGdjLTBsBdyGqIZNFZF3YMlt0=
13:09:45.081 [Expansion Quests] Quest with ID=24 is not a a valid achievement or auto start quest. Skip quest for player with UID=bJ4c7QoLlNcMFFuJioBGdjLTBsBdyGqIZNFZF3YMlt0=
13:09:45.082 [Expansion Quests] Sending bJ4c7QoLlNcMFFuJioBGdjLTBsBdyGqIZNFZF3YMlt0= quest configs to client for player with UID=bJ4c7QoLlNcMFFuJioBGdjLTBsBdyGqIZNFZF3YMlt0=
13:09:45.083 [Expansion Quests] Sending player quest data for 4 quests to player with UID=bJ4c7QoLlNcMFFuJioBGdjLTBsBdyGqIZNFZF3YMlt0=
13:09:46.526 [Expansion Quests] - LoadGroupQuestData - Got cached group quest data for group with ID=0
13:16:24.313 [Killfeed] [ATF] Boogahadeen commited suicide with KA-M.
13:16:33.897 [Party] Player "Boogahadeen" (id=bJ4c7QoLlNcMFFuJioBGdjLTBsBdyGqIZNFZF3YMlt0=) joined the party "ATG" (id=0 ownerUID=0ROjOu34qUpKfk3o_KbpKS2xSbFfZ9nDCrc2879VWQY= ownerName=Phill_Swift)
13:16:34.752 [Expansion Quests] - LoadGroupQuestData - Got cached group quest data for group with ID=0
13:19:24.307 [GraveStone] Spawned GraveStone for Survivor at position 0x0000000000bf6b64 {<14409.7,58.6994,13467.9>}
13:24:25.733 [AI Object Patrol 00024] Spawning 2 Raiders bots at <3834.152100, 327.843475, 10951.490234>
13:24:25.906 [AI Object Patrol 00024] Global patrol count: 1
13:24:25.906 [AI Object Patrol 00024] ObjectPatrol category patrol count: 1
13:24:25.907 [AI Object Patrol 00025] Spawning 2 Raiders bots at <3799.999756, 326.687744, 10925.812500>
13:24:26.007 [AI Object Patrol 00025] Global patrol count: 2
13:24:26.007 [AI Object Patrol 00025] ObjectPatrol category patrol count: 2
13:24:26.007 [AI Object Patrol 00023] Spawning 1 Raiders bots at <3791.760010, 326.257507, 10952.613281>
13:24:26.076 [AI Object Patrol 00023] Global patrol count: 3
13:24:26.077 [AI Object Patrol 00023] ObjectPatrol category patrol count: 3
13:24:26.077 [AI Object Patrol 00019] Spawning 2 Raiders bots at <3800.540771, 326.740875, 10921.373047>
13:24:26.159 [AI Object Patrol 00019] Global patrol count: 4
13:24:26.160 [AI Object Patrol 00019] ObjectPatrol category patrol count: 4
13:24:26.161 [AI Object Patrol 00021] Spawning 2 Raiders bots at <3784.320068, 326.222076, 10952.735352>
13:24:26.233 [AI Object Patrol 00021] Global patrol count: 5
13:24:26.233 [AI Object Patrol 00021] ObjectPatrol category patrol count: 5
13:24:50.571 [Killfeed] AI Jose (Raiders) got killed by AI Elias (Raiders) with M4-A1 from a distance of 6 m.
13:24:52.432 [Killfeed] AI Niki (Raiders) got killed by AI Eva (Raiders) with M16-A2 from a distance of 7 m.
13:24:54.569 [Killfeed] AI Elias (Raiders) got killed by AI Naomi (Raiders) with LE-MAS from a distance of 11 m.
13:24:57.449 [AI Object Patrol 00023] Raiders bots were wiped out (spawn position <3791.760010, 326.257507, 10952.613281>, 1/1 deceased)
13:24:57.449 [AI Object Patrol 00023] Global patrol count: 4
13:24:57.450 [AI Object Patrol 00023] ObjectPatrol category patrol count: 4
13:24:57.833 [AI Object Patrol 00020] Spawning 1 Raiders bots at <3819.938721, 325.986450, 10950.058594>
13:24:57.918 [AI Object Patrol 00020] Global patrol count: 5
13:24:57.918 [AI Object Patrol 00020] ObjectPatrol category patrol count: 5
13:25:08.858 [Killfeed] AI Guo (Raiders) got killed by AI Peter (Raiders) with LE-MAS from a distance of 10 m.
13:25:12.198 [AI Object Patrol 00025] Raiders bots were wiped out (spawn position <3799.999756, 326.687744, 10925.812500>, 2/2 deceased)
13:25:12.198 [AI Object Patrol 00025] Global patrol count: 4
13:25:12.199 [AI Object Patrol 00025] ObjectPatrol category patrol count: 4
13:26:18.868 [Killfeed] AI Baty (Raiders) got beaten to a pulp by AI Naomi (Raiders) with bare hands.
13:26:31.354 [Killfeed] AI Eva (Raiders) got killed by AI Peter (Raiders) with M4-A1 from a distance of 48 m.
13:26:58.353 [Killfeed] AI Peter (Raiders) bled out.
13:27:02.451 [AI Object Patrol 00019] Raiders bots were wiped out (spawn position <3800.540771, 326.740875, 10921.373047>, 2/2 deceased)
13:27:02.452 [AI Object Patrol 00019] Global patrol count: 3
13:27:02.452 [AI Object Patrol 00019] ObjectPatrol category patrol count: 3
13:27:35.767 [Killfeed] AI Irena (Raiders) bled out.
13:27:37.812 [AI Object Patrol 00020] Raiders bots were wiped out (spawn position <3819.938721, 325.986450, 10950.058594>, 1/1 deceased)
13:27:37.812 [AI Object Patrol 00020] Global patrol count: 2
13:27:37.813 [AI Object Patrol 00020] ObjectPatrol category patrol count: 2
13:33:04.101 [Killfeed] AI Naomi (Raiders) got killed by AI Keiko (Raiders) with MP7-A1 from a distance of 12 m.
13:33:07.662 [AI Object Patrol 00021] Raiders bots were wiped out (spawn position <3784.320068, 326.222076, 10952.735352>, 2/2 deceased)
13:33:07.663 [AI Object Patrol 00021] Global patrol count: 1
13:33:07.663 [AI Object Patrol 00021] ObjectPatrol category patrol count: 1
13:36:08.634 [Party] Player "Boogahadeen" (id=bJ4c7QoLlNcMFFuJioBGdjLTBsBdyGqIZNFZF3YMlt0=) left the party "ATG" (id=0 ownerUID=0ROjOu34qUpKfk3o_KbpKS2xSbFfZ9nDCrc2879VWQY= ownerName=Phill_Swift)
13:36:08.640 [Expansion Quests] Deleted quest with ID=8 is a of player with UID=bJ4c7QoLlNcMFFuJioBGdjLTBsBdyGqIZNFZF3YMlt0=.
13:36:08.641 [Expansion Quests] Deleted quest with ID=9 is a of player with UID=bJ4c7QoLlNcMFFuJioBGdjLTBsBdyGqIZNFZF3YMlt0=.
13:36:08.643 [Expansion Quests] Deleted quest with ID=11 is a of player with UID=bJ4c7QoLlNcMFFuJioBGdjLTBsBdyGqIZNFZF3YMlt0=.
