16:32:42.242 [Expansion Quests] Initialize quest system on the connected client with UID=bJ4c7QoLlNcMFFuJioBGdjLTBsBdyGqIZNFZF3YMlt0=
16:32:42.248 [Party] Player "Boogahadeen" (id=bJ4c7QoLlNcMFFuJioBGdjLTBsBdyGqIZNFZF3YMlt0=) joined the party "ATG" (id=0 ownerUID=0ROjOu34qUpKfk3o_KbpKS2xSbFfZ9nDCrc2879VWQY= ownerName=Phill_Swift)
16:32:42.279 [Expansion Quests] Loaded existing player quest data for player with UID=bJ4c7QoLlNcMFFuJioBGdjLTBsBdyGqIZNFZF3YMlt0=
16:32:42.283 [Expansion Quests] Loaded existing group quest data for group with ID=0
16:32:42.283 [Expansion Quests] Check quest initialization for quest with ID=8 | State=STARTED | Player UID=bJ4c7QoLlNcMFFuJioBGdjLTBsBdyGqIZNFZF3YMlt0=
16:32:42.285 [Expansion Quests] Create new quest instance for quest with ID=8 | Player UID=bJ4c7QoLlNcMFFuJioBGdjLTBsBdyGqIZNFZF3YMlt0=
16:32:42.288 [Expansion Quests] Check quest initialization for quest with ID=9 | State=STARTED | Player UID=bJ4c7QoLlNcMFFuJioBGdjLTBsBdyGqIZNFZF3YMlt0=
16:32:42.288 [Expansion Quests] Create new quest instance for quest with ID=9 | Player UID=bJ4c7QoLlNcMFFuJioBGdjLTBsBdyGqIZNFZF3YMlt0=
16:32:42.289 [Expansion Quests] Check quest initialization for quest with ID=11 | State=STARTED | Player UID=bJ4c7QoLlNcMFFuJioBGdjLTBsBdyGqIZNFZF3YMlt0=
16:32:42.289 [Expansion Quests] Create new quest instance for quest with ID=11 | Player UID=bJ4c7QoLlNcMFFuJioBGdjLTBsBdyGqIZNFZF3YMlt0=
16:32:42.290 [Expansion Quests] Check quest initialization for quest with ID=14 | State=COMPLETED | Player UID=bJ4c7QoLlNcMFFuJioBGdjLTBsBdyGqIZNFZF3YMlt0=
16:32:42.291 [Expansion Quests] Quest with ID=1 is not a a valid achievement or auto start quest. Skip quest for player with UID=bJ4c7QoLlNcMFFuJioBGdjLTBsBdyGqIZNFZF3YMlt0=
16:32:42.292 [Expansion Quests] Quest with ID=2 is not a a valid achievement or auto start quest. Skip quest for player with UID=bJ4c7QoLlNcMFFuJioBGdjLTBsBdyGqIZNFZF3YMlt0=
16:32:42.293 [Expansion Quests] Quest with ID=3 is not a a valid achievement or auto start quest. Skip quest for player with UID=bJ4c7QoLlNcMFFuJioBGdjLTBsBdyGqIZNFZF3YMlt0=
16:32:42.293 [Expansion Quests] Quest with ID=4 is not a a valid achievement or auto start quest. Skip quest for player with UID=bJ4c7QoLlNcMFFuJioBGdjLTBsBdyGqIZNFZF3YMlt0=
16:32:42.294 [Expansion Quests] Quest with ID=5 is not a a valid achievement or auto start quest. Skip quest for player with UID=bJ4c7QoLlNcMFFuJioBGdjLTBsBdyGqIZNFZF3YMlt0=
16:32:42.294 [Expansion Quests] Quest with ID=6 is not a a valid achievement or auto start quest. Skip quest for player with UID=bJ4c7QoLlNcMFFuJioBGdjLTBsBdyGqIZNFZF3YMlt0=
16:32:42.294 [Expansion Quests] Quest with ID=7 is not a a valid achievement or auto start quest. Skip quest for player with UID=bJ4c7QoLlNcMFFuJioBGdjLTBsBdyGqIZNFZF3YMlt0=
16:32:42.295 [Expansion Quests] Quest with ID=10 is not a a valid achievement or auto start quest. Skip quest for player with UID=bJ4c7QoLlNcMFFuJioBGdjLTBsBdyGqIZNFZF3YMlt0=
16:32:42.295 [Expansion Quests] Quest with ID=12 is not a a valid achievement or auto start quest. Skip quest for player with UID=bJ4c7QoLlNcMFFuJioBGdjLTBsBdyGqIZNFZF3YMlt0=
16:32:42.296 [Expansion Quests] Quest with ID=13 is not a a valid achievement or auto start quest. Skip quest for player with UID=bJ4c7QoLlNcMFFuJioBGdjLTBsBdyGqIZNFZF3YMlt0=
16:32:42.296 [Expansion Quests] Quest with ID=15 is not a a valid achievement or auto start quest. Skip quest for player with UID=bJ4c7QoLlNcMFFuJioBGdjLTBsBdyGqIZNFZF3YMlt0=
16:32:42.297 [Expansion Quests] Quest with ID=16 is not a a valid achievement or auto start quest. Skip quest for player with UID=bJ4c7QoLlNcMFFuJioBGdjLTBsBdyGqIZNFZF3YMlt0=
16:32:42.297 [Expansion Quests] Quest with ID=17 is not a a valid achievement or auto start quest. Skip quest for player with UID=bJ4c7QoLlNcMFFuJioBGdjLTBsBdyGqIZNFZF3YMlt0=
16:32:42.297 [Expansion Quests] Quest with ID=18 is not a a valid achievement or auto start quest. Skip quest for player with UID=bJ4c7QoLlNcMFFuJioBGdjLTBsBdyGqIZNFZF3YMlt0=
16:32:42.298 [Expansion Quests] Quest with ID=19 is not a a valid achievement or auto start quest. Skip quest for player with UID=bJ4c7QoLlNcMFFuJioBGdjLTBsBdyGqIZNFZF3YMlt0=
16:32:42.298 [Expansion Quests] Quest with ID=20 is not a a valid achievement or auto start quest. Skip quest for player with UID=bJ4c7QoLlNcMFFuJioBGdjLTBsBdyGqIZNFZF3YMlt0=
16:32:42.299 [Expansion Quests] Quest with ID=21 is not a a valid achievement or auto start quest. Skip quest for player with UID=bJ4c7QoLlNcMFFuJioBGdjLTBsBdyGqIZNFZF3YMlt0=
16:32:42.299 [Expansion Quests] Quest with ID=22 is not a a valid achievement or auto start quest. Skip quest for player with UID=bJ4c7QoLlNcMFFuJioBGdjLTBsBdyGqIZNFZF3YMlt0=
16:32:42.299 [Expansion Quests] Quest with ID=23 is not a a valid achievement or auto start quest. Skip quest for player with UID=bJ4c7QoLlNcMFFuJioBGdjLTBsBdyGqIZNFZF3YMlt0=
16:32:42.300 [Expansion Quests] Quest with ID=24 is not a a valid achievement or auto start quest. Skip quest for player with UID=bJ4c7QoLlNcMFFuJioBGdjLTBsBdyGqIZNFZF3YMlt0=
16:32:42.303 [Expansion Quests] Sending bJ4c7QoLlNcMFFuJioBGdjLTBsBdyGqIZNFZF3YMlt0= quest configs to client for player with UID=bJ4c7QoLlNcMFFuJioBGdjLTBsBdyGqIZNFZF3YMlt0=
16:32:42.304 [Expansion Quests] Sending player quest data for 4 quests to player with UID=bJ4c7QoLlNcMFFuJioBGdjLTBsBdyGqIZNFZF3YMlt0=
16:32:43.141 [Expansion Quests] - LoadGroupQuestData - Got cached group quest data for group with ID=0
16:33:45.582 [AI Object Patrol 00022] Spawning 1 Raiders bots at <4826.837891, 339.130402, 9661.075195>
16:33:45.651 [AI Object Patrol 00022] Global patrol count: 1
16:33:45.651 [AI Object Patrol 00022] ObjectPatrol category patrol count: 1
16:33:45.652 [AI Object Patrol 00018] Spawning 3 Raiders bots at <4836.199707, 342.132996, 9647.482422>
16:33:45.702 [AI Object Patrol 00018] Global patrol count: 2
16:33:45.702 [AI Object Patrol 00018] ObjectPatrol category patrol count: 2
16:34:42.569 [Killfeed] AI Linda (Raiders) got killed by AI Eva (Raiders) with M4-A1 from a distance of 43 m.
16:34:46.363 [AI Object Patrol 00022] Raiders bots were wiped out (spawn position <4826.837891, 339.130402, 9661.075195>, 1/1 deceased)
16:34:46.364 [AI Object Patrol 00022] Global patrol count: 1
16:34:46.367 [AI Object Patrol 00022] ObjectPatrol category patrol count: 1
16:34:54.626 [AI Object Patrol 00024] Spawning 3 Raiders bots at <3835.687012, 327.999451, 10935.041992>
16:34:54.690 [AI Object Patrol 00024] Global patrol count: 2
16:34:54.691 [AI Object Patrol 00024] ObjectPatrol category patrol count: 2
16:34:56.893 [AI Object Patrol 00019] Spawning 1 Raiders bots at <3804.263184, 326.747467, 10923.839844>
16:34:56.935 [AI Object Patrol 00019] Global patrol count: 3
16:34:56.936 [AI Object Patrol 00019] ObjectPatrol category patrol count: 3
16:34:57.377 [AI Object Patrol 00023] Spawning 3 Raiders bots at <3799.227295, 326.665833, 10923.299805>
16:34:57.415 [AI Object Patrol 00023] Global patrol count: 4
16:34:57.416 [AI Object Patrol 00023] ObjectPatrol category patrol count: 4
16:35:00.032 [AI Object Patrol 00020] Spawning 3 Raiders bots at <3810.257324, 326.404449, 10947.301758>
16:35:00.076 [AI Object Patrol 00020] Global patrol count: 5
16:35:00.076 [AI Object Patrol 00020] ObjectPatrol category patrol count: 5
16:35:18.417 [Killfeed] AI Keiko (Raiders) got killed by AI Frida (Raiders) with M16-A2 from a distance of 25 m.
16:35:23.915 [Killfeed] AI Cyril (Raiders) got killed by AI Frida (Raiders) with M16-A2 from a distance of 4 m.
16:35:24.049 [Killfeed] AI Naomi (Raiders) got killed by AI Frida (Raiders) with M16-A2 from a distance of 19 m.
16:35:26.377 [AI Object Patrol 00019] Raiders bots were wiped out (spawn position <3804.263184, 326.747467, 10923.839844>, 1/1 deceased)
16:35:26.377 [AI Object Patrol 00019] Global patrol count: 4
16:35:26.378 [AI Object Patrol 00019] ObjectPatrol category patrol count: 4
16:35:26.426 [AI Object Patrol 00025] Spawning 2 Raiders bots at <3789.322510, 326.219666, 10953.036133>
16:35:26.463 [AI Object Patrol 00025] Global patrol count: 5
16:35:26.464 [AI Object Patrol 00025] ObjectPatrol category patrol count: 5
16:35:57.445 [Killfeed] AI Hassan (Raiders) got killed by AI Helga (Raiders) with AUR AX from a distance of 3 m.
16:36:06.327 [Killfeed] AI Baty (Raiders) got killed by AI Frida (Raiders) with M16-A2 from a distance of 2 m.
16:36:13.143 [Killfeed] AI Frida (Raiders) got killed by AI Indar (Raiders) with LE-MAS from a distance of 6 m.
16:36:21.883 [Killfeed] AI Indar (Raiders) got killed by AI Helga (Raiders) with AUR AX from a distance of 22 m.
16:36:26.758 [AI Object Patrol 00025] Raiders bots were wiped out (spawn position <3789.322510, 326.219666, 10953.036133>, 2/2 deceased)
16:36:26.759 [AI Object Patrol 00025] Global patrol count: 4
16:36:26.759 [AI Object Patrol 00025] ObjectPatrol category patrol count: 4
16:36:30.907 [MissionAirdrop] An airdrop is heading towards "Chernogorsk" (pos=<6128.000000, 0.000000, 2497.000000> type=Random_Chernogorsk) with a ExpansionAirdropContainer_Military
16:36:38.953 [Killfeed] AI Irena (Raiders) got killed by AI Helga (Raiders) with AUR AX from a distance of 9 m.
16:36:54.393 [Killfeed] AI Judy (Raiders) got killed by AI Guo (Raiders) with M16-A2 from a distance of 6 m.
16:36:56.456 [AI Object Patrol 00024] Raiders bots were wiped out (spawn position <3835.687012, 327.999451, 10935.041992>, 3/3 deceased)
16:36:56.457 [AI Object Patrol 00024] Global patrol count: 3
16:36:56.457 [AI Object Patrol 00024] ObjectPatrol category patrol count: 3
16:37:10.467 [Killfeed] AI Guo (Raiders) got killed by [ATF] Boogahadeen with Gewehr 36C from a distance of 7 m.
16:37:38.644 [Killfeed] AI Helga (Raiders) got killed by [ATF] Boogahadeen with Gewehr 36C from a distance of 22 m.
16:37:41.442 [AI Object Patrol 00023] Raiders bots were wiped out (spawn position <3799.227295, 326.665833, 10923.299805>, 3/3 deceased)
16:37:41.443 [AI Object Patrol 00023] Global patrol count: 2
16:37:41.443 [AI Object Patrol 00023] ObjectPatrol category patrol count: 2
16:40:31.091 [Killfeed] AI Gabi (Raiders) bled out.
16:40:32.018 [AI Object Patrol 00020] Raiders bots were wiped out (spawn position <3810.257324, 326.404449, 10947.301758>, 3/3 deceased)
16:40:32.019 [AI Object Patrol 00020] Global patrol count: 1
16:40:32.019 [AI Object Patrol 00020] ObjectPatrol category patrol count: 1
16:46:16.755 [AI Object Patrol 00018] Despawning 3 Raiders bots (spawn position <4836.199707, 342.132996, 9647.482422>, 0/3 deceased)
16:46:16.756 [AI Object Patrol 00018] Global patrol count: 0
16:46:16.756 [AI Object Patrol 00018] ObjectPatrol category patrol count: 0
16:57:18.062 [Expansion Quests] Added new objective data for type=TARGET | Key=bJ4c7QoLlNcMFFuJioBGdjLTBsBdyGqIZNFZF3YMlt0= | ID=3
16:57:18.071 [Expansion Quests] Updated and saved persistent player quest data for player with UID=bJ4c7QoLlNcMFFuJioBGdjLTBsBdyGqIZNFZF3YMlt0= | Quest ID=8
16:57:18.072 [Expansion Quests] Added new objective data for type=TARGET | Key=bJ4c7QoLlNcMFFuJioBGdjLTBsBdyGqIZNFZF3YMlt0= | ID=2
16:57:18.073 [Expansion Quests] Updated and saved persistent player quest data for player with UID=bJ4c7QoLlNcMFFuJioBGdjLTBsBdyGqIZNFZF3YMlt0= | Quest ID=9
16:57:18.077 [Expansion Quests] Added new objective data for type=ACTION | Key=bJ4c7QoLlNcMFFuJioBGdjLTBsBdyGqIZNFZF3YMlt0= | ID=1
16:57:18.084 [Expansion Quests] Updated and saved persistent player quest data for player with UID=bJ4c7QoLlNcMFFuJioBGdjLTBsBdyGqIZNFZF3YMlt0= | Quest ID=11
