00:21:34.273 [Party] Player "Boogahadeen" (id=bJ4c7QoLlNcMFFuJioBGdjLTBsBdyGqIZNFZF3YMlt0=) joined the party "ATG" (id=0 ownerUID=0ROjOu34qUpKfk3o_KbpKS2xSbFfZ9nDCrc2879VWQY= ownerName=Phill_Swift)
00:21:34.276 [Expansion Quests] Initialize quest system on the connected client with UID=bJ4c7QoLlNcMFFuJioBGdjLTBsBdyGqIZNFZF3YMlt0=
00:21:34.310 [Expansion Quests] Loaded existing player quest data for player with UID=bJ4c7QoLlNcMFFuJioBGdjLTBsBdyGqIZNFZF3YMlt0=
00:21:34.312 [Expansion Quests] Loaded existing group quest data for group with ID=0
00:21:34.312 [Expansion Quests] Check quest initialization for quest with ID=8 | State=STARTED | Player UID=bJ4c7QoLlNcMFFuJioBGdjLTBsBdyGqIZNFZF3YMlt0=
00:21:34.313 [Expansion Quests] Create new quest instance for quest with ID=8 | Player UID=bJ4c7QoLlNcMFFuJioBGdjLTBsBdyGqIZNFZF3YMlt0=
00:21:34.316 [Expansion Quests] Check quest initialization for quest with ID=9 | State=STARTED | Player UID=bJ4c7QoLlNcMFFuJioBGdjLTBsBdyGqIZNFZF3YMlt0=
00:21:34.316 [Expansion Quests] Create new quest instance for quest with ID=9 | Player UID=bJ4c7QoLlNcMFFuJioBGdjLTBsBdyGqIZNFZF3YMlt0=
00:21:34.316 [Expansion Quests] Check quest initialization for quest with ID=11 | State=STARTED | Player UID=bJ4c7QoLlNcMFFuJioBGdjLTBsBdyGqIZNFZF3YMlt0=
00:21:34.316 [Expansion Quests] Create new quest instance for quest with ID=11 | Player UID=bJ4c7QoLlNcMFFuJioBGdjLTBsBdyGqIZNFZF3YMlt0=
00:21:34.317 [Expansion Quests] Check quest initialization for quest with ID=14 | State=COMPLETED | Player UID=bJ4c7QoLlNcMFFuJioBGdjLTBsBdyGqIZNFZF3YMlt0=
00:21:34.318 [Expansion Quests] Quest with ID=1 is not a a valid achievement or auto start quest. Skip quest for player with UID=bJ4c7QoLlNcMFFuJioBGdjLTBsBdyGqIZNFZF3YMlt0=
00:21:34.318 [Expansion Quests] Quest with ID=2 is not a a valid achievement or auto start quest. Skip quest for player with UID=bJ4c7QoLlNcMFFuJioBGdjLTBsBdyGqIZNFZF3YMlt0=
00:21:34.318 [Expansion Quests] Quest with ID=3 is not a a valid achievement or auto start quest. Skip quest for player with UID=bJ4c7QoLlNcMFFuJioBGdjLTBsBdyGqIZNFZF3YMlt0=
00:21:34.319 [Expansion Quests] Quest with ID=4 is not a a valid achievement or auto start quest. Skip quest for player with UID=bJ4c7QoLlNcMFFuJioBGdjLTBsBdyGqIZNFZF3YMlt0=
00:21:34.319 [Expansion Quests] Quest with ID=5 is not a a valid achievement or auto start quest. Skip quest for player with UID=bJ4c7QoLlNcMFFuJioBGdjLTBsBdyGqIZNFZF3YMlt0=
00:21:34.319 [Expansion Quests] Quest with ID=6 is not a a valid achievement or auto start quest. Skip quest for player with UID=bJ4c7QoLlNcMFFuJioBGdjLTBsBdyGqIZNFZF3YMlt0=
00:21:34.319 [Expansion Quests] Quest with ID=7 is not a a valid achievement or auto start quest. Skip quest for player with UID=bJ4c7QoLlNcMFFuJioBGdjLTBsBdyGqIZNFZF3YMlt0=
00:21:34.320 [Expansion Quests] Quest with ID=10 is not a a valid achievement or auto start quest. Skip quest for player with UID=bJ4c7QoLlNcMFFuJioBGdjLTBsBdyGqIZNFZF3YMlt0=
00:21:34.320 [Expansion Quests] Quest with ID=12 is not a a valid achievement or auto start quest. Skip quest for player with UID=bJ4c7QoLlNcMFFuJioBGdjLTBsBdyGqIZNFZF3YMlt0=
00:21:34.320 [Expansion Quests] Quest with ID=13 is not a a valid achievement or auto start quest. Skip quest for player with UID=bJ4c7QoLlNcMFFuJioBGdjLTBsBdyGqIZNFZF3YMlt0=
00:21:34.320 [Expansion Quests] Quest with ID=15 is not a a valid achievement or auto start quest. Skip quest for player with UID=bJ4c7QoLlNcMFFuJioBGdjLTBsBdyGqIZNFZF3YMlt0=
00:21:34.321 [Expansion Quests] Quest with ID=16 is not a a valid achievement or auto start quest. Skip quest for player with UID=bJ4c7QoLlNcMFFuJioBGdjLTBsBdyGqIZNFZF3YMlt0=
00:21:34.321 [Expansion Quests] Quest with ID=17 is not a a valid achievement or auto start quest. Skip quest for player with UID=bJ4c7QoLlNcMFFuJioBGdjLTBsBdyGqIZNFZF3YMlt0=
00:21:34.321 [Expansion Quests] Quest with ID=18 is not a a valid achievement or auto start quest. Skip quest for player with UID=bJ4c7QoLlNcMFFuJioBGdjLTBsBdyGqIZNFZF3YMlt0=
00:21:34.321 [Expansion Quests] Quest with ID=19 is not a a valid achievement or auto start quest. Skip quest for player with UID=bJ4c7QoLlNcMFFuJioBGdjLTBsBdyGqIZNFZF3YMlt0=
00:21:34.321 [Expansion Quests] Quest with ID=20 is not a a valid achievement or auto start quest. Skip quest for player with UID=bJ4c7QoLlNcMFFuJioBGdjLTBsBdyGqIZNFZF3YMlt0=
00:21:34.321 [Expansion Quests] Quest with ID=21 is not a a valid achievement or auto start quest. Skip quest for player with UID=bJ4c7QoLlNcMFFuJioBGdjLTBsBdyGqIZNFZF3YMlt0=
00:21:34.322 [Expansion Quests] Quest with ID=22 is not a a valid achievement or auto start quest. Skip quest for player with UID=bJ4c7QoLlNcMFFuJioBGdjLTBsBdyGqIZNFZF3YMlt0=
00:21:34.322 [Expansion Quests] Quest with ID=23 is not a a valid achievement or auto start quest. Skip quest for player with UID=bJ4c7QoLlNcMFFuJioBGdjLTBsBdyGqIZNFZF3YMlt0=
00:21:34.322 [Expansion Quests] Quest with ID=24 is not a a valid achievement or auto start quest. Skip quest for player with UID=bJ4c7QoLlNcMFFuJioBGdjLTBsBdyGqIZNFZF3YMlt0=
00:21:34.323 [Expansion Quests] Sending bJ4c7QoLlNcMFFuJioBGdjLTBsBdyGqIZNFZF3YMlt0= quest configs to client for player with UID=bJ4c7QoLlNcMFFuJioBGdjLTBsBdyGqIZNFZF3YMlt0=
00:21:34.327 [Expansion Quests] Sending player quest data for 4 quests to player with UID=bJ4c7QoLlNcMFFuJioBGdjLTBsBdyGqIZNFZF3YMlt0=
00:21:35.172 [Expansion Quests] - LoadGroupQuestData - Got cached group quest data for group with ID=0
00:22:30.490 [Killfeed] AI Indar (Yeet Brigade) got killed by [ATF] Boogahadeen with AKM from a distance of 9 m.
00:22:54.985 [Killfeed] AI Francis (East) got killed by AI Helga (West) with AUR AX from a distance of 2 m.
00:22:55.956 [Killfeed] AI Linda (East) got killed by AI Helga (West) with AUR AX from a distance of 3 m.
00:23:02.850 [Killfeed] AI Taiki (Yeet Brigade) got killed by [ATF] Boogahadeen with AKM from a distance of 4 m.
00:23:03.332 [Killfeed] AI Irena (Yeet Brigade) got killed by [ATF] Boogahadeen with AKM from a distance of 8 m.
00:23:04.016 [Killfeed] AI Peter (Yeet Brigade) got killed by [ATF] Boogahadeen with AKM from a distance of 7 m.
00:23:04.104 [Killfeed] AI Elias (Yeet Brigade) got killed by [ATF] Boogahadeen with AKM from a distance of 7 m.
00:23:05.050 [Killfeed] AI Frida (Yeet Brigade) got killed by [ATF] Boogahadeen with AKM from a distance of 12 m.
00:23:08.753 [Killfeed] AI Manua (East) got killed by [ATF] Boogahadeen with AKM from a distance of 23 m.
00:23:10.764 [Killfeed] AI Helga (West) got killed by [ATF] Boogahadeen with AKM from a distance of 7 m.
00:23:21.259 [Killfeed] AI Gabi (West) got killed by [ATF] Boogahadeen with AKM from a distance of 10 m.
00:23:53.371 [Killfeed] AI Naomi (East) got killed by [ATF] Boogahadeen with AKM from a distance of 2 m.
00:24:39.195 [MissionAirdrop] An airdrop is heading towards "Skalisty Island" (pos=<13452.000000, 0.000000, 3112.000000> type=Random_Skalisty Island) with a ExpansionAirdropContainer_Military
00:28:56.099 [Killfeed] AI Maria (Yeet Brigade) got killed by [ATF] Boogahadeen with AKM from a distance of 3 m.
00:29:11.847 [Killfeed] AI Eva (Yeet Brigade) got killed by [ATF] Boogahadeen with AKM from a distance of 9 m.
00:29:13.741 [Killfeed] AI Judy (Yeet Brigade) got killed by [ATF] Boogahadeen with AKM from a distance of 7 m.
00:29:18.899 [Killfeed] AI Baty (Yeet Brigade) got killed by [ATF] Boogahadeen with AKM from a distance of 2 m.
00:29:20.485 [Killfeed] AI Kaito (Yeet Brigade) got killed by [ATF] Boogahadeen with AKM from a distance of 11 m.
00:29:52.049 [Killfeed] AI Mirek (Yeet Brigade) got killed by [ATF] Boogahadeen with AKM from a distance of 2 m.
00:29:54.773 [Killfeed] AI Keiko (Yeet Brigade) got killed by [ATF] Boogahadeen with AKM from a distance of 2 m.
00:49:35.059 [Party] Player "Boogahadeen" (id=bJ4c7QoLlNcMFFuJioBGdjLTBsBdyGqIZNFZF3YMlt0=) left the party "ATG" (id=0 ownerUID=0ROjOu34qUpKfk3o_KbpKS2xSbFfZ9nDCrc2879VWQY= ownerName=Phill_Swift)
00:49:35.064 [Expansion Quests] Deleted quest with ID=8 is a of player with UID=bJ4c7QoLlNcMFFuJioBGdjLTBsBdyGqIZNFZF3YMlt0=.
00:49:35.064 [Expansion Quests] Deleted quest with ID=9 is a of player with UID=bJ4c7QoLlNcMFFuJioBGdjLTBsBdyGqIZNFZF3YMlt0=.
00:49:35.065 [Expansion Quests] Deleted quest with ID=11 is a of player with UID=bJ4c7QoLlNcMFFuJioBGdjLTBsBdyGqIZNFZF3YMlt0=.
