18:07:06.722 [Expansion Quests] Objective with ID=1 (Type=TARGET) is set to inactive. Skip adding objective..
18:07:06.724 [Expansion Quests] Objective with ID=2 (Type=TARGET) is set to inactive. Skip adding objective..
18:07:06.727 [Expansion Quests] Objective with ID=3 (Type=TARGET) is set to inactive. Skip adding objective..
18:07:06.728 [Expansion Quests] Objective with ID=4 (Type=TARGET) is set to inactive. Skip adding objective..
18:07:06.779 [Expansion Quests] Objective with ID=1 (Type=AIESCORT) is set to inactive. Skip adding objective..
18:07:06.780 [Expansion Quests] Objective with ID=2 (Type=AIESCORT) is set to inactive. Skip adding objective..
18:13:05.227 [MissionAirdrop] An airdrop is heading towards "Chernogorsk" (pos=<6128.000000, 0.000000, 2497.000000> type=Random_Chernogorsk) with a ExpansionAirdropContainer_Military
18:16:25.008 [Party] Player "Boogahadeen" (id=bJ4c7QoLlNcMFFuJioBGdjLTBsBdyGqIZNFZF3YMlt0=) joined the party "ATG" (id=0 ownerUID=0ROjOu34qUpKfk3o_KbpKS2xSbFfZ9nDCrc2879VWQY= ownerName=Phill_Swift)
18:16:25.010 [Expansion Quests] Initialize quest system on the connected client with UID=bJ4c7QoLlNcMFFuJioBGdjLTBsBdyGqIZNFZF3YMlt0=
18:16:25.021 [Expansion Quests] Loaded existing player quest data for player with UID=bJ4c7QoLlNcMFFuJioBGdjLTBsBdyGqIZNFZF3YMlt0=
18:16:25.024 [Expansion Quests] Loaded existing group quest data for group with ID=0
18:16:25.025 [Expansion Quests] Check quest initialization for quest with ID=8 | State=STARTED | Player UID=bJ4c7QoLlNcMFFuJioBGdjLTBsBdyGqIZNFZF3YMlt0=
18:16:25.027 [Expansion Quests] Create new quest instance for quest with ID=8 | Player UID=bJ4c7QoLlNcMFFuJioBGdjLTBsBdyGqIZNFZF3YMlt0=
18:16:25.029 [Expansion Quests] Check quest initialization for quest with ID=9 | State=COMPLETED | Player UID=bJ4c7QoLlNcMFFuJioBGdjLTBsBdyGqIZNFZF3YMlt0=
18:16:25.030 [Expansion Quests] Check quest initialization for quest with ID=11 | State=STARTED | Player UID=bJ4c7QoLlNcMFFuJioBGdjLTBsBdyGqIZNFZF3YMlt0=
18:16:25.030 [Expansion Quests] Create new quest instance for quest with ID=11 | Player UID=bJ4c7QoLlNcMFFuJioBGdjLTBsBdyGqIZNFZF3YMlt0=
18:16:25.031 [Expansion Quests] Check quest initialization for quest with ID=14 | State=COMPLETED | Player UID=bJ4c7QoLlNcMFFuJioBGdjLTBsBdyGqIZNFZF3YMlt0=
18:16:25.032 [Expansion Quests] Quest with ID=1 is not a a valid achievement or auto start quest. Skip quest for player with UID=bJ4c7QoLlNcMFFuJioBGdjLTBsBdyGqIZNFZF3YMlt0=
18:16:25.033 [Expansion Quests] Quest with ID=2 is not a a valid achievement or auto start quest. Skip quest for player with UID=bJ4c7QoLlNcMFFuJioBGdjLTBsBdyGqIZNFZF3YMlt0=
18:16:25.033 [Expansion Quests] Quest with ID=3 is not a a valid achievement or auto start quest. Skip quest for player with UID=bJ4c7QoLlNcMFFuJioBGdjLTBsBdyGqIZNFZF3YMlt0=
18:16:25.034 [Expansion Quests] Quest with ID=4 is not a a valid achievement or auto start quest. Skip quest for player with UID=bJ4c7QoLlNcMFFuJioBGdjLTBsBdyGqIZNFZF3YMlt0=
18:16:25.034 [Expansion Quests] Quest with ID=5 is not a a valid achievement or auto start quest. Skip quest for player with UID=bJ4c7QoLlNcMFFuJioBGdjLTBsBdyGqIZNFZF3YMlt0=
18:16:25.035 [Expansion Quests] Quest with ID=6 is not a a valid achievement or auto start quest. Skip quest for player with UID=bJ4c7QoLlNcMFFuJioBGdjLTBsBdyGqIZNFZF3YMlt0=
18:16:25.035 [Expansion Quests] Quest with ID=7 is not a a valid achievement or auto start quest. Skip quest for player with UID=bJ4c7QoLlNcMFFuJioBGdjLTBsBdyGqIZNFZF3YMlt0=
18:16:25.035 [Expansion Quests] Quest with ID=10 is not a a valid achievement or auto start quest. Skip quest for player with UID=bJ4c7QoLlNcMFFuJioBGdjLTBsBdyGqIZNFZF3YMlt0=
18:16:25.036 [Expansion Quests] Quest with ID=12 is not a a valid achievement or auto start quest. Skip quest for player with UID=bJ4c7QoLlNcMFFuJioBGdjLTBsBdyGqIZNFZF3YMlt0=
18:16:25.036 [Expansion Quests] Quest with ID=13 is not a a valid achievement or auto start quest. Skip quest for player with UID=bJ4c7QoLlNcMFFuJioBGdjLTBsBdyGqIZNFZF3YMlt0=
18:16:25.037 [Expansion Quests] Quest with ID=15 is not a a valid achievement or auto start quest. Skip quest for player with UID=bJ4c7QoLlNcMFFuJioBGdjLTBsBdyGqIZNFZF3YMlt0=
18:16:25.037 [Expansion Quests] Quest with ID=400 is not a a valid achievement or auto start quest. Skip quest for player with UID=bJ4c7QoLlNcMFFuJioBGdjLTBsBdyGqIZNFZF3YMlt0=
18:16:25.038 [Expansion Quests] Quest with ID=17 is not a a valid achievement or auto start quest. Skip quest for player with UID=bJ4c7QoLlNcMFFuJioBGdjLTBsBdyGqIZNFZF3YMlt0=
18:16:25.038 [Expansion Quests] Quest with ID=18 is not a a valid achievement or auto start quest. Skip quest for player with UID=bJ4c7QoLlNcMFFuJioBGdjLTBsBdyGqIZNFZF3YMlt0=
18:16:25.038 [Expansion Quests] Quest with ID=19 is not a a valid achievement or auto start quest. Skip quest for player with UID=bJ4c7QoLlNcMFFuJioBGdjLTBsBdyGqIZNFZF3YMlt0=
18:16:25.039 [Expansion Quests] Quest with ID=20 is not a a valid achievement or auto start quest. Skip quest for player with UID=bJ4c7QoLlNcMFFuJioBGdjLTBsBdyGqIZNFZF3YMlt0=
18:16:25.040 [Expansion Quests] Quest with ID=21 is not a a valid achievement or auto start quest. Skip quest for player with UID=bJ4c7QoLlNcMFFuJioBGdjLTBsBdyGqIZNFZF3YMlt0=
18:16:25.040 [Expansion Quests] Quest with ID=22 is not a a valid achievement or auto start quest. Skip quest for player with UID=bJ4c7QoLlNcMFFuJioBGdjLTBsBdyGqIZNFZF3YMlt0=
18:16:25.041 [Expansion Quests] Quest with ID=23 is not a a valid achievement or auto start quest. Skip quest for player with UID=bJ4c7QoLlNcMFFuJioBGdjLTBsBdyGqIZNFZF3YMlt0=
18:16:25.041 [Expansion Quests] Quest with ID=24 is not a a valid achievement or auto start quest. Skip quest for player with UID=bJ4c7QoLlNcMFFuJioBGdjLTBsBdyGqIZNFZF3YMlt0=
18:16:25.041 [Expansion Quests] Quest with ID=800 is not a a valid achievement or auto start quest. Skip quest for player with UID=bJ4c7QoLlNcMFFuJioBGdjLTBsBdyGqIZNFZF3YMlt0=
18:16:25.042 [Expansion Quests] Quest with ID=801 is not a a valid achievement or auto start quest. Skip quest for player with UID=bJ4c7QoLlNcMFFuJioBGdjLTBsBdyGqIZNFZF3YMlt0=
18:16:25.042 [Expansion Quests] Quest with ID=802 is not a a valid achievement or auto start quest. Skip quest for player with UID=bJ4c7QoLlNcMFFuJioBGdjLTBsBdyGqIZNFZF3YMlt0=
18:16:25.042 [Expansion Quests] Quest with ID=803 is not a a valid achievement or auto start quest. Skip quest for player with UID=bJ4c7QoLlNcMFFuJioBGdjLTBsBdyGqIZNFZF3YMlt0=
18:16:25.043 [Expansion Quests] Quest with ID=300 is not a a valid achievement or auto start quest. Skip quest for player with UID=bJ4c7QoLlNcMFFuJioBGdjLTBsBdyGqIZNFZF3YMlt0=
18:16:25.043 [Expansion Quests] Quest with ID=16 is not a a valid achievement or auto start quest. Skip quest for player with UID=bJ4c7QoLlNcMFFuJioBGdjLTBsBdyGqIZNFZF3YMlt0=
18:16:25.043 [Expansion Quests] Quest with ID=500 is not a a valid achievement or auto start quest. Skip quest for player with UID=bJ4c7QoLlNcMFFuJioBGdjLTBsBdyGqIZNFZF3YMlt0=
18:16:25.044 [Expansion Quests] Quest with ID=501 is not a a valid achievement or auto start quest. Skip quest for player with UID=bJ4c7QoLlNcMFFuJioBGdjLTBsBdyGqIZNFZF3YMlt0=
18:16:25.044 [Expansion Quests] Quest with ID=502 is not a a valid achievement or auto start quest. Skip quest for player with UID=bJ4c7QoLlNcMFFuJioBGdjLTBsBdyGqIZNFZF3YMlt0=
18:16:25.046 [Expansion Quests] Quest with ID=503 is not a a valid achievement or auto start quest. Skip quest for player with UID=bJ4c7QoLlNcMFFuJioBGdjLTBsBdyGqIZNFZF3YMlt0=
18:16:25.046 [Expansion Quests] Quest with ID=504 is not a a valid achievement or auto start quest. Skip quest for player with UID=bJ4c7QoLlNcMFFuJioBGdjLTBsBdyGqIZNFZF3YMlt0=
18:16:25.047 [Expansion Quests] Quest with ID=505 is not a a valid achievement or auto start quest. Skip quest for player with UID=bJ4c7QoLlNcMFFuJioBGdjLTBsBdyGqIZNFZF3YMlt0=
18:16:25.049 [Expansion Quests] Sending bJ4c7QoLlNcMFFuJioBGdjLTBsBdyGqIZNFZF3YMlt0= quest configs to client for player with UID=bJ4c7QoLlNcMFFuJioBGdjLTBsBdyGqIZNFZF3YMlt0=
18:16:25.050 [Expansion Quests] Sending player quest data for 4 quests to player with UID=bJ4c7QoLlNcMFFuJioBGdjLTBsBdyGqIZNFZF3YMlt0=
18:16:25.901 [Expansion Quests] - LoadGroupQuestData - Got cached group quest data for group with ID=0
18:18:49.717 [SpawnSelection] Player "Boogahadeen" (id=bJ4c7QoLlNcMFFuJioBGdjLTBsBdyGqIZNFZF3YMlt0=) spawned at <2031.425415, 1.290743, 2150.743408>
18:42:39.664 [AI Patrol 00041] Spawning 1 Raiders bots at <4130.688965, 347.572479, 6145.658203>
18:42:39.879 [AI Patrol 00041] Global patrol count: 1
18:42:39.879 [AI Patrol 00041] Patrol category patrol count: 1
18:42:39.880 [AI Patrol 00042] Spawning 2 Raiders bots at <4472.380371, 301.438416, 6105.425781>
18:42:39.951 [AI Patrol 00042] Global patrol count: 2
18:42:39.952 [AI Patrol 00042] Patrol category patrol count: 2
18:42:40.834 [Safezone] Player "Boogahadeen" (id=bJ4c7QoLlNcMFFuJioBGdjLTBsBdyGqIZNFZF3YMlt0= pos=<3733.78, 402, 6008.76>) entered the safezone
18:43:23.924 [Expansion Quests] Added new objective data for type=TRAVEL | Key=bJ4c7QoLlNcMFFuJioBGdjLTBsBdyGqIZNFZF3YMlt0= | ID=4
18:43:23.924 [Expansion Quests] Added new objective data for type=AIPATROL | Key=bJ4c7QoLlNcMFFuJioBGdjLTBsBdyGqIZNFZF3YMlt0= | ID=1
18:43:23.928 [Expansion Quests] Updated and saved persistent player quest data for player with UID=bJ4c7QoLlNcMFFuJioBGdjLTBsBdyGqIZNFZF3YMlt0= | Quest ID=5
18:43:23.929 [Expansion Quests] Created new quest instance with instance key=bJ4c7QoLlNcMFFuJioBGdjLTBsBdyGqIZNFZF3YMlt0= for quest with ID=5
18:43:24.096 [Expansion Quests] Added new objective data for type=TRAVEL | Key=bJ4c7QoLlNcMFFuJioBGdjLTBsBdyGqIZNFZF3YMlt0= | ID=4
18:43:24.097 [Expansion Quests] Added new objective data for type=AIPATROL | Key=bJ4c7QoLlNcMFFuJioBGdjLTBsBdyGqIZNFZF3YMlt0= | ID=1
18:43:24.100 [Expansion Quests] Updated and saved persistent player quest data for player with UID=bJ4c7QoLlNcMFFuJioBGdjLTBsBdyGqIZNFZF3YMlt0= | Quest ID=5
18:44:27.685 [Safezone] Player "Boogahadeen" (id=bJ4c7QoLlNcMFFuJioBGdjLTBsBdyGqIZNFZF3YMlt0= pos=<6956.55, 391, 11483.8>) left the safezone
18:46:58.534 [Expansion Quests] Added new objective data for type=TRAVEL | Key=bJ4c7QoLlNcMFFuJioBGdjLTBsBdyGqIZNFZF3YMlt0= | ID=4
18:46:58.536 [Expansion Quests] Added new objective data for type=AIPATROL | Key=bJ4c7QoLlNcMFFuJioBGdjLTBsBdyGqIZNFZF3YMlt0= | ID=1
18:46:58.543 [Expansion Quests] Updated and saved persistent player quest data for player with UID=bJ4c7QoLlNcMFFuJioBGdjLTBsBdyGqIZNFZF3YMlt0= | Quest ID=5
18:46:59.188 [AI Patrol 00053] Spawning 4 Quest Target (Mercenaries) bots at <6883.979980, 403.194824, 11380.799805>
18:46:59.381 [AI Patrol 00053] Global patrol count: 3
18:46:59.381 [AI Patrol 00053] Quest category patrol count: 1
18:47:09.295 [Killfeed] AI Boris (Raiders) got killed by AI Helga (Raiders) with Pioneer from a distance of 153 m.
18:48:42.820 [Killfeed] AI Helga (Raiders) got beaten to a pulp by AI Linda (Raiders) with bare hands.
18:48:47.170 [AI Patrol 00041] Raiders bots were wiped out (spawn position <4130.688965, 347.572479, 6145.658203>, 1/1 deceased)
18:48:47.171 [AI Patrol 00041] Global patrol count: 2
18:48:47.171 [AI Patrol 00041] Patrol category patrol count: 1
18:48:54.262 [Killfeed] AI Keiko (Quest Target) got killed by [ATF] Boogahadeen with AKM from a distance of 1 m.
18:48:54.263 [Expansion Quests] Added new objective data for type=TRAVEL | Key=bJ4c7QoLlNcMFFuJioBGdjLTBsBdyGqIZNFZF3YMlt0= | ID=4
18:48:54.264 [Expansion Quests] Added new objective data for type=AIPATROL | Key=bJ4c7QoLlNcMFFuJioBGdjLTBsBdyGqIZNFZF3YMlt0= | ID=1
18:48:54.266 [Expansion Quests] Updated and saved persistent player quest data for player with UID=bJ4c7QoLlNcMFFuJioBGdjLTBsBdyGqIZNFZF3YMlt0= | Quest ID=5
18:49:03.515 [Killfeed] AI Irena (Quest Target) got killed by [ATF] Boogahadeen with AKM from a distance of 2 m.
18:49:03.516 [Expansion Quests] Added new objective data for type=TRAVEL | Key=bJ4c7QoLlNcMFFuJioBGdjLTBsBdyGqIZNFZF3YMlt0= | ID=4
18:49:03.516 [Expansion Quests] Added new objective data for type=AIPATROL | Key=bJ4c7QoLlNcMFFuJioBGdjLTBsBdyGqIZNFZF3YMlt0= | ID=1
18:49:03.518 [Expansion Quests] Updated and saved persistent player quest data for player with UID=bJ4c7QoLlNcMFFuJioBGdjLTBsBdyGqIZNFZF3YMlt0= | Quest ID=5
18:49:37.850 [Killfeed] AI Maria (Quest Target) got killed by [ATF] Boogahadeen with AKM from a distance of 1 m.
18:49:37.851 [Expansion Quests] Added new objective data for type=TRAVEL | Key=bJ4c7QoLlNcMFFuJioBGdjLTBsBdyGqIZNFZF3YMlt0= | ID=4
18:49:37.851 [Expansion Quests] Added new objective data for type=AIPATROL | Key=bJ4c7QoLlNcMFFuJioBGdjLTBsBdyGqIZNFZF3YMlt0= | ID=1
18:49:37.854 [Expansion Quests] Updated and saved persistent player quest data for player with UID=bJ4c7QoLlNcMFFuJioBGdjLTBsBdyGqIZNFZF3YMlt0= | Quest ID=5
18:51:24.597 [Killfeed] AI Rolf (Quest Target) got killed by [ATF] Boogahadeen with AKM from a distance of 2 m.
18:51:24.600 [Expansion Quests] Added new objective data for type=TRAVEL | Key=bJ4c7QoLlNcMFFuJioBGdjLTBsBdyGqIZNFZF3YMlt0= | ID=4
18:51:24.601 [Expansion Quests] Added new objective data for type=AIPATROL | Key=bJ4c7QoLlNcMFFuJioBGdjLTBsBdyGqIZNFZF3YMlt0= | ID=1
18:51:24.603 [Expansion Quests] Updated and saved persistent player quest data for player with UID=bJ4c7QoLlNcMFFuJioBGdjLTBsBdyGqIZNFZF3YMlt0= | Quest ID=5
18:53:06.385 [Safezone] Player "Boogahadeen" (id=bJ4c7QoLlNcMFFuJioBGdjLTBsBdyGqIZNFZF3YMlt0= pos=<3726.92, 401.04, 6022.43>) entered the safezone
18:53:31.287 [Expansion Quests] Added new objective data for type=TRAVEL | Key=bJ4c7QoLlNcMFFuJioBGdjLTBsBdyGqIZNFZF3YMlt0= | ID=4
18:53:31.288 [Expansion Quests] Added new objective data for type=AIPATROL | Key=bJ4c7QoLlNcMFFuJioBGdjLTBsBdyGqIZNFZF3YMlt0= | ID=1
18:53:31.290 [Expansion Quests] Updated and saved persistent player quest data for player with UID=bJ4c7QoLlNcMFFuJioBGdjLTBsBdyGqIZNFZF3YMlt0= | Quest ID=5
18:53:31.292 [Expansion Quests] Player with UID=bJ4c7QoLlNcMFFuJioBGdjLTBsBdyGqIZNFZF3YMlt0= has completed quest with ID=5
18:54:49.099 [VehicleDeleted] AZLK_2141RF (id=DB4343DAA44131440AEBB69621D841A7 pos=<-0.01, 0.62, -0.09>)
18:54:49.240 [Market] Player "Boogahadeen" (id=bJ4c7QoLlNcMFFuJioBGdjLTBsBdyGqIZNFZF3YMlt0=) has bought azlk_2141rf x1 (c96d4d00, AZLK_2141RF_wheel<956dadf0>, AZLK_2141RF_doors_trunk<ef558240>, AZLK_2141RF_doors_hood<ef555f90>, AZLK_2141RF_doors_cargo2<ef5525c0>, AZLK_2141RF_doors_cargo1<ef553ce0>, AZLK_2141RF_doors_codriver<ef553150>, AZLK_2141RF_doors_driver<ef54c940>, AZLK_2141RF_wheel<956dadf0>, AZLK_2141RF_wheel<956dadf0>, AZLK_2141RF_wheel<956dadf0>, AZLK_2141RF_wheel<956dadf0>, SparkPlug<ef54ebf0>, CarBattery<ef54a690>, CarRadiator<ef54d4d0>, HeadlightH7<ef5483e0>, HeadlightH7<ef5483e0>) from the trader "Vehicles (Rolf [#STR_EXPANSION_MARKET_TRADER_VEHICLES])" in market zone "Green Mountain Trading Zone" (pos=<3728.270020, 403.000000, 6003.600098>) for a price of 17457.
18:55:11.282 [VehicleCarKey] Player "Boogahadeen" (id=bJ4c7QoLlNcMFFuJioBGdjLTBsBdyGqIZNFZF3YMlt0= pos=<3723.47, 400.99, 6020.32>) used ExpansionCarKey to unlock AZLK_2141RF (id=3D11045BF44C1F7FFAF65FAB35640008 pos=<3722.78, 401.04, 6018.93>)
18:55:15.647 [VehicleCarKey] Player "Boogahadeen" (id=bJ4c7QoLlNcMFFuJioBGdjLTBsBdyGqIZNFZF3YMlt0= pos=<3723.89, 401.02, 6020.2>) used ExpansionCarKey to lock AZLK_2141RF (id=3D11045BF44C1F7FFAF65FAB35640008 pos=<3722.78, 401.04, 6018.93>)
18:55:19.348 [VehicleEnter] Player "Boogahadeen" (id=bJ4c7QoLlNcMFFuJioBGdjLTBsBdyGqIZNFZF3YMlt0=) entered vehicle Москвич-2141 (id=3D11045BF44C1F7FFAF65FAB35640008 pos=<3722.78, 401.04, 6018.93>) as driver
18:55:24.772 [VehicleEngine] Player "Boogahadeen" (id=bJ4c7QoLlNcMFFuJioBGdjLTBsBdyGqIZNFZF3YMlt0=) started vehicle Москвич-2141 (Locked) (id=3D11045BF44C1F7FFAF65FAB35640008 pos=<3722.78, 401.04, 6018.93>)
18:55:39.243 [AI Object Patrol 00033] Spawning 3 Raiders bots at <3644.506836, 359.957245, 6275.520020>
18:55:39.431 [AI Object Patrol 00033] Global patrol count: 3
18:55:39.431 [AI Object Patrol 00033] ObjectPatrol category patrol count: 1
18:55:48.730 [AI Patrol 00035] Spawning 3 Mercenaries bots at <3854.216309, 234.321640, 4783.403809>
18:55:48.826 [AI Patrol 00035] Global patrol count: 4
18:55:48.826 [AI Patrol 00035] Patrol category patrol count: 2
18:56:03.766 [Safezone] Player "Boogahadeen" (id=bJ4c7QoLlNcMFFuJioBGdjLTBsBdyGqIZNFZF3YMlt0= pos=<4327.21, 330.83, 5537.21>) left the safezone
18:56:11.302 [VehicleCarKey] Player "Boogahadeen" (id=bJ4c7QoLlNcMFFuJioBGdjLTBsBdyGqIZNFZF3YMlt0= pos=<4329.47, 330.77, 5527.08>) used ExpansionCarKey to lock AZLK_2141RF (id=3D11045BF44C1F7FFAF65FAB35640008 pos=<4329.18, 330.1, 5526.77>)
18:56:27.007 [VehicleEngine] Player "NULL" (id=NULL) stopped vehicle Москвич-2141 (id=3D11045BF44C1F7FFAF65FAB35640008 pos=<4329.9, 330.1, 5526.64>)
18:56:27.047 [VehicleLeave] Player "Boogahadeen" (id=bJ4c7QoLlNcMFFuJioBGdjLTBsBdyGqIZNFZF3YMlt0=) left vehicle Москвич-2141 (id=3D11045BF44C1F7FFAF65FAB35640008 pos=<4329.9, 330.1, 5526.64>)
18:59:07.904 [VehicleCarKey] Player "Boogahadeen" (id=bJ4c7QoLlNcMFFuJioBGdjLTBsBdyGqIZNFZF3YMlt0= pos=<4330.7, 330.11, 5528.1>) used ExpansionCarKey to lock AZLK_2141RF (id=3D11045BF44C1F7FFAF65FAB35640008 pos=<4329.9, 330.1, 5526.64>)
18:59:09.717 [VehicleCarKey] Player "Boogahadeen" (id=bJ4c7QoLlNcMFFuJioBGdjLTBsBdyGqIZNFZF3YMlt0= pos=<4330.7, 330.11, 5528.1>) used ExpansionCarKey to unlock AZLK_2141RF (id=3D11045BF44C1F7FFAF65FAB35640008 pos=<4329.9, 330.1, 5526.64>)
18:59:14.596 [VehicleCarKey] Player "Boogahadeen" (id=bJ4c7QoLlNcMFFuJioBGdjLTBsBdyGqIZNFZF3YMlt0= pos=<4330.85, 330.11, 5527.45>) used ExpansionCarKey to lock AZLK_2141RF (id=3D11045BF44C1F7FFAF65FAB35640008 pos=<4329.9, 330.1, 5526.64>)
18:59:19.158 [VehicleEnter] Player "Boogahadeen" (id=bJ4c7QoLlNcMFFuJioBGdjLTBsBdyGqIZNFZF3YMlt0=) entered vehicle Москвич-2141 (id=3D11045BF44C1F7FFAF65FAB35640008 pos=<4329.9, 330.1, 5526.64>) as driver
18:59:21.316 [VehicleLeave] Player "Boogahadeen" (id=bJ4c7QoLlNcMFFuJioBGdjLTBsBdyGqIZNFZF3YMlt0=) left vehicle Москвич-2141 (id=3D11045BF44C1F7FFAF65FAB35640008 pos=<4329.9, 330.1, 5526.64>)
18:59:24.445 [VehicleEnter] Player "Boogahadeen" (id=bJ4c7QoLlNcMFFuJioBGdjLTBsBdyGqIZNFZF3YMlt0=) entered vehicle Москвич-2141 (id=3D11045BF44C1F7FFAF65FAB35640008 pos=<4329.9, 330.1, 5526.64>) as driver
18:59:29.621 [VehicleEngine] Player "Boogahadeen" (id=bJ4c7QoLlNcMFFuJioBGdjLTBsBdyGqIZNFZF3YMlt0=) started vehicle Москвич-2141 (Locked) (id=3D11045BF44C1F7FFAF65FAB35640008 pos=<4329.9, 330.1, 5526.64>)
18:59:52.664 [AI Patrol 00035] Despawning 3 Mercenaries bots (spawn position <3854.216309, 234.321640, 4783.403809>, 0/3 deceased)
18:59:52.664 [AI Patrol 00035] Global patrol count: 3
18:59:52.665 [AI Patrol 00035] Patrol category patrol count: 1
19:02:02.844 [Party] Player "Boogahadeen" (id=bJ4c7QoLlNcMFFuJioBGdjLTBsBdyGqIZNFZF3YMlt0=) left the party "ATG" (id=0 ownerUID=0ROjOu34qUpKfk3o_KbpKS2xSbFfZ9nDCrc2879VWQY= ownerName=Phill_Swift)
19:02:02.845 [Expansion Quests] Deleted quest with ID=8 is a of player with UID=bJ4c7QoLlNcMFFuJioBGdjLTBsBdyGqIZNFZF3YMlt0=.
19:02:02.846 [Expansion Quests] Deleted quest with ID=11 is a of player with UID=bJ4c7QoLlNcMFFuJioBGdjLTBsBdyGqIZNFZF3YMlt0=.
19:02:02.874 [VehicleEngine] Player "NULL" (id=NULL) stopped vehicle Москвич-2141 (id=3D11045BF44C1F7FFAF65FAB35640008 pos=<4607.61, 309.78, 7313.6>)
19:02:12.753 [AI Patrol 00042] Despawning 1 Raiders bots (spawn position <4472.380371, 301.438416, 6105.425781>, 1/2 deceased)
19:02:12.753 [AI Patrol 00042] Global patrol count: 2
19:02:12.754 [AI Patrol 00042] Patrol category patrol count: 0
19:10:49.280 [AI Object Patrol 00033] Despawning 3 Raiders bots (spawn position <3644.506836, 359.957245, 6275.520020>, 0/3 deceased)
19:10:49.280 [AI Object Patrol 00033] Global patrol count: 1
19:10:49.281 [AI Object Patrol 00033] ObjectPatrol category patrol count: 0
19:43:38.638 [MissionAirdrop] An airdrop is heading towards "Stary Sobor" (pos=<5823.000000, 0.000000, 7764.000000> type=Random_Stary Sobor) with a ExpansionAirdropContainer_Military
21:07:37.734 [MissionAirdrop] An airdrop is heading towards "Novodmitrovsk" (pos=<11125.000000, 0.000000, 14040.000000> type=Random_Novodmitrovsk) with a ExpansionAirdropContainer_Military
