16:58:45.144 [Expansion Quests] Initialize quest system on the connected client with UID=bJ4c7QoLlNcMFFuJioBGdjLTBsBdyGqIZNFZF3YMlt0=
16:58:45.175 [Expansion Quests] Loaded existing player quest data for player with UID=bJ4c7QoLlNcMFFuJioBGdjLTBsBdyGqIZNFZF3YMlt0=
16:58:45.175 [Expansion Quests] Check quest initialization for quest with ID=8 | State=STARTED | Player UID=bJ4c7QoLlNcMFFuJioBGdjLTBsBdyGqIZNFZF3YMlt0=
16:58:45.175 [Expansion Quests] Create new quest instance for quest with ID=8 | Player UID=bJ4c7QoLlNcMFFuJioBGdjLTBsBdyGqIZNFZF3YMlt0=
16:58:45.179 [Expansion Quests] Check quest initialization for quest with ID=9 | State=STARTED | Player UID=bJ4c7QoLlNcMFFuJioBGdjLTBsBdyGqIZNFZF3YMlt0=
16:58:45.179 [Expansion Quests] Create new quest instance for quest with ID=9 | Player UID=bJ4c7QoLlNcMFFuJioBGdjLTBsBdyGqIZNFZF3YMlt0=
16:58:45.179 [Expansion Quests] Check quest initialization for quest with ID=11 | State=STARTED | Player UID=bJ4c7QoLlNcMFFuJioBGdjLTBsBdyGqIZNFZF3YMlt0=
16:58:45.179 [Expansion Quests] Create new quest instance for quest with ID=11 | Player UID=bJ4c7QoLlNcMFFuJioBGdjLTBsBdyGqIZNFZF3YMlt0=
16:58:45.183 [Expansion Quests] Check quest initialization for quest with ID=14 | State=COMPLETED | Player UID=bJ4c7QoLlNcMFFuJioBGdjLTBsBdyGqIZNFZF3YMlt0=
16:58:45.183 [Expansion Quests] Quest with ID=1 is not a a valid achievement or auto start quest. Skip quest for player with UID=bJ4c7QoLlNcMFFuJioBGdjLTBsBdyGqIZNFZF3YMlt0=
16:58:45.183 [Expansion Quests] Quest with ID=2 is not a a valid achievement or auto start quest. Skip quest for player with UID=bJ4c7QoLlNcMFFuJioBGdjLTBsBdyGqIZNFZF3YMlt0=
16:58:45.183 [Expansion Quests] Quest with ID=3 is not a a valid achievement or auto start quest. Skip quest for player with UID=bJ4c7QoLlNcMFFuJioBGdjLTBsBdyGqIZNFZF3YMlt0=
16:58:45.183 [Expansion Quests] Quest with ID=4 is not a a valid achievement or auto start quest. Skip quest for player with UID=bJ4c7QoLlNcMFFuJioBGdjLTBsBdyGqIZNFZF3YMlt0=
16:58:45.183 [Expansion Quests] Quest with ID=5 is not a a valid achievement or auto start quest. Skip quest for player with UID=bJ4c7QoLlNcMFFuJioBGdjLTBsBdyGqIZNFZF3YMlt0=
16:58:45.183 [Expansion Quests] Quest with ID=6 is not a a valid achievement or auto start quest. Skip quest for player with UID=bJ4c7QoLlNcMFFuJioBGdjLTBsBdyGqIZNFZF3YMlt0=
16:58:45.183 [Expansion Quests] Quest with ID=7 is not a a valid achievement or auto start quest. Skip quest for player with UID=bJ4c7QoLlNcMFFuJioBGdjLTBsBdyGqIZNFZF3YMlt0=
16:58:45.183 [Expansion Quests] Quest with ID=10 is not a a valid achievement or auto start quest. Skip quest for player with UID=bJ4c7QoLlNcMFFuJioBGdjLTBsBdyGqIZNFZF3YMlt0=
16:58:45.183 [Expansion Quests] Quest with ID=12 is not a a valid achievement or auto start quest. Skip quest for player with UID=bJ4c7QoLlNcMFFuJioBGdjLTBsBdyGqIZNFZF3YMlt0=
16:58:45.187 [Expansion Quests] Quest with ID=13 is not a a valid achievement or auto start quest. Skip quest for player with UID=bJ4c7QoLlNcMFFuJioBGdjLTBsBdyGqIZNFZF3YMlt0=
16:58:45.187 [Expansion Quests] Quest with ID=15 is not a a valid achievement or auto start quest. Skip quest for player with UID=bJ4c7QoLlNcMFFuJioBGdjLTBsBdyGqIZNFZF3YMlt0=
16:58:45.187 [Expansion Quests] Quest with ID=16 is not a a valid achievement or auto start quest. Skip quest for player with UID=bJ4c7QoLlNcMFFuJioBGdjLTBsBdyGqIZNFZF3YMlt0=
16:58:45.187 [Expansion Quests] Quest with ID=17 is not a a valid achievement or auto start quest. Skip quest for player with UID=bJ4c7QoLlNcMFFuJioBGdjLTBsBdyGqIZNFZF3YMlt0=
16:58:45.187 [Expansion Quests] Quest with ID=18 is not a a valid achievement or auto start quest. Skip quest for player with UID=bJ4c7QoLlNcMFFuJioBGdjLTBsBdyGqIZNFZF3YMlt0=
16:58:45.187 [Expansion Quests] Quest with ID=19 is not a a valid achievement or auto start quest. Skip quest for player with UID=bJ4c7QoLlNcMFFuJioBGdjLTBsBdyGqIZNFZF3YMlt0=
16:58:45.187 [Expansion Quests] Quest with ID=20 is not a a valid achievement or auto start quest. Skip quest for player with UID=bJ4c7QoLlNcMFFuJioBGdjLTBsBdyGqIZNFZF3YMlt0=
16:58:45.187 [Expansion Quests] Quest with ID=21 is not a a valid achievement or auto start quest. Skip quest for player with UID=bJ4c7QoLlNcMFFuJioBGdjLTBsBdyGqIZNFZF3YMlt0=
16:58:45.191 [Expansion Quests] Quest with ID=22 is not a a valid achievement or auto start quest. Skip quest for player with UID=bJ4c7QoLlNcMFFuJioBGdjLTBsBdyGqIZNFZF3YMlt0=
16:58:45.191 [Expansion Quests] Quest with ID=23 is not a a valid achievement or auto start quest. Skip quest for player with UID=bJ4c7QoLlNcMFFuJioBGdjLTBsBdyGqIZNFZF3YMlt0=
16:58:45.191 [Expansion Quests] Quest with ID=24 is not a a valid achievement or auto start quest. Skip quest for player with UID=bJ4c7QoLlNcMFFuJioBGdjLTBsBdyGqIZNFZF3YMlt0=
16:58:45.191 [Expansion Quests] Sending bJ4c7QoLlNcMFFuJioBGdjLTBsBdyGqIZNFZF3YMlt0= quest configs to client for player with UID=bJ4c7QoLlNcMFFuJioBGdjLTBsBdyGqIZNFZF3YMlt0=
16:58:45.195 [Expansion Quests] Sending player quest data for 4 quests to player with UID=bJ4c7QoLlNcMFFuJioBGdjLTBsBdyGqIZNFZF3YMlt0=
17:02:57.523 [MissionAirdrop] An airdrop is heading towards "Stary Sobor" (pos=<5823.000000, 0.000000, 7764.000000> type=Random_Stary Sobor) with a ExpansionAirdropContainer_Military
17:10:01.078 [VehicleEnter] Player "Boogahadeen" (id=bJ4c7QoLlNcMFFuJioBGdjLTBsBdyGqIZNFZF3YMlt0=) entered vehicle Gyrocopter (id=AFBA2755C54951007CD807B8D59046EC pos=<3633.7, 311.14, 8983.28>) as pilot
17:10:06.984 [VehicleLeave] Player "Boogahadeen" (id=bJ4c7QoLlNcMFFuJioBGdjLTBsBdyGqIZNFZF3YMlt0=) left vehicle Gyrocopter (id=AFBA2755C54951007CD807B8D59046EC pos=<3633.68, 311.14, 8983.28>)
17:10:11.265 [VehicleEnter] Player "Boogahadeen" (id=bJ4c7QoLlNcMFFuJioBGdjLTBsBdyGqIZNFZF3YMlt0=) entered vehicle Gyrocopter (id=AFBA2755C54951007CD807B8D59046EC pos=<3633.68, 311.14, 8983.27>) as pilot
17:10:16.347 [VehicleEngine] Player "Boogahadeen" [uid=bJ4c7QoLlNcMFFuJioBGdjLTBsBdyGqIZNFZF3YMlt0=] started vehicle Gyrocopter (id=AFBA2755C54951007CD807B8D59046EC pos=<3633.663818, 311.139740, 8983.263672>)
17:12:04.355 [VehicleEngine] Player "Boogahadeen" [uid=bJ4c7QoLlNcMFFuJioBGdjLTBsBdyGqIZNFZF3YMlt0=] stopped vehicle Gyrocopter (id=AFBA2755C54951007CD807B8D59046EC pos=<2287.158447, 261.640228, 10226.608398>)
17:12:07.792 [VehicleLeave] Player "Boogahadeen" (id=bJ4c7QoLlNcMFFuJioBGdjLTBsBdyGqIZNFZF3YMlt0=) left vehicle Gyrocopter (id=AFBA2755C54951007CD807B8D59046EC pos=<2285.28, 261.63, 10230.2>)
17:13:59.351 [VehicleDeleted] ExpansionGyrocopter (id=AFBA2755C54951007CD807B8D59046EC pos=<2285.28, 261.63, 10230.2>)
17:14:15.027 [VehicleDeleted] ExpansionGyrocopter (id=A27A0DA9A3455778A3626EA29DA0126C pos=<2228.84, 258.29, 10262.3>)
17:14:26.785 [VehicleEnter] Player "Boogahadeen" (id=bJ4c7QoLlNcMFFuJioBGdjLTBsBdyGqIZNFZF3YMlt0=) entered vehicle Gyrocopter (id=5C634D2BA34210E210C602BA5784A24B pos=<2282.43, 260.28, 10225.7>) as pilot
17:15:48.062 [VehicleEngine] Player "Boogahadeen" [uid=bJ4c7QoLlNcMFFuJioBGdjLTBsBdyGqIZNFZF3YMlt0=] started vehicle Gyrocopter (id=5C634D2BA34210E210C602BA5784A24B pos=<2282.406006, 260.276672, 10225.725586>)
17:16:34.500 [AI Object Patrol 00040] Spawning 2 East bots at <1751.886353, 263.426025, 12201.998047>
17:16:34.652 [AI Object Patrol 00040] Global patrol count: 1
17:17:32.140 [VehicleDeleted] ExpansionGyrocopter (id=5C634D2BA34210E210C602BA5784A24B pos=<2069.67, 256.72, 11505.5>)
17:18:09.667 [VehicleEnter] Player "Boogahadeen" (id=bJ4c7QoLlNcMFFuJioBGdjLTBsBdyGqIZNFZF3YMlt0=) entered vehicle Gyrocopter (id=BA096636E14DEB52809DA7A87F160E0F pos=<2122.1, 254.52, 11483.7>) as pilot
17:18:11.218 [VehicleEngine] Player "Boogahadeen" [uid=bJ4c7QoLlNcMFFuJioBGdjLTBsBdyGqIZNFZF3YMlt0=] started vehicle Gyrocopter (id=BA096636E14DEB52809DA7A87F160E0F pos=<2122.100342, 254.524933, 11483.733398>)
17:21:40.175 [AI Object Patrol 00041] Spawning 2 West bots at <1054.251099, 348.092285, 10820.709961>
17:21:40.265 [AI Object Patrol 00041] Global patrol count: 2
17:24:42.355 [VehicleEngine] Player "Boogahadeen" [uid=bJ4c7QoLlNcMFFuJioBGdjLTBsBdyGqIZNFZF3YMlt0=] stopped vehicle Gyrocopter (id=BA096636E14DEB52809DA7A87F160E0F pos=<2190.159180, 352.384796, 10998.889648>)
17:24:50.933 [VehicleEngine] Player "Boogahadeen" [uid=bJ4c7QoLlNcMFFuJioBGdjLTBsBdyGqIZNFZF3YMlt0=] started vehicle Gyrocopter (id=BA096636E14DEB52809DA7A87F160E0F pos=<2190.201416, 300.615387, 10998.842773>)
17:26:23.832 [VehicleDeleted] ExpansionGyrocopter (id=36587918EF41DFCFE28423976A98AC9B pos=<2886.54, 265.69, 9387.78>)
17:27:18.589 [AI Object Patrol 00024] Spawning 3 West bots at <4817.271484, 339.137085, 9641.057617>
17:27:18.695 [AI Object Patrol 00024] Global patrol count: 3
17:27:19.210 [AI Object Patrol 00028] Spawning 1 West bots at <4834.983398, 339.270508, 9664.574219>
17:27:19.269 [AI Object Patrol 00028] Global patrol count: 4
17:27:54.769 [AI Object Patrol 00039] Spawning 3 West bots at <4136.052734, 309.664825, 7947.494141>
17:27:54.847 [AI Object Patrol 00039] Global patrol count: 5
17:30:44.445 [AI Object Patrol 00040] Despawning 2 East bots (spawn position <1751.886353, 263.426025, 12201.998047>, 0/2 deceased)
17:30:44.445 [AI Object Patrol 00040] Global patrol count: 4
17:32:41.898 [AI Object Patrol 00041] Despawning 2 West bots (spawn position <1054.251099, 348.092285, 10820.709961>, 0/2 deceased)
17:32:41.898 [AI Object Patrol 00041] Global patrol count: 3
17:37:59.863 [AI Object Patrol 00024] Despawning 3 West bots (spawn position <4817.271484, 339.137085, 9641.057617>, 0/3 deceased)
17:37:59.867 [AI Object Patrol 00024] Global patrol count: 2
17:38:00.164 [AI Object Patrol 00028] Despawning 1 West bots (spawn position <4834.983398, 339.270508, 9664.574219>, 0/1 deceased)
17:38:00.164 [AI Object Patrol 00028] Global patrol count: 1
18:03:18.183 [Expansion Quests] Added new objective data for type=TARGET | Key=bJ4c7QoLlNcMFFuJioBGdjLTBsBdyGqIZNFZF3YMlt0= | ID=3
18:03:18.191 [Expansion Quests] Updated and saved persistent player quest data for player with UID=bJ4c7QoLlNcMFFuJioBGdjLTBsBdyGqIZNFZF3YMlt0= | Quest ID=8
18:03:18.195 [Expansion Quests] Added new objective data for type=TARGET | Key=bJ4c7QoLlNcMFFuJioBGdjLTBsBdyGqIZNFZF3YMlt0= | ID=2
18:03:18.195 [Expansion Quests] Updated and saved persistent player quest data for player with UID=bJ4c7QoLlNcMFFuJioBGdjLTBsBdyGqIZNFZF3YMlt0= | Quest ID=9
18:03:18.195 [Expansion Quests] Added new objective data for type=ACTION | Key=bJ4c7QoLlNcMFFuJioBGdjLTBsBdyGqIZNFZF3YMlt0= | ID=1
18:03:18.199 [Expansion Quests] Updated and saved persistent player quest data for player with UID=bJ4c7QoLlNcMFFuJioBGdjLTBsBdyGqIZNFZF3YMlt0= | Quest ID=11
