16:16:18.449 [Safezone] Player "Boogahadeen" (id=bJ4c7QoLlNcMFFuJioBGdjLTBsBdyGqIZNFZF3YMlt0= pos=<3705.88, 402.01, 6000.96>) entered the safezone
16:16:18.453 [Expansion Quests] Initialize quest system on the connected client with UID=bJ4c7QoLlNcMFFuJioBGdjLTBsBdyGqIZNFZF3YMlt0=
16:16:18.488 [Expansion Quests] Loaded existing player quest data for player with UID=bJ4c7QoLlNcMFFuJioBGdjLTBsBdyGqIZNFZF3YMlt0=
16:16:18.488 [Expansion Quests] Check quest initialization for quest with ID=8 | State=STARTED | Player UID=bJ4c7QoLlNcMFFuJioBGdjLTBsBdyGqIZNFZF3YMlt0=
16:16:18.492 [Expansion Quests] Create new quest instance for quest with ID=8 | Player UID=bJ4c7QoLlNcMFFuJioBGdjLTBsBdyGqIZNFZF3YMlt0=
16:16:18.492 [Expansion Quests] Check quest initialization for quest with ID=9 | State=STARTED | Player UID=bJ4c7QoLlNcMFFuJioBGdjLTBsBdyGqIZNFZF3YMlt0=
16:16:18.492 [Expansion Quests] Create new quest instance for quest with ID=9 | Player UID=bJ4c7QoLlNcMFFuJioBGdjLTBsBdyGqIZNFZF3YMlt0=
16:16:18.492 [Expansion Quests] Check quest initialization for quest with ID=11 | State=STARTED | Player UID=bJ4c7QoLlNcMFFuJioBGdjLTBsBdyGqIZNFZF3YMlt0=
16:16:18.496 [Expansion Quests] Create new quest instance for quest with ID=11 | Player UID=bJ4c7QoLlNcMFFuJioBGdjLTBsBdyGqIZNFZF3YMlt0=
16:16:18.496 [Expansion Quests] Check quest initialization for quest with ID=14 | State=COMPLETED | Player UID=bJ4c7QoLlNcMFFuJioBGdjLTBsBdyGqIZNFZF3YMlt0=
16:16:18.496 [Expansion Quests] Quest with ID=1 is not a a valid achievement or auto start quest. Skip quest for player with UID=bJ4c7QoLlNcMFFuJioBGdjLTBsBdyGqIZNFZF3YMlt0=
16:16:18.496 [Expansion Quests] Quest with ID=2 is not a a valid achievement or auto start quest. Skip quest for player with UID=bJ4c7QoLlNcMFFuJioBGdjLTBsBdyGqIZNFZF3YMlt0=
16:16:18.496 [Expansion Quests] Quest with ID=3 is not a a valid achievement or auto start quest. Skip quest for player with UID=bJ4c7QoLlNcMFFuJioBGdjLTBsBdyGqIZNFZF3YMlt0=
16:16:18.496 [Expansion Quests] Quest with ID=4 is not a a valid achievement or auto start quest. Skip quest for player with UID=bJ4c7QoLlNcMFFuJioBGdjLTBsBdyGqIZNFZF3YMlt0=
16:16:18.496 [Expansion Quests] Quest with ID=5 is not a a valid achievement or auto start quest. Skip quest for player with UID=bJ4c7QoLlNcMFFuJioBGdjLTBsBdyGqIZNFZF3YMlt0=
16:16:18.496 [Expansion Quests] Quest with ID=6 is not a a valid achievement or auto start quest. Skip quest for player with UID=bJ4c7QoLlNcMFFuJioBGdjLTBsBdyGqIZNFZF3YMlt0=
16:16:18.496 [Expansion Quests] Quest with ID=7 is not a a valid achievement or auto start quest. Skip quest for player with UID=bJ4c7QoLlNcMFFuJioBGdjLTBsBdyGqIZNFZF3YMlt0=
16:16:18.496 [Expansion Quests] Quest with ID=10 is not a a valid achievement or auto start quest. Skip quest for player with UID=bJ4c7QoLlNcMFFuJioBGdjLTBsBdyGqIZNFZF3YMlt0=
16:16:18.496 [Expansion Quests] Quest with ID=12 is not a a valid achievement or auto start quest. Skip quest for player with UID=bJ4c7QoLlNcMFFuJioBGdjLTBsBdyGqIZNFZF3YMlt0=
16:16:18.500 [Expansion Quests] Quest with ID=13 is not a a valid achievement or auto start quest. Skip quest for player with UID=bJ4c7QoLlNcMFFuJioBGdjLTBsBdyGqIZNFZF3YMlt0=
16:16:18.500 [Expansion Quests] Quest with ID=15 is not a a valid achievement or auto start quest. Skip quest for player with UID=bJ4c7QoLlNcMFFuJioBGdjLTBsBdyGqIZNFZF3YMlt0=
16:16:18.500 [Expansion Quests] Quest with ID=16 is not a a valid achievement or auto start quest. Skip quest for player with UID=bJ4c7QoLlNcMFFuJioBGdjLTBsBdyGqIZNFZF3YMlt0=
16:16:18.500 [Expansion Quests] Quest with ID=17 is not a a valid achievement or auto start quest. Skip quest for player with UID=bJ4c7QoLlNcMFFuJioBGdjLTBsBdyGqIZNFZF3YMlt0=
16:16:18.500 [Expansion Quests] Quest with ID=18 is not a a valid achievement or auto start quest. Skip quest for player with UID=bJ4c7QoLlNcMFFuJioBGdjLTBsBdyGqIZNFZF3YMlt0=
16:16:18.500 [Expansion Quests] Quest with ID=19 is not a a valid achievement or auto start quest. Skip quest for player with UID=bJ4c7QoLlNcMFFuJioBGdjLTBsBdyGqIZNFZF3YMlt0=
16:16:18.500 [Expansion Quests] Quest with ID=20 is not a a valid achievement or auto start quest. Skip quest for player with UID=bJ4c7QoLlNcMFFuJioBGdjLTBsBdyGqIZNFZF3YMlt0=
16:16:18.500 [Expansion Quests] Quest with ID=21 is not a a valid achievement or auto start quest. Skip quest for player with UID=bJ4c7QoLlNcMFFuJioBGdjLTBsBdyGqIZNFZF3YMlt0=
16:16:18.500 [Expansion Quests] Quest with ID=22 is not a a valid achievement or auto start quest. Skip quest for player with UID=bJ4c7QoLlNcMFFuJioBGdjLTBsBdyGqIZNFZF3YMlt0=
16:16:18.503 [Expansion Quests] Quest with ID=23 is not a a valid achievement or auto start quest. Skip quest for player with UID=bJ4c7QoLlNcMFFuJioBGdjLTBsBdyGqIZNFZF3YMlt0=
16:16:18.503 [Expansion Quests] Quest with ID=24 is not a a valid achievement or auto start quest. Skip quest for player with UID=bJ4c7QoLlNcMFFuJioBGdjLTBsBdyGqIZNFZF3YMlt0=
16:16:18.503 [Expansion Quests] Sending bJ4c7QoLlNcMFFuJioBGdjLTBsBdyGqIZNFZF3YMlt0= quest configs to client for player with UID=bJ4c7QoLlNcMFFuJioBGdjLTBsBdyGqIZNFZF3YMlt0=
16:16:18.503 [Expansion Quests] Sending player quest data for 4 quests to player with UID=bJ4c7QoLlNcMFFuJioBGdjLTBsBdyGqIZNFZF3YMlt0=
16:16:18.511 [AI Patrol 00020] Spawning 1 West bots at <4572.682617, 303.365845, 5882.243164>
16:16:18.554 [AI Patrol 00020] Global patrol count: 1
16:16:18.554 [AI Patrol 00019] Spawning 2 West bots at <4124.723633, 326.602997, 6393.601563>
16:16:18.589 [AI Patrol 00019] Global patrol count: 2
16:16:48.070 [VehicleDeleted] artillery_tractor (id=692D4F718F4FFA39B198C9906D831222 pos=<3701.29, 402.03, 5990.71>)
16:19:38.292 [MissionAirdrop] An airdrop is heading towards "Stary Sobor" (pos=<5823.000000, 0.000000, 7764.000000> type=Random_Stary Sobor) with a ExpansionAirdropContainer_Military
16:21:04.925 [Safezone] Player "{1:name}" (id={1:id} pos={1:position}) left the safezone
16:23:39.476 [AI Object Patrol 00000] Spawning 2 West bots at <3944.085938, 333.875580, 11094.333008>
16:23:39.511 [AI Object Patrol 00000] Global patrol count: 3
16:30:49.273 [AI Patrol 00020] Despawning 1 West bots (spawn position <4572.682617, 303.365845, 5882.243164>, 0/1 deceased)
16:30:49.273 [AI Patrol 00020] Global patrol count: 2
16:30:49.304 [AI Patrol 00019] Despawning 2 West bots (spawn position <4124.723633, 326.602997, 6393.601563>, 0/2 deceased)
16:30:49.304 [AI Patrol 00019] Global patrol count: 1
16:41:16.199 [AI Object Patrol 00000] Despawning 2 West bots (spawn position <3944.085938, 333.875580, 11094.333008>, 0/2 deceased)
16:41:16.203 [AI Object Patrol 00000] Global patrol count: 0
16:43:58.214 [VehicleEnter] Player "Boogahadeen" (id=bJ4c7QoLlNcMFFuJioBGdjLTBsBdyGqIZNFZF3YMlt0=) entered vehicle Gyrocopter (id=B08E1036224B7DFF141098AD8CC3003D pos=<3629.83, 189.93, 13074.4>) as pilot
16:44:01.031 [VehicleEngine] Player "Boogahadeen" [uid=bJ4c7QoLlNcMFFuJioBGdjLTBsBdyGqIZNFZF3YMlt0=] started vehicle Gyrocopter (id=B08E1036224B7DFF141098AD8CC3003D pos=<3629.832520, 189.925278, 13074.396484>)
16:44:21.187 [AI Object Patrol 00026] Spawning 2 West bots at <4809.492676, 178.261887, 12702.514648>
16:44:21.273 [AI Object Patrol 00026] Global patrol count: 1
16:44:40.042 [VehicleLeave] Player "Boogahadeen" (id=bJ4c7QoLlNcMFFuJioBGdjLTBsBdyGqIZNFZF3YMlt0=) left vehicle Gyrocopter (id=B08E1036224B7DFF141098AD8CC3003D pos=<4339.34, 177.83, 13063>)
16:45:16.824 [VehicleDeleted] ExpansionGyrocopter (id=B08E1036224B7DFF141098AD8CC3003D pos=<4339.01, 177.82, 13063>)
16:45:26.429 [VehicleEnter] Player "Boogahadeen" (id=bJ4c7QoLlNcMFFuJioBGdjLTBsBdyGqIZNFZF3YMlt0=) entered vehicle Gyrocopter (id=7645984810417589B7E24BACEFC44A2A pos=<4338.65, 176.89, 13062.3>) as pilot
16:45:28.511 [VehicleEngine] Player "Boogahadeen" [uid=bJ4c7QoLlNcMFFuJioBGdjLTBsBdyGqIZNFZF3YMlt0=] started vehicle Gyrocopter (id=7645984810417589B7E24BACEFC44A2A pos=<4338.653809, 176.890945, 13062.284180>)
16:46:18.832 [VehicleLeave] Player "Boogahadeen" (id=bJ4c7QoLlNcMFFuJioBGdjLTBsBdyGqIZNFZF3YMlt0=) left vehicle Gyrocopter (id=7645984810417589B7E24BACEFC44A2A pos=<4821.74, 174.75, 12749.6>)
16:48:01.476 [Killfeed] AI Gabi (West) got killed by Boogahadeen with VEPR from a distance of 1 m.
16:48:11.839 [Killfeed] AI Frida (West) got killed by Boogahadeen with VEPR from a distance of 1 m.
16:48:13.832 [AI Object Patrol 00026] West bots were wiped out (spawn position <4809.492676, 178.261887, 12702.514648>, 2/2 deceased)
16:48:13.832 [AI Object Patrol 00026] Global patrol count: 0
16:57:23.566 [VehicleEnter] Player "Boogahadeen" (id=bJ4c7QoLlNcMFFuJioBGdjLTBsBdyGqIZNFZF3YMlt0=) entered vehicle Gyrocopter (id=7645984810417589B7E24BACEFC44A2A pos=<4821.76, 174.75, 12749.6>) as pilot
16:57:26.027 [VehicleEngine] Player "Boogahadeen" [uid=bJ4c7QoLlNcMFFuJioBGdjLTBsBdyGqIZNFZF3YMlt0=] started vehicle Gyrocopter (id=7645984810417589B7E24BACEFC44A2A pos=<4821.762695, 174.750290, 12749.567383>)
17:03:35.082 [AI Object Patrol 00028] Spawning 2 West bots at <2334.824219, 266.735229, 10274.603516>
17:03:35.148 [AI Object Patrol 00028] Global patrol count: 1
17:05:32.347 [VehicleLeave] Player "Boogahadeen" (id=bJ4c7QoLlNcMFFuJioBGdjLTBsBdyGqIZNFZF3YMlt0=) left vehicle Gyrocopter (id=7645984810417589B7E24BACEFC44A2A pos=<2197.54, 255.96, 10295.8>)
17:06:51.449 [Killfeed] AI Judy (West) got killed by Boogahadeen with VEPR from a distance of 2 m.
17:17:38.746 [AI Object Patrol 00026] Despawning 0 West bots (spawn position <4825.434570, 176.547501, 12718.572266>, 2/2 deceased)
17:18:38.070 [Expansion Quests] Added new objective data for type=TARGET | Key=bJ4c7QoLlNcMFFuJioBGdjLTBsBdyGqIZNFZF3YMlt0= | ID=3
17:18:38.078 [Expansion Quests] Updated and saved persistent player quest data for player with UID=bJ4c7QoLlNcMFFuJioBGdjLTBsBdyGqIZNFZF3YMlt0= | Quest ID=8
17:18:38.082 [Expansion Quests] Added new objective data for type=TARGET | Key=bJ4c7QoLlNcMFFuJioBGdjLTBsBdyGqIZNFZF3YMlt0= | ID=2
17:18:38.082 [Expansion Quests] Updated and saved persistent player quest data for player with UID=bJ4c7QoLlNcMFFuJioBGdjLTBsBdyGqIZNFZF3YMlt0= | Quest ID=9
17:18:38.082 [Expansion Quests] Added new objective data for type=ACTION | Key=bJ4c7QoLlNcMFFuJioBGdjLTBsBdyGqIZNFZF3YMlt0= | ID=1
17:18:38.085 [Expansion Quests] Updated and saved persistent player quest data for player with UID=bJ4c7QoLlNcMFFuJioBGdjLTBsBdyGqIZNFZF3YMlt0= | Quest ID=11
