18:15:03.695 [VehicleDeleted] ExpansionBigGyrocopter (id=BA096636E14DEB52809DA7A87F160E0F pos=<4842.17, 329.65, 8458.79>)
18:18:06.406 [Expansion Quests] Initialize quest system on the connected client with UID=bJ4c7QoLlNcMFFuJioBGdjLTBsBdyGqIZNFZF3YMlt0=
18:18:06.445 [Expansion Quests] Loaded existing player quest data for player with UID=bJ4c7QoLlNcMFFuJioBGdjLTBsBdyGqIZNFZF3YMlt0=
18:18:06.445 [Expansion Quests] Check quest initialization for quest with ID=8 | State=STARTED | Player UID=bJ4c7QoLlNcMFFuJioBGdjLTBsBdyGqIZNFZF3YMlt0=
18:18:06.445 [Expansion Quests] Create new quest instance for quest with ID=8 | Player UID=bJ4c7QoLlNcMFFuJioBGdjLTBsBdyGqIZNFZF3YMlt0=
18:18:06.453 [Expansion Quests] Check quest initialization for quest with ID=9 | State=STARTED | Player UID=bJ4c7QoLlNcMFFuJioBGdjLTBsBdyGqIZNFZF3YMlt0=
18:18:06.453 [Expansion Quests] Create new quest instance for quest with ID=9 | Player UID=bJ4c7QoLlNcMFFuJioBGdjLTBsBdyGqIZNFZF3YMlt0=
18:18:06.453 [Expansion Quests] Check quest initialization for quest with ID=11 | State=STARTED | Player UID=bJ4c7QoLlNcMFFuJioBGdjLTBsBdyGqIZNFZF3YMlt0=
18:18:06.453 [Expansion Quests] Create new quest instance for quest with ID=11 | Player UID=bJ4c7QoLlNcMFFuJioBGdjLTBsBdyGqIZNFZF3YMlt0=
18:18:06.453 [Expansion Quests] Check quest initialization for quest with ID=14 | State=COMPLETED | Player UID=bJ4c7QoLlNcMFFuJioBGdjLTBsBdyGqIZNFZF3YMlt0=
18:18:06.453 [Expansion Quests] Quest with ID=1 is not a a valid achievement or auto start quest. Skip quest for player with UID=bJ4c7QoLlNcMFFuJioBGdjLTBsBdyGqIZNFZF3YMlt0=
18:18:06.453 [Expansion Quests] Quest with ID=2 is not a a valid achievement or auto start quest. Skip quest for player with UID=bJ4c7QoLlNcMFFuJioBGdjLTBsBdyGqIZNFZF3YMlt0=
18:18:06.453 [Expansion Quests] Quest with ID=3 is not a a valid achievement or auto start quest. Skip quest for player with UID=bJ4c7QoLlNcMFFuJioBGdjLTBsBdyGqIZNFZF3YMlt0=
18:18:06.453 [Expansion Quests] Quest with ID=4 is not a a valid achievement or auto start quest. Skip quest for player with UID=bJ4c7QoLlNcMFFuJioBGdjLTBsBdyGqIZNFZF3YMlt0=
18:18:06.453 [Expansion Quests] Quest with ID=5 is not a a valid achievement or auto start quest. Skip quest for player with UID=bJ4c7QoLlNcMFFuJioBGdjLTBsBdyGqIZNFZF3YMlt0=
18:18:06.453 [Expansion Quests] Quest with ID=6 is not a a valid achievement or auto start quest. Skip quest for player with UID=bJ4c7QoLlNcMFFuJioBGdjLTBsBdyGqIZNFZF3YMlt0=
18:18:06.453 [Expansion Quests] Quest with ID=7 is not a a valid achievement or auto start quest. Skip quest for player with UID=bJ4c7QoLlNcMFFuJioBGdjLTBsBdyGqIZNFZF3YMlt0=
18:18:06.453 [Expansion Quests] Quest with ID=10 is not a a valid achievement or auto start quest. Skip quest for player with UID=bJ4c7QoLlNcMFFuJioBGdjLTBsBdyGqIZNFZF3YMlt0=
18:18:06.453 [Expansion Quests] Quest with ID=12 is not a a valid achievement or auto start quest. Skip quest for player with UID=bJ4c7QoLlNcMFFuJioBGdjLTBsBdyGqIZNFZF3YMlt0=
18:18:06.453 [Expansion Quests] Quest with ID=13 is not a a valid achievement or auto start quest. Skip quest for player with UID=bJ4c7QoLlNcMFFuJioBGdjLTBsBdyGqIZNFZF3YMlt0=
18:18:06.453 [Expansion Quests] Quest with ID=15 is not a a valid achievement or auto start quest. Skip quest for player with UID=bJ4c7QoLlNcMFFuJioBGdjLTBsBdyGqIZNFZF3YMlt0=
18:18:06.453 [Expansion Quests] Quest with ID=16 is not a a valid achievement or auto start quest. Skip quest for player with UID=bJ4c7QoLlNcMFFuJioBGdjLTBsBdyGqIZNFZF3YMlt0=
18:18:06.453 [Expansion Quests] Quest with ID=17 is not a a valid achievement or auto start quest. Skip quest for player with UID=bJ4c7QoLlNcMFFuJioBGdjLTBsBdyGqIZNFZF3YMlt0=
18:18:06.460 [Expansion Quests] Quest with ID=18 is not a a valid achievement or auto start quest. Skip quest for player with UID=bJ4c7QoLlNcMFFuJioBGdjLTBsBdyGqIZNFZF3YMlt0=
18:18:06.460 [Expansion Quests] Quest with ID=19 is not a a valid achievement or auto start quest. Skip quest for player with UID=bJ4c7QoLlNcMFFuJioBGdjLTBsBdyGqIZNFZF3YMlt0=
18:18:06.460 [Expansion Quests] Quest with ID=20 is not a a valid achievement or auto start quest. Skip quest for player with UID=bJ4c7QoLlNcMFFuJioBGdjLTBsBdyGqIZNFZF3YMlt0=
18:18:06.460 [Expansion Quests] Quest with ID=21 is not a a valid achievement or auto start quest. Skip quest for player with UID=bJ4c7QoLlNcMFFuJioBGdjLTBsBdyGqIZNFZF3YMlt0=
18:18:06.460 [Expansion Quests] Quest with ID=22 is not a a valid achievement or auto start quest. Skip quest for player with UID=bJ4c7QoLlNcMFFuJioBGdjLTBsBdyGqIZNFZF3YMlt0=
18:18:06.460 [Expansion Quests] Quest with ID=23 is not a a valid achievement or auto start quest. Skip quest for player with UID=bJ4c7QoLlNcMFFuJioBGdjLTBsBdyGqIZNFZF3YMlt0=
18:18:06.460 [Expansion Quests] Quest with ID=24 is not a a valid achievement or auto start quest. Skip quest for player with UID=bJ4c7QoLlNcMFFuJioBGdjLTBsBdyGqIZNFZF3YMlt0=
18:18:06.460 [Expansion Quests] Sending bJ4c7QoLlNcMFFuJioBGdjLTBsBdyGqIZNFZF3YMlt0= quest configs to client for player with UID=bJ4c7QoLlNcMFFuJioBGdjLTBsBdyGqIZNFZF3YMlt0=
18:18:06.460 [Expansion Quests] Sending player quest data for 4 quests to player with UID=bJ4c7QoLlNcMFFuJioBGdjLTBsBdyGqIZNFZF3YMlt0=
18:19:55.078 [VehicleEnter] Player "Boogahadeen" (id=bJ4c7QoLlNcMFFuJioBGdjLTBsBdyGqIZNFZF3YMlt0=) entered vehicle Gyrocopter (id=C60A4BEA2B43D25165F03B9E9F7F2FB1 pos=<4841.7, 329.23, 8457.63>) as pilot
18:19:57.257 [VehicleEngine] Player "Boogahadeen" [uid=bJ4c7QoLlNcMFFuJioBGdjLTBsBdyGqIZNFZF3YMlt0=] started vehicle Gyrocopter (id=C60A4BEA2B43D25165F03B9E9F7F2FB1 pos=<4841.697266, 329.228638, 8457.632813>)
18:20:06.460 [MissionAirdrop] An airdrop is heading towards "Novy Sobor" (pos=<7436.000000, 0.000000, 7720.000000> type=Random_Novy Sobor) with a ExpansionAirdropContainer_Basebuilding
18:20:54.671 [AI Object Patrol 00057] Spawning 3 Raiders bots at <5453.993652, 324.046173, 7874.772949>
18:20:54.750 [AI Object Patrol 00057] Global patrol count: 1
18:21:18.804 [AI Object Patrol 00058] Spawning 2 Raiders bots at <5329.039063, 318.044281, 7374.888672>
18:21:18.890 [AI Object Patrol 00058] Global patrol count: 2
18:22:07.593 [AI Patrol 00050] Spawning 2 Raiders bots at <4586.130371, 311.430359, 5764.830566>
18:22:07.632 [AI Patrol 00050] Global patrol count: 3
18:22:19.234 [AI Object Patrol 00055] Spawning 2 Raiders bots at <5423.787109, 309.913239, 5662.754883>
18:22:19.273 [AI Object Patrol 00055] Global patrol count: 4
18:22:47.578 [AI Object Patrol 00059] Spawning 2 Raiders bots at <5079.667480, 288.815430, 6265.740234>
18:22:47.625 [AI Object Patrol 00059] Global patrol count: 5
18:23:22.976 [AI Object Patrol 00060] Spawning 2 Raiders bots at <5656.433594, 317.036469, 6835.034180>
18:23:23.070 [AI Object Patrol 00060] Global patrol count: 6
18:23:52.617 [VehicleLeave] Player "Boogahadeen" (id=bJ4c7QoLlNcMFFuJioBGdjLTBsBdyGqIZNFZF3YMlt0=) left vehicle Gyrocopter (id=C60A4BEA2B43D25165F03B9E9F7F2FB1 pos=<5368.41, 313.42, 7373.62>)
18:25:23.742 [Killfeed] AI Naomi (Raiders) got killed by Boogahadeen with M16A1 from a distance of 9 m.
18:26:20.523 [Killfeed] AI Mirek (Raiders) got killed by AI Frida (Raiders) with KA-101 from a distance of 103 m.
18:26:20.953 [AI Object Patrol 00058] Raiders bots were wiped out (spawn position <5329.039063, 318.044281, 7374.888672>, 2/2 deceased)
18:26:20.953 [AI Object Patrol 00058] Global patrol count: 5
18:26:31.453 [VehicleEnter] Player "Boogahadeen" (id=bJ4c7QoLlNcMFFuJioBGdjLTBsBdyGqIZNFZF3YMlt0=) entered vehicle Gyrocopter (id=C60A4BEA2B43D25165F03B9E9F7F2FB1 pos=<5368.85, 313.35, 7373.47>) as pilot
18:26:33.257 [VehicleEngine] Player "Boogahadeen" [uid=bJ4c7QoLlNcMFFuJioBGdjLTBsBdyGqIZNFZF3YMlt0=] started vehicle Gyrocopter (id=C60A4BEA2B43D25165F03B9E9F7F2FB1 pos=<5368.852539, 313.348145, 7373.472168>)
18:27:09.929 [VehicleLeave] Player "Boogahadeen" (id=bJ4c7QoLlNcMFFuJioBGdjLTBsBdyGqIZNFZF3YMlt0=) left vehicle Gyrocopter (id=C60A4BEA2B43D25165F03B9E9F7F2FB1 pos=<5435.73, 310.91, 7407.07>)
18:27:11.828 [Killfeed] AI Frida (Raiders) got killed by Boogahadeen with M16A1 from a distance of 5 m.
18:27:52.031 [Killfeed] AI Rolf (Raiders) got killed by Boogahadeen with M16A1 from a distance of 3 m.
18:28:53.515 [Killfeed] AI Linda (Raiders) got killed by Boogahadeen with M16A1 from a distance of 55 m.
18:28:57.070 [AI Object Patrol 00057] Raiders bots were wiped out (spawn position <5453.993652, 324.046173, 7874.772949>, 3/3 deceased)
18:28:57.070 [AI Object Patrol 00057] Global patrol count: 4
18:30:20.671 [VehicleEnter] Player "Boogahadeen" (id=bJ4c7QoLlNcMFFuJioBGdjLTBsBdyGqIZNFZF3YMlt0=) entered vehicle Gyrocopter (id=C60A4BEA2B43D25165F03B9E9F7F2FB1 pos=<5435.69, 310.91, 7407.03>) as pilot
18:30:24.125 [VehicleEngine] Player "Boogahadeen" [uid=bJ4c7QoLlNcMFFuJioBGdjLTBsBdyGqIZNFZF3YMlt0=] started vehicle Gyrocopter (id=C60A4BEA2B43D25165F03B9E9F7F2FB1 pos=<5435.689453, 310.911407, 7407.033203>)
18:31:33.296 [VehicleLeave] Player "Boogahadeen" (id=bJ4c7QoLlNcMFFuJioBGdjLTBsBdyGqIZNFZF3YMlt0=) left vehicle Gyrocopter (id=C60A4BEA2B43D25165F03B9E9F7F2FB1 pos=<6624.29, 332.93, 8162.44>)
18:31:39.218 [VehicleDestroyed] ExpansionGyrocopter (id=C60A4BEA2B43D25165F03B9E9F7F2FB1 pos=<6622.76, 333.08, 8163.37>)
18:31:44.609 [VehicleDeleted] ExpansionGyrocopter (id=C60A4BEA2B43D25165F03B9E9F7F2FB1 pos=<0, 0, 0>)
18:32:11.039 [VehicleEnter] Player "Boogahadeen" (id=bJ4c7QoLlNcMFFuJioBGdjLTBsBdyGqIZNFZF3YMlt0=) entered vehicle Gyrocopter (id=6080F1CD9243027A285CE09BBA89D73B pos=<6646.79, 333.64, 8209.54>) as pilot
18:32:12.382 [VehicleEngine] Player "Boogahadeen" [uid=bJ4c7QoLlNcMFFuJioBGdjLTBsBdyGqIZNFZF3YMlt0=] started vehicle Gyrocopter (id=6080F1CD9243027A285CE09BBA89D73B pos=<6646.789551, 333.637085, 8209.543945>)
18:32:46.992 [AI Object Patrol 00055] Despawning 2 Raiders bots (spawn position <5423.787109, 309.913239, 5662.754883>, 0/2 deceased)
18:32:46.992 [AI Object Patrol 00055] Global patrol count: 3
18:32:47.218 [AI Patrol 00050] Despawning 2 Raiders bots (spawn position <4586.130371, 311.430359, 5764.830566>, 0/2 deceased)
18:32:47.218 [AI Patrol 00050] Global patrol count: 2
18:33:12.390 [AI Object Patrol 00064] Spawning 3 Raiders bots at <6703.274902, 346.254059, 8434.594727>
18:33:12.445 [AI Object Patrol 00064] Global patrol count: 3
18:33:53.070 [AI Object Patrol 00059] Despawning 2 Raiders bots (spawn position <5079.667480, 288.815430, 6265.740234>, 0/2 deceased)
18:33:53.070 [AI Object Patrol 00059] Global patrol count: 2
18:34:40.507 [VehicleLeave] Player "Boogahadeen" (id=bJ4c7QoLlNcMFFuJioBGdjLTBsBdyGqIZNFZF3YMlt0=) left vehicle Gyrocopter (id=6080F1CD9243027A285CE09BBA89D73B pos=<7766.87, 421.07, 8698.2>)
18:39:59.000 [VehicleEnter] Player "Boogahadeen" (id=bJ4c7QoLlNcMFFuJioBGdjLTBsBdyGqIZNFZF3YMlt0=) entered vehicle Gyrocopter (id=6080F1CD9243027A285CE09BBA89D73B pos=<7764.5, 420.86, 8698.19>) as pilot
18:40:02.320 [VehicleEngine] Player "Boogahadeen" [uid=bJ4c7QoLlNcMFFuJioBGdjLTBsBdyGqIZNFZF3YMlt0=] started vehicle Gyrocopter (id=6080F1CD9243027A285CE09BBA89D73B pos=<7764.472656, 420.855865, 8698.192383>)
18:41:08.484 [AI Object Patrol 00060] Despawning 2 Raiders bots (spawn position <5656.433594, 317.036469, 6835.034180>, 0/2 deceased)
18:41:08.484 [AI Object Patrol 00060] Global patrol count: 1
18:41:14.742 [AI Object Patrol 00041] Spawning 1 Raiders bots at <8798.673828, 315.917389, 10492.455078>
18:41:14.828 [AI Object Patrol 00041] Global patrol count: 2
18:42:19.304 [VehicleLeave] Player "Boogahadeen" (id=bJ4c7QoLlNcMFFuJioBGdjLTBsBdyGqIZNFZF3YMlt0=) left vehicle Gyrocopter (id=6080F1CD9243027A285CE09BBA89D73B pos=<8710.24, 288.41, 10818>)
18:42:24.234 [VehicleDestroyed] ExpansionGyrocopter (id=6080F1CD9243027A285CE09BBA89D73B pos=<8707.6, 288.54, 10819.8>)
18:42:45.421 [VehicleEnter] Player "Boogahadeen" (id=bJ4c7QoLlNcMFFuJioBGdjLTBsBdyGqIZNFZF3YMlt0=) entered vehicle Gyrocopter (id=A9932AC8724195482D76D1A88A30C4AB pos=<8729.36, 284.69, 10835.8>) as pilot
18:42:52.796 [VehicleEngine] Player "Boogahadeen" [uid=bJ4c7QoLlNcMFFuJioBGdjLTBsBdyGqIZNFZF3YMlt0=] started vehicle Gyrocopter (id=A9932AC8724195482D76D1A88A30C4AB pos=<8729.360352, 284.685638, 10835.815430>)
18:43:26.734 [VehicleDeleted] ExpansionGyrocopter (id=6080F1CD9243027A285CE09BBA89D73B pos=<8707.62, 288.55, 10819.8>)
18:43:42.890 [VehicleLeave] Player "Boogahadeen" (id=bJ4c7QoLlNcMFFuJioBGdjLTBsBdyGqIZNFZF3YMlt0=) left vehicle Gyrocopter (id=A9932AC8724195482D76D1A88A30C4AB pos=<8698.65, 297.71, 10661.6>)
18:43:49.195 [Killfeed] AI Jose (Raiders) got killed by Boogahadeen with M16A1 from a distance of 2 m.
18:43:54.023 [AI Object Patrol 00041] Raiders bots were wiped out (spawn position <8798.673828, 315.917389, 10492.455078>, 1/1 deceased)
18:43:54.023 [AI Object Patrol 00041] Global patrol count: 1
18:44:45.101 [VehicleEnter] Player "Boogahadeen" (id=bJ4c7QoLlNcMFFuJioBGdjLTBsBdyGqIZNFZF3YMlt0=) entered vehicle Gyrocopter (id=A9932AC8724195482D76D1A88A30C4AB pos=<8698.65, 297.71, 10661.6>) as pilot
18:44:47.257 [VehicleEngine] Player "Boogahadeen" [uid=bJ4c7QoLlNcMFFuJioBGdjLTBsBdyGqIZNFZF3YMlt0=] started vehicle Gyrocopter (id=A9932AC8724195482D76D1A88A30C4AB pos=<8698.647461, 297.710510, 10661.634766>)
18:45:26.898 [AI Object Patrol 00011] Spawning 3 Raiders bots at <7987.540039, 184.901672, 11912.820313>
18:45:27.007 [AI Object Patrol 00011] Global patrol count: 2
18:46:27.195 [VehicleLeave] Player "Boogahadeen" (id=bJ4c7QoLlNcMFFuJioBGdjLTBsBdyGqIZNFZF3YMlt0=) left vehicle Gyrocopter (id=A9932AC8724195482D76D1A88A30C4AB pos=<8113.01, 189.83, 11629.5>)
18:47:11.515 [Killfeed] AI Eva (Raiders) got killed by Boogahadeen with M16A1 from a distance of 23 m.
18:47:47.554 [Killfeed] AI Keiko (Raiders) got killed by Boogahadeen with AX50 from a distance of 3 m.
18:48:17.304 [Killfeed] AI Denis (Raiders) got killed by Boogahadeen with M16A1 from a distance of 13 m.
18:48:17.945 [AI Object Patrol 00011] Raiders bots were wiped out (spawn position <7987.540039, 184.901672, 11912.820313>, 3/3 deceased)
18:48:17.945 [AI Object Patrol 00011] Global patrol count: 1
18:49:56.335 [AI Object Patrol 00064] Despawning 3 Raiders bots (spawn position <6703.274902, 346.254059, 8434.594727>, 0/3 deceased)
18:49:56.335 [AI Object Patrol 00064] Global patrol count: 0
18:53:07.312 [VehicleEnter] Player "Boogahadeen" (id=bJ4c7QoLlNcMFFuJioBGdjLTBsBdyGqIZNFZF3YMlt0=) entered vehicle Gyrocopter (id=A9932AC8724195482D76D1A88A30C4AB pos=<8113.11, 189.84, 11629.4>) as pilot
18:53:09.507 [VehicleEngine] Player "Boogahadeen" [uid=bJ4c7QoLlNcMFFuJioBGdjLTBsBdyGqIZNFZF3YMlt0=] started vehicle Gyrocopter (id=A9932AC8724195482D76D1A88A30C4AB pos=<8113.108398, 189.832642, 11629.425781>)
18:53:31.093 [AI Object Patrol 00040] Spawning 1 Raiders bots at <7123.432129, 345.006561, 11957.976563>
18:53:31.164 [AI Object Patrol 00040] Global patrol count: 1
18:53:55.187 [AI Patrol 00047] Spawning 3 Mercenaries bots at <6627.678223, 139.019836, 12715.040039>
18:53:55.296 [AI Patrol 00047] Global patrol count: 2
18:54:32.968 [AI Patrol 00047] Despawning 3 Mercenaries bots (spawn position <6627.678223, 139.019836, 12715.040039>, 0/3 deceased)
18:54:32.968 [AI Patrol 00047] Global patrol count: 1
18:54:40.906 [AI Patrol 00052] Spawning 1 Raiders bots at <8599.639648, 124.377708, 13468.612305>
18:54:41.015 [AI Patrol 00052] Global patrol count: 2
18:57:58.585 [VehicleLeave] Player "Boogahadeen" (id=bJ4c7QoLlNcMFFuJioBGdjLTBsBdyGqIZNFZF3YMlt0=) left vehicle Gyrocopter (id=A9932AC8724195482D76D1A88A30C4AB pos=<12546.3, 37.5, 14073.1>)
18:58:05.367 [VehicleDestroyed] ExpansionGyrocopter (id=A9932AC8724195482D76D1A88A30C4AB pos=<12546.3, 37.49, 14073.1>)
18:59:14.453 [VehicleDeleted] ExpansionGyrocopter (id=A9932AC8724195482D76D1A88A30C4AB pos=<12546.3, 37.26, 14073.7>)
19:04:39.046 [AI Object Patrol 00040] Despawning 1 Raiders bots (spawn position <7123.432129, 345.006561, 11957.976563>, 0/1 deceased)
19:04:39.046 [AI Object Patrol 00040] Global patrol count: 1
19:05:47.429 [AI Patrol 00052] Despawning 1 Raiders bots (spawn position <8599.639648, 124.377708, 13468.612305>, 0/1 deceased)
19:05:47.429 [AI Patrol 00052] Global patrol count: 0
19:20:17.617 [VehicleEnter] Player "Boogahadeen" (id=bJ4c7QoLlNcMFFuJioBGdjLTBsBdyGqIZNFZF3YMlt0=) entered vehicle Gyrocopter (id=0DC7B552A1424E1DCFCBD69C742535A6 pos=<12910.7, 14.15, 14011.4>) as pilot
19:20:19.023 [VehicleEngine] Player "Boogahadeen" [uid=bJ4c7QoLlNcMFFuJioBGdjLTBsBdyGqIZNFZF3YMlt0=] started vehicle Gyrocopter (id=0DC7B552A1424E1DCFCBD69C742535A6 pos=<12910.648438, 14.147057, 14011.386719>)
19:23:38.171 [AI Object Patrol 00034] Spawning 2 Raiders bots at <13253.194336, 127.956787, 12777.735352>
19:23:38.390 [AI Object Patrol 00034] Global patrol count: 1
19:23:55.578 [VehicleLeave] Player "Boogahadeen" (id=bJ4c7QoLlNcMFFuJioBGdjLTBsBdyGqIZNFZF3YMlt0=) left vehicle Gyrocopter (id=0DC7B552A1424E1DCFCBD69C742535A6 pos=<13983.7, 6.24, 13333.5>)
19:24:05.312 [VehicleDestroyed] ExpansionGyrocopter (id=0DC7B552A1424E1DCFCBD69C742535A6 pos=<13983.7, 6.18, 13333.5>)
19:24:54.648 [VehicleDeleted] ExpansionGyrocopter (id=0DC7B552A1424E1DCFCBD69C742535A6 pos=<13983.7, 6.18, 13333.5>)
19:29:55.765 [Killfeed] AI Linda (Raiders) got killed by Boogahadeen with Glock 18C from a distance of 27 m.
19:45:44.898 [MissionAirdrop] An airdrop is heading towards "Stary Sobor" (pos=<5823.000000, 0.000000, 7764.000000> type=Random_Stary Sobor) with a ExpansionAirdropContainer_Military
19:52:52.445 [VehicleEnter] Player "Boogahadeen" (id=bJ4c7QoLlNcMFFuJioBGdjLTBsBdyGqIZNFZF3YMlt0=) entered vehicle KAMAZ-4310 (id=1F0153518E46FD6893CF4EA7618D8D3B pos=<13921.6, 19.44, 13192.2>) as passenger
19:52:57.414 [VehicleLeave] Player "Boogahadeen" (id=bJ4c7QoLlNcMFFuJioBGdjLTBsBdyGqIZNFZF3YMlt0=) left vehicle KAMAZ-4310 (id=1F0153518E46FD6893CF4EA7618D8D3B pos=<13921.6, 19.44, 13192.2>)
19:54:33.281 [VehicleDeleted] kamaz_4310RUS (id=1F0153518E46FD6893CF4EA7618D8D3B pos=<13921.6, 19.44, 13192.2>)
19:55:44.054 [VehicleDeleted] gaz_51 (id=EF543609AC4C14A76D6FE482E12DC679 pos=<13912.7, 19.5, 13193.1>)
19:56:49.539 [VehicleEnter] Player "Boogahadeen" (id=bJ4c7QoLlNcMFFuJioBGdjLTBsBdyGqIZNFZF3YMlt0=) entered vehicle ИЖ 2125 Комби (id=8B4C2303C24D5C52BCCCA2914392DD7C pos=<13913.5, 19.48, 13193.1>) as driver
19:56:51.468 [VehicleEngine] Player "Boogahadeen" [uid=bJ4c7QoLlNcMFFuJioBGdjLTBsBdyGqIZNFZF3YMlt0=] started vehicle ИЖ 2125 Комби (id=8B4C2303C24D5C52BCCCA2914392DD7C pos=<13913.452148, 19.480171, 13193.115234>)
19:59:42.804 [VehicleLeave] Player "Boogahadeen" (id=bJ4c7QoLlNcMFFuJioBGdjLTBsBdyGqIZNFZF3YMlt0=) left vehicle ИЖ 2125 Комби (id=8B4C2303C24D5C52BCCCA2914392DD7C pos=<13328.3, 95.76, 12938.3>)
20:00:23.164 [VehicleDeleted] IJ_2125_Kombi (id=8B4C2303C24D5C52BCCCA2914392DD7C pos=<13328.3, 95.76, 12938.3>)
20:00:50.929 [Expansion Quests] Deleted quest with ID=8 is a of player with UID=bJ4c7QoLlNcMFFuJioBGdjLTBsBdyGqIZNFZF3YMlt0=.
20:00:50.929 [Expansion Quests] Deleted quest with ID=9 is a of player with UID=bJ4c7QoLlNcMFFuJioBGdjLTBsBdyGqIZNFZF3YMlt0=.
20:00:50.929 [Expansion Quests] Deleted quest with ID=11 is a of player with UID=bJ4c7QoLlNcMFFuJioBGdjLTBsBdyGqIZNFZF3YMlt0=.
20:10:49.515 [AI Object Patrol 00034] Despawning 1 Raiders bots (spawn position <13253.194336, 127.956787, 12777.735352>, 1/2 deceased)
20:10:49.515 [AI Object Patrol 00034] Global patrol count: 0
21:11:08.718 [MissionAirdrop] An airdrop is heading towards "Sosnovka" (pos=<2700.000000, 0.000000, 6193.000000> type=Random_Sosnovka) with a ExpansionAirdropContainer_Military
