22:41:24.786 [Expansion Quests] Objective with ID=1 (Type=TARGET) is set to inactive. Skip adding objective..
22:41:24.788 [Expansion Quests] Objective with ID=2 (Type=TARGET) is set to inactive. Skip adding objective..
22:41:24.789 [Expansion Quests] Objective with ID=3 (Type=TARGET) is set to inactive. Skip adding objective..
22:41:24.790 [Expansion Quests] Objective with ID=4 (Type=TARGET) is set to inactive. Skip adding objective..
22:41:24.817 [Expansion Quests] Objective with ID=1 (Type=AIESCORT) is set to inactive. Skip adding objective..
22:41:24.818 [Expansion Quests] Objective with ID=2 (Type=AIESCORT) is set to inactive. Skip adding objective..
22:43:16.951 [Party] Player "Boogahadeen" (id=bJ4c7QoLlNcMFFuJioBGdjLTBsBdyGqIZNFZF3YMlt0=) joined the party "ATG" (id=0 ownerUID=0ROjOu34qUpKfk3o_KbpKS2xSbFfZ9nDCrc2879VWQY= ownerName=Phill_Swift)
22:43:16.954 [Expansion Quests] Initialize quest system on the connected client with UID=bJ4c7QoLlNcMFFuJioBGdjLTBsBdyGqIZNFZF3YMlt0=
22:43:16.982 [Expansion Quests] Loaded existing player quest data for player with UID=bJ4c7QoLlNcMFFuJioBGdjLTBsBdyGqIZNFZF3YMlt0=
22:43:16.985 [Expansion Quests] Loaded existing group quest data for group with ID=0
22:43:16.985 [Expansion Quests] Check quest initialization for quest with ID=5 | State=NONE | Player UID=bJ4c7QoLlNcMFFuJioBGdjLTBsBdyGqIZNFZF3YMlt0=
22:43:16.987 [Expansion Quests] Check quest initialization for quest with ID=8 | State=STARTED | Player UID=bJ4c7QoLlNcMFFuJioBGdjLTBsBdyGqIZNFZF3YMlt0=
22:43:16.988 [Expansion Quests] Create new quest instance for quest with ID=8 | Player UID=bJ4c7QoLlNcMFFuJioBGdjLTBsBdyGqIZNFZF3YMlt0=
22:43:16.991 [Expansion Quests] Check quest initialization for quest with ID=9 | State=COMPLETED | Player UID=bJ4c7QoLlNcMFFuJioBGdjLTBsBdyGqIZNFZF3YMlt0=
22:43:16.991 [Expansion Quests] Check quest initialization for quest with ID=11 | State=STARTED | Player UID=bJ4c7QoLlNcMFFuJioBGdjLTBsBdyGqIZNFZF3YMlt0=
22:43:16.991 [Expansion Quests] Create new quest instance for quest with ID=11 | Player UID=bJ4c7QoLlNcMFFuJioBGdjLTBsBdyGqIZNFZF3YMlt0=
22:43:16.992 [Expansion Quests] Check quest initialization for quest with ID=14 | State=COMPLETED | Player UID=bJ4c7QoLlNcMFFuJioBGdjLTBsBdyGqIZNFZF3YMlt0=
22:43:16.993 [Expansion Quests] Quest with ID=1 is not a a valid achievement or auto start quest. Skip quest for player with UID=bJ4c7QoLlNcMFFuJioBGdjLTBsBdyGqIZNFZF3YMlt0=
22:43:16.994 [Expansion Quests] Quest with ID=2 is not a a valid achievement or auto start quest. Skip quest for player with UID=bJ4c7QoLlNcMFFuJioBGdjLTBsBdyGqIZNFZF3YMlt0=
22:43:16.994 [Expansion Quests] Quest with ID=3 is not a a valid achievement or auto start quest. Skip quest for player with UID=bJ4c7QoLlNcMFFuJioBGdjLTBsBdyGqIZNFZF3YMlt0=
22:43:16.994 [Expansion Quests] Quest with ID=4 is not a a valid achievement or auto start quest. Skip quest for player with UID=bJ4c7QoLlNcMFFuJioBGdjLTBsBdyGqIZNFZF3YMlt0=
22:43:16.994 [Expansion Quests] Quest with ID=5 is not a a valid achievement or auto start quest. Skip quest for player with UID=bJ4c7QoLlNcMFFuJioBGdjLTBsBdyGqIZNFZF3YMlt0=
22:43:16.995 [Expansion Quests] Quest with ID=6 is not a a valid achievement or auto start quest. Skip quest for player with UID=bJ4c7QoLlNcMFFuJioBGdjLTBsBdyGqIZNFZF3YMlt0=
22:43:16.995 [Expansion Quests] Quest with ID=7 is not a a valid achievement or auto start quest. Skip quest for player with UID=bJ4c7QoLlNcMFFuJioBGdjLTBsBdyGqIZNFZF3YMlt0=
22:43:16.996 [Expansion Quests] Quest with ID=10 is not a a valid achievement or auto start quest. Skip quest for player with UID=bJ4c7QoLlNcMFFuJioBGdjLTBsBdyGqIZNFZF3YMlt0=
22:43:16.996 [Expansion Quests] Quest with ID=12 is not a a valid achievement or auto start quest. Skip quest for player with UID=bJ4c7QoLlNcMFFuJioBGdjLTBsBdyGqIZNFZF3YMlt0=
22:43:16.997 [Expansion Quests] Quest with ID=13 is not a a valid achievement or auto start quest. Skip quest for player with UID=bJ4c7QoLlNcMFFuJioBGdjLTBsBdyGqIZNFZF3YMlt0=
22:43:16.997 [Expansion Quests] Quest with ID=15 is not a a valid achievement or auto start quest. Skip quest for player with UID=bJ4c7QoLlNcMFFuJioBGdjLTBsBdyGqIZNFZF3YMlt0=
22:43:16.998 [Expansion Quests] Quest with ID=400 is not a a valid achievement or auto start quest. Skip quest for player with UID=bJ4c7QoLlNcMFFuJioBGdjLTBsBdyGqIZNFZF3YMlt0=
22:43:16.998 [Expansion Quests] Quest with ID=17 is not a a valid achievement or auto start quest. Skip quest for player with UID=bJ4c7QoLlNcMFFuJioBGdjLTBsBdyGqIZNFZF3YMlt0=
22:43:16.998 [Expansion Quests] Quest with ID=18 is not a a valid achievement or auto start quest. Skip quest for player with UID=bJ4c7QoLlNcMFFuJioBGdjLTBsBdyGqIZNFZF3YMlt0=
22:43:16.999 [Expansion Quests] Quest with ID=19 is not a a valid achievement or auto start quest. Skip quest for player with UID=bJ4c7QoLlNcMFFuJioBGdjLTBsBdyGqIZNFZF3YMlt0=
22:43:17.000 [Expansion Quests] Quest with ID=20 is not a a valid achievement or auto start quest. Skip quest for player with UID=bJ4c7QoLlNcMFFuJioBGdjLTBsBdyGqIZNFZF3YMlt0=
22:43:17.000 [Expansion Quests] Quest with ID=21 is not a a valid achievement or auto start quest. Skip quest for player with UID=bJ4c7QoLlNcMFFuJioBGdjLTBsBdyGqIZNFZF3YMlt0=
22:43:17.001 [Expansion Quests] Quest with ID=22 is not a a valid achievement or auto start quest. Skip quest for player with UID=bJ4c7QoLlNcMFFuJioBGdjLTBsBdyGqIZNFZF3YMlt0=
22:43:17.001 [Expansion Quests] Quest with ID=23 is not a a valid achievement or auto start quest. Skip quest for player with UID=bJ4c7QoLlNcMFFuJioBGdjLTBsBdyGqIZNFZF3YMlt0=
22:43:17.002 [Expansion Quests] Quest with ID=24 is not a a valid achievement or auto start quest. Skip quest for player with UID=bJ4c7QoLlNcMFFuJioBGdjLTBsBdyGqIZNFZF3YMlt0=
22:43:17.002 [Expansion Quests] Quest with ID=800 is not a a valid achievement or auto start quest. Skip quest for player with UID=bJ4c7QoLlNcMFFuJioBGdjLTBsBdyGqIZNFZF3YMlt0=
22:43:17.002 [Expansion Quests] Quest with ID=801 is not a a valid achievement or auto start quest. Skip quest for player with UID=bJ4c7QoLlNcMFFuJioBGdjLTBsBdyGqIZNFZF3YMlt0=
22:43:17.002 [Expansion Quests] Quest with ID=802 is not a a valid achievement or auto start quest. Skip quest for player with UID=bJ4c7QoLlNcMFFuJioBGdjLTBsBdyGqIZNFZF3YMlt0=
22:43:17.002 [Expansion Quests] Quest with ID=803 is not a a valid achievement or auto start quest. Skip quest for player with UID=bJ4c7QoLlNcMFFuJioBGdjLTBsBdyGqIZNFZF3YMlt0=
22:43:17.003 [Expansion Quests] Quest with ID=300 is not a a valid achievement or auto start quest. Skip quest for player with UID=bJ4c7QoLlNcMFFuJioBGdjLTBsBdyGqIZNFZF3YMlt0=
22:43:17.003 [Expansion Quests] Quest with ID=16 is not a a valid achievement or auto start quest. Skip quest for player with UID=bJ4c7QoLlNcMFFuJioBGdjLTBsBdyGqIZNFZF3YMlt0=
22:43:17.003 [Expansion Quests] Quest with ID=500 is not a a valid achievement or auto start quest. Skip quest for player with UID=bJ4c7QoLlNcMFFuJioBGdjLTBsBdyGqIZNFZF3YMlt0=
22:43:17.003 [Expansion Quests] Quest with ID=501 is not a a valid achievement or auto start quest. Skip quest for player with UID=bJ4c7QoLlNcMFFuJioBGdjLTBsBdyGqIZNFZF3YMlt0=
22:43:17.003 [Expansion Quests] Quest with ID=502 is not a a valid achievement or auto start quest. Skip quest for player with UID=bJ4c7QoLlNcMFFuJioBGdjLTBsBdyGqIZNFZF3YMlt0=
22:43:17.003 [Expansion Quests] Quest with ID=503 is not a a valid achievement or auto start quest. Skip quest for player with UID=bJ4c7QoLlNcMFFuJioBGdjLTBsBdyGqIZNFZF3YMlt0=
22:43:17.003 [Expansion Quests] Quest with ID=504 is not a a valid achievement or auto start quest. Skip quest for player with UID=bJ4c7QoLlNcMFFuJioBGdjLTBsBdyGqIZNFZF3YMlt0=
22:43:17.004 [Expansion Quests] Quest with ID=505 is not a a valid achievement or auto start quest. Skip quest for player with UID=bJ4c7QoLlNcMFFuJioBGdjLTBsBdyGqIZNFZF3YMlt0=
22:43:17.005 [Expansion Quests] Sending bJ4c7QoLlNcMFFuJioBGdjLTBsBdyGqIZNFZF3YMlt0= quest configs to client for player with UID=bJ4c7QoLlNcMFFuJioBGdjLTBsBdyGqIZNFZF3YMlt0=
22:43:17.007 [Expansion Quests] Sending player quest data for 5 quests to player with UID=bJ4c7QoLlNcMFFuJioBGdjLTBsBdyGqIZNFZF3YMlt0=
22:43:17.838 [Expansion Quests] - LoadGroupQuestData - Got cached group quest data for group with ID=0
22:44:01.219 [VehicleDeleted] AZLK_2141RF (id=3D11045BF44C1F7FFAF65FAB35640008 pos=<4607.61, 309.78, 7313.6>)
22:45:05.839 [VehicleEnter] Player "Boogahadeen" (id=bJ4c7QoLlNcMFFuJioBGdjLTBsBdyGqIZNFZF3YMlt0=) entered vehicle Sarka 120 (id=5DB8917268410FFAE47B6EB51C18D9C3 pos=<4611.03, 309.73, 7312.73>) as driver
22:45:14.081 [VehicleLeave] Player "Boogahadeen" (id=bJ4c7QoLlNcMFFuJioBGdjLTBsBdyGqIZNFZF3YMlt0=) left vehicle Sarka 120 (id=5DB8917268410FFAE47B6EB51C18D9C3 pos=<4611.03, 309.73, 7312.72>)
22:45:21.148 [VehicleEnter] Player "Boogahadeen" (id=bJ4c7QoLlNcMFFuJioBGdjLTBsBdyGqIZNFZF3YMlt0=) entered vehicle Sarka 120 (id=5DB8917268410FFAE47B6EB51C18D9C3 pos=<4611.03, 309.73, 7312.72>) as driver
22:45:22.893 [VehicleEngine] Player "Boogahadeen" (id=bJ4c7QoLlNcMFFuJioBGdjLTBsBdyGqIZNFZF3YMlt0=) started vehicle Sarka 120 (id=5DB8917268410FFAE47B6EB51C18D9C3 pos=<4611.03, 309.73, 7312.71>)
22:46:55.572 [AI Patrol 00038] Spawning 3 Raiders bots at <4544.066406, 314.719635, 5725.687988>
22:46:55.737 [AI Patrol 00038] Global patrol count: 1
22:46:55.738 [AI Patrol 00038] Patrol category patrol count: 1
22:47:08.643 [MissionAirdrop] An airdrop is heading towards "Skalisty Island" (pos=<13452.000000, 0.000000, 3112.000000> type=Random_Skalisty Island) with a ExpansionAirdropContainer_Medical
22:47:19.606 [VehicleEngine] Player "Boogahadeen" (id=bJ4c7QoLlNcMFFuJioBGdjLTBsBdyGqIZNFZF3YMlt0=) stopped vehicle Sarka 120 (id=5DB8917268410FFAE47B6EB51C18D9C3 pos=<4701.66, 284.12, 6294.81>)
22:47:50.749 [VehicleLeave] Player "Boogahadeen" (id=bJ4c7QoLlNcMFFuJioBGdjLTBsBdyGqIZNFZF3YMlt0=) left vehicle Sarka 120 (id=5DB8917268410FFAE47B6EB51C18D9C3 pos=<4701.56, 284.13, 6294.86>)
22:48:03.041 [VehicleDeleted] Sedan_02 (id=5DB8917268410FFAE47B6EB51C18D9C3 pos=<4701.56, 284.13, 6294.86>)
22:48:20.079 [VehicleEnter] Player "Boogahadeen" (id=bJ4c7QoLlNcMFFuJioBGdjLTBsBdyGqIZNFZF3YMlt0=) entered vehicle Sarka 120 (id=9969B06DD04BDB1BFDEE68B4DE3133A3 pos=<4701.48, 284.34, 6274.93>) as driver
22:48:22.482 [VehicleEngine] Player "Boogahadeen" (id=bJ4c7QoLlNcMFFuJioBGdjLTBsBdyGqIZNFZF3YMlt0=) started vehicle Sarka 120 (id=9969B06DD04BDB1BFDEE68B4DE3133A3 pos=<4701.49, 284.34, 6274.93>)
22:48:51.056 [VehicleEngine] Player "Boogahadeen" (id=bJ4c7QoLlNcMFFuJioBGdjLTBsBdyGqIZNFZF3YMlt0=) stopped vehicle Sarka 120 (id=9969B06DD04BDB1BFDEE68B4DE3133A3 pos=<4498.92, 299.74, 6077.73>)
22:49:04.752 [VehicleLeave] Player "Boogahadeen" (id=bJ4c7QoLlNcMFFuJioBGdjLTBsBdyGqIZNFZF3YMlt0=) left vehicle Sarka 120 (id=9969B06DD04BDB1BFDEE68B4DE3133A3 pos=<4483.47, 302.09, 6053.27>)
22:49:28.170 [VehicleDeleted] Sedan_02 (id=9969B06DD04BDB1BFDEE68B4DE3133A3 pos=<4483.47, 302.09, 6053.27>)
22:49:40.886 [VehicleEnter] Player "Boogahadeen" (id=bJ4c7QoLlNcMFFuJioBGdjLTBsBdyGqIZNFZF3YMlt0=) entered vehicle Sarka 120 (id=3FA3B860CA40069009AE769E3EB632FB pos=<4479.01, 302.64, 6050.31>) as driver
22:49:43.608 [VehicleEngine] Player "Boogahadeen" (id=bJ4c7QoLlNcMFFuJioBGdjLTBsBdyGqIZNFZF3YMlt0=) started vehicle Sarka 120 (id=3FA3B860CA40069009AE769E3EB632FB pos=<4479.01, 302.64, 6050.31>)
22:49:52.508 [VehicleEngine] Player "Boogahadeen" (id=bJ4c7QoLlNcMFFuJioBGdjLTBsBdyGqIZNFZF3YMlt0=) stopped vehicle Sarka 120 (id=3FA3B860CA40069009AE769E3EB632FB pos=<4446.15, 306.69, 6013.18>)
22:49:59.448 [VehicleLeave] Player "Boogahadeen" (id=bJ4c7QoLlNcMFFuJioBGdjLTBsBdyGqIZNFZF3YMlt0=) left vehicle Sarka 120 (id=3FA3B860CA40069009AE769E3EB632FB pos=<4438.71, 307.67, 6003.51>)
22:50:11.228 [VehicleDeleted] Sedan_02 (id=3FA3B860CA40069009AE769E3EB632FB pos=<4438.71, 307.67, 6003.51>)
22:50:38.744 [Killfeed] AI Linda (Raiders) got killed by [ATF] Boogahadeen with AKM from a distance of 16 m.
22:51:10.512 [Killfeed] AI Baty (Raiders) got killed by [ATF] Boogahadeen with AKM from a distance of 8 m.
22:51:42.813 [AI Patrol 00037] Spawning 2 Raiders bots at <4042.850342, 233.642685, 4885.200195>
22:51:42.927 [AI Patrol 00037] Global patrol count: 2
22:51:42.928 [AI Patrol 00037] Patrol category patrol count: 2
22:51:48.409 [VehicleEnter] Player "Boogahadeen" (id=bJ4c7QoLlNcMFFuJioBGdjLTBsBdyGqIZNFZF3YMlt0=) entered vehicle Sarka 120 (id=8CBF8123364D7903A3388E8695C899CB pos=<4399.75, 314.38, 5814.99>) as driver
22:51:49.831 [VehicleEngine] Player "Boogahadeen" (id=bJ4c7QoLlNcMFFuJioBGdjLTBsBdyGqIZNFZF3YMlt0=) started vehicle Sarka 120 (id=8CBF8123364D7903A3388E8695C899CB pos=<4399.75, 314.38, 5814.99>)
22:52:10.753 [AI Patrol 00031] Spawning 3 Mercenaries bots at <3843.600342, 234.864761, 4784.399414>
22:52:10.928 [AI Patrol 00031] Global patrol count: 3
22:52:10.930 [AI Patrol 00031] Patrol category patrol count: 3
22:52:50.691 [Safezone] Player "Boogahadeen" (id=bJ4c7QoLlNcMFFuJioBGdjLTBsBdyGqIZNFZF3YMlt0= pos=<4101.55, 353.09, 5678.86>) entered the safezone
22:53:09.399 [AI Patrol 00031] Despawning 3 Mercenaries bots (spawn position <3843.600342, 234.864761, 4784.399414>, 0/3 deceased)
22:53:09.400 [AI Patrol 00031] Global patrol count: 2
22:53:09.401 [AI Patrol 00031] Patrol category patrol count: 2
22:53:25.208 [VehicleEngine] Player "NULL" (id=NULL) stopped vehicle Sarka 120 (id=8CBF8123364D7903A3388E8695C899CB pos=<3732.01, 401.98, 6007.32>)
22:53:25.255 [VehicleLeave] Player "Boogahadeen" (id=bJ4c7QoLlNcMFFuJioBGdjLTBsBdyGqIZNFZF3YMlt0=) left vehicle Sarka 120 (id=8CBF8123364D7903A3388E8695C899CB pos=<3732.01, 401.98, 6007.32>)
22:54:48.494 [VehicleEnter] Player "Boogahadeen" (id=bJ4c7QoLlNcMFFuJioBGdjLTBsBdyGqIZNFZF3YMlt0=) entered vehicle Sarka 120 (id=8CBF8123364D7903A3388E8695C899CB pos=<3732, 401.98, 6007.32>) as driver
22:54:52.407 [VehicleEngine] Player "Boogahadeen" (id=bJ4c7QoLlNcMFFuJioBGdjLTBsBdyGqIZNFZF3YMlt0=) started vehicle Sarka 120 (id=8CBF8123364D7903A3388E8695C899CB pos=<3731.96, 401.97, 6007.32>)
22:55:01.787 [VehicleEngine] Player "NULL" (id=NULL) stopped vehicle Sarka 120 (id=8CBF8123364D7903A3388E8695C899CB pos=<3703.28, 401.98, 5992.87>)
22:55:01.843 [VehicleLeave] Player "Boogahadeen" (id=bJ4c7QoLlNcMFFuJioBGdjLTBsBdyGqIZNFZF3YMlt0=) left vehicle Sarka 120 (id=8CBF8123364D7903A3388E8695C899CB pos=<3703.28, 401.98, 5992.87>)
22:55:49.488 [Party] Player "Boogahadeen" (id=bJ4c7QoLlNcMFFuJioBGdjLTBsBdyGqIZNFZF3YMlt0=) left the party "ATG" (id=0 ownerUID=0ROjOu34qUpKfk3o_KbpKS2xSbFfZ9nDCrc2879VWQY= ownerName=Phill_Swift)
22:55:49.494 [Expansion Quests] Deleted quest with ID=8 is a of player with UID=bJ4c7QoLlNcMFFuJioBGdjLTBsBdyGqIZNFZF3YMlt0=.
22:55:49.496 [Expansion Quests] Deleted quest with ID=11 is a of player with UID=bJ4c7QoLlNcMFFuJioBGdjLTBsBdyGqIZNFZF3YMlt0=.
22:56:16.743 [VehicleDeleted] Sedan_02_Red (id=8CBF8123364D7903A3388E8695C899CB pos=<3703.28, 401.98, 5992.87>)
23:05:48.942 [AI Patrol 00037] Despawning 2 Raiders bots (spawn position <4042.850342, 233.642685, 4885.200195>, 0/2 deceased)
23:05:48.942 [AI Patrol 00037] Global patrol count: 1
23:05:48.942 [AI Patrol 00037] Patrol category patrol count: 1
23:05:49.430 [AI Patrol 00038] Despawning 1 Raiders bots (spawn position <4544.066406, 314.719635, 5725.687988>, 2/3 deceased)
23:05:49.430 [AI Patrol 00038] Global patrol count: 0
23:05:49.430 [AI Patrol 00038] Patrol category patrol count: 0
