17:50:06.019 [Expansion Quests] Initialize quest system on the connected client with UID=bJ4c7QoLlNcMFFuJioBGdjLTBsBdyGqIZNFZF3YMlt0=
17:50:06.046 [Expansion Quests] Loaded existing player quest data for player with UID=bJ4c7QoLlNcMFFuJioBGdjLTBsBdyGqIZNFZF3YMlt0=
17:50:06.050 [Expansion Quests] Check quest initialization for quest with ID=8 | State=STARTED | Player UID=bJ4c7QoLlNcMFFuJioBGdjLTBsBdyGqIZNFZF3YMlt0=
17:50:06.050 [Expansion Quests] Create new quest instance for quest with ID=8 | Player UID=bJ4c7QoLlNcMFFuJioBGdjLTBsBdyGqIZNFZF3YMlt0=
17:50:06.058 [Expansion Quests] Check quest initialization for quest with ID=9 | State=STARTED | Player UID=bJ4c7QoLlNcMFFuJioBGdjLTBsBdyGqIZNFZF3YMlt0=
17:50:06.058 [Expansion Quests] Create new quest instance for quest with ID=9 | Player UID=bJ4c7QoLlNcMFFuJioBGdjLTBsBdyGqIZNFZF3YMlt0=
17:50:06.058 [Expansion Quests] Check quest initialization for quest with ID=11 | State=STARTED | Player UID=bJ4c7QoLlNcMFFuJioBGdjLTBsBdyGqIZNFZF3YMlt0=
17:50:06.058 [Expansion Quests] Create new quest instance for quest with ID=11 | Player UID=bJ4c7QoLlNcMFFuJioBGdjLTBsBdyGqIZNFZF3YMlt0=
17:50:06.062 [Expansion Quests] Check quest initialization for quest with ID=14 | State=COMPLETED | Player UID=bJ4c7QoLlNcMFFuJioBGdjLTBsBdyGqIZNFZF3YMlt0=
17:50:06.062 [Expansion Quests] Quest with ID=1 is not a a valid achievement or auto start quest. Skip quest for player with UID=bJ4c7QoLlNcMFFuJioBGdjLTBsBdyGqIZNFZF3YMlt0=
17:50:06.062 [Expansion Quests] Quest with ID=2 is not a a valid achievement or auto start quest. Skip quest for player with UID=bJ4c7QoLlNcMFFuJioBGdjLTBsBdyGqIZNFZF3YMlt0=
17:50:06.062 [Expansion Quests] Quest with ID=3 is not a a valid achievement or auto start quest. Skip quest for player with UID=bJ4c7QoLlNcMFFuJioBGdjLTBsBdyGqIZNFZF3YMlt0=
17:50:06.062 [Expansion Quests] Quest with ID=4 is not a a valid achievement or auto start quest. Skip quest for player with UID=bJ4c7QoLlNcMFFuJioBGdjLTBsBdyGqIZNFZF3YMlt0=
17:50:06.062 [Expansion Quests] Quest with ID=5 is not a a valid achievement or auto start quest. Skip quest for player with UID=bJ4c7QoLlNcMFFuJioBGdjLTBsBdyGqIZNFZF3YMlt0=
17:50:06.062 [Expansion Quests] Quest with ID=6 is not a a valid achievement or auto start quest. Skip quest for player with UID=bJ4c7QoLlNcMFFuJioBGdjLTBsBdyGqIZNFZF3YMlt0=
17:50:06.066 [Expansion Quests] Quest with ID=7 is not a a valid achievement or auto start quest. Skip quest for player with UID=bJ4c7QoLlNcMFFuJioBGdjLTBsBdyGqIZNFZF3YMlt0=
17:50:06.066 [Expansion Quests] Quest with ID=10 is not a a valid achievement or auto start quest. Skip quest for player with UID=bJ4c7QoLlNcMFFuJioBGdjLTBsBdyGqIZNFZF3YMlt0=
17:50:06.066 [Expansion Quests] Quest with ID=12 is not a a valid achievement or auto start quest. Skip quest for player with UID=bJ4c7QoLlNcMFFuJioBGdjLTBsBdyGqIZNFZF3YMlt0=
17:50:06.066 [Expansion Quests] Quest with ID=13 is not a a valid achievement or auto start quest. Skip quest for player with UID=bJ4c7QoLlNcMFFuJioBGdjLTBsBdyGqIZNFZF3YMlt0=
17:50:06.066 [Expansion Quests] Quest with ID=15 is not a a valid achievement or auto start quest. Skip quest for player with UID=bJ4c7QoLlNcMFFuJioBGdjLTBsBdyGqIZNFZF3YMlt0=
17:50:06.066 [Expansion Quests] Quest with ID=16 is not a a valid achievement or auto start quest. Skip quest for player with UID=bJ4c7QoLlNcMFFuJioBGdjLTBsBdyGqIZNFZF3YMlt0=
17:50:06.066 [Expansion Quests] Quest with ID=17 is not a a valid achievement or auto start quest. Skip quest for player with UID=bJ4c7QoLlNcMFFuJioBGdjLTBsBdyGqIZNFZF3YMlt0=
17:50:06.066 [Expansion Quests] Quest with ID=18 is not a a valid achievement or auto start quest. Skip quest for player with UID=bJ4c7QoLlNcMFFuJioBGdjLTBsBdyGqIZNFZF3YMlt0=
17:50:06.066 [Expansion Quests] Quest with ID=19 is not a a valid achievement or auto start quest. Skip quest for player with UID=bJ4c7QoLlNcMFFuJioBGdjLTBsBdyGqIZNFZF3YMlt0=
17:50:06.066 [Expansion Quests] Quest with ID=20 is not a a valid achievement or auto start quest. Skip quest for player with UID=bJ4c7QoLlNcMFFuJioBGdjLTBsBdyGqIZNFZF3YMlt0=
17:50:06.066 [Expansion Quests] Quest with ID=21 is not a a valid achievement or auto start quest. Skip quest for player with UID=bJ4c7QoLlNcMFFuJioBGdjLTBsBdyGqIZNFZF3YMlt0=
17:50:06.066 [Expansion Quests] Quest with ID=22 is not a a valid achievement or auto start quest. Skip quest for player with UID=bJ4c7QoLlNcMFFuJioBGdjLTBsBdyGqIZNFZF3YMlt0=
17:50:06.066 [Expansion Quests] Quest with ID=23 is not a a valid achievement or auto start quest. Skip quest for player with UID=bJ4c7QoLlNcMFFuJioBGdjLTBsBdyGqIZNFZF3YMlt0=
17:50:06.066 [Expansion Quests] Quest with ID=24 is not a a valid achievement or auto start quest. Skip quest for player with UID=bJ4c7QoLlNcMFFuJioBGdjLTBsBdyGqIZNFZF3YMlt0=
17:50:06.070 [Expansion Quests] Sending bJ4c7QoLlNcMFFuJioBGdjLTBsBdyGqIZNFZF3YMlt0= quest configs to client for player with UID=bJ4c7QoLlNcMFFuJioBGdjLTBsBdyGqIZNFZF3YMlt0=
17:50:06.070 [Expansion Quests] Sending player quest data for 4 quests to player with UID=bJ4c7QoLlNcMFFuJioBGdjLTBsBdyGqIZNFZF3YMlt0=
17:50:59.152 [VehicleEnter] Player "Boogahadeen" (id=bJ4c7QoLlNcMFFuJioBGdjLTBsBdyGqIZNFZF3YMlt0=) entered vehicle Gyrocopter (id=7645984810417589B7E24BACEFC44A2A pos=<2216.38, 260.5, 10372.3>) as pilot
17:52:28.656 [VehicleEngine] Player "Boogahadeen" [uid=bJ4c7QoLlNcMFFuJioBGdjLTBsBdyGqIZNFZF3YMlt0=] started vehicle Gyrocopter (id=7645984810417589B7E24BACEFC44A2A pos=<2216.384521, 260.501556, 10372.353516>)
17:53:48.179 [MissionAirdrop] An airdrop is heading towards "Balota" (pos=<5043.000000, 0.000000, 2505.000000> type=Random_Balota) with a ExpansionAirdropContainer_Medical
17:57:21.476 [VehicleLeave] Player "Boogahadeen" (id=bJ4c7QoLlNcMFFuJioBGdjLTBsBdyGqIZNFZF3YMlt0=) left vehicle Gyrocopter (id=7645984810417589B7E24BACEFC44A2A pos=<1296.76, 295.18, 11905.6>)
17:58:10.722 [VehicleEnter] Player "Boogahadeen" (id=bJ4c7QoLlNcMFFuJioBGdjLTBsBdyGqIZNFZF3YMlt0=) entered vehicle Gyrocopter (id=7645984810417589B7E24BACEFC44A2A pos=<1296.94, 295.15, 11905.6>) as pilot
17:58:13.511 [VehicleEngine] Player "Boogahadeen" [uid=bJ4c7QoLlNcMFFuJioBGdjLTBsBdyGqIZNFZF3YMlt0=] started vehicle Gyrocopter (id=7645984810417589B7E24BACEFC44A2A pos=<1296.946411, 295.152039, 11905.577148>)
17:59:23.355 [VehicleLeave] Player "Boogahadeen" (id=bJ4c7QoLlNcMFFuJioBGdjLTBsBdyGqIZNFZF3YMlt0=) left vehicle Gyrocopter (id=7645984810417589B7E24BACEFC44A2A pos=<1856.26, 260.84, 11572.6>)
17:59:58.308 [VehicleDeleted] ExpansionGyrocopter (id=7645984810417589B7E24BACEFC44A2A pos=<1855.69, 260.87, 11576.6>)
18:01:04.710 [VehicleEnter] Player "Boogahadeen" (id=bJ4c7QoLlNcMFFuJioBGdjLTBsBdyGqIZNFZF3YMlt0=) entered vehicle Gyrocopter (id=0065A48F944F5A818CD0CEBA11553FC0 pos=<1844.38, 260.48, 11569.8>) as pilot
18:01:06.308 [VehicleEngine] Player "Boogahadeen" [uid=bJ4c7QoLlNcMFFuJioBGdjLTBsBdyGqIZNFZF3YMlt0=] started vehicle Gyrocopter (id=0065A48F944F5A818CD0CEBA11553FC0 pos=<1844.387329, 260.480927, 11569.847656>)
18:07:58.171 [AI Object Patrol 00012] Spawning 3 West bots at <2833.844238, 302.958893, 8184.107910>
18:07:58.390 [AI Object Patrol 00012] Global patrol count: 1
18:08:00.957 [AI Object Patrol 00013] Spawning 2 West bots at <2955.333008, 301.185699, 8123.270996>
18:08:01.011 [AI Object Patrol 00013] Global patrol count: 2
18:10:14.187 [AI Patrol 00019] Spawning 3 West bots at <4242.822266, 331.700928, 6086.716797>
18:10:14.281 [AI Patrol 00019] Global patrol count: 3
18:10:25.753 [AI Patrol 00020] Spawning 1 West bots at <4590.213867, 318.544312, 5713.528809>
18:10:25.839 [AI Patrol 00020] Global patrol count: 4
18:10:45.000 [VehicleLeave] Player "Boogahadeen" (id=bJ4c7QoLlNcMFFuJioBGdjLTBsBdyGqIZNFZF3YMlt0=) left vehicle Gyrocopter (id=0065A48F944F5A818CD0CEBA11553FC0 pos=<4362.83, 300.91, 6535.12>)
18:11:57.695 [VehicleDeleted] GAZ_69_rus_green (id=51432B65FC412869B14107A38B723670 pos=<4402.58, 301.37, 6434.56>)
18:12:24.203 [Killfeed] AI Niki (West) got killed by Boogahadeen with VEPR from a distance of 1 m.
18:14:07.398 [VehicleEnter] Player "Boogahadeen" (id=bJ4c7QoLlNcMFFuJioBGdjLTBsBdyGqIZNFZF3YMlt0=) entered vehicle Gyrocopter (id=0065A48F944F5A818CD0CEBA11553FC0 pos=<4362.72, 300.84, 6536.23>) as pilot
18:17:23.781 [VehicleEngine] Player "Boogahadeen" [uid=bJ4c7QoLlNcMFFuJioBGdjLTBsBdyGqIZNFZF3YMlt0=] started vehicle Gyrocopter (id=0065A48F944F5A818CD0CEBA11553FC0 pos=<4363.041504, 300.754028, 6537.289063>)
18:17:39.804 [VehicleLeave] Player "Boogahadeen" (id=bJ4c7QoLlNcMFFuJioBGdjLTBsBdyGqIZNFZF3YMlt0=) left vehicle Gyrocopter (id=0065A48F944F5A818CD0CEBA11553FC0 pos=<4374.23, 297.65, 6581.56>)
18:17:46.687 [Killfeed] AI Manua (West) got killed by Boogahadeen with VEPR from a distance of 4 m.
18:18:07.820 [VehicleEnter] Player "Boogahadeen" (id=bJ4c7QoLlNcMFFuJioBGdjLTBsBdyGqIZNFZF3YMlt0=) entered vehicle Gyrocopter (id=0065A48F944F5A818CD0CEBA11553FC0 pos=<4374.23, 297.65, 6581.56>) as pilot
18:18:09.234 [VehicleEngine] Player "Boogahadeen" [uid=bJ4c7QoLlNcMFFuJioBGdjLTBsBdyGqIZNFZF3YMlt0=] started vehicle Gyrocopter (id=0065A48F944F5A818CD0CEBA11553FC0 pos=<4374.233887, 297.648193, 6581.556641>)
18:18:39.773 [AI Object Patrol 00012] Despawning 3 West bots (spawn position <2833.844238, 302.958893, 8184.107910>, 0/3 deceased)
18:18:39.773 [AI Object Patrol 00012] Global patrol count: 3
18:18:44.773 [AI Object Patrol 00013] Despawning 2 West bots (spawn position <2955.333008, 301.185699, 8123.270996>, 0/2 deceased)
18:18:44.773 [AI Object Patrol 00013] Global patrol count: 2
18:20:28.625 [VehicleLeave] Player "Boogahadeen" (id=bJ4c7QoLlNcMFFuJioBGdjLTBsBdyGqIZNFZF3YMlt0=) left vehicle Gyrocopter (id=0065A48F944F5A818CD0CEBA11553FC0 pos=<6295.33, 317.43, 6229.22>)
18:22:59.921 [VehicleEnter] Player "Boogahadeen" (id=bJ4c7QoLlNcMFFuJioBGdjLTBsBdyGqIZNFZF3YMlt0=) entered vehicle Gyrocopter (id=0065A48F944F5A818CD0CEBA11553FC0 pos=<6295.26, 317.34, 6228.03>) as pilot
18:23:02.617 [VehicleEngine] Player "Boogahadeen" [uid=bJ4c7QoLlNcMFFuJioBGdjLTBsBdyGqIZNFZF3YMlt0=] started vehicle Gyrocopter (id=0065A48F944F5A818CD0CEBA11553FC0 pos=<6295.262695, 317.341003, 6228.012695>)
18:24:06.039 [AI Object Patrol 00025] Spawning 2 East bots at <6353.095703, 350.367065, 8575.820313>
18:24:06.164 [AI Object Patrol 00025] Global patrol count: 3
18:25:15.226 [VehicleDeleted] ExpansionGyrocopter (id=0065A48F944F5A818CD0CEBA11553FC0 pos=<6596.07, 344.04, 8044.48>)
18:26:00.164 [VehicleEnter] Player "Boogahadeen" (id=bJ4c7QoLlNcMFFuJioBGdjLTBsBdyGqIZNFZF3YMlt0=) entered vehicle Gyrocopter (id=39A1B9469F4F633B5AEBEB9A030F7A11 pos=<6571.83, 330.07, 8043.98>) as pilot
18:26:12.515 [VehicleEngine] Player "Boogahadeen" [uid=bJ4c7QoLlNcMFFuJioBGdjLTBsBdyGqIZNFZF3YMlt0=] started vehicle Gyrocopter (id=39A1B9469F4F633B5AEBEB9A030F7A11 pos=<6571.827637, 330.069580, 8043.980469>)
18:27:34.507 [AI Patrol 00020] Despawning 1 West bots (spawn position <4590.213867, 318.544312, 5713.528809>, 0/1 deceased)
18:27:34.507 [AI Patrol 00020] Global patrol count: 2
18:27:37.757 [VehicleLeave] Player "Boogahadeen" (id=bJ4c7QoLlNcMFFuJioBGdjLTBsBdyGqIZNFZF3YMlt0=) left vehicle Gyrocopter (id=39A1B9469F4F633B5AEBEB9A030F7A11 pos=<6372.55, 343.29, 8374.47>)
18:28:08.476 [Killfeed] AI Baty (East) got killed by Boogahadeen with Senpai's M110 from a distance of 2 m.
18:28:55.601 [Killfeed] AI Oliver (East) got killed by Boogahadeen with Senpai's M110 from a distance of 39 m.
18:29:00.398 [AI Object Patrol 00025] East bots were wiped out (spawn position <6353.095703, 350.367065, 8575.820313>, 2/2 deceased)
18:29:00.398 [AI Object Patrol 00025] Global patrol count: 1
18:29:15.046 [AI Patrol 00019] Despawning 1 West bots (spawn position <4242.822266, 331.700928, 6086.716797>, 2/3 deceased)
18:29:15.046 [AI Patrol 00019] Global patrol count: 0
18:49:46.171 [Expansion Quests] Deleted quest with ID=8 is a of player with UID=bJ4c7QoLlNcMFFuJioBGdjLTBsBdyGqIZNFZF3YMlt0=.
18:49:46.171 [Expansion Quests] Deleted quest with ID=9 is a of player with UID=bJ4c7QoLlNcMFFuJioBGdjLTBsBdyGqIZNFZF3YMlt0=.
18:49:46.171 [Expansion Quests] Deleted quest with ID=11 is a of player with UID=bJ4c7QoLlNcMFFuJioBGdjLTBsBdyGqIZNFZF3YMlt0=.
