17:47:38.709 [Party] Player "Survivor" (id=bJ4c7QoLlNcMFFuJioBGdjLTBsBdyGqIZNFZF3YMlt0=) joinded the party "ATG" (id=0 ownerUID=0ROjOu34qUpKfk3o_KbpKS2xSbFfZ9nDCrc2879VWQY= ownerName=Phill_Swift)
17:47:38.715 [Expansion Quests] Initialize quest system on the connected client with UID=bJ4c7QoLlNcMFFuJioBGdjLTBsBdyGqIZNFZF3YMlt0=
17:47:38.744 [Expansion Quests] Loaded existing player quest data for player with UID=bJ4c7QoLlNcMFFuJioBGdjLTBsBdyGqIZNFZF3YMlt0=
17:47:38.748 [Expansion Quests] Loaded existing group quest data for group with ID=0
17:47:38.749 [Expansion Quests] Check quest initialization for quest with ID=8 | State=STARTED | Player UID=bJ4c7QoLlNcMFFuJioBGdjLTBsBdyGqIZNFZF3YMlt0=
17:47:38.754 [Expansion Quests] Create new quest instance for quest with ID=8 | Player UID=bJ4c7QoLlNcMFFuJioBGdjLTBsBdyGqIZNFZF3YMlt0=
17:47:38.756 [Expansion Quests] Check quest initialization for quest with ID=9 | State=STARTED | Player UID=bJ4c7QoLlNcMFFuJioBGdjLTBsBdyGqIZNFZF3YMlt0=
17:47:38.757 [Expansion Quests] Create new quest instance for quest with ID=9 | Player UID=bJ4c7QoLlNcMFFuJioBGdjLTBsBdyGqIZNFZF3YMlt0=
17:47:38.757 [Expansion Quests] Check quest initialization for quest with ID=11 | State=STARTED | Player UID=bJ4c7QoLlNcMFFuJioBGdjLTBsBdyGqIZNFZF3YMlt0=
17:47:38.758 [Expansion Quests] Create new quest instance for quest with ID=11 | Player UID=bJ4c7QoLlNcMFFuJioBGdjLTBsBdyGqIZNFZF3YMlt0=
17:47:38.759 [Expansion Quests] Check quest initialization for quest with ID=14 | State=COMPLETED | Player UID=bJ4c7QoLlNcMFFuJioBGdjLTBsBdyGqIZNFZF3YMlt0=
17:47:38.761 [Expansion Quests] Quest with ID=1 is not a a valid achievement or auto start quest. Skip quest for player with UID=bJ4c7QoLlNcMFFuJioBGdjLTBsBdyGqIZNFZF3YMlt0=
17:47:38.762 [Expansion Quests] Quest with ID=2 is not a a valid achievement or auto start quest. Skip quest for player with UID=bJ4c7QoLlNcMFFuJioBGdjLTBsBdyGqIZNFZF3YMlt0=
17:47:38.762 [Expansion Quests] Quest with ID=3 is not a a valid achievement or auto start quest. Skip quest for player with UID=bJ4c7QoLlNcMFFuJioBGdjLTBsBdyGqIZNFZF3YMlt0=
17:47:38.763 [Expansion Quests] Quest with ID=4 is not a a valid achievement or auto start quest. Skip quest for player with UID=bJ4c7QoLlNcMFFuJioBGdjLTBsBdyGqIZNFZF3YMlt0=
17:47:38.765 [Expansion Quests] Quest with ID=5 is not a a valid achievement or auto start quest. Skip quest for player with UID=bJ4c7QoLlNcMFFuJioBGdjLTBsBdyGqIZNFZF3YMlt0=
17:47:38.766 [Expansion Quests] Quest with ID=6 is not a a valid achievement or auto start quest. Skip quest for player with UID=bJ4c7QoLlNcMFFuJioBGdjLTBsBdyGqIZNFZF3YMlt0=
17:47:38.767 [Expansion Quests] Quest with ID=7 is not a a valid achievement or auto start quest. Skip quest for player with UID=bJ4c7QoLlNcMFFuJioBGdjLTBsBdyGqIZNFZF3YMlt0=
17:47:38.768 [Expansion Quests] Quest with ID=10 is not a a valid achievement or auto start quest. Skip quest for player with UID=bJ4c7QoLlNcMFFuJioBGdjLTBsBdyGqIZNFZF3YMlt0=
17:47:38.768 [Expansion Quests] Quest with ID=12 is not a a valid achievement or auto start quest. Skip quest for player with UID=bJ4c7QoLlNcMFFuJioBGdjLTBsBdyGqIZNFZF3YMlt0=
17:47:38.769 [Expansion Quests] Quest with ID=13 is not a a valid achievement or auto start quest. Skip quest for player with UID=bJ4c7QoLlNcMFFuJioBGdjLTBsBdyGqIZNFZF3YMlt0=
17:47:38.769 [Expansion Quests] Quest with ID=15 is not a a valid achievement or auto start quest. Skip quest for player with UID=bJ4c7QoLlNcMFFuJioBGdjLTBsBdyGqIZNFZF3YMlt0=
17:47:38.770 [Expansion Quests] Quest with ID=16 is not a a valid achievement or auto start quest. Skip quest for player with UID=bJ4c7QoLlNcMFFuJioBGdjLTBsBdyGqIZNFZF3YMlt0=
17:47:38.770 [Expansion Quests] Quest with ID=17 is not a a valid achievement or auto start quest. Skip quest for player with UID=bJ4c7QoLlNcMFFuJioBGdjLTBsBdyGqIZNFZF3YMlt0=
17:47:38.771 [Expansion Quests] Quest with ID=18 is not a a valid achievement or auto start quest. Skip quest for player with UID=bJ4c7QoLlNcMFFuJioBGdjLTBsBdyGqIZNFZF3YMlt0=
17:47:38.771 [Expansion Quests] Quest with ID=19 is not a a valid achievement or auto start quest. Skip quest for player with UID=bJ4c7QoLlNcMFFuJioBGdjLTBsBdyGqIZNFZF3YMlt0=
17:47:38.772 [Expansion Quests] Quest with ID=20 is not a a valid achievement or auto start quest. Skip quest for player with UID=bJ4c7QoLlNcMFFuJioBGdjLTBsBdyGqIZNFZF3YMlt0=
17:47:38.772 [Expansion Quests] Quest with ID=21 is not a a valid achievement or auto start quest. Skip quest for player with UID=bJ4c7QoLlNcMFFuJioBGdjLTBsBdyGqIZNFZF3YMlt0=
17:47:38.773 [Expansion Quests] Quest with ID=22 is not a a valid achievement or auto start quest. Skip quest for player with UID=bJ4c7QoLlNcMFFuJioBGdjLTBsBdyGqIZNFZF3YMlt0=
17:47:38.774 [Expansion Quests] Quest with ID=23 is not a a valid achievement or auto start quest. Skip quest for player with UID=bJ4c7QoLlNcMFFuJioBGdjLTBsBdyGqIZNFZF3YMlt0=
17:47:38.775 [Expansion Quests] Quest with ID=24 is not a a valid achievement or auto start quest. Skip quest for player with UID=bJ4c7QoLlNcMFFuJioBGdjLTBsBdyGqIZNFZF3YMlt0=
17:47:38.777 [Expansion Quests] Sending bJ4c7QoLlNcMFFuJioBGdjLTBsBdyGqIZNFZF3YMlt0= quest configs to client for player with UID=bJ4c7QoLlNcMFFuJioBGdjLTBsBdyGqIZNFZF3YMlt0=
17:47:38.778 [Expansion Quests] Sending player quest data for 4 quests to player with UID=bJ4c7QoLlNcMFFuJioBGdjLTBsBdyGqIZNFZF3YMlt0=
17:47:38.785 [AI Object Patrol 00030] Spawning 2 Raiders bots at <3785.821045, 326.536224, 10958.617188>
17:47:38.822 [AI Object Patrol 00030] Global patrol count: 1
17:47:38.823 [AI Object Patrol 00024] Spawning 1 Raiders bots at <3814.885254, 326.750000, 10925.843750>
17:47:38.858 [AI Object Patrol 00024] Global patrol count: 2
17:47:38.859 [AI Object Patrol 00027] Spawning 1 Raiders bots at <4842.748047, 339.195953, 9656.990234>
17:47:38.889 [AI Object Patrol 00027] Global patrol count: 3
17:47:38.889 [AI Object Patrol 00026] Spawning 1 Raiders bots at <3799.366699, 326.424164, 10931.901367>
17:47:38.922 [AI Object Patrol 00026] Global patrol count: 4
17:47:38.923 [AI Object Patrol 00025] Spawning 3 Raiders bots at <3835.456055, 328.047699, 10940.376953>
17:47:38.953 [AI Object Patrol 00025] Global patrol count: 5
17:47:38.954 [AI Object Patrol 00023] Spawning 3 Raiders bots at <4823.173828, 339.131409, 9663.461914>
17:47:38.992 [AI Object Patrol 00023] Global patrol count: 6
17:47:38.993 [AI Object Patrol 00029] Spawning 3 Raiders bots at <3830.618896, 327.609009, 10941.569336>
17:47:39.021 [AI Object Patrol 00029] Global patrol count: 7
17:47:39.021 [AI Object Patrol 00028] Spawning 2 Raiders bots at <3805.750244, 331.398102, 10932.133789>
17:47:39.053 [AI Object Patrol 00028] Global patrol count: 8
17:47:40.153 [Expansion Quests] - LoadGroupQuestData - Got cached group quest data for group with ID=0
17:47:41.048 [Killfeed] AI Naomi (Raiders) got killed by AI Taiki (Raiders) with M4-A1 from a distance of 4 m.
17:47:43.302 [Killfeed] AI Taiki (Raiders) got killed by AI Oliver (Raiders) with M16-A2 from a distance of 11 m.
17:47:44.322 [Killfeed] AI Helga (Raiders) got killed by AI Boris (Raiders) with LE-MAS from a distance of 7 m.
17:48:05.656 [Killfeed] AI Gabi (Raiders) got killed by AI Rolf (Raiders) with LE-MAS from a distance of 17 m.
17:48:07.955 [AI Object Patrol 00027] Raiders bots were wiped out (spawn position <4842.748047, 339.195953, 9656.990234>, 1/1 deceased)
17:48:07.956 [AI Object Patrol 00027] Global patrol count: 7
17:48:47.897 [MissionAirdrop] An airdrop is heading towards "Novy Sobor" (pos=<7436.000000, 0.000000, 7720.000000> type=Random_Novy Sobor) with a ExpansionAirdropContainer_Medical
17:49:10.381 [Killfeed] AI Elias (Raiders) got beaten to a pulp by AI Oliver (Raiders) with bare hands.
17:49:44.277 [Killfeed] AI Hassan (Raiders) got beaten to a pulp by AI Lewis (Raiders) with bare hands.
17:50:07.125 [Killfeed] AI Lewis (Raiders) got killed by AI Oliver (Raiders) with AUR A1 from a distance of 4 m.
17:50:08.884 [AI Object Patrol 00024] Raiders bots were wiped out (spawn position <3814.885254, 326.750000, 10925.843750>, 1/1 deceased)
17:50:08.885 [AI Object Patrol 00024] Global patrol count: 6
17:50:20.934 [Killfeed] AI Denis (Raiders) bled out.
17:50:23.563 [AI Object Patrol 00030] Raiders bots were wiped out (spawn position <3785.821045, 326.536224, 10958.617188>, 2/2 deceased)
17:50:23.563 [AI Object Patrol 00030] Global patrol count: 5
17:50:33.307 [Killfeed] AI Oliver (Raiders) got beaten to a pulp by AI Boris (Raiders) with bare hands.
17:50:34.166 [AI Object Patrol 00025] Raiders bots were wiped out (spawn position <3835.456055, 328.047699, 10940.376953>, 3/3 deceased)
17:50:34.167 [AI Object Patrol 00025] Global patrol count: 4
17:50:42.894 [Killfeed] AI Boris (Raiders) got killed by AI Kaito (Raiders) with AUR AX from a distance of 5 m.
17:50:44.152 [AI Object Patrol 00029] Raiders bots were wiped out (spawn position <3830.618896, 327.609009, 10941.569336>, 3/3 deceased)
17:50:44.153 [AI Object Patrol 00029] Global patrol count: 3
17:52:12.103 [Party] Player "Survivor" (id=bJ4c7QoLlNcMFFuJioBGdjLTBsBdyGqIZNFZF3YMlt0=) left the party "ATG" (id=0 ownerUID=0ROjOu34qUpKfk3o_KbpKS2xSbFfZ9nDCrc2879VWQY= ownerName=Phill_Swift)
17:52:12.105 [Expansion Quests] Deleted quest with ID=8 is a of player with UID=bJ4c7QoLlNcMFFuJioBGdjLTBsBdyGqIZNFZF3YMlt0=.
17:52:12.105 [Expansion Quests] Deleted quest with ID=9 is a of player with UID=bJ4c7QoLlNcMFFuJioBGdjLTBsBdyGqIZNFZF3YMlt0=.
17:52:12.106 [Expansion Quests] Deleted quest with ID=11 is a of player with UID=bJ4c7QoLlNcMFFuJioBGdjLTBsBdyGqIZNFZF3YMlt0=.
17:58:38.853 [AI Object Patrol 00026] Despawning 1 Raiders bots (spawn position <3799.366699, 326.424164, 10931.901367>, 0/1 deceased)
17:58:38.854 [AI Object Patrol 00026] Global patrol count: 2
17:58:39.143 [AI Object Patrol 00023] Despawning 3 Raiders bots (spawn position <4823.173828, 339.131409, 9663.461914>, 0/3 deceased)
17:58:39.144 [AI Object Patrol 00023] Global patrol count: 1
17:58:39.490 [AI Object Patrol 00028] Despawning 2 Raiders bots (spawn position <3805.750244, 331.398102, 10932.133789>, 0/2 deceased)
17:58:39.491 [AI Object Patrol 00028] Global patrol count: 0
19:15:52.652 [MissionAirdrop] An airdrop is heading towards "Balota" (pos=<5043.000000, 0.000000, 2505.000000> type=Random_Balota) with a ExpansionAirdropContainer_Military
