15:08:14.559 [MissionAirdrop] An airdrop is heading towards "Elektrozavodsk" (pos=<9371.000000, 0.000000, 2229.000000> type=Random_Elektrozavodsk) with a ExpansionAirdropContainer_Military
16:38:02.454 [MissionAirdrop] An airdrop is heading towards "Chernogorsk" (pos=<6128.000000, 0.000000, 2497.000000> type=Random_Chernogorsk) with a ExpansionAirdropContainer_Military
17:58:38.038 [Party] Player "Phill_Swift" (id=0ROjOu34qUpKfk3o_KbpKS2xSbFfZ9nDCrc2879VWQY=) joinded the party "ATG" (id=0 ownerUID=0ROjOu34qUpKfk3o_KbpKS2xSbFfZ9nDCrc2879VWQY= ownerName=Phill_Swift)
17:58:38.039 [Expansion Quests] Initialize quest system on the connected client with UID=0ROjOu34qUpKfk3o_KbpKS2xSbFfZ9nDCrc2879VWQY=
17:58:38.065 [Expansion Quests] Loaded existing player quest data for player with UID=0ROjOu34qUpKfk3o_KbpKS2xSbFfZ9nDCrc2879VWQY=
17:58:38.067 [Expansion Quests] Loaded existing group quest data for group with ID=0
17:58:38.068 [Expansion Quests] Check quest initialization for quest with ID=8 | State=STARTED | Player UID=0ROjOu34qUpKfk3o_KbpKS2xSbFfZ9nDCrc2879VWQY=
17:58:38.068 [Expansion Quests] Create new quest instance for quest with ID=8 | Player UID=0ROjOu34qUpKfk3o_KbpKS2xSbFfZ9nDCrc2879VWQY=
17:58:38.072 [Expansion Quests] Check quest initialization for quest with ID=9 | State=STARTED | Player UID=0ROjOu34qUpKfk3o_KbpKS2xSbFfZ9nDCrc2879VWQY=
17:58:38.072 [Expansion Quests] Create new quest instance for quest with ID=9 | Player UID=0ROjOu34qUpKfk3o_KbpKS2xSbFfZ9nDCrc2879VWQY=
17:58:38.072 [Expansion Quests] Check quest initialization for quest with ID=11 | State=STARTED | Player UID=0ROjOu34qUpKfk3o_KbpKS2xSbFfZ9nDCrc2879VWQY=
17:58:38.073 [Expansion Quests] Create new quest instance for quest with ID=11 | Player UID=0ROjOu34qUpKfk3o_KbpKS2xSbFfZ9nDCrc2879VWQY=
17:58:38.073 [Expansion Quests] Check quest initialization for quest with ID=14 | State=COMPLETED | Player UID=0ROjOu34qUpKfk3o_KbpKS2xSbFfZ9nDCrc2879VWQY=
17:58:38.074 [Expansion Quests] Quest with ID=1 is not a a valid achievement or auto start quest. Skip quest for player with UID=0ROjOu34qUpKfk3o_KbpKS2xSbFfZ9nDCrc2879VWQY=
17:58:38.074 [Expansion Quests] Quest with ID=2 is not a a valid achievement or auto start quest. Skip quest for player with UID=0ROjOu34qUpKfk3o_KbpKS2xSbFfZ9nDCrc2879VWQY=
17:58:38.074 [Expansion Quests] Quest with ID=3 is not a a valid achievement or auto start quest. Skip quest for player with UID=0ROjOu34qUpKfk3o_KbpKS2xSbFfZ9nDCrc2879VWQY=
17:58:38.074 [Expansion Quests] Quest with ID=4 is not a a valid achievement or auto start quest. Skip quest for player with UID=0ROjOu34qUpKfk3o_KbpKS2xSbFfZ9nDCrc2879VWQY=
17:58:38.075 [Expansion Quests] Quest with ID=5 is not a a valid achievement or auto start quest. Skip quest for player with UID=0ROjOu34qUpKfk3o_KbpKS2xSbFfZ9nDCrc2879VWQY=
17:58:38.075 [Expansion Quests] Quest with ID=6 is not a a valid achievement or auto start quest. Skip quest for player with UID=0ROjOu34qUpKfk3o_KbpKS2xSbFfZ9nDCrc2879VWQY=
17:58:38.076 [Expansion Quests] Quest with ID=7 is not a a valid achievement or auto start quest. Skip quest for player with UID=0ROjOu34qUpKfk3o_KbpKS2xSbFfZ9nDCrc2879VWQY=
17:58:38.076 [Expansion Quests] Quest with ID=10 is not a a valid achievement or auto start quest. Skip quest for player with UID=0ROjOu34qUpKfk3o_KbpKS2xSbFfZ9nDCrc2879VWQY=
17:58:38.076 [Expansion Quests] Quest with ID=12 is not a a valid achievement or auto start quest. Skip quest for player with UID=0ROjOu34qUpKfk3o_KbpKS2xSbFfZ9nDCrc2879VWQY=
17:58:38.077 [Expansion Quests] Quest with ID=13 is not a a valid achievement or auto start quest. Skip quest for player with UID=0ROjOu34qUpKfk3o_KbpKS2xSbFfZ9nDCrc2879VWQY=
17:58:38.077 [Expansion Quests] Quest with ID=15 is not a a valid achievement or auto start quest. Skip quest for player with UID=0ROjOu34qUpKfk3o_KbpKS2xSbFfZ9nDCrc2879VWQY=
17:58:38.078 [Expansion Quests] Quest with ID=16 is not a a valid achievement or auto start quest. Skip quest for player with UID=0ROjOu34qUpKfk3o_KbpKS2xSbFfZ9nDCrc2879VWQY=
17:58:38.078 [Expansion Quests] Quest with ID=17 is not a a valid achievement or auto start quest. Skip quest for player with UID=0ROjOu34qUpKfk3o_KbpKS2xSbFfZ9nDCrc2879VWQY=
17:58:38.078 [Expansion Quests] Quest with ID=18 is not a a valid achievement or auto start quest. Skip quest for player with UID=0ROjOu34qUpKfk3o_KbpKS2xSbFfZ9nDCrc2879VWQY=
17:58:38.079 [Expansion Quests] Quest with ID=19 is not a a valid achievement or auto start quest. Skip quest for player with UID=0ROjOu34qUpKfk3o_KbpKS2xSbFfZ9nDCrc2879VWQY=
17:58:38.079 [Expansion Quests] Quest with ID=20 is not a a valid achievement or auto start quest. Skip quest for player with UID=0ROjOu34qUpKfk3o_KbpKS2xSbFfZ9nDCrc2879VWQY=
17:58:38.080 [Expansion Quests] Quest with ID=21 is not a a valid achievement or auto start quest. Skip quest for player with UID=0ROjOu34qUpKfk3o_KbpKS2xSbFfZ9nDCrc2879VWQY=
17:58:38.080 [Expansion Quests] Quest with ID=22 is not a a valid achievement or auto start quest. Skip quest for player with UID=0ROjOu34qUpKfk3o_KbpKS2xSbFfZ9nDCrc2879VWQY=
17:58:38.080 [Expansion Quests] Quest with ID=23 is not a a valid achievement or auto start quest. Skip quest for player with UID=0ROjOu34qUpKfk3o_KbpKS2xSbFfZ9nDCrc2879VWQY=
17:58:38.081 [Expansion Quests] Quest with ID=24 is not a a valid achievement or auto start quest. Skip quest for player with UID=0ROjOu34qUpKfk3o_KbpKS2xSbFfZ9nDCrc2879VWQY=
17:58:38.085 [Expansion Quests] Sending 0ROjOu34qUpKfk3o_KbpKS2xSbFfZ9nDCrc2879VWQY= quest configs to client for player with UID=0ROjOu34qUpKfk3o_KbpKS2xSbFfZ9nDCrc2879VWQY=
17:58:38.087 [Expansion Quests] Sending player quest data for 4 quests to player with UID=0ROjOu34qUpKfk3o_KbpKS2xSbFfZ9nDCrc2879VWQY=
17:58:38.791 [Expansion Quests] - LoadGroupQuestData - Got cached group quest data for group with ID=0
18:06:02.635 [MissionAirdrop] An airdrop is heading towards "Elektrozavodsk" (pos=<9371.000000, 0.000000, 2229.000000> type=Random_Elektrozavodsk) with a ExpansionAirdropContainer_Military
18:12:12.982 [Party] Player "Phill_Swift" (id=0ROjOu34qUpKfk3o_KbpKS2xSbFfZ9nDCrc2879VWQY=) left the party "ATG" (id=0 ownerUID=0ROjOu34qUpKfk3o_KbpKS2xSbFfZ9nDCrc2879VWQY= ownerName=Phill_Swift)
18:12:12.983 [Expansion Quests] Deleted quest with ID=8 is a of player with UID=0ROjOu34qUpKfk3o_KbpKS2xSbFfZ9nDCrc2879VWQY=.
18:12:12.984 [Expansion Quests] Deleted quest with ID=9 is a of player with UID=0ROjOu34qUpKfk3o_KbpKS2xSbFfZ9nDCrc2879VWQY=.
18:12:12.984 [Expansion Quests] Deleted quest with ID=11 is a of player with UID=0ROjOu34qUpKfk3o_KbpKS2xSbFfZ9nDCrc2879VWQY=.
