21:47:35.578 [Expansion Quests] Initialize quest system on the connected client with UID=bJ4c7QoLlNcMFFuJioBGdjLTBsBdyGqIZNFZF3YMlt0=
21:47:35.585 [Expansion Quests] Loaded existing player quest data for player with UID=bJ4c7QoLlNcMFFuJioBGdjLTBsBdyGqIZNFZF3YMlt0=
21:47:35.585 [Expansion Quests] Check quest initialization for quest with ID=8 | State=STARTED | Player UID=bJ4c7QoLlNcMFFuJioBGdjLTBsBdyGqIZNFZF3YMlt0=
21:47:35.585 [Expansion Quests] Create new quest instance for quest with ID=8 | Player UID=bJ4c7QoLlNcMFFuJioBGdjLTBsBdyGqIZNFZF3YMlt0=
21:47:35.585 [Expansion Quests] Check quest initialization for quest with ID=9 | State=STARTED | Player UID=bJ4c7QoLlNcMFFuJioBGdjLTBsBdyGqIZNFZF3YMlt0=
21:47:35.585 [Expansion Quests] Create new quest instance for quest with ID=9 | Player UID=bJ4c7QoLlNcMFFuJioBGdjLTBsBdyGqIZNFZF3YMlt0=
21:47:35.593 [Expansion Quests] Check quest initialization for quest with ID=11 | State=STARTED | Player UID=bJ4c7QoLlNcMFFuJioBGdjLTBsBdyGqIZNFZF3YMlt0=
21:47:35.593 [Expansion Quests] Create new quest instance for quest with ID=11 | Player UID=bJ4c7QoLlNcMFFuJioBGdjLTBsBdyGqIZNFZF3YMlt0=
21:47:35.593 [Expansion Quests] Check quest initialization for quest with ID=14 | State=COMPLETED | Player UID=bJ4c7QoLlNcMFFuJioBGdjLTBsBdyGqIZNFZF3YMlt0=
21:47:35.593 [Expansion Quests] Quest with ID=1 is not a a valid achievement or auto start quest. Skip quest for player with UID=bJ4c7QoLlNcMFFuJioBGdjLTBsBdyGqIZNFZF3YMlt0=
21:47:35.593 [Expansion Quests] Quest with ID=2 is not a a valid achievement or auto start quest. Skip quest for player with UID=bJ4c7QoLlNcMFFuJioBGdjLTBsBdyGqIZNFZF3YMlt0=
21:47:35.593 [Expansion Quests] Quest with ID=3 is not a a valid achievement or auto start quest. Skip quest for player with UID=bJ4c7QoLlNcMFFuJioBGdjLTBsBdyGqIZNFZF3YMlt0=
21:47:35.593 [Expansion Quests] Quest with ID=4 is not a a valid achievement or auto start quest. Skip quest for player with UID=bJ4c7QoLlNcMFFuJioBGdjLTBsBdyGqIZNFZF3YMlt0=
21:47:35.593 [Expansion Quests] Quest with ID=5 is not a a valid achievement or auto start quest. Skip quest for player with UID=bJ4c7QoLlNcMFFuJioBGdjLTBsBdyGqIZNFZF3YMlt0=
21:47:35.593 [Expansion Quests] Quest with ID=6 is not a a valid achievement or auto start quest. Skip quest for player with UID=bJ4c7QoLlNcMFFuJioBGdjLTBsBdyGqIZNFZF3YMlt0=
21:47:35.593 [Expansion Quests] Quest with ID=7 is not a a valid achievement or auto start quest. Skip quest for player with UID=bJ4c7QoLlNcMFFuJioBGdjLTBsBdyGqIZNFZF3YMlt0=
21:47:35.593 [Expansion Quests] Quest with ID=10 is not a a valid achievement or auto start quest. Skip quest for player with UID=bJ4c7QoLlNcMFFuJioBGdjLTBsBdyGqIZNFZF3YMlt0=
21:47:35.593 [Expansion Quests] Quest with ID=12 is not a a valid achievement or auto start quest. Skip quest for player with UID=bJ4c7QoLlNcMFFuJioBGdjLTBsBdyGqIZNFZF3YMlt0=
21:47:35.593 [Expansion Quests] Quest with ID=13 is not a a valid achievement or auto start quest. Skip quest for player with UID=bJ4c7QoLlNcMFFuJioBGdjLTBsBdyGqIZNFZF3YMlt0=
21:47:35.593 [Expansion Quests] Quest with ID=15 is not a a valid achievement or auto start quest. Skip quest for player with UID=bJ4c7QoLlNcMFFuJioBGdjLTBsBdyGqIZNFZF3YMlt0=
21:47:35.593 [Expansion Quests] Quest with ID=16 is not a a valid achievement or auto start quest. Skip quest for player with UID=bJ4c7QoLlNcMFFuJioBGdjLTBsBdyGqIZNFZF3YMlt0=
21:47:35.593 [Expansion Quests] Quest with ID=17 is not a a valid achievement or auto start quest. Skip quest for player with UID=bJ4c7QoLlNcMFFuJioBGdjLTBsBdyGqIZNFZF3YMlt0=
21:47:35.593 [Expansion Quests] Quest with ID=18 is not a a valid achievement or auto start quest. Skip quest for player with UID=bJ4c7QoLlNcMFFuJioBGdjLTBsBdyGqIZNFZF3YMlt0=
21:47:35.593 [Expansion Quests] Quest with ID=19 is not a a valid achievement or auto start quest. Skip quest for player with UID=bJ4c7QoLlNcMFFuJioBGdjLTBsBdyGqIZNFZF3YMlt0=
21:47:35.593 [Expansion Quests] Quest with ID=20 is not a a valid achievement or auto start quest. Skip quest for player with UID=bJ4c7QoLlNcMFFuJioBGdjLTBsBdyGqIZNFZF3YMlt0=
21:47:35.593 [Expansion Quests] Quest with ID=21 is not a a valid achievement or auto start quest. Skip quest for player with UID=bJ4c7QoLlNcMFFuJioBGdjLTBsBdyGqIZNFZF3YMlt0=
21:47:35.593 [Expansion Quests] Quest with ID=22 is not a a valid achievement or auto start quest. Skip quest for player with UID=bJ4c7QoLlNcMFFuJioBGdjLTBsBdyGqIZNFZF3YMlt0=
21:47:35.593 [Expansion Quests] Quest with ID=23 is not a a valid achievement or auto start quest. Skip quest for player with UID=bJ4c7QoLlNcMFFuJioBGdjLTBsBdyGqIZNFZF3YMlt0=
21:47:35.593 [Expansion Quests] Quest with ID=24 is not a a valid achievement or auto start quest. Skip quest for player with UID=bJ4c7QoLlNcMFFuJioBGdjLTBsBdyGqIZNFZF3YMlt0=
21:47:35.593 [Expansion Quests] Sending bJ4c7QoLlNcMFFuJioBGdjLTBsBdyGqIZNFZF3YMlt0= quest configs to client for player with UID=bJ4c7QoLlNcMFFuJioBGdjLTBsBdyGqIZNFZF3YMlt0=
21:47:35.593 [Expansion Quests] Sending player quest data for 4 quests to player with UID=bJ4c7QoLlNcMFFuJioBGdjLTBsBdyGqIZNFZF3YMlt0=
21:48:05.195 [SpawnSelection] Player "Boogahadeen" (id=bJ4c7QoLlNcMFFuJioBGdjLTBsBdyGqIZNFZF3YMlt0=) spawned at <1708.523071, 1.958309, 2031.263672>
21:48:05.234 [Safezone] Player "Boogahadeen" (id=bJ4c7QoLlNcMFFuJioBGdjLTBsBdyGqIZNFZF3YMlt0= pos=<1708.52, 1.96, 2031.26>) entered the safezone
21:48:59.343 [Safezone] Player "{1:name}" (id={1:id} pos={1:position}) left the safezone
21:50:09.929 [AI Object Patrol 00006] Spawning 3 East bots at <7364.135742, 5.931797, 2859.550537>
21:50:09.984 [AI Object Patrol 00006] Global patrol count: 1
21:50:09.984 [AI Object Patrol 00017] Spawning 1 West bots at <6648.403320, 9.462683, 2879.055420>
21:50:10.007 [AI Object Patrol 00017] Global patrol count: 2
21:50:10.007 [AI Object Patrol 00019] Spawning 3 West bots at <6659.132324, 8.217419, 3007.194092>
21:50:10.023 [AI Object Patrol 00019] Global patrol count: 3
21:50:10.023 [AI Object Patrol 00018] Spawning 2 West bots at <6622.218750, 13.303054, 3004.316406>
21:50:10.046 [AI Object Patrol 00018] Global patrol count: 4
21:51:17.757 [MissionAirdrop] An airdrop is heading towards "Novy Sobor" (pos=<7436.000000, 0.000000, 7720.000000> type=Random_Novy Sobor) with a ExpansionAirdropContainer_Basebuilding
21:57:06.062 [AI Object Patrol 00007] Spawning 3 East bots at <4133.458008, 333.279602, 8915.664063>
21:57:06.132 [AI Object Patrol 00007] Global patrol count: 5
21:58:14.023 [Safezone] Player "Boogahadeen" (id=bJ4c7QoLlNcMFFuJioBGdjLTBsBdyGqIZNFZF3YMlt0= pos=<12181.6, 140, 12582.6>) entered the safezone
22:02:03.265 [AI Object Patrol 00006] Despawning 3 East bots (spawn position <7364.135742, 5.931797, 2859.550537>, 0/3 deceased)
22:02:03.265 [AI Object Patrol 00006] Global patrol count: 4
22:02:03.546 [AI Object Patrol 00018] Despawning 2 West bots (spawn position <6622.218750, 13.303054, 3004.316406>, 0/2 deceased)
22:02:03.546 [AI Object Patrol 00018] Global patrol count: 3
22:02:03.546 [AI Object Patrol 00019] Despawning 3 West bots (spawn position <6659.132324, 8.217419, 3007.194092>, 0/3 deceased)
22:02:03.546 [AI Object Patrol 00019] Global patrol count: 2
22:02:03.546 [AI Object Patrol 00017] Despawning 1 West bots (spawn position <6648.403320, 9.462683, 2879.055420>, 0/1 deceased)
22:02:03.546 [AI Object Patrol 00017] Global patrol count: 1
22:08:08.617 [AI Object Patrol 00007] Despawning 3 East bots (spawn position <4133.458008, 333.279602, 8915.664063>, 0/3 deceased)
22:08:08.617 [AI Object Patrol 00007] Global patrol count: 0
22:21:40.445 [Expansion Quests] Deleted quest with ID=8 is a of player with UID=bJ4c7QoLlNcMFFuJioBGdjLTBsBdyGqIZNFZF3YMlt0=.
22:21:40.445 [Expansion Quests] Deleted quest with ID=9 is a of player with UID=bJ4c7QoLlNcMFFuJioBGdjLTBsBdyGqIZNFZF3YMlt0=.
22:21:40.453 [Expansion Quests] Deleted quest with ID=11 is a of player with UID=bJ4c7QoLlNcMFFuJioBGdjLTBsBdyGqIZNFZF3YMlt0=.
