21:59:07.120 [VehicleDeleted] dodge_power_wagonrus_black (id=17404C75D74CA71A101533919344B7CA pos=<2775.98, 105.5, 2726.32>)
21:59:33.686 [Party] Player "Boogahadeen" (id=bJ4c7QoLlNcMFFuJioBGdjLTBsBdyGqIZNFZF3YMlt0=) joined the party "ATG" (id=0 ownerUID=0ROjOu34qUpKfk3o_KbpKS2xSbFfZ9nDCrc2879VWQY= ownerName=Phill_Swift)
21:59:33.688 [Expansion Quests] Initialize quest system on the connected client with UID=bJ4c7QoLlNcMFFuJioBGdjLTBsBdyGqIZNFZF3YMlt0=
21:59:33.701 [Expansion Quests] Loaded existing player quest data for player with UID=bJ4c7QoLlNcMFFuJioBGdjLTBsBdyGqIZNFZF3YMlt0=
21:59:33.703 [Expansion Quests] Loaded existing group quest data for group with ID=0
21:59:33.704 [Expansion Quests] Check quest initialization for quest with ID=8 | State=STARTED | Player UID=bJ4c7QoLlNcMFFuJioBGdjLTBsBdyGqIZNFZF3YMlt0=
21:59:33.704 [Expansion Quests] Create new quest instance for quest with ID=8 | Player UID=bJ4c7QoLlNcMFFuJioBGdjLTBsBdyGqIZNFZF3YMlt0=
21:59:33.707 [Expansion Quests] Check quest initialization for quest with ID=9 | State=STARTED | Player UID=bJ4c7QoLlNcMFFuJioBGdjLTBsBdyGqIZNFZF3YMlt0=
21:59:33.707 [Expansion Quests] Create new quest instance for quest with ID=9 | Player UID=bJ4c7QoLlNcMFFuJioBGdjLTBsBdyGqIZNFZF3YMlt0=
21:59:33.708 [Expansion Quests] Check quest initialization for quest with ID=11 | State=STARTED | Player UID=bJ4c7QoLlNcMFFuJioBGdjLTBsBdyGqIZNFZF3YMlt0=
21:59:33.708 [Expansion Quests] Create new quest instance for quest with ID=11 | Player UID=bJ4c7QoLlNcMFFuJioBGdjLTBsBdyGqIZNFZF3YMlt0=
21:59:33.709 [Expansion Quests] Check quest initialization for quest with ID=14 | State=COMPLETED | Player UID=bJ4c7QoLlNcMFFuJioBGdjLTBsBdyGqIZNFZF3YMlt0=
21:59:33.711 [Expansion Quests] Quest with ID=1 is not a a valid achievement or auto start quest. Skip quest for player with UID=bJ4c7QoLlNcMFFuJioBGdjLTBsBdyGqIZNFZF3YMlt0=
21:59:33.712 [Expansion Quests] Quest with ID=2 is not a a valid achievement or auto start quest. Skip quest for player with UID=bJ4c7QoLlNcMFFuJioBGdjLTBsBdyGqIZNFZF3YMlt0=
21:59:33.712 [Expansion Quests] Quest with ID=3 is not a a valid achievement or auto start quest. Skip quest for player with UID=bJ4c7QoLlNcMFFuJioBGdjLTBsBdyGqIZNFZF3YMlt0=
21:59:33.713 [Expansion Quests] Quest with ID=4 is not a a valid achievement or auto start quest. Skip quest for player with UID=bJ4c7QoLlNcMFFuJioBGdjLTBsBdyGqIZNFZF3YMlt0=
21:59:33.713 [Expansion Quests] Quest with ID=5 is not a a valid achievement or auto start quest. Skip quest for player with UID=bJ4c7QoLlNcMFFuJioBGdjLTBsBdyGqIZNFZF3YMlt0=
21:59:33.713 [Expansion Quests] Quest with ID=6 is not a a valid achievement or auto start quest. Skip quest for player with UID=bJ4c7QoLlNcMFFuJioBGdjLTBsBdyGqIZNFZF3YMlt0=
21:59:33.714 [Expansion Quests] Quest with ID=7 is not a a valid achievement or auto start quest. Skip quest for player with UID=bJ4c7QoLlNcMFFuJioBGdjLTBsBdyGqIZNFZF3YMlt0=
21:59:33.714 [Expansion Quests] Quest with ID=10 is not a a valid achievement or auto start quest. Skip quest for player with UID=bJ4c7QoLlNcMFFuJioBGdjLTBsBdyGqIZNFZF3YMlt0=
21:59:33.714 [Expansion Quests] Quest with ID=12 is not a a valid achievement or auto start quest. Skip quest for player with UID=bJ4c7QoLlNcMFFuJioBGdjLTBsBdyGqIZNFZF3YMlt0=
21:59:33.715 [Expansion Quests] Quest with ID=13 is not a a valid achievement or auto start quest. Skip quest for player with UID=bJ4c7QoLlNcMFFuJioBGdjLTBsBdyGqIZNFZF3YMlt0=
21:59:33.715 [Expansion Quests] Quest with ID=15 is not a a valid achievement or auto start quest. Skip quest for player with UID=bJ4c7QoLlNcMFFuJioBGdjLTBsBdyGqIZNFZF3YMlt0=
21:59:33.715 [Expansion Quests] Quest with ID=16 is not a a valid achievement or auto start quest. Skip quest for player with UID=bJ4c7QoLlNcMFFuJioBGdjLTBsBdyGqIZNFZF3YMlt0=
21:59:33.715 [Expansion Quests] Quest with ID=17 is not a a valid achievement or auto start quest. Skip quest for player with UID=bJ4c7QoLlNcMFFuJioBGdjLTBsBdyGqIZNFZF3YMlt0=
21:59:33.716 [Expansion Quests] Quest with ID=18 is not a a valid achievement or auto start quest. Skip quest for player with UID=bJ4c7QoLlNcMFFuJioBGdjLTBsBdyGqIZNFZF3YMlt0=
21:59:33.716 [Expansion Quests] Quest with ID=19 is not a a valid achievement or auto start quest. Skip quest for player with UID=bJ4c7QoLlNcMFFuJioBGdjLTBsBdyGqIZNFZF3YMlt0=
21:59:33.717 [Expansion Quests] Quest with ID=20 is not a a valid achievement or auto start quest. Skip quest for player with UID=bJ4c7QoLlNcMFFuJioBGdjLTBsBdyGqIZNFZF3YMlt0=
21:59:33.717 [Expansion Quests] Quest with ID=21 is not a a valid achievement or auto start quest. Skip quest for player with UID=bJ4c7QoLlNcMFFuJioBGdjLTBsBdyGqIZNFZF3YMlt0=
21:59:33.717 [Expansion Quests] Quest with ID=22 is not a a valid achievement or auto start quest. Skip quest for player with UID=bJ4c7QoLlNcMFFuJioBGdjLTBsBdyGqIZNFZF3YMlt0=
21:59:33.718 [Expansion Quests] Quest with ID=23 is not a a valid achievement or auto start quest. Skip quest for player with UID=bJ4c7QoLlNcMFFuJioBGdjLTBsBdyGqIZNFZF3YMlt0=
21:59:33.718 [Expansion Quests] Quest with ID=24 is not a a valid achievement or auto start quest. Skip quest for player with UID=bJ4c7QoLlNcMFFuJioBGdjLTBsBdyGqIZNFZF3YMlt0=
21:59:33.720 [Expansion Quests] Sending bJ4c7QoLlNcMFFuJioBGdjLTBsBdyGqIZNFZF3YMlt0= quest configs to client for player with UID=bJ4c7QoLlNcMFFuJioBGdjLTBsBdyGqIZNFZF3YMlt0=
21:59:33.723 [Expansion Quests] Sending player quest data for 4 quests to player with UID=bJ4c7QoLlNcMFFuJioBGdjLTBsBdyGqIZNFZF3YMlt0=
21:59:33.727 [AI Object Patrol 00004] Spawning 2 Raiders bots at <2183.331543, 87.399719, 3314.787842>
21:59:33.762 [AI Object Patrol 00004] Global patrol count: 1
21:59:33.762 [AI Object Patrol 00004] ContaminatedArea category patrol count: 1
21:59:34.633 [Expansion Quests] - LoadGroupQuestData - Got cached group quest data for group with ID=0
22:00:51.768 [VehicleEnter] Player "Boogahadeen" (id=bJ4c7QoLlNcMFFuJioBGdjLTBsBdyGqIZNFZF3YMlt0=) entered vehicle Gyrocopter (id=590A4FA0A94366844BC23AB1B1E7A158 pos=<2776.06, 104.79, 2721.16>) as pilot
22:00:53.969 [VehicleEngine] Player "Boogahadeen" (id=bJ4c7QoLlNcMFFuJioBGdjLTBsBdyGqIZNFZF3YMlt0=) started vehicle Gyrocopter (id=590A4FA0A94366844BC23AB1B1E7A158 pos=<2776.03, 104.79, 2721.17>)
22:01:14.694 [VehicleEngine] Player "NULL" (id=NULL) stopped vehicle Gyrocopter (id=590A4FA0A94366844BC23AB1B1E7A158 pos=<2809.16, 106.02, 2716.1>)
22:01:14.722 [VehicleLeave] Player "Boogahadeen" (id=bJ4c7QoLlNcMFFuJioBGdjLTBsBdyGqIZNFZF3YMlt0=) left vehicle Gyrocopter (id=590A4FA0A94366844BC23AB1B1E7A158 pos=<2809.16, 106.02, 2716.1>)
22:02:25.808 [AI Patrol 00033] Spawning 3 Mercenaries bots at <2656.520996, 127.005135, 3018.702148>
22:02:25.898 [AI Patrol 00033] Global patrol count: 2
22:02:25.899 [AI Patrol 00033] Patrol category patrol count: 1
22:02:50.775 [VehicleEnter] Player "Boogahadeen" (id=bJ4c7QoLlNcMFFuJioBGdjLTBsBdyGqIZNFZF3YMlt0=) entered vehicle Gyrocopter (id=590A4FA0A94366844BC23AB1B1E7A158 pos=<2809.65, 106, 2715.83>) as pilot
22:02:52.341 [VehicleEngine] Player "Boogahadeen" (id=bJ4c7QoLlNcMFFuJioBGdjLTBsBdyGqIZNFZF3YMlt0=) started vehicle Gyrocopter (id=590A4FA0A94366844BC23AB1B1E7A158 pos=<2809.66, 106, 2715.82>)
22:03:05.046 [AI Object Patrol 00003] Spawning 2 Raiders bots at <2064.697998, 109.580460, 3479.440918>
22:03:05.081 [AI Object Patrol 00003] Global patrol count: 3
22:03:05.082 [AI Object Patrol 00003] ContaminatedArea category patrol count: 2
22:03:31.769 [VehicleEngine] Player "NULL" (id=NULL) stopped vehicle Gyrocopter (id=590A4FA0A94366844BC23AB1B1E7A158 pos=<2688.41, 118.65, 2937.66>)
22:03:31.780 [VehicleLeave] Player "Boogahadeen" (id=bJ4c7QoLlNcMFFuJioBGdjLTBsBdyGqIZNFZF3YMlt0=) left vehicle Gyrocopter (id=590A4FA0A94366844BC23AB1B1E7A158 pos=<2688.41, 118.65, 2937.66>)
22:04:13.242 [MissionAirdrop] An airdrop is heading towards "Elektrozavodsk" (pos=<9371.000000, 0.000000, 2229.000000> type=Random_Elektrozavodsk) with a ExpansionAirdropContainer_Military
22:05:06.199 [Killfeed] AI Boris (Mercenaries) got killed by [ATF] Boogahadeen with Glock 18C from a distance of 48 m.
22:05:12.631 [Killfeed] AI Elias (Mercenaries) got killed by [ATF] Boogahadeen with Glock 18C from a distance of 44 m.
22:05:41.350 [Killfeed] AI Frida (Mercenaries) got killed by [ATF] Boogahadeen with Glock 18C from a distance of 4 m.
22:05:43.193 [AI Object Patrol 00051] Spawning 2 Raiders bots at <2728.474609, 163.823608, 3584.290039>
22:05:43.274 [AI Object Patrol 00051] Global patrol count: 4
22:05:43.275 [AI Object Patrol 00051] ObjectPatrol category patrol count: 1
22:05:43.755 [AI Patrol 00033] Mercenaries bots were wiped out (spawn position <2656.520996, 127.005135, 3018.702148>, 3/3 deceased)
22:05:43.756 [AI Patrol 00033] Global patrol count: 3
22:05:43.756 [AI Patrol 00033] Patrol category patrol count: 0
22:08:05.598 [VehicleEnter] Player "Boogahadeen" (id=bJ4c7QoLlNcMFFuJioBGdjLTBsBdyGqIZNFZF3YMlt0=) entered vehicle Gyrocopter (id=590A4FA0A94366844BC23AB1B1E7A158 pos=<2688.28, 118.6, 2937.22>) as pilot
22:08:07.803 [VehicleEngine] Player "Boogahadeen" (id=bJ4c7QoLlNcMFFuJioBGdjLTBsBdyGqIZNFZF3YMlt0=) started vehicle Gyrocopter (id=590A4FA0A94366844BC23AB1B1E7A158 pos=<2688.28, 118.6, 2937.19>)
22:08:57.670 [AI Patrol 00034] Spawning 3 Mercenaries bots at <3847.046875, 234.720825, 4786.955566>
22:08:57.723 [AI Patrol 00034] Global patrol count: 4
22:08:57.723 [AI Patrol 00034] Patrol category patrol count: 1
22:08:58.577 [AI Object Patrol 00053] Spawning 3 Raiders bots at <3218.494873, 186.801086, 3600.149414>
22:08:58.632 [AI Object Patrol 00053] Global patrol count: 5
22:08:58.632 [AI Object Patrol 00053] ObjectPatrol category patrol count: 2
22:09:29.735 [AI Object Patrol 00054] Spawning 3 Raiders bots at <4070.943604, 255.900772, 3880.561279>
22:09:29.783 [AI Object Patrol 00054] Global patrol count: 6
22:09:29.784 [AI Object Patrol 00054] ObjectPatrol category patrol count: 3
22:09:33.711 [AI Patrol 00041] Spawning 2 Raiders bots at <4226.874023, 312.591156, 5398.316895>
22:09:33.751 [AI Patrol 00041] Global patrol count: 7
22:09:33.751 [AI Patrol 00041] Patrol category patrol count: 2
22:09:41.065 [AI Patrol 00040] Spawning 3 Raiders bots at <4075.240479, 335.805878, 5547.784668>
22:09:41.144 [AI Patrol 00040] Global patrol count: 8
22:09:41.145 [AI Patrol 00040] Patrol category patrol count: 3
22:10:05.277 [VehicleEngine] Player "NULL" (id=NULL) stopped vehicle Gyrocopter (id=590A4FA0A94366844BC23AB1B1E7A158 pos=<4387.43, 233.01, 4582.26>)
22:10:05.294 [VehicleLeave] Player "Boogahadeen" (id=bJ4c7QoLlNcMFFuJioBGdjLTBsBdyGqIZNFZF3YMlt0=) left vehicle Gyrocopter (id=590A4FA0A94366844BC23AB1B1E7A158 pos=<4387.4, 233.01, 4582.29>)
22:10:09.319 [VehicleDestroyed] ExpansionGyrocopter (id=590A4FA0A94366844BC23AB1B1E7A158 pos=<4384.36, 233.02, 4584.49>)
22:12:05.258 [VehicleDeleted] ExpansionGyrocopter (id=590A4FA0A94366844BC23AB1B1E7A158 pos=<4384.36, 233.02, 4584.52>)
22:13:44.131 [AI Patrol 00034] Despawning 3 Mercenaries bots (spawn position <3847.046875, 234.720825, 4786.955566>, 0/3 deceased)
22:13:44.132 [AI Patrol 00034] Global patrol count: 7
22:13:44.132 [AI Patrol 00034] Patrol category patrol count: 2
22:18:34.142 [AI Object Patrol 00003] Despawning 2 Raiders bots (spawn position <2064.697998, 109.580460, 3479.440918>, 0/2 deceased)
22:18:34.143 [AI Object Patrol 00003] Global patrol count: 6
22:18:34.143 [AI Object Patrol 00003] ContaminatedArea category patrol count: 1
22:18:39.442 [AI Object Patrol 00004] Despawning 2 Raiders bots (spawn position <2183.331543, 87.399719, 3314.787842>, 0/2 deceased)
22:18:39.443 [AI Object Patrol 00004] Global patrol count: 5
22:18:39.443 [AI Object Patrol 00004] ContaminatedArea category patrol count: 0
22:19:03.474 [AI Object Patrol 00051] Despawning 2 Raiders bots (spawn position <2728.474609, 163.823608, 3584.290039>, 0/2 deceased)
22:19:03.475 [AI Object Patrol 00051] Global patrol count: 4
22:19:03.475 [AI Object Patrol 00051] ObjectPatrol category patrol count: 2
22:19:20.822 [AI Object Patrol 00053] Despawning 3 Raiders bots (spawn position <3218.494873, 186.801086, 3600.149414>, 0/3 deceased)
22:19:20.822 [AI Object Patrol 00053] Global patrol count: 3
22:19:20.823 [AI Object Patrol 00053] ObjectPatrol category patrol count: 1
22:20:53.862 [AI Patrol 00040] Despawning 3 Raiders bots (spawn position <4075.240479, 335.805878, 5547.784668>, 0/3 deceased)
22:20:53.862 [AI Patrol 00040] Global patrol count: 2
22:20:53.863 [AI Patrol 00040] Patrol category patrol count: 1
22:23:37.987 [AI Object Patrol 00054] Despawning 3 Raiders bots (spawn position <4070.943604, 255.900772, 3880.561279>, 0/3 deceased)
22:23:37.988 [AI Object Patrol 00054] Global patrol count: 1
22:23:37.989 [AI Object Patrol 00054] ObjectPatrol category patrol count: 0
22:23:39.222 [AI Patrol 00041] Despawning 2 Raiders bots (spawn position <4226.874023, 312.591156, 5398.316895>, 0/2 deceased)
22:23:39.223 [AI Patrol 00041] Global patrol count: 0
22:23:39.223 [AI Patrol 00041] Patrol category patrol count: 0
22:58:42.152 [Party] Player "Boogahadeen" (id=bJ4c7QoLlNcMFFuJioBGdjLTBsBdyGqIZNFZF3YMlt0=) left the party "ATG" (id=0 ownerUID=0ROjOu34qUpKfk3o_KbpKS2xSbFfZ9nDCrc2879VWQY= ownerName=Phill_Swift)
22:58:42.159 [Expansion Quests] Deleted quest with ID=8 is a of player with UID=bJ4c7QoLlNcMFFuJioBGdjLTBsBdyGqIZNFZF3YMlt0=.
22:58:42.160 [Expansion Quests] Deleted quest with ID=9 is a of player with UID=bJ4c7QoLlNcMFFuJioBGdjLTBsBdyGqIZNFZF3YMlt0=.
22:58:42.161 [Expansion Quests] Deleted quest with ID=11 is a of player with UID=bJ4c7QoLlNcMFFuJioBGdjLTBsBdyGqIZNFZF3YMlt0=.
