18:17:28.335 [Party] Player "Boogahadeen" (id=bJ4c7QoLlNcMFFuJioBGdjLTBsBdyGqIZNFZF3YMlt0=) joinded the party "ATG" (id=0 ownerUID=0ROjOu34qUpKfk3o_KbpKS2xSbFfZ9nDCrc2879VWQY= ownerName=Phill_Swift)
18:17:28.335 [Expansion Quests] Initialize quest system on the connected client with UID=bJ4c7QoLlNcMFFuJioBGdjLTBsBdyGqIZNFZF3YMlt0=
18:17:28.351 [Expansion Quests] Loaded existing player quest data for player with UID=bJ4c7QoLlNcMFFuJioBGdjLTBsBdyGqIZNFZF3YMlt0=
18:17:28.351 [Expansion Quests] Loaded existing group quest data for group with ID=0
18:17:28.359 [Expansion Quests] Check quest initialization for quest with ID=8 | State=STARTED | Player UID=bJ4c7QoLlNcMFFuJioBGdjLTBsBdyGqIZNFZF3YMlt0=
18:17:28.359 [Expansion Quests] Create new quest instance for quest with ID=8 | Player UID=bJ4c7QoLlNcMFFuJioBGdjLTBsBdyGqIZNFZF3YMlt0=
18:17:28.359 [Expansion Quests] Check quest initialization for quest with ID=9 | State=STARTED | Player UID=bJ4c7QoLlNcMFFuJioBGdjLTBsBdyGqIZNFZF3YMlt0=
18:17:28.359 [Expansion Quests] Create new quest instance for quest with ID=9 | Player UID=bJ4c7QoLlNcMFFuJioBGdjLTBsBdyGqIZNFZF3YMlt0=
18:17:28.359 [Expansion Quests] Check quest initialization for quest with ID=11 | State=STARTED | Player UID=bJ4c7QoLlNcMFFuJioBGdjLTBsBdyGqIZNFZF3YMlt0=
18:17:28.367 [Expansion Quests] Create new quest instance for quest with ID=11 | Player UID=bJ4c7QoLlNcMFFuJioBGdjLTBsBdyGqIZNFZF3YMlt0=
18:17:28.367 [Expansion Quests] Check quest initialization for quest with ID=14 | State=COMPLETED | Player UID=bJ4c7QoLlNcMFFuJioBGdjLTBsBdyGqIZNFZF3YMlt0=
18:17:28.367 [Expansion Quests] Quest with ID=1 is not a a valid achievement or auto start quest. Skip quest for player with UID=bJ4c7QoLlNcMFFuJioBGdjLTBsBdyGqIZNFZF3YMlt0=
18:17:28.367 [Expansion Quests] Quest with ID=2 is not a a valid achievement or auto start quest. Skip quest for player with UID=bJ4c7QoLlNcMFFuJioBGdjLTBsBdyGqIZNFZF3YMlt0=
18:17:28.367 [Expansion Quests] Quest with ID=3 is not a a valid achievement or auto start quest. Skip quest for player with UID=bJ4c7QoLlNcMFFuJioBGdjLTBsBdyGqIZNFZF3YMlt0=
18:17:28.367 [Expansion Quests] Quest with ID=4 is not a a valid achievement or auto start quest. Skip quest for player with UID=bJ4c7QoLlNcMFFuJioBGdjLTBsBdyGqIZNFZF3YMlt0=
18:17:28.367 [Expansion Quests] Quest with ID=5 is not a a valid achievement or auto start quest. Skip quest for player with UID=bJ4c7QoLlNcMFFuJioBGdjLTBsBdyGqIZNFZF3YMlt0=
18:17:28.367 [Expansion Quests] Quest with ID=6 is not a a valid achievement or auto start quest. Skip quest for player with UID=bJ4c7QoLlNcMFFuJioBGdjLTBsBdyGqIZNFZF3YMlt0=
18:17:28.367 [Expansion Quests] Quest with ID=7 is not a a valid achievement or auto start quest. Skip quest for player with UID=bJ4c7QoLlNcMFFuJioBGdjLTBsBdyGqIZNFZF3YMlt0=
18:17:28.367 [Expansion Quests] Quest with ID=10 is not a a valid achievement or auto start quest. Skip quest for player with UID=bJ4c7QoLlNcMFFuJioBGdjLTBsBdyGqIZNFZF3YMlt0=
18:17:28.367 [Expansion Quests] Quest with ID=12 is not a a valid achievement or auto start quest. Skip quest for player with UID=bJ4c7QoLlNcMFFuJioBGdjLTBsBdyGqIZNFZF3YMlt0=
18:17:28.367 [Expansion Quests] Quest with ID=13 is not a a valid achievement or auto start quest. Skip quest for player with UID=bJ4c7QoLlNcMFFuJioBGdjLTBsBdyGqIZNFZF3YMlt0=
18:17:28.367 [Expansion Quests] Quest with ID=15 is not a a valid achievement or auto start quest. Skip quest for player with UID=bJ4c7QoLlNcMFFuJioBGdjLTBsBdyGqIZNFZF3YMlt0=
18:17:28.367 [Expansion Quests] Quest with ID=16 is not a a valid achievement or auto start quest. Skip quest for player with UID=bJ4c7QoLlNcMFFuJioBGdjLTBsBdyGqIZNFZF3YMlt0=
18:17:28.367 [Expansion Quests] Quest with ID=17 is not a a valid achievement or auto start quest. Skip quest for player with UID=bJ4c7QoLlNcMFFuJioBGdjLTBsBdyGqIZNFZF3YMlt0=
18:17:28.375 [Expansion Quests] Quest with ID=18 is not a a valid achievement or auto start quest. Skip quest for player with UID=bJ4c7QoLlNcMFFuJioBGdjLTBsBdyGqIZNFZF3YMlt0=
18:17:28.375 [Expansion Quests] Quest with ID=19 is not a a valid achievement or auto start quest. Skip quest for player with UID=bJ4c7QoLlNcMFFuJioBGdjLTBsBdyGqIZNFZF3YMlt0=
18:17:28.375 [Expansion Quests] Quest with ID=20 is not a a valid achievement or auto start quest. Skip quest for player with UID=bJ4c7QoLlNcMFFuJioBGdjLTBsBdyGqIZNFZF3YMlt0=
18:17:28.375 [Expansion Quests] Quest with ID=21 is not a a valid achievement or auto start quest. Skip quest for player with UID=bJ4c7QoLlNcMFFuJioBGdjLTBsBdyGqIZNFZF3YMlt0=
18:17:28.375 [Expansion Quests] Quest with ID=22 is not a a valid achievement or auto start quest. Skip quest for player with UID=bJ4c7QoLlNcMFFuJioBGdjLTBsBdyGqIZNFZF3YMlt0=
18:17:28.375 [Expansion Quests] Quest with ID=23 is not a a valid achievement or auto start quest. Skip quest for player with UID=bJ4c7QoLlNcMFFuJioBGdjLTBsBdyGqIZNFZF3YMlt0=
18:17:28.375 [Expansion Quests] Quest with ID=24 is not a a valid achievement or auto start quest. Skip quest for player with UID=bJ4c7QoLlNcMFFuJioBGdjLTBsBdyGqIZNFZF3YMlt0=
18:17:28.375 [Expansion Quests] Sending bJ4c7QoLlNcMFFuJioBGdjLTBsBdyGqIZNFZF3YMlt0= quest configs to client for player with UID=bJ4c7QoLlNcMFFuJioBGdjLTBsBdyGqIZNFZF3YMlt0=
18:17:28.375 [Expansion Quests] Sending player quest data for 4 quests to player with UID=bJ4c7QoLlNcMFFuJioBGdjLTBsBdyGqIZNFZF3YMlt0=
18:17:28.382 [AI Object Patrol 00028] Spawning 1 Raiders bots at <4839.812012, 342.173157, 9637.387695>
18:17:28.437 [AI Object Patrol 00028] Global patrol count: 1
18:17:28.445 [AI Object Patrol 00024] Spawning 1 Raiders bots at <4843.021484, 339.207367, 9639.312500>
18:17:28.492 [AI Object Patrol 00024] Global patrol count: 2
18:17:29.250 [Expansion Quests] - LoadGroupQuestData - Got cached group quest data for group with ID=0
18:17:30.000 [Killfeed] AI Rolf (Raiders) got killed by AI Gabi (Raiders) with AUR A1 from a distance of 4 m.
18:17:30.757 [AI Object Patrol 00028] Raiders bots were wiped out (spawn position <4839.812012, 342.173157, 9637.387695>, 1/1 deceased)
18:17:30.757 [AI Object Patrol 00028] Global patrol count: 1
18:22:10.468 [MissionAirdrop] An airdrop is heading towards "Novy Sobor" (pos=<7436.000000, 0.000000, 7720.000000> type=Random_Novy Sobor) with a ExpansionAirdropContainer_Military
18:31:41.085 [AI Object Patrol 00024] Despawning 1 Raiders bots (spawn position <4843.021484, 339.207367, 9639.312500>, 0/1 deceased)
18:31:41.085 [AI Object Patrol 00024] Global patrol count: 0
18:41:12.250 [Party] Player "Boogahadeen" (id=bJ4c7QoLlNcMFFuJioBGdjLTBsBdyGqIZNFZF3YMlt0=) left the party "ATG" (id=0 ownerUID=0ROjOu34qUpKfk3o_KbpKS2xSbFfZ9nDCrc2879VWQY= ownerName=Phill_Swift)
18:41:12.250 [Expansion Quests] Deleted quest with ID=8 is a of player with UID=bJ4c7QoLlNcMFFuJioBGdjLTBsBdyGqIZNFZF3YMlt0=.
18:41:12.250 [Expansion Quests] Deleted quest with ID=9 is a of player with UID=bJ4c7QoLlNcMFFuJioBGdjLTBsBdyGqIZNFZF3YMlt0=.
18:41:12.250 [Expansion Quests] Deleted quest with ID=11 is a of player with UID=bJ4c7QoLlNcMFFuJioBGdjLTBsBdyGqIZNFZF3YMlt0=.
